[1.540s] Invoking command in '/home/ovsj/Code/AutonomousBlueye/src/image_prosessing': PYTHONPATH=/home/ovsj/Code/AutonomousBlueye/build/image_prosessing/prefix_override:/usr/lib/python3/dist-packages/colcon_core/task/python/colcon_distutils_commands:/home/ovsj/Code/AutonomousBlueye/install/image_prosessing/lib/python3.10/site-packages:${PYTHONPATH} VIRTUAL_ENV_PROMPT=(.venv) /usr/bin/python3 -W ignore:setup.py install is deprecated -W ignore:easy_install command is deprecated setup.py egg_info --egg-base ../../build/image_prosessing build --build-base /home/ovsj/Code/AutonomousBlueye/build/image_prosessing/build install --record /home/ovsj/Code/AutonomousBlueye/build/image_prosessing/install.log --single-version-externally-managed install_data
[1.884s] running egg_info
[1.899s] writing ../../build/image_prosessing/image_prosessing.egg-info/PKG-INFO
[1.899s] writing dependency_links to ../../build/image_prosessing/image_prosessing.egg-info/dependency_links.txt
[1.901s] writing entry points to ../../build/image_prosessing/image_prosessing.egg-info/entry_points.txt
[1.901s] writing requirements to ../../build/image_prosessing/image_prosessing.egg-info/requires.txt
[1.902s] writing top-level names to ../../build/image_prosessing/image_prosessing.egg-info/top_level.txt
[1.953s] reading manifest file '../../build/image_prosessing/image_prosessing.egg-info/SOURCES.txt'
[1.960s] writing manifest file '../../build/image_prosessing/image_prosessing.egg-info/SOURCES.txt'
[1.960s] running build
[1.960s] running build_py
[1.960s] copying image_prosessing/__init__.py -> /home/ovsj/Code/AutonomousBlueye/build/image_prosessing/build/lib/image_prosessing
[1.960s] copying image_prosessing/blueye_image_simple.py -> /home/ovsj/Code/AutonomousBlueye/build/image_prosessing/build/lib/image_prosessing
[1.960s] copying image_prosessing/Image_test.py -> /home/ovsj/Code/AutonomousBlueye/build/image_prosessing/build/lib/image_prosessing
[1.961s] copying image_prosessing/yolo_chain_value.py -> /home/ovsj/Code/AutonomousBlueye/build/image_prosessing/build/lib/image_prosessing
[1.962s] copying image_prosessing/canny_with_box_original.py -> /home/ovsj/Code/AutonomousBlueye/build/image_prosessing/build/lib/image_prosessing
[1.963s] copying image_prosessing/threshold_with_box.py -> /home/ovsj/Code/AutonomousBlueye/build/image_prosessing/build/lib/image_prosessing
[1.964s] copying image_prosessing/Median_inside_yolo.py -> /home/ovsj/Code/AutonomousBlueye/build/image_prosessing/build/lib/image_prosessing
[1.971s] copying image_prosessing/blueye_image_yolo.py -> /home/ovsj/Code/AutonomousBlueye/build/image_prosessing/build/lib/image_prosessing
[1.971s] copying image_prosessing/Thresh_inside_yolo.py -> /home/ovsj/Code/AutonomousBlueye/build/image_prosessing/build/lib/image_prosessing
[1.971s] copying image_prosessing/threshold_median_mean.py -> /home/ovsj/Code/AutonomousBlueye/build/image_prosessing/build/lib/image_prosessing
[1.972s] copying image_prosessing/Canny_inside_yolo.py -> /home/ovsj/Code/AutonomousBlueye/build/image_prosessing/build/lib/image_prosessing
[1.974s] copying image_prosessing/Adaptive_thresholding.py -> /home/ovsj/Code/AutonomousBlueye/build/image_prosessing/build/lib/image_prosessing
[1.975s] copying image_prosessing/canny_with_box.py -> /home/ovsj/Code/AutonomousBlueye/build/image_prosessing/build/lib/image_prosessing
[1.976s] running install
[1.981s] running install_lib
[2.017s] running install_data
[2.018s] copying resource/image_prosessing -> /home/ovsj/Code/AutonomousBlueye/install/image_prosessing/share/ament_index/resource_index/packages
[2.019s] copying package.xml -> /home/ovsj/Code/AutonomousBlueye/install/image_prosessing/share/image_prosessing
[2.021s] running install_egg_info
[2.065s] removing '/home/ovsj/Code/AutonomousBlueye/install/image_prosessing/lib/python3.10/site-packages/image_prosessing-0.0.0-py3.10.egg-info' (and everything under it)
[2.065s] Copying ../../build/image_prosessing/image_prosessing.egg-info to /home/ovsj/Code/AutonomousBlueye/install/image_prosessing/lib/python3.10/site-packages/image_prosessing-0.0.0-py3.10.egg-info
[2.068s] running install_scripts
[2.321s] Installing Adaptive_threshold script to /home/ovsj/Code/AutonomousBlueye/install/image_prosessing/lib/image_prosessing
[2.321s] Installing Canny_inside_yolo script to /home/ovsj/Code/AutonomousBlueye/install/image_prosessing/lib/image_prosessing
[2.321s] Installing Image_test script to /home/ovsj/Code/AutonomousBlueye/install/image_prosessing/lib/image_prosessing
[2.322s] Installing Median_inside_yolo script to /home/ovsj/Code/AutonomousBlueye/install/image_prosessing/lib/image_prosessing
[2.322s] Installing Thresh_inside_yolo script to /home/ovsj/Code/AutonomousBlueye/install/image_prosessing/lib/image_prosessing
[2.323s] Installing blueye_image_yolo script to /home/ovsj/Code/AutonomousBlueye/install/image_prosessing/lib/image_prosessing
[2.325s] Installing canny_with_box script to /home/ovsj/Code/AutonomousBlueye/install/image_prosessing/lib/image_prosessing
[2.325s] Installing canny_with_box_original script to /home/ovsj/Code/AutonomousBlueye/install/image_prosessing/lib/image_prosessing
[2.326s] Installing threshold_median_mean script to /home/ovsj/Code/AutonomousBlueye/install/image_prosessing/lib/image_prosessing
[2.326s] Installing threshold_with_box script to /home/ovsj/Code/AutonomousBlueye/install/image_prosessing/lib/image_prosessing
[2.326s] Installing yolo_chain_value script to /home/ovsj/Code/AutonomousBlueye/install/image_prosessing/lib/image_prosessing
[2.328s] writing list of installed files to '/home/ovsj/Code/AutonomousBlueye/build/image_prosessing/install.log'
[2.395s] Invoked command in '/home/ovsj/Code/AutonomousBlueye/src/image_prosessing' returned '0': PYTHONPATH=/home/ovsj/Code/AutonomousBlueye/build/image_prosessing/prefix_override:/usr/lib/python3/dist-packages/colcon_core/task/python/colcon_distutils_commands:/home/ovsj/Code/AutonomousBlueye/install/image_prosessing/lib/python3.10/site-packages:${PYTHONPATH} VIRTUAL_ENV_PROMPT=(.venv) /usr/bin/python3 -W ignore:setup.py install is deprecated -W ignore:easy_install command is deprecated setup.py egg_info --egg-base ../../build/image_prosessing build --build-base /home/ovsj/Code/AutonomousBlueye/build/image_prosessing/build install --record /home/ovsj/Code/AutonomousBlueye/build/image_prosessing/install.log --single-version-externally-managed install_data
