[0.059s] Invoking command in '/home/ovsj/Code/AutonomousBlueye/build/pcl_msgs': CMAKE_PREFIX_PATH=${CMAKE_PREFIX_PATH}:/home/ovsj/Code/AutonomousBlueye/install/yolov5_ros:/home/ovsj/Code/AutonomousBlueye/install/drone_sensors:/home/ovsj/Code/AutonomousBlueye/install/real_blueye_launch:/home/ovsj/Code/AutonomousBlueye/install/image_prosessing:/home/ovsj/Code/AutonomousBlueye/install/experimental:/home/ovsj/Code/AutonomousBlueye/install/control:/opt/ros/humble VIRTUAL_ENV_PROMPT=(.venv) /usr/bin/cmake /home/ovsj/Code/AutonomousBlueye/pcl_msgs -DCMAKE_INSTALL_PREFIX=/home/ovsj/Code/AutonomousBlueye/install/pcl_msgs
[0.421s] -- Found ament_cmake: 1.3.11 (/opt/ros/humble/share/ament_cmake/cmake)
[0.421s] -- Override CMake install command with custom implementation using symlinks instead of copying resources
[0.422s] -- Found rosidl_default_generators: 1.2.0 (/opt/ros/humble/share/rosidl_default_generators/cmake)
[0.422s] -- Using all available rosidl_typesupport_c: rosidl_typesupport_fastrtps_c;rosidl_typesupport_introspection_c
[0.422s] -- Found rosidl_adapter: 3.1.6 (/opt/ros/humble/share/rosidl_adapter/cmake)
[0.422s] -- Using all available rosidl_typesupport_cpp: rosidl_typesupport_fastrtps_cpp;rosidl_typesupport_introspection_cpp
[0.422s] -- Found sensor_msgs: 4.2.4 (/opt/ros/humble/share/sensor_msgs/cmake)
[1.013s] -- Found ament_cmake_cppcheck: 0.12.11 (/opt/ros/humble/share/ament_cmake_cppcheck/cmake)
[1.013s] -- Found ament_cmake_cpplint: 0.12.11 (/opt/ros/humble/share/ament_cmake_cpplint/cmake)
[1.013s] -- Found ament_cmake_uncrustify: 0.12.11 (/opt/ros/humble/share/ament_cmake_uncrustify/cmake)
[1.013s] -- Found ament_cmake_ros: 0.10.0 (/opt/ros/humble/share/ament_cmake_ros/cmake)
[1.516s] -- Using all available rosidl_typesupport_c: rosidl_typesupport_fastrtps_c;rosidl_typesupport_introspection_c
[2.419s] -- Using all available rosidl_typesupport_cpp: rosidl_typesupport_fastrtps_cpp;rosidl_typesupport_introspection_cpp
[2.491s] -- Found python_cmake_module: 0.10.0 (/opt/ros/humble/share/python_cmake_module/cmake)
[2.546s] -- Using PYTHON_EXECUTABLE: /usr/bin/python3
[2.546s] -- Using PYTHON_INCLUDE_DIRS: /usr/include/python3.10
[2.546s] -- Using PYTHON_LIBRARIES: /usr/lib/aarch64-linux-gnu/libpython3.10.so
[2.685s] -- Found ament_cmake_flake8: 0.12.11 (/opt/ros/humble/share/ament_cmake_flake8/cmake)
[2.696s] -- Found ament_cmake_pep257: 0.12.11 (/opt/ros/humble/share/ament_cmake_pep257/cmake)
[2.725s] -- Configuring done
[2.946s] -- Generating done
[2.994s] -- Build files have been written to: /home/ovsj/Code/AutonomousBlueye/build/pcl_msgs
[3.041s] Invoked command in '/home/ovsj/Code/AutonomousBlueye/build/pcl_msgs' returned '0': CMAKE_PREFIX_PATH=${CMAKE_PREFIX_PATH}:/home/ovsj/Code/AutonomousBlueye/install/yolov5_ros:/home/ovsj/Code/AutonomousBlueye/install/drone_sensors:/home/ovsj/Code/AutonomousBlueye/install/real_blueye_launch:/home/ovsj/Code/AutonomousBlueye/install/image_prosessing:/home/ovsj/Code/AutonomousBlueye/install/experimental:/home/ovsj/Code/AutonomousBlueye/install/control:/opt/ros/humble VIRTUAL_ENV_PROMPT=(.venv) /usr/bin/cmake /home/ovsj/Code/AutonomousBlueye/pcl_msgs -DCMAKE_INSTALL_PREFIX=/home/ovsj/Code/AutonomousBlueye/install/pcl_msgs
[3.041s] Invoking command in '/home/ovsj/Code/AutonomousBlueye/build/pcl_msgs': CMAKE_PREFIX_PATH=${CMAKE_PREFIX_PATH}:/home/ovsj/Code/AutonomousBlueye/install/yolov5_ros:/home/ovsj/Code/AutonomousBlueye/install/drone_sensors:/home/ovsj/Code/AutonomousBlueye/install/real_blueye_launch:/home/ovsj/Code/AutonomousBlueye/install/image_prosessing:/home/ovsj/Code/AutonomousBlueye/install/experimental:/home/ovsj/Code/AutonomousBlueye/install/control:/opt/ros/humble VIRTUAL_ENV_PROMPT=(.venv) /usr/bin/cmake --build /home/ovsj/Code/AutonomousBlueye/build/pcl_msgs -- -j6 -l6
[3.275s] [35m[1mConsolidate compiler generated dependencies of target pcl_msgs__rosidl_generator_c[0m
[3.276s] [  1%] Built target pcl_msgs__cpp
[3.282s] [ 12%] Built target pcl_msgs__rosidl_generator_c
[3.282s] [ 12%] Built target ament_cmake_python_symlink_pcl_msgs
[3.314s] [35m[1mConsolidate compiler generated dependencies of target pcl_msgs__rosidl_typesupport_cpp[0m
[3.345s] [35m[1mConsolidate compiler generated dependencies of target pcl_msgs__rosidl_typesupport_introspection_c[0m
[3.345s] [35m[1mConsolidate compiler generated dependencies of target pcl_msgs__rosidl_typesupport_introspection_cpp[0m
[3.354s] [35m[1mConsolidate compiler generated dependencies of target pcl_msgs__rosidl_typesupport_fastrtps_c[0m
[3.357s] [35m[1mConsolidate compiler generated dependencies of target pcl_msgs__rosidl_typesupport_fastrtps_cpp[0m
[3.370s] [ 23%] Built target pcl_msgs__rosidl_typesupport_introspection_c
[3.383s] [35m[1mConsolidate compiler generated dependencies of target pcl_msgs__rosidl_typesupport_c[0m
[3.388s] [ 34%] Built target pcl_msgs__rosidl_typesupport_cpp
[3.397s] [ 46%] Built target pcl_msgs__rosidl_typesupport_fastrtps_c
[3.404s] [ 57%] Built target pcl_msgs__rosidl_typesupport_introspection_cpp
[3.427s] [ 68%] Built target pcl_msgs__rosidl_typesupport_fastrtps_cpp
[3.433s] [ 79%] Built target pcl_msgs__rosidl_typesupport_c
[3.483s] [ 79%] Built target pcl_msgs
[3.612s] [ 80%] Built target pcl_msgs__py
[3.699s] [35m[1mConsolidate compiler generated dependencies of target pcl_msgs__rosidl_generator_py[0m
[3.751s] [ 90%] Built target pcl_msgs__rosidl_generator_py
[3.789s] [35m[1mConsolidate compiler generated dependencies of target pcl_msgs__rosidl_typesupport_c__pyext[0m
[3.818s] running egg_info
[3.818s] [35m[1mConsolidate compiler generated dependencies of target pcl_msgs__rosidl_typesupport_fastrtps_c__pyext[0m
[3.824s] [35m[1mConsolidate compiler generated dependencies of target pcl_msgs__rosidl_typesupport_introspection_c__pyext[0m
[3.831s] [ 93%] Built target pcl_msgs__rosidl_typesupport_c__pyext
[3.838s] writing pcl_msgs.egg-info/PKG-INFO
[3.838s] writing dependency_links to pcl_msgs.egg-info/dependency_links.txt
[3.839s] writing top-level names to pcl_msgs.egg-info/top_level.txt
[3.855s] [ 96%] Built target pcl_msgs__rosidl_typesupport_introspection_c__pyext
[3.874s] [100%] Built target pcl_msgs__rosidl_typesupport_fastrtps_c__pyext
[3.915s] reading manifest file 'pcl_msgs.egg-info/SOURCES.txt'
[3.919s] writing manifest file 'pcl_msgs.egg-info/SOURCES.txt'
[3.961s] [100%] Built target ament_cmake_python_build_pcl_msgs_egg
[4.202s] Invoked command in '/home/ovsj/Code/AutonomousBlueye/build/pcl_msgs' returned '0': CMAKE_PREFIX_PATH=${CMAKE_PREFIX_PATH}:/home/ovsj/Code/AutonomousBlueye/install/yolov5_ros:/home/ovsj/Code/AutonomousBlueye/install/drone_sensors:/home/ovsj/Code/AutonomousBlueye/install/real_blueye_launch:/home/ovsj/Code/AutonomousBlueye/install/image_prosessing:/home/ovsj/Code/AutonomousBlueye/install/experimental:/home/ovsj/Code/AutonomousBlueye/install/control:/opt/ros/humble VIRTUAL_ENV_PROMPT=(.venv) /usr/bin/cmake --build /home/ovsj/Code/AutonomousBlueye/build/pcl_msgs -- -j6 -l6
[4.202s] Invoking command in '/home/ovsj/Code/AutonomousBlueye/build/pcl_msgs': CMAKE_PREFIX_PATH=${CMAKE_PREFIX_PATH}:/home/ovsj/Code/AutonomousBlueye/install/yolov5_ros:/home/ovsj/Code/AutonomousBlueye/install/drone_sensors:/home/ovsj/Code/AutonomousBlueye/install/real_blueye_launch:/home/ovsj/Code/AutonomousBlueye/install/image_prosessing:/home/ovsj/Code/AutonomousBlueye/install/experimental:/home/ovsj/Code/AutonomousBlueye/install/control:/opt/ros/humble VIRTUAL_ENV_PROMPT=(.venv) /usr/bin/cmake --install /home/ovsj/Code/AutonomousBlueye/build/pcl_msgs
[4.246s] -- Install configuration: ""
[4.246s] -- Execute custom install script
[4.246s] -- Up-to-date symlink: /home/ovsj/Code/AutonomousBlueye/install/pcl_msgs/share/ament_index/resource_index/rosidl_interfaces/pcl_msgs
[4.246s] -- Up-to-date symlink: /home/ovsj/Code/AutonomousBlueye/install/pcl_msgs/include/pcl_msgs/pcl_msgs/msg/detail/model_coefficients__functions.h
[4.246s] -- Up-to-date symlink: /home/ovsj/Code/AutonomousBlueye/install/pcl_msgs/include/pcl_msgs/pcl_msgs/msg/detail/model_coefficients__struct.h
[4.247s] -- Up-to-date symlink: /home/ovsj/Code/AutonomousBlueye/install/pcl_msgs/include/pcl_msgs/pcl_msgs/msg/detail/model_coefficients__type_support.h
[4.247s] -- Up-to-date symlink: /home/ovsj/Code/AutonomousBlueye/install/pcl_msgs/include/pcl_msgs/pcl_msgs/msg/detail/point_indices__functions.h
[4.247s] -- Up-to-date symlink: /home/ovsj/Code/AutonomousBlueye/install/pcl_msgs/include/pcl_msgs/pcl_msgs/msg/detail/point_indices__struct.h
[4.247s] -- Up-to-date symlink: /home/ovsj/Code/AutonomousBlueye/install/pcl_msgs/include/pcl_msgs/pcl_msgs/msg/detail/point_indices__type_support.h
[4.247s] -- Up-to-date symlink: /home/ovsj/Code/AutonomousBlueye/install/pcl_msgs/include/pcl_msgs/pcl_msgs/msg/detail/polygon_mesh__functions.h
[4.247s] -- Up-to-date symlink: /home/ovsj/Code/AutonomousBlueye/install/pcl_msgs/include/pcl_msgs/pcl_msgs/msg/detail/polygon_mesh__struct.h
[4.247s] -- Up-to-date symlink: /home/ovsj/Code/AutonomousBlueye/install/pcl_msgs/include/pcl_msgs/pcl_msgs/msg/detail/polygon_mesh__type_support.h
[4.247s] -- Up-to-date symlink: /home/ovsj/Code/AutonomousBlueye/install/pcl_msgs/include/pcl_msgs/pcl_msgs/msg/detail/vertices__functions.h
[4.247s] -- Up-to-date symlink: /home/ovsj/Code/AutonomousBlueye/install/pcl_msgs/include/pcl_msgs/pcl_msgs/msg/detail/vertices__struct.h
[4.247s] -- Up-to-date symlink: /home/ovsj/Code/AutonomousBlueye/install/pcl_msgs/include/pcl_msgs/pcl_msgs/msg/detail/vertices__type_support.h
[4.247s] -- Up-to-date symlink: /home/ovsj/Code/AutonomousBlueye/install/pcl_msgs/include/pcl_msgs/pcl_msgs/msg/model_coefficients.h
[4.247s] -- Up-to-date symlink: /home/ovsj/Code/AutonomousBlueye/install/pcl_msgs/include/pcl_msgs/pcl_msgs/msg/point_indices.h
[4.247s] -- Up-to-date symlink: /home/ovsj/Code/AutonomousBlueye/install/pcl_msgs/include/pcl_msgs/pcl_msgs/msg/polygon_mesh.h
[4.247s] -- Up-to-date symlink: /home/ovsj/Code/AutonomousBlueye/install/pcl_msgs/include/pcl_msgs/pcl_msgs/msg/rosidl_generator_c__visibility_control.h
[4.248s] -- Up-to-date symlink: /home/ovsj/Code/AutonomousBlueye/install/pcl_msgs/include/pcl_msgs/pcl_msgs/msg/vertices.h
[4.248s] -- Up-to-date symlink: /home/ovsj/Code/AutonomousBlueye/install/pcl_msgs/include/pcl_msgs/pcl_msgs/srv/detail/update_filename__functions.h
[4.248s] -- Up-to-date symlink: /home/ovsj/Code/AutonomousBlueye/install/pcl_msgs/include/pcl_msgs/pcl_msgs/srv/detail/update_filename__struct.h
[4.248s] -- Up-to-date symlink: /home/ovsj/Code/AutonomousBlueye/install/pcl_msgs/include/pcl_msgs/pcl_msgs/srv/detail/update_filename__type_support.h
[4.248s] -- Up-to-date symlink: /home/ovsj/Code/AutonomousBlueye/install/pcl_msgs/include/pcl_msgs/pcl_msgs/srv/update_filename.h
[4.252s] -- Up-to-date symlink: /home/ovsj/Code/AutonomousBlueye/install/pcl_msgs/share/pcl_msgs/environment/library_path.sh
[4.252s] -- Up-to-date symlink: /home/ovsj/Code/AutonomousBlueye/install/pcl_msgs/share/pcl_msgs/environment/library_path.dsv
[4.252s] -- Up-to-date symlink: /home/ovsj/Code/AutonomousBlueye/install/pcl_msgs/include/pcl_msgs/pcl_msgs/msg/detail/model_coefficients__rosidl_typesupport_fastrtps_c.h
[4.252s] -- Up-to-date symlink: /home/ovsj/Code/AutonomousBlueye/install/pcl_msgs/include/pcl_msgs/pcl_msgs/msg/detail/point_indices__rosidl_typesupport_fastrtps_c.h
[4.252s] -- Up-to-date symlink: /home/ovsj/Code/AutonomousBlueye/install/pcl_msgs/include/pcl_msgs/pcl_msgs/msg/detail/polygon_mesh__rosidl_typesupport_fastrtps_c.h
[4.252s] -- Up-to-date symlink: /home/ovsj/Code/AutonomousBlueye/install/pcl_msgs/include/pcl_msgs/pcl_msgs/msg/detail/vertices__rosidl_typesupport_fastrtps_c.h
[4.252s] -- Up-to-date symlink: /home/ovsj/Code/AutonomousBlueye/install/pcl_msgs/include/pcl_msgs/pcl_msgs/msg/rosidl_typesupport_fastrtps_c__visibility_control.h
[4.252s] -- Up-to-date symlink: /home/ovsj/Code/AutonomousBlueye/install/pcl_msgs/include/pcl_msgs/pcl_msgs/srv/detail/update_filename__rosidl_typesupport_fastrtps_c.h
[4.252s] -- Up-to-date symlink: /home/ovsj/Code/AutonomousBlueye/install/pcl_msgs/include/pcl_msgs/pcl_msgs/msg/detail/model_coefficients__rosidl_typesupport_introspection_c.h
[4.253s] -- Up-to-date symlink: /home/ovsj/Code/AutonomousBlueye/install/pcl_msgs/include/pcl_msgs/pcl_msgs/msg/detail/point_indices__rosidl_typesupport_introspection_c.h
[4.253s] -- Up-to-date symlink: /home/ovsj/Code/AutonomousBlueye/install/pcl_msgs/include/pcl_msgs/pcl_msgs/msg/detail/polygon_mesh__rosidl_typesupport_introspection_c.h
[4.253s] -- Up-to-date symlink: /home/ovsj/Code/AutonomousBlueye/install/pcl_msgs/include/pcl_msgs/pcl_msgs/msg/detail/vertices__rosidl_typesupport_introspection_c.h
[4.253s] -- Up-to-date symlink: /home/ovsj/Code/AutonomousBlueye/install/pcl_msgs/include/pcl_msgs/pcl_msgs/msg/rosidl_typesupport_introspection_c__visibility_control.h
[4.253s] -- Up-to-date symlink: /home/ovsj/Code/AutonomousBlueye/install/pcl_msgs/include/pcl_msgs/pcl_msgs/srv/detail/update_filename__rosidl_typesupport_introspection_c.h
[4.253s] -- Up-to-date symlink: /home/ovsj/Code/AutonomousBlueye/install/pcl_msgs/include/pcl_msgs/pcl_msgs/msg/detail/model_coefficients__builder.hpp
[4.253s] -- Up-to-date symlink: /home/ovsj/Code/AutonomousBlueye/install/pcl_msgs/include/pcl_msgs/pcl_msgs/msg/detail/model_coefficients__struct.hpp
[4.253s] -- Up-to-date symlink: /home/ovsj/Code/AutonomousBlueye/install/pcl_msgs/include/pcl_msgs/pcl_msgs/msg/detail/model_coefficients__traits.hpp
[4.253s] -- Up-to-date symlink: /home/ovsj/Code/AutonomousBlueye/install/pcl_msgs/include/pcl_msgs/pcl_msgs/msg/detail/model_coefficients__type_support.hpp
[4.253s] -- Up-to-date symlink: /home/ovsj/Code/AutonomousBlueye/install/pcl_msgs/include/pcl_msgs/pcl_msgs/msg/detail/point_indices__builder.hpp
[4.253s] -- Up-to-date symlink: /home/ovsj/Code/AutonomousBlueye/install/pcl_msgs/include/pcl_msgs/pcl_msgs/msg/detail/point_indices__struct.hpp
[4.253s] -- Up-to-date symlink: /home/ovsj/Code/AutonomousBlueye/install/pcl_msgs/include/pcl_msgs/pcl_msgs/msg/detail/point_indices__traits.hpp
[4.253s] -- Up-to-date symlink: /home/ovsj/Code/AutonomousBlueye/install/pcl_msgs/include/pcl_msgs/pcl_msgs/msg/detail/point_indices__type_support.hpp
[4.253s] -- Up-to-date symlink: /home/ovsj/Code/AutonomousBlueye/install/pcl_msgs/include/pcl_msgs/pcl_msgs/msg/detail/polygon_mesh__builder.hpp
[4.253s] -- Up-to-date symlink: /home/ovsj/Code/AutonomousBlueye/install/pcl_msgs/include/pcl_msgs/pcl_msgs/msg/detail/polygon_mesh__struct.hpp
[4.253s] -- Up-to-date symlink: /home/ovsj/Code/AutonomousBlueye/install/pcl_msgs/include/pcl_msgs/pcl_msgs/msg/detail/polygon_mesh__traits.hpp
[4.269s] -- Up-to-date symlink: /home/ovsj/Code/AutonomousBlueye/install/pcl_msgs/include/pcl_msgs/pcl_msgs/msg/detail/polygon_mesh__type_support.hpp
[4.269s] -- Up-to-date symlink: /home/ovsj/Code/AutonomousBlueye/install/pcl_msgs/include/pcl_msgs/pcl_msgs/msg/detail/vertices__builder.hpp
[4.269s] -- Up-to-date symlink: /home/ovsj/Code/AutonomousBlueye/install/pcl_msgs/include/pcl_msgs/pcl_msgs/msg/detail/vertices__struct.hpp
[4.269s] -- Up-to-date symlink: /home/ovsj/Code/AutonomousBlueye/install/pcl_msgs/include/pcl_msgs/pcl_msgs/msg/detail/vertices__traits.hpp
[4.269s] -- Up-to-date symlink: /home/ovsj/Code/AutonomousBlueye/install/pcl_msgs/include/pcl_msgs/pcl_msgs/msg/detail/vertices__type_support.hpp
[4.269s] -- Up-to-date symlink: /home/ovsj/Code/AutonomousBlueye/install/pcl_msgs/include/pcl_msgs/pcl_msgs/msg/model_coefficients.hpp
[4.269s] -- Up-to-date symlink: /home/ovsj/Code/AutonomousBlueye/install/pcl_msgs/include/pcl_msgs/pcl_msgs/msg/point_indices.hpp
[4.270s] -- Up-to-date symlink: /home/ovsj/Code/AutonomousBlueye/install/pcl_msgs/include/pcl_msgs/pcl_msgs/msg/polygon_mesh.hpp
[4.270s] -- Up-to-date symlink: /home/ovsj/Code/AutonomousBlueye/install/pcl_msgs/include/pcl_msgs/pcl_msgs/msg/rosidl_generator_cpp__visibility_control.hpp
[4.270s] -- Up-to-date symlink: /home/ovsj/Code/AutonomousBlueye/install/pcl_msgs/include/pcl_msgs/pcl_msgs/msg/vertices.hpp
[4.276s] -- Up-to-date symlink: /home/ovsj/Code/AutonomousBlueye/install/pcl_msgs/include/pcl_msgs/pcl_msgs/srv/detail/update_filename__builder.hpp
[4.276s] -- Up-to-date symlink: /home/ovsj/Code/AutonomousBlueye/install/pcl_msgs/include/pcl_msgs/pcl_msgs/srv/detail/update_filename__struct.hpp
[4.277s] -- Up-to-date symlink: /home/ovsj/Code/AutonomousBlueye/install/pcl_msgs/include/pcl_msgs/pcl_msgs/srv/detail/update_filename__traits.hpp
[4.277s] -- Up-to-date symlink: /home/ovsj/Code/AutonomousBlueye/install/pcl_msgs/include/pcl_msgs/pcl_msgs/srv/detail/update_filename__type_support.hpp
[4.277s] -- Up-to-date symlink: /home/ovsj/Code/AutonomousBlueye/install/pcl_msgs/include/pcl_msgs/pcl_msgs/srv/update_filename.hpp
[4.278s] -- Up-to-date symlink: /home/ovsj/Code/AutonomousBlueye/install/pcl_msgs/include/pcl_msgs/pcl_msgs/msg/detail/model_coefficients__rosidl_typesupport_fastrtps_cpp.hpp
[4.278s] -- Up-to-date symlink: /home/ovsj/Code/AutonomousBlueye/install/pcl_msgs/include/pcl_msgs/pcl_msgs/msg/detail/point_indices__rosidl_typesupport_fastrtps_cpp.hpp
[4.278s] -- Up-to-date symlink: /home/ovsj/Code/AutonomousBlueye/install/pcl_msgs/include/pcl_msgs/pcl_msgs/msg/detail/polygon_mesh__rosidl_typesupport_fastrtps_cpp.hpp
[4.278s] -- Up-to-date symlink: /home/ovsj/Code/AutonomousBlueye/install/pcl_msgs/include/pcl_msgs/pcl_msgs/msg/detail/vertices__rosidl_typesupport_fastrtps_cpp.hpp
[4.278s] -- Up-to-date symlink: /home/ovsj/Code/AutonomousBlueye/install/pcl_msgs/include/pcl_msgs/pcl_msgs/msg/rosidl_typesupport_fastrtps_cpp__visibility_control.h
[4.278s] -- Up-to-date symlink: /home/ovsj/Code/AutonomousBlueye/install/pcl_msgs/include/pcl_msgs/pcl_msgs/srv/detail/update_filename__rosidl_typesupport_fastrtps_cpp.hpp
[4.278s] -- Up-to-date symlink: /home/ovsj/Code/AutonomousBlueye/install/pcl_msgs/include/pcl_msgs/pcl_msgs/msg/detail/model_coefficients__rosidl_typesupport_introspection_cpp.hpp
[4.278s] -- Up-to-date symlink: /home/ovsj/Code/AutonomousBlueye/install/pcl_msgs/include/pcl_msgs/pcl_msgs/msg/detail/point_indices__rosidl_typesupport_introspection_cpp.hpp
[4.278s] -- Up-to-date symlink: /home/ovsj/Code/AutonomousBlueye/install/pcl_msgs/include/pcl_msgs/pcl_msgs/msg/detail/polygon_mesh__rosidl_typesupport_introspection_cpp.hpp
[4.278s] -- Up-to-date symlink: /home/ovsj/Code/AutonomousBlueye/install/pcl_msgs/include/pcl_msgs/pcl_msgs/msg/detail/vertices__rosidl_typesupport_introspection_cpp.hpp
[4.278s] -- Up-to-date symlink: /home/ovsj/Code/AutonomousBlueye/install/pcl_msgs/include/pcl_msgs/pcl_msgs/srv/detail/update_filename__rosidl_typesupport_introspection_cpp.hpp
[4.278s] -- Up-to-date symlink: /home/ovsj/Code/AutonomousBlueye/install/pcl_msgs/share/pcl_msgs/environment/pythonpath.sh
[4.278s] -- Up-to-date symlink: /home/ovsj/Code/AutonomousBlueye/install/pcl_msgs/share/pcl_msgs/environment/pythonpath.dsv
[4.281s] -- Up-to-date symlink: /home/ovsj/Code/AutonomousBlueye/install/pcl_msgs/local/lib/python3.10/dist-packages/pcl_msgs-1.0.0-py3.10.egg-info/PKG-INFO
[4.281s] -- Up-to-date symlink: /home/ovsj/Code/AutonomousBlueye/install/pcl_msgs/local/lib/python3.10/dist-packages/pcl_msgs-1.0.0-py3.10.egg-info/SOURCES.txt
[4.281s] -- Up-to-date symlink: /home/ovsj/Code/AutonomousBlueye/install/pcl_msgs/local/lib/python3.10/dist-packages/pcl_msgs-1.0.0-py3.10.egg-info/dependency_links.txt
[4.282s] -- Up-to-date symlink: /home/ovsj/Code/AutonomousBlueye/install/pcl_msgs/local/lib/python3.10/dist-packages/pcl_msgs-1.0.0-py3.10.egg-info/top_level.txt
[4.283s] -- Up-to-date symlink: /home/ovsj/Code/AutonomousBlueye/install/pcl_msgs/local/lib/python3.10/dist-packages/pcl_msgs/__init__.py
[4.284s] -- Up-to-date symlink: /home/ovsj/Code/AutonomousBlueye/install/pcl_msgs/local/lib/python3.10/dist-packages/pcl_msgs/_pcl_msgs_s.ep.rosidl_typesupport_c.c
[4.284s] -- Up-to-date symlink: /home/ovsj/Code/AutonomousBlueye/install/pcl_msgs/local/lib/python3.10/dist-packages/pcl_msgs/_pcl_msgs_s.ep.rosidl_typesupport_fastrtps_c.c
[4.284s] -- Up-to-date symlink: /home/ovsj/Code/AutonomousBlueye/install/pcl_msgs/local/lib/python3.10/dist-packages/pcl_msgs/_pcl_msgs_s.ep.rosidl_typesupport_introspection_c.c
[4.284s] -- Up-to-date symlink: /home/ovsj/Code/AutonomousBlueye/install/pcl_msgs/local/lib/python3.10/dist-packages/pcl_msgs/libpcl_msgs__rosidl_generator_py.so
[4.284s] -- Up-to-date symlink: /home/ovsj/Code/AutonomousBlueye/install/pcl_msgs/local/lib/python3.10/dist-packages/pcl_msgs/msg/__init__.py
[4.284s] -- Up-to-date symlink: /home/ovsj/Code/AutonomousBlueye/install/pcl_msgs/local/lib/python3.10/dist-packages/pcl_msgs/msg/_model_coefficients.py
[4.284s] -- Up-to-date symlink: /home/ovsj/Code/AutonomousBlueye/install/pcl_msgs/local/lib/python3.10/dist-packages/pcl_msgs/msg/_model_coefficients_s.c
[4.284s] -- Up-to-date symlink: /home/ovsj/Code/AutonomousBlueye/install/pcl_msgs/local/lib/python3.10/dist-packages/pcl_msgs/msg/_point_indices.py
[4.284s] -- Up-to-date symlink: /home/ovsj/Code/AutonomousBlueye/install/pcl_msgs/local/lib/python3.10/dist-packages/pcl_msgs/msg/_point_indices_s.c
[4.284s] -- Up-to-date symlink: /home/ovsj/Code/AutonomousBlueye/install/pcl_msgs/local/lib/python3.10/dist-packages/pcl_msgs/msg/_polygon_mesh.py
[4.284s] -- Up-to-date symlink: /home/ovsj/Code/AutonomousBlueye/install/pcl_msgs/local/lib/python3.10/dist-packages/pcl_msgs/msg/_polygon_mesh_s.c
[4.284s] -- Up-to-date symlink: /home/ovsj/Code/AutonomousBlueye/install/pcl_msgs/local/lib/python3.10/dist-packages/pcl_msgs/msg/_vertices.py
[4.284s] -- Up-to-date symlink: /home/ovsj/Code/AutonomousBlueye/install/pcl_msgs/local/lib/python3.10/dist-packages/pcl_msgs/msg/_vertices_s.c
[4.284s] -- Up-to-date symlink: /home/ovsj/Code/AutonomousBlueye/install/pcl_msgs/local/lib/python3.10/dist-packages/pcl_msgs/pcl_msgs_s__rosidl_typesupport_c.cpython-310-aarch64-linux-gnu.so
[4.284s] -- Up-to-date symlink: /home/ovsj/Code/AutonomousBlueye/install/pcl_msgs/local/lib/python3.10/dist-packages/pcl_msgs/pcl_msgs_s__rosidl_typesupport_fastrtps_c.cpython-310-aarch64-linux-gnu.so
[4.284s] -- Up-to-date symlink: /home/ovsj/Code/AutonomousBlueye/install/pcl_msgs/local/lib/python3.10/dist-packages/pcl_msgs/pcl_msgs_s__rosidl_typesupport_introspection_c.cpython-310-aarch64-linux-gnu.so
[4.284s] -- Up-to-date symlink: /home/ovsj/Code/AutonomousBlueye/install/pcl_msgs/local/lib/python3.10/dist-packages/pcl_msgs/srv/__init__.py
[4.284s] -- Up-to-date symlink: /home/ovsj/Code/AutonomousBlueye/install/pcl_msgs/local/lib/python3.10/dist-packages/pcl_msgs/srv/_update_filename.py
[4.284s] -- Up-to-date symlink: /home/ovsj/Code/AutonomousBlueye/install/pcl_msgs/local/lib/python3.10/dist-packages/pcl_msgs/srv/_update_filename_s.c
[4.284s] -- Up-to-date symlink: /home/ovsj/Code/AutonomousBlueye/install/pcl_msgs/local/lib/python3.10/dist-packages/pcl_msgs/pcl_msgs_s__rosidl_typesupport_fastrtps_c.cpython-310-aarch64-linux-gnu.so
[4.284s] -- Up-to-date symlink: /home/ovsj/Code/AutonomousBlueye/install/pcl_msgs/local/lib/python3.10/dist-packages/pcl_msgs/pcl_msgs_s__rosidl_typesupport_introspection_c.cpython-310-aarch64-linux-gnu.so
[4.284s] -- Up-to-date symlink: /home/ovsj/Code/AutonomousBlueye/install/pcl_msgs/local/lib/python3.10/dist-packages/pcl_msgs/pcl_msgs_s__rosidl_typesupport_c.cpython-310-aarch64-linux-gnu.so
[4.284s] -- Up-to-date symlink: /home/ovsj/Code/AutonomousBlueye/install/pcl_msgs/share/pcl_msgs/msg/ModelCoefficients.idl
[4.284s] -- Up-to-date symlink: /home/ovsj/Code/AutonomousBlueye/install/pcl_msgs/share/pcl_msgs/msg/PointIndices.idl
[4.284s] -- Up-to-date symlink: /home/ovsj/Code/AutonomousBlueye/install/pcl_msgs/share/pcl_msgs/msg/PolygonMesh.idl
[4.284s] -- Up-to-date symlink: /home/ovsj/Code/AutonomousBlueye/install/pcl_msgs/share/pcl_msgs/msg/Vertices.idl
[4.284s] -- Up-to-date symlink: /home/ovsj/Code/AutonomousBlueye/install/pcl_msgs/share/pcl_msgs/srv/UpdateFilename.idl
[4.285s] -- Up-to-date symlink: /home/ovsj/Code/AutonomousBlueye/install/pcl_msgs/share/pcl_msgs/msg/ModelCoefficients.msg
[4.294s] -- Up-to-date symlink: /home/ovsj/Code/AutonomousBlueye/install/pcl_msgs/share/pcl_msgs/msg/PointIndices.msg
[4.294s] -- Up-to-date symlink: /home/ovsj/Code/AutonomousBlueye/install/pcl_msgs/share/pcl_msgs/msg/PolygonMesh.msg
[4.294s] -- Up-to-date symlink: /home/ovsj/Code/AutonomousBlueye/install/pcl_msgs/share/pcl_msgs/msg/Vertices.msg
[4.294s] -- Up-to-date symlink: /home/ovsj/Code/AutonomousBlueye/install/pcl_msgs/share/pcl_msgs/srv/UpdateFilename.srv
[4.294s] -- Up-to-date symlink: /home/ovsj/Code/AutonomousBlueye/install/pcl_msgs/share/pcl_msgs/srv/UpdateFilename_Request.msg
[4.294s] -- Up-to-date symlink: /home/ovsj/Code/AutonomousBlueye/install/pcl_msgs/share/pcl_msgs/srv/UpdateFilename_Response.msg
[4.294s] -- Up-to-date symlink: /home/ovsj/Code/AutonomousBlueye/install/pcl_msgs/share/ament_index/resource_index/package_run_dependencies/pcl_msgs
[4.295s] -- Up-to-date symlink: /home/ovsj/Code/AutonomousBlueye/install/pcl_msgs/share/ament_index/resource_index/parent_prefix_path/pcl_msgs
[4.295s] -- Up-to-date symlink: /home/ovsj/Code/AutonomousBlueye/install/pcl_msgs/share/pcl_msgs/environment/ament_prefix_path.sh
[4.295s] -- Up-to-date symlink: /home/ovsj/Code/AutonomousBlueye/install/pcl_msgs/share/pcl_msgs/environment/ament_prefix_path.dsv
[4.295s] -- Up-to-date symlink: /home/ovsj/Code/AutonomousBlueye/install/pcl_msgs/share/pcl_msgs/environment/path.sh
[4.295s] -- Up-to-date symlink: /home/ovsj/Code/AutonomousBlueye/install/pcl_msgs/share/pcl_msgs/environment/path.dsv
[4.295s] -- Up-to-date symlink: /home/ovsj/Code/AutonomousBlueye/install/pcl_msgs/share/pcl_msgs/local_setup.bash
[4.295s] -- Up-to-date symlink: /home/ovsj/Code/AutonomousBlueye/install/pcl_msgs/share/pcl_msgs/local_setup.sh
[4.295s] -- Up-to-date symlink: /home/ovsj/Code/AutonomousBlueye/install/pcl_msgs/share/pcl_msgs/local_setup.zsh
[4.295s] -- Up-to-date symlink: /home/ovsj/Code/AutonomousBlueye/install/pcl_msgs/share/pcl_msgs/local_setup.dsv
[4.295s] -- Symlinking: /home/ovsj/Code/AutonomousBlueye/install/pcl_msgs/share/pcl_msgs/package.dsv
[4.318s] -- Up-to-date symlink: /home/ovsj/Code/AutonomousBlueye/install/pcl_msgs/share/ament_index/resource_index/packages/pcl_msgs
[4.318s] -- Up-to-date symlink: /home/ovsj/Code/AutonomousBlueye/install/pcl_msgs/share/pcl_msgs/cmake/rosidl_cmake-extras.cmake
[4.318s] -- Up-to-date symlink: /home/ovsj/Code/AutonomousBlueye/install/pcl_msgs/share/pcl_msgs/cmake/ament_cmake_export_dependencies-extras.cmake
[4.318s] -- Up-to-date symlink: /home/ovsj/Code/AutonomousBlueye/install/pcl_msgs/share/pcl_msgs/cmake/ament_cmake_export_include_directories-extras.cmake
[4.318s] -- Up-to-date symlink: /home/ovsj/Code/AutonomousBlueye/install/pcl_msgs/share/pcl_msgs/cmake/ament_cmake_export_libraries-extras.cmake
[4.318s] -- Up-to-date symlink: /home/ovsj/Code/AutonomousBlueye/install/pcl_msgs/share/pcl_msgs/cmake/ament_cmake_export_targets-extras.cmake
[4.318s] -- Up-to-date symlink: /home/ovsj/Code/AutonomousBlueye/install/pcl_msgs/share/pcl_msgs/cmake/rosidl_cmake_export_typesupport_targets-extras.cmake
[4.318s] -- Up-to-date symlink: /home/ovsj/Code/AutonomousBlueye/install/pcl_msgs/share/pcl_msgs/cmake/rosidl_cmake_export_typesupport_libraries-extras.cmake
[4.318s] -- Up-to-date symlink: /home/ovsj/Code/AutonomousBlueye/install/pcl_msgs/share/pcl_msgs/cmake/pcl_msgsConfig.cmake
[4.318s] -- Up-to-date symlink: /home/ovsj/Code/AutonomousBlueye/install/pcl_msgs/share/pcl_msgs/cmake/pcl_msgsConfig-version.cmake
[4.318s] -- Up-to-date symlink: /home/ovsj/Code/AutonomousBlueye/install/pcl_msgs/share/pcl_msgs/package.xml
[4.319s] -- Up-to-date: /home/ovsj/Code/AutonomousBlueye/install/pcl_msgs/lib/libpcl_msgs__rosidl_generator_c.so
[4.319s] -- Up-to-date: /home/ovsj/Code/AutonomousBlueye/install/pcl_msgs/lib/libpcl_msgs__rosidl_typesupport_fastrtps_c.so
[4.319s] -- Up-to-date: /home/ovsj/Code/AutonomousBlueye/install/pcl_msgs/lib/libpcl_msgs__rosidl_typesupport_introspection_c.so
[4.319s] -- Up-to-date: /home/ovsj/Code/AutonomousBlueye/install/pcl_msgs/lib/libpcl_msgs__rosidl_typesupport_c.so
[4.319s] -- Up-to-date: /home/ovsj/Code/AutonomousBlueye/install/pcl_msgs/lib/libpcl_msgs__rosidl_typesupport_fastrtps_cpp.so
[4.319s] -- Up-to-date: /home/ovsj/Code/AutonomousBlueye/install/pcl_msgs/lib/libpcl_msgs__rosidl_typesupport_introspection_cpp.so
[4.319s] -- Up-to-date: /home/ovsj/Code/AutonomousBlueye/install/pcl_msgs/lib/libpcl_msgs__rosidl_typesupport_cpp.so
[4.442s] Listing '/home/ovsj/Code/AutonomousBlueye/install/pcl_msgs/local/lib/python3.10/dist-packages/pcl_msgs'...
[4.443s] Compiling '/home/ovsj/Code/AutonomousBlueye/install/pcl_msgs/local/lib/python3.10/dist-packages/pcl_msgs/__init__.py'...
[4.443s] Listing '/home/ovsj/Code/AutonomousBlueye/install/pcl_msgs/local/lib/python3.10/dist-packages/pcl_msgs/msg'...
[4.443s] Listing '/home/ovsj/Code/AutonomousBlueye/install/pcl_msgs/local/lib/python3.10/dist-packages/pcl_msgs/srv'...
[4.464s] -- Up-to-date: /home/ovsj/Code/AutonomousBlueye/install/pcl_msgs/lib/libpcl_msgs__rosidl_generator_py.so
[4.465s] -- Up-to-date: /home/ovsj/Code/AutonomousBlueye/install/pcl_msgs/share/pcl_msgs/cmake/export_pcl_msgs__rosidl_generator_cExport.cmake
[4.465s] -- Up-to-date: /home/ovsj/Code/AutonomousBlueye/install/pcl_msgs/share/pcl_msgs/cmake/export_pcl_msgs__rosidl_generator_cExport-noconfig.cmake
[4.465s] -- Up-to-date: /home/ovsj/Code/AutonomousBlueye/install/pcl_msgs/share/pcl_msgs/cmake/export_pcl_msgs__rosidl_typesupport_fastrtps_cExport.cmake
[4.466s] -- Up-to-date: /home/ovsj/Code/AutonomousBlueye/install/pcl_msgs/share/pcl_msgs/cmake/export_pcl_msgs__rosidl_typesupport_fastrtps_cExport-noconfig.cmake
[4.466s] -- Up-to-date: /home/ovsj/Code/AutonomousBlueye/install/pcl_msgs/share/pcl_msgs/cmake/pcl_msgs__rosidl_typesupport_introspection_cExport.cmake
[4.466s] -- Up-to-date: /home/ovsj/Code/AutonomousBlueye/install/pcl_msgs/share/pcl_msgs/cmake/pcl_msgs__rosidl_typesupport_introspection_cExport-noconfig.cmake
[4.466s] -- Up-to-date: /home/ovsj/Code/AutonomousBlueye/install/pcl_msgs/share/pcl_msgs/cmake/pcl_msgs__rosidl_typesupport_cExport.cmake
[4.466s] -- Up-to-date: /home/ovsj/Code/AutonomousBlueye/install/pcl_msgs/share/pcl_msgs/cmake/pcl_msgs__rosidl_typesupport_cExport-noconfig.cmake
[4.466s] -- Up-to-date: /home/ovsj/Code/AutonomousBlueye/install/pcl_msgs/share/pcl_msgs/cmake/export_pcl_msgs__rosidl_generator_cppExport.cmake
[4.466s] -- Up-to-date: /home/ovsj/Code/AutonomousBlueye/install/pcl_msgs/share/pcl_msgs/cmake/export_pcl_msgs__rosidl_typesupport_fastrtps_cppExport.cmake
[4.466s] -- Up-to-date: /home/ovsj/Code/AutonomousBlueye/install/pcl_msgs/share/pcl_msgs/cmake/export_pcl_msgs__rosidl_typesupport_fastrtps_cppExport-noconfig.cmake
[4.466s] -- Up-to-date: /home/ovsj/Code/AutonomousBlueye/install/pcl_msgs/share/pcl_msgs/cmake/pcl_msgs__rosidl_typesupport_introspection_cppExport.cmake
[4.466s] -- Up-to-date: /home/ovsj/Code/AutonomousBlueye/install/pcl_msgs/share/pcl_msgs/cmake/pcl_msgs__rosidl_typesupport_introspection_cppExport-noconfig.cmake
[4.466s] -- Up-to-date: /home/ovsj/Code/AutonomousBlueye/install/pcl_msgs/share/pcl_msgs/cmake/pcl_msgs__rosidl_typesupport_cppExport.cmake
[4.466s] -- Up-to-date: /home/ovsj/Code/AutonomousBlueye/install/pcl_msgs/share/pcl_msgs/cmake/pcl_msgs__rosidl_typesupport_cppExport-noconfig.cmake
[4.466s] -- Up-to-date: /home/ovsj/Code/AutonomousBlueye/install/pcl_msgs/share/pcl_msgs/cmake/export_pcl_msgs__rosidl_generator_pyExport.cmake
[4.466s] -- Up-to-date: /home/ovsj/Code/AutonomousBlueye/install/pcl_msgs/share/pcl_msgs/cmake/export_pcl_msgs__rosidl_generator_pyExport-noconfig.cmake
[4.742s] Invoked command in '/home/ovsj/Code/AutonomousBlueye/build/pcl_msgs' returned '0': CMAKE_PREFIX_PATH=${CMAKE_PREFIX_PATH}:/home/ovsj/Code/AutonomousBlueye/install/yolov5_ros:/home/ovsj/Code/AutonomousBlueye/install/drone_sensors:/home/ovsj/Code/AutonomousBlueye/install/real_blueye_launch:/home/ovsj/Code/AutonomousBlueye/install/image_prosessing:/home/ovsj/Code/AutonomousBlueye/install/experimental:/home/ovsj/Code/AutonomousBlueye/install/control:/opt/ros/humble VIRTUAL_ENV_PROMPT=(.venv) /usr/bin/cmake --install /home/ovsj/Code/AutonomousBlueye/build/pcl_msgs
