[2.272s] Invoking command in '/home/ovsj/Code/AutonomousBlueye/build/image_prosessing': PYTHONPATH=/home/ovsj/Code/AutonomousBlueye/build/image_prosessing/prefix_override:/usr/lib/python3/dist-packages/colcon_core/task/python/colcon_distutils_commands:/home/ovsj/Code/AutonomousBlueye/install/image_prosessing/lib/python3.10/site-packages:${PYTHONPATH} VIRTUAL_ENV_PROMPT=(.venv) /usr/bin/python3 -W ignore:setup.py install is deprecated -W ignore:easy_install command is deprecated setup.py develop --editable --build-directory /home/ovsj/Code/AutonomousBlueye/build/image_prosessing/build --no-deps symlink_data
[2.761s] running develop
[2.976s] running egg_info
[2.988s] writing image_prosessing.egg-info/PKG-INFO
[2.990s] writing dependency_links to image_prosessing.egg-info/dependency_links.txt
[2.997s] writing entry points to image_prosessing.egg-info/entry_points.txt
[2.997s] writing requirements to image_prosessing.egg-info/requires.txt
[2.998s] writing top-level names to image_prosessing.egg-info/top_level.txt
[3.041s] reading manifest file 'image_prosessing.egg-info/SOURCES.txt'
[3.043s] writing manifest file 'image_prosessing.egg-info/SOURCES.txt'
[3.058s] running build_ext
[3.058s] Creating /home/ovsj/Code/AutonomousBlueye/install/image_prosessing/lib/python3.10/site-packages/image-prosessing.egg-link (link to .)
[3.062s] Installing Adaptive_threshold script to /home/ovsj/Code/AutonomousBlueye/install/image_prosessing/lib/image_prosessing
[3.062s] Installing Canny_inside_yolo script to /home/ovsj/Code/AutonomousBlueye/install/image_prosessing/lib/image_prosessing
[3.062s] Installing Image_test script to /home/ovsj/Code/AutonomousBlueye/install/image_prosessing/lib/image_prosessing
[3.062s] Installing Median_inside_yolo script to /home/ovsj/Code/AutonomousBlueye/install/image_prosessing/lib/image_prosessing
[3.063s] Installing Thresh_inside_yolo script to /home/ovsj/Code/AutonomousBlueye/install/image_prosessing/lib/image_prosessing
[3.063s] Installing blueye_image_yolo script to /home/ovsj/Code/AutonomousBlueye/install/image_prosessing/lib/image_prosessing
[3.063s] Installing canny_with_box script to /home/ovsj/Code/AutonomousBlueye/install/image_prosessing/lib/image_prosessing
[3.064s] Installing canny_with_box_original script to /home/ovsj/Code/AutonomousBlueye/install/image_prosessing/lib/image_prosessing
[3.065s] Installing threshold_median_mean script to /home/ovsj/Code/AutonomousBlueye/install/image_prosessing/lib/image_prosessing
[3.066s] Installing threshold_with_box script to /home/ovsj/Code/AutonomousBlueye/install/image_prosessing/lib/image_prosessing
[3.066s] Installing yolo_chain_value script to /home/ovsj/Code/AutonomousBlueye/install/image_prosessing/lib/image_prosessing
[3.068s] 
[3.068s] Installed /home/ovsj/Code/AutonomousBlueye/build/image_prosessing
[3.068s] running symlink_data
[3.130s] Invoked command in '/home/ovsj/Code/AutonomousBlueye/build/image_prosessing' returned '0': PYTHONPATH=/home/ovsj/Code/AutonomousBlueye/build/image_prosessing/prefix_override:/usr/lib/python3/dist-packages/colcon_core/task/python/colcon_distutils_commands:/home/ovsj/Code/AutonomousBlueye/install/image_prosessing/lib/python3.10/site-packages:${PYTHONPATH} VIRTUAL_ENV_PROMPT=(.venv) /usr/bin/python3 -W ignore:setup.py install is deprecated -W ignore:easy_install command is deprecated setup.py develop --editable --build-directory /home/ovsj/Code/AutonomousBlueye/build/image_prosessing/build --no-deps symlink_data
