[2.327s] Invoking command in '/home/ovsj/Code/AutonomousBlueye/src/real_blueye_launch': PYTHONPATH=/home/ovsj/Code/AutonomousBlueye/build/real_blueye_launch/prefix_override:/usr/lib/python3/dist-packages/colcon_core/task/python/colcon_distutils_commands:/home/ovsj/Code/AutonomousBlueye/install/real_blueye_launch/lib/python3.10/site-packages:${PYTHONPATH} VIRTUAL_ENV_PROMPT=(.venv) /usr/bin/python3 -W ignore:setup.py install is deprecated -W ignore:easy_install command is deprecated setup.py egg_info --egg-base ../../build/real_blueye_launch build --build-base /home/ovsj/Code/AutonomousBlueye/build/real_blueye_launch/build install --record /home/ovsj/Code/AutonomousBlueye/build/real_blueye_launch/install.log --single-version-externally-managed install_data
[2.922s] running egg_info
[2.944s] writing ../../build/real_blueye_launch/real_blueye_launch.egg-info/PKG-INFO
[2.945s] writing dependency_links to ../../build/real_blueye_launch/real_blueye_launch.egg-info/dependency_links.txt
[2.949s] writing requirements to ../../build/real_blueye_launch/real_blueye_launch.egg-info/requires.txt
[2.952s] writing top-level names to ../../build/real_blueye_launch/real_blueye_launch.egg-info/top_level.txt
[3.050s] reading manifest file '../../build/real_blueye_launch/real_blueye_launch.egg-info/SOURCES.txt'
[3.052s] writing manifest file '../../build/real_blueye_launch/real_blueye_launch.egg-info/SOURCES.txt'
[3.053s] running build
[3.053s] running build_py
[3.055s] copying real_blueye_launch/__init__.py -> /home/ovsj/Code/AutonomousBlueye/build/real_blueye_launch/build/lib/real_blueye_launch
[3.055s] running install
[3.058s] running install_lib
[3.104s] running install_data
[3.106s] copying resource/real_blueye_launch -> /home/ovsj/Code/AutonomousBlueye/install/real_blueye_launch/share/ament_index/resource_index/packages
[3.106s] copying package.xml -> /home/ovsj/Code/AutonomousBlueye/install/real_blueye_launch/share/real_blueye_launch
[3.107s] copying launch/real_blueye.launch.py -> /home/ovsj/Code/AutonomousBlueye/install/real_blueye_launch/share/real_blueye_launch/launch
[3.107s] running install_egg_info
[3.127s] removing '/home/ovsj/Code/AutonomousBlueye/install/real_blueye_launch/lib/python3.10/site-packages/real_blueye_launch-0.0.0-py3.10.egg-info' (and everything under it)
[3.127s] Copying ../../build/real_blueye_launch/real_blueye_launch.egg-info to /home/ovsj/Code/AutonomousBlueye/install/real_blueye_launch/lib/python3.10/site-packages/real_blueye_launch-0.0.0-py3.10.egg-info
[3.130s] running install_scripts
[3.403s] writing list of installed files to '/home/ovsj/Code/AutonomousBlueye/build/real_blueye_launch/install.log'
[3.442s] Invoked command in '/home/ovsj/Code/AutonomousBlueye/src/real_blueye_launch' returned '0': PYTHONPATH=/home/ovsj/Code/AutonomousBlueye/build/real_blueye_launch/prefix_override:/usr/lib/python3/dist-packages/colcon_core/task/python/colcon_distutils_commands:/home/ovsj/Code/AutonomousBlueye/install/real_blueye_launch/lib/python3.10/site-packages:${PYTHONPATH} VIRTUAL_ENV_PROMPT=(.venv) /usr/bin/python3 -W ignore:setup.py install is deprecated -W ignore:easy_install command is deprecated setup.py egg_info --egg-base ../../build/real_blueye_launch build --build-base /home/ovsj/Code/AutonomousBlueye/build/real_blueye_launch/build install --record /home/ovsj/Code/AutonomousBlueye/build/real_blueye_launch/install.log --single-version-externally-managed install_data
