/home/ovsj/Code/AutonomousBlueye/install/image_prosessing/lib/python3.10/site-packages/image_prosessing/__init__.py
/home/ovsj/Code/AutonomousBlueye/install/image_prosessing/lib/python3.10/site-packages/image_prosessing/blueye_image_simple.py
/home/ovsj/Code/AutonomousBlueye/install/image_prosessing/lib/python3.10/site-packages/image_prosessing/Image_test.py
/home/ovsj/Code/AutonomousBlueye/install/image_prosessing/lib/python3.10/site-packages/image_prosessing/yolo_chain_value.py
/home/ovsj/Code/AutonomousBlueye/install/image_prosessing/lib/python3.10/site-packages/image_prosessing/canny_with_box_original.py
/home/ovsj/Code/AutonomousBlueye/install/image_prosessing/lib/python3.10/site-packages/image_prosessing/threshold_with_box.py
/home/ovsj/Code/AutonomousBlueye/install/image_prosessing/lib/python3.10/site-packages/image_prosessing/Median_inside_yolo.py
/home/ovsj/Code/AutonomousBlueye/install/image_prosessing/lib/python3.10/site-packages/image_prosessing/blueye_image_yolo.py
/home/ovsj/Code/AutonomousBlueye/install/image_prosessing/lib/python3.10/site-packages/image_prosessing/Thresh_inside_yolo.py
/home/ovsj/Code/AutonomousBlueye/install/image_prosessing/lib/python3.10/site-packages/image_prosessing/threshold_median_mean.py
/home/ovsj/Code/AutonomousBlueye/install/image_prosessing/lib/python3.10/site-packages/image_prosessing/Canny_inside_yolo.py
/home/ovsj/Code/AutonomousBlueye/install/image_prosessing/lib/python3.10/site-packages/image_prosessing/Adaptive_thresholding.py
/home/ovsj/Code/AutonomousBlueye/install/image_prosessing/lib/python3.10/site-packages/image_prosessing/canny_with_box.py
/home/ovsj/Code/AutonomousBlueye/install/image_prosessing/lib/python3.10/site-packages/image_prosessing/__pycache__/__init__.cpython-310.pyc
/home/ovsj/Code/AutonomousBlueye/install/image_prosessing/lib/python3.10/site-packages/image_prosessing/__pycache__/blueye_image_simple.cpython-310.pyc
/home/ovsj/Code/AutonomousBlueye/install/image_prosessing/lib/python3.10/site-packages/image_prosessing/__pycache__/Image_test.cpython-310.pyc
/home/ovsj/Code/AutonomousBlueye/install/image_prosessing/lib/python3.10/site-packages/image_prosessing/__pycache__/yolo_chain_value.cpython-310.pyc
/home/ovsj/Code/AutonomousBlueye/install/image_prosessing/lib/python3.10/site-packages/image_prosessing/__pycache__/canny_with_box_original.cpython-310.pyc
/home/ovsj/Code/AutonomousBlueye/install/image_prosessing/lib/python3.10/site-packages/image_prosessing/__pycache__/threshold_with_box.cpython-310.pyc
/home/ovsj/Code/AutonomousBlueye/install/image_prosessing/lib/python3.10/site-packages/image_prosessing/__pycache__/Median_inside_yolo.cpython-310.pyc
/home/ovsj/Code/AutonomousBlueye/install/image_prosessing/lib/python3.10/site-packages/image_prosessing/__pycache__/blueye_image_yolo.cpython-310.pyc
/home/ovsj/Code/AutonomousBlueye/install/image_prosessing/lib/python3.10/site-packages/image_prosessing/__pycache__/Thresh_inside_yolo.cpython-310.pyc
/home/ovsj/Code/AutonomousBlueye/install/image_prosessing/lib/python3.10/site-packages/image_prosessing/__pycache__/threshold_median_mean.cpython-310.pyc
/home/ovsj/Code/AutonomousBlueye/install/image_prosessing/lib/python3.10/site-packages/image_prosessing/__pycache__/Canny_inside_yolo.cpython-310.pyc
/home/ovsj/Code/AutonomousBlueye/install/image_prosessing/lib/python3.10/site-packages/image_prosessing/__pycache__/Adaptive_thresholding.cpython-310.pyc
/home/ovsj/Code/AutonomousBlueye/install/image_prosessing/lib/python3.10/site-packages/image_prosessing/__pycache__/canny_with_box.cpython-310.pyc
/home/ovsj/Code/AutonomousBlueye/install/image_prosessing/share/ament_index/resource_index/packages/image_prosessing
/home/ovsj/Code/AutonomousBlueye/install/image_prosessing/share/image_prosessing/package.xml
/home/ovsj/Code/AutonomousBlueye/install/image_prosessing/lib/python3.10/site-packages/image_prosessing-0.0.0-py3.10.egg-info/SOURCES.txt
/home/ovsj/Code/AutonomousBlueye/install/image_prosessing/lib/python3.10/site-packages/image_prosessing-0.0.0-py3.10.egg-info/entry_points.txt
/home/ovsj/Code/AutonomousBlueye/install/image_prosessing/lib/python3.10/site-packages/image_prosessing-0.0.0-py3.10.egg-info/zip-safe
/home/ovsj/Code/AutonomousBlueye/install/image_prosessing/lib/python3.10/site-packages/image_prosessing-0.0.0-py3.10.egg-info/top_level.txt
/home/ovsj/Code/AutonomousBlueye/install/image_prosessing/lib/python3.10/site-packages/image_prosessing-0.0.0-py3.10.egg-info/dependency_links.txt
/home/ovsj/Code/AutonomousBlueye/install/image_prosessing/lib/python3.10/site-packages/image_prosessing-0.0.0-py3.10.egg-info/PKG-INFO
/home/ovsj/Code/AutonomousBlueye/install/image_prosessing/lib/python3.10/site-packages/image_prosessing-0.0.0-py3.10.egg-info/requires.txt
/home/ovsj/Code/AutonomousBlueye/install/image_prosessing/lib/image_prosessing/Adaptive_threshold
/home/ovsj/Code/AutonomousBlueye/install/image_prosessing/lib/image_prosessing/Canny_inside_yolo
/home/ovsj/Code/AutonomousBlueye/install/image_prosessing/lib/image_prosessing/Image_test
/home/ovsj/Code/AutonomousBlueye/install/image_prosessing/lib/image_prosessing/Median_inside_yolo
/home/ovsj/Code/AutonomousBlueye/install/image_prosessing/lib/image_prosessing/Thresh_inside_yolo
/home/ovsj/Code/AutonomousBlueye/install/image_prosessing/lib/image_prosessing/blueye_image_yolo
/home/ovsj/Code/AutonomousBlueye/install/image_prosessing/lib/image_prosessing/canny_with_box
/home/ovsj/Code/AutonomousBlueye/install/image_prosessing/lib/image_prosessing/canny_with_box_original
/home/ovsj/Code/AutonomousBlueye/install/image_prosessing/lib/image_prosessing/threshold_median_mean
/home/ovsj/Code/AutonomousBlueye/install/image_prosessing/lib/image_prosessing/threshold_with_box
/home/ovsj/Code/AutonomousBlueye/install/image_prosessing/lib/image_prosessing/yolo_chain_value
