[0.058s] Invoking command in '/home/ovsj/Code/AutonomousBlueye/build/robot_interfaces': CMAKE_PREFIX_PATH=${CMAKE_PREFIX_PATH}:/home/ovsj/Code/AutonomousBlueye/install/yolov5_ros:/home/ovsj/Code/AutonomousBlueye/install/drone_sensors:/home/ovsj/Code/AutonomousBlueye/install/real_blueye_launch:/home/ovsj/Code/AutonomousBlueye/install/image_prosessing:/home/ovsj/Code/AutonomousBlueye/install/experimental:/home/ovsj/Code/AutonomousBlueye/install/control:/opt/ros/humble VIRTUAL_ENV_PROMPT=(.venv) /usr/bin/cmake --build /home/ovsj/Code/AutonomousBlueye/build/robot_interfaces -- -j6 -l6
[1.892s] [  0%] [34m[1mGenerating C code for ROS interfaces[0m
[1.892s] [  0%] [34m[1mGenerating C++ code for ROS interfaces[0m
[1.892s] [  0%] Built target ament_cmake_python_symlink_robot_interfaces
[1.892s] running egg_info
[1.892s] creating robot_interfaces.egg-info
[1.892s] writing robot_interfaces.egg-info/PKG-INFO
[1.892s] writing dependency_links to robot_interfaces.egg-info/dependency_links.txt
[1.892s] writing top-level names to robot_interfaces.egg-info/top_level.txt
[1.892s] writing manifest file 'robot_interfaces.egg-info/SOURCES.txt'
[1.892s] reading manifest file 'robot_interfaces.egg-info/SOURCES.txt'
[1.892s] writing manifest file 'robot_interfaces.egg-info/SOURCES.txt'
[1.892s] [  0%] Built target ament_cmake_python_build_robot_interfaces_egg
[5.768s] [  1%] [32mBuilding C object CMakeFiles/robot_interfaces__rosidl_generator_c.dir/rosidl_generator_c/robot_interfaces/msg/detail/dvl__functions.c.o[0m
[5.826s] [  2%] [32mBuilding C object CMakeFiles/robot_interfaces__rosidl_generator_c.dir/rosidl_generator_c/robot_interfaces/msg/detail/chain_pos__functions.c.o[0m
[5.829s] [  2%] [32mBuilding C object CMakeFiles/robot_interfaces__rosidl_generator_c.dir/rosidl_generator_c/robot_interfaces/msg/detail/desired_velocity__functions.c.o[0m
[5.964s] [  3%] [32mBuilding C object CMakeFiles/robot_interfaces__rosidl_generator_c.dir/rosidl_generator_c/robot_interfaces/msg/detail/yolo_chain_pose__functions.c.o[0m
[5.975s] [  4%] [32mBuilding C object CMakeFiles/robot_interfaces__rosidl_generator_c.dir/rosidl_generator_c/robot_interfaces/msg/detail/yolo_box__functions.c.o[0m
[5.997s] [  4%] Built target robot_interfaces__cpp
[6.044s] [  4%] [32mBuilding C object CMakeFiles/robot_interfaces__rosidl_generator_c.dir/rosidl_generator_c/robot_interfaces/msg/detail/yolo_canny_chain_pose__functions.c.o[0m
[6.121s] [  6%] [34m[1mGenerating C++ type support dispatch for ROS interfaces[0m
[6.124s] [  6%] [34m[1mGenerating C++ type support for eProsima Fast-RTPS[0m
[6.132s] [  7%] [32mBuilding C object CMakeFiles/robot_interfaces__rosidl_generator_c.dir/rosidl_generator_c/robot_interfaces/msg/detail/yolo_thresh_chain_pose__functions.c.o[0m
[6.249s] [  7%] [32mBuilding C object CMakeFiles/robot_interfaces__rosidl_generator_c.dir/rosidl_generator_c/robot_interfaces/msg/detail/yolo_median_chain_pose__functions.c.o[0m
[6.306s] [  8%] [32mBuilding C object CMakeFiles/robot_interfaces__rosidl_generator_c.dir/rosidl_generator_c/robot_interfaces/msg/detail/thresh_chain_pos__functions.c.o[0m
[6.317s] [  8%] [34m[1mGenerating C++ introspection for ROS interfaces[0m
[6.388s] [  9%] [32mBuilding C object CMakeFiles/robot_interfaces__rosidl_generator_c.dir/rosidl_generator_c/robot_interfaces/msg/detail/median_chain_pos__functions.c.o[0m
[6.545s] [  9%] [32mBuilding C object CMakeFiles/robot_interfaces__rosidl_generator_c.dir/rosidl_generator_c/robot_interfaces/msg/detail/canny_chain_pos__functions.c.o[0m
[6.606s] [ 10%] [32mBuilding C object CMakeFiles/robot_interfaces__rosidl_generator_c.dir/rosidl_generator_c/robot_interfaces/msg/detail/desired_forces__functions.c.o[0m
[6.713s] [ 11%] [32mBuilding C object CMakeFiles/robot_interfaces__rosidl_generator_c.dir/rosidl_generator_c/robot_interfaces/srv/detail/add_waypoint__functions.c.o[0m
[6.816s] [ 11%] [32mBuilding C object CMakeFiles/robot_interfaces__rosidl_generator_c.dir/rosidl_generator_c/robot_interfaces/srv/detail/clear_waypoints__functions.c.o[0m
[6.975s] [ 12%] [32mBuilding C object CMakeFiles/robot_interfaces__rosidl_generator_c.dir/rosidl_generator_c/robot_interfaces/srv/detail/print_waypoints__functions.c.o[0m
[7.011s] [ 12%] [32mBuilding C object CMakeFiles/robot_interfaces__rosidl_generator_c.dir/rosidl_generator_c/robot_interfaces/srv/detail/remove_waypoint__functions.c.o[0m
[7.076s] [ 13%] [32mBuilding C object CMakeFiles/robot_interfaces__rosidl_generator_c.dir/rosidl_generator_c/robot_interfaces/srv/detail/set_state__functions.c.o[0m
[7.337s] [ 14%] [32m[1mLinking C shared library librobot_interfaces__rosidl_generator_c.so[0m
[7.637s] [ 14%] Built target robot_interfaces__rosidl_generator_c
[7.725s] [ 16%] [34m[1mGenerating C type support for eProsima Fast-RTPS[0m
[7.737s] [ 16%] [34m[1mGenerating C introspection for ROS interfaces[0m
[7.765s] [ 17%] [34m[1mGenerating C type support dispatch for ROS interfaces[0m
[9.775s] [ 17%] [32mBuilding CXX object CMakeFiles/robot_interfaces__rosidl_typesupport_cpp.dir/rosidl_typesupport_cpp/robot_interfaces/msg/dvl__type_support.cpp.o[0m
[10.978s] [ 18%] [32mBuilding CXX object CMakeFiles/robot_interfaces__rosidl_typesupport_cpp.dir/rosidl_typesupport_cpp/robot_interfaces/msg/desired_velocity__type_support.cpp.o[0m
[11.116s] [ 18%] [32mBuilding CXX object CMakeFiles/robot_interfaces__rosidl_typesupport_c.dir/rosidl_typesupport_c/robot_interfaces/msg/dvl__type_support.cpp.o[0m
[11.184s] [ 19%] [32mBuilding CXX object CMakeFiles/robot_interfaces__rosidl_typesupport_introspection_cpp.dir/rosidl_typesupport_introspection_cpp/robot_interfaces/msg/detail/dvl__type_support.cpp.o[0m
[11.252s] [ 20%] [32mBuilding CXX object CMakeFiles/robot_interfaces__rosidl_typesupport_c.dir/rosidl_typesupport_c/robot_interfaces/msg/desired_velocity__type_support.cpp.o[0m
[11.389s] [ 21%] [32mBuilding CXX object CMakeFiles/robot_interfaces__rosidl_typesupport_c.dir/rosidl_typesupport_c/robot_interfaces/msg/chain_pos__type_support.cpp.o[0m
[11.406s] [ 22%] [32mBuilding CXX object CMakeFiles/robot_interfaces__rosidl_typesupport_fastrtps_cpp.dir/rosidl_typesupport_fastrtps_cpp/robot_interfaces/msg/detail/dds_fastrtps/dvl__type_support.cpp.o[0m
[11.584s] [ 22%] [32mBuilding CXX object CMakeFiles/robot_interfaces__rosidl_typesupport_c.dir/rosidl_typesupport_c/robot_interfaces/msg/yolo_chain_pose__type_support.cpp.o[0m
[11.741s] [ 23%] [32mBuilding CXX object CMakeFiles/robot_interfaces__rosidl_typesupport_cpp.dir/rosidl_typesupport_cpp/robot_interfaces/msg/chain_pos__type_support.cpp.o[0m
[11.764s] [ 24%] [32mBuilding CXX object CMakeFiles/robot_interfaces__rosidl_typesupport_c.dir/rosidl_typesupport_c/robot_interfaces/msg/yolo_box__type_support.cpp.o[0m
[11.866s] [ 24%] [32mBuilding CXX object CMakeFiles/robot_interfaces__rosidl_typesupport_c.dir/rosidl_typesupport_c/robot_interfaces/msg/yolo_canny_chain_pose__type_support.cpp.o[0m
[11.990s] [ 25%] [32mBuilding CXX object CMakeFiles/robot_interfaces__rosidl_typesupport_c.dir/rosidl_typesupport_c/robot_interfaces/msg/yolo_thresh_chain_pose__type_support.cpp.o[0m
[12.072s] [ 26%] [32mBuilding CXX object CMakeFiles/robot_interfaces__rosidl_typesupport_c.dir/rosidl_typesupport_c/robot_interfaces/msg/yolo_median_chain_pose__type_support.cpp.o[0m
[12.178s] [ 26%] [32mBuilding CXX object CMakeFiles/robot_interfaces__rosidl_typesupport_c.dir/rosidl_typesupport_c/robot_interfaces/msg/thresh_chain_pos__type_support.cpp.o[0m
[12.254s] [ 27%] [32mBuilding CXX object CMakeFiles/robot_interfaces__rosidl_typesupport_c.dir/rosidl_typesupport_c/robot_interfaces/msg/median_chain_pos__type_support.cpp.o[0m
[12.301s] [ 28%] [32mBuilding CXX object CMakeFiles/robot_interfaces__rosidl_typesupport_c.dir/rosidl_typesupport_c/robot_interfaces/msg/canny_chain_pos__type_support.cpp.o[0m
[12.371s] [ 28%] [32mBuilding CXX object CMakeFiles/robot_interfaces__rosidl_typesupport_c.dir/rosidl_typesupport_c/robot_interfaces/msg/desired_forces__type_support.cpp.o[0m
[12.446s] [ 29%] [32mBuilding CXX object CMakeFiles/robot_interfaces__rosidl_typesupport_c.dir/rosidl_typesupport_c/robot_interfaces/srv/add_waypoint__type_support.cpp.o[0m
[12.524s] [ 29%] [32mBuilding CXX object CMakeFiles/robot_interfaces__rosidl_typesupport_cpp.dir/rosidl_typesupport_cpp/robot_interfaces/msg/yolo_chain_pose__type_support.cpp.o[0m
[12.531s] [ 29%] [32mBuilding CXX object CMakeFiles/robot_interfaces__rosidl_typesupport_fastrtps_cpp.dir/rosidl_typesupport_fastrtps_cpp/robot_interfaces/msg/detail/dds_fastrtps/desired_velocity__type_support.cpp.o[0m
[12.579s] [ 29%] [32mBuilding CXX object CMakeFiles/robot_interfaces__rosidl_typesupport_introspection_cpp.dir/rosidl_typesupport_introspection_cpp/robot_interfaces/msg/detail/desired_velocity__type_support.cpp.o[0m
[12.632s] [ 29%] [32mBuilding CXX object CMakeFiles/robot_interfaces__rosidl_typesupport_c.dir/rosidl_typesupport_c/robot_interfaces/srv/clear_waypoints__type_support.cpp.o[0m
[12.651s] [ 29%] [32mBuilding CXX object CMakeFiles/robot_interfaces__rosidl_typesupport_fastrtps_c.dir/rosidl_typesupport_fastrtps_c/robot_interfaces/msg/detail/dvl__type_support_c.cpp.o[0m
[12.803s] [ 30%] [32mBuilding CXX object CMakeFiles/robot_interfaces__rosidl_typesupport_c.dir/rosidl_typesupport_c/robot_interfaces/srv/print_waypoints__type_support.cpp.o[0m
[12.970s] [ 31%] [32mBuilding CXX object CMakeFiles/robot_interfaces__rosidl_typesupport_c.dir/rosidl_typesupport_c/robot_interfaces/srv/remove_waypoint__type_support.cpp.o[0m
[13.111s] [ 31%] [32mBuilding CXX object CMakeFiles/robot_interfaces__rosidl_typesupport_c.dir/rosidl_typesupport_c/robot_interfaces/srv/set_state__type_support.cpp.o[0m
[13.267s] [ 32%] [32m[1mLinking CXX shared library librobot_interfaces__rosidl_typesupport_c.so[0m
[13.295s] [ 33%] [32mBuilding CXX object CMakeFiles/robot_interfaces__rosidl_typesupport_cpp.dir/rosidl_typesupport_cpp/robot_interfaces/msg/yolo_box__type_support.cpp.o[0m
[13.367s] [ 33%] Built target robot_interfaces__rosidl_typesupport_c
[13.422s] [ 34%] [32mBuilding CXX object CMakeFiles/robot_interfaces__rosidl_typesupport_introspection_cpp.dir/rosidl_typesupport_introspection_cpp/robot_interfaces/msg/detail/chain_pos__type_support.cpp.o[0m
[13.599s] [ 35%] [32mBuilding C object CMakeFiles/robot_interfaces__rosidl_typesupport_introspection_c.dir/rosidl_typesupport_introspection_c/robot_interfaces/msg/detail/dvl__type_support.c.o[0m
[13.671s] [ 36%] [32mBuilding CXX object CMakeFiles/robot_interfaces__rosidl_typesupport_introspection_cpp.dir/rosidl_typesupport_introspection_cpp/robot_interfaces/msg/detail/yolo_chain_pose__type_support.cpp.o[0m
[13.727s] [ 36%] [32mBuilding C object CMakeFiles/robot_interfaces__rosidl_typesupport_introspection_c.dir/rosidl_typesupport_introspection_c/robot_interfaces/msg/detail/desired_velocity__type_support.c.o[0m
[13.752s] [ 37%] [32mBuilding CXX object CMakeFiles/robot_interfaces__rosidl_typesupport_fastrtps_c.dir/rosidl_typesupport_fastrtps_c/robot_interfaces/msg/detail/desired_velocity__type_support_c.cpp.o[0m
[13.809s] [ 38%] [32mBuilding CXX object CMakeFiles/robot_interfaces__rosidl_typesupport_fastrtps_cpp.dir/rosidl_typesupport_fastrtps_cpp/robot_interfaces/msg/detail/dds_fastrtps/chain_pos__type_support.cpp.o[0m
[13.841s] [ 39%] [32mBuilding C object CMakeFiles/robot_interfaces__rosidl_typesupport_introspection_c.dir/rosidl_typesupport_introspection_c/robot_interfaces/msg/detail/chain_pos__type_support.c.o[0m
[14.066s] [ 39%] [32mBuilding C object CMakeFiles/robot_interfaces__rosidl_typesupport_introspection_c.dir/rosidl_typesupport_introspection_c/robot_interfaces/msg/detail/yolo_chain_pose__type_support.c.o[0m
[14.135s] [ 40%] [32mBuilding CXX object CMakeFiles/robot_interfaces__rosidl_typesupport_cpp.dir/rosidl_typesupport_cpp/robot_interfaces/msg/yolo_canny_chain_pose__type_support.cpp.o[0m
[14.288s] [ 41%] [32mBuilding C object CMakeFiles/robot_interfaces__rosidl_typesupport_introspection_c.dir/rosidl_typesupport_introspection_c/robot_interfaces/msg/detail/yolo_box__type_support.c.o[0m
[14.538s] [ 42%] [32mBuilding C object CMakeFiles/robot_interfaces__rosidl_typesupport_introspection_c.dir/rosidl_typesupport_introspection_c/robot_interfaces/msg/detail/yolo_canny_chain_pose__type_support.c.o[0m
[14.697s] [ 43%] [32mBuilding CXX object CMakeFiles/robot_interfaces__rosidl_typesupport_fastrtps_cpp.dir/rosidl_typesupport_fastrtps_cpp/robot_interfaces/msg/detail/dds_fastrtps/yolo_chain_pose__type_support.cpp.o[0m
[14.771s] [ 43%] [32mBuilding C object CMakeFiles/robot_interfaces__rosidl_typesupport_introspection_c.dir/rosidl_typesupport_introspection_c/robot_interfaces/msg/detail/yolo_thresh_chain_pose__type_support.c.o[0m
[14.774s] [ 43%] [32mBuilding CXX object CMakeFiles/robot_interfaces__rosidl_typesupport_introspection_cpp.dir/rosidl_typesupport_introspection_cpp/robot_interfaces/msg/detail/yolo_box__type_support.cpp.o[0m
[14.894s] [ 44%] [32mBuilding CXX object CMakeFiles/robot_interfaces__rosidl_typesupport_introspection_cpp.dir/rosidl_typesupport_introspection_cpp/robot_interfaces/msg/detail/yolo_canny_chain_pose__type_support.cpp.o[0m
[14.954s] [ 45%] [32mBuilding C object CMakeFiles/robot_interfaces__rosidl_typesupport_introspection_c.dir/rosidl_typesupport_introspection_c/robot_interfaces/msg/detail/yolo_median_chain_pose__type_support.c.o[0m
[14.970s] [ 46%] [32mBuilding CXX object CMakeFiles/robot_interfaces__rosidl_typesupport_fastrtps_c.dir/rosidl_typesupport_fastrtps_c/robot_interfaces/msg/detail/chain_pos__type_support_c.cpp.o[0m
[15.138s] [ 47%] [32mBuilding C object CMakeFiles/robot_interfaces__rosidl_typesupport_introspection_c.dir/rosidl_typesupport_introspection_c/robot_interfaces/msg/detail/thresh_chain_pos__type_support.c.o[0m
[15.307s] [ 47%] [32mBuilding CXX object CMakeFiles/robot_interfaces__rosidl_typesupport_cpp.dir/rosidl_typesupport_cpp/robot_interfaces/msg/yolo_thresh_chain_pose__type_support.cpp.o[0m
[15.348s] [ 47%] [32mBuilding C object CMakeFiles/robot_interfaces__rosidl_typesupport_introspection_c.dir/rosidl_typesupport_introspection_c/robot_interfaces/msg/detail/median_chain_pos__type_support.c.o[0m
[15.549s] [ 48%] [32mBuilding C object CMakeFiles/robot_interfaces__rosidl_typesupport_introspection_c.dir/rosidl_typesupport_introspection_c/robot_interfaces/msg/detail/canny_chain_pos__type_support.c.o[0m
[15.654s] [ 49%] [32mBuilding CXX object CMakeFiles/robot_interfaces__rosidl_typesupport_introspection_cpp.dir/rosidl_typesupport_introspection_cpp/robot_interfaces/msg/detail/yolo_thresh_chain_pose__type_support.cpp.o[0m
[15.712s] [ 50%] [32mBuilding C object CMakeFiles/robot_interfaces__rosidl_typesupport_introspection_c.dir/rosidl_typesupport_introspection_c/robot_interfaces/msg/detail/desired_forces__type_support.c.o[0m
[15.956s] [ 50%] [32mBuilding C object CMakeFiles/robot_interfaces__rosidl_typesupport_introspection_c.dir/rosidl_typesupport_introspection_c/robot_interfaces/srv/detail/add_waypoint__type_support.c.o[0m
[16.115s] [ 51%] [32mBuilding C object CMakeFiles/robot_interfaces__rosidl_typesupport_introspection_c.dir/rosidl_typesupport_introspection_c/robot_interfaces/srv/detail/clear_waypoints__type_support.c.o[0m
[16.231s] [ 51%] [32mBuilding CXX object CMakeFiles/robot_interfaces__rosidl_typesupport_fastrtps_c.dir/rosidl_typesupport_fastrtps_c/robot_interfaces/msg/detail/yolo_chain_pose__type_support_c.cpp.o[0m
[16.232s] [ 52%] [32mBuilding CXX object CMakeFiles/robot_interfaces__rosidl_typesupport_cpp.dir/rosidl_typesupport_cpp/robot_interfaces/msg/yolo_median_chain_pose__type_support.cpp.o[0m
[16.305s] [ 53%] [32mBuilding CXX object CMakeFiles/robot_interfaces__rosidl_typesupport_fastrtps_c.dir/rosidl_typesupport_fastrtps_c/robot_interfaces/msg/detail/yolo_box__type_support_c.cpp.o[0m
[16.337s] [ 53%] [32mBuilding C object CMakeFiles/robot_interfaces__rosidl_typesupport_introspection_c.dir/rosidl_typesupport_introspection_c/robot_interfaces/srv/detail/print_waypoints__type_support.c.o[0m
[16.458s] [ 53%] [32mBuilding CXX object CMakeFiles/robot_interfaces__rosidl_typesupport_fastrtps_cpp.dir/rosidl_typesupport_fastrtps_cpp/robot_interfaces/msg/detail/dds_fastrtps/yolo_box__type_support.cpp.o[0m
[16.489s] [ 53%] [32mBuilding CXX object CMakeFiles/robot_interfaces__rosidl_typesupport_introspection_cpp.dir/rosidl_typesupport_introspection_cpp/robot_interfaces/msg/detail/yolo_median_chain_pose__type_support.cpp.o[0m
[16.529s] [ 54%] [32mBuilding C object CMakeFiles/robot_interfaces__rosidl_typesupport_introspection_c.dir/rosidl_typesupport_introspection_c/robot_interfaces/srv/detail/remove_waypoint__type_support.c.o[0m
[16.634s] [ 55%] [32mBuilding C object CMakeFiles/robot_interfaces__rosidl_typesupport_introspection_c.dir/rosidl_typesupport_introspection_c/robot_interfaces/srv/detail/set_state__type_support.c.o[0m
[16.713s] [ 55%] [32m[1mLinking C shared library librobot_interfaces__rosidl_typesupport_introspection_c.so[0m
[16.870s] [ 55%] Built target robot_interfaces__rosidl_typesupport_introspection_c
[17.286s] [ 56%] [32mBuilding CXX object CMakeFiles/robot_interfaces__rosidl_typesupport_introspection_cpp.dir/rosidl_typesupport_introspection_cpp/robot_interfaces/msg/detail/thresh_chain_pos__type_support.cpp.o[0m
[17.332s] [ 57%] [32mBuilding CXX object CMakeFiles/robot_interfaces__rosidl_typesupport_cpp.dir/rosidl_typesupport_cpp/robot_interfaces/msg/thresh_chain_pos__type_support.cpp.o[0m
[17.394s] [ 58%] [32mBuilding CXX object CMakeFiles/robot_interfaces__rosidl_typesupport_fastrtps_c.dir/rosidl_typesupport_fastrtps_c/robot_interfaces/msg/detail/yolo_canny_chain_pose__type_support_c.cpp.o[0m
[18.069s] [ 59%] [32mBuilding CXX object CMakeFiles/robot_interfaces__rosidl_typesupport_fastrtps_cpp.dir/rosidl_typesupport_fastrtps_cpp/robot_interfaces/msg/detail/dds_fastrtps/yolo_canny_chain_pose__type_support.cpp.o[0m
[18.137s] [ 59%] [32mBuilding CXX object CMakeFiles/robot_interfaces__rosidl_typesupport_introspection_cpp.dir/rosidl_typesupport_introspection_cpp/robot_interfaces/msg/detail/median_chain_pos__type_support.cpp.o[0m
[18.166s] [ 59%] [32mBuilding CXX object CMakeFiles/robot_interfaces__rosidl_typesupport_cpp.dir/rosidl_typesupport_cpp/robot_interfaces/msg/median_chain_pos__type_support.cpp.o[0m
[18.200s] [ 59%] [32mBuilding CXX object CMakeFiles/robot_interfaces__rosidl_typesupport_fastrtps_c.dir/rosidl_typesupport_fastrtps_c/robot_interfaces/msg/detail/yolo_thresh_chain_pose__type_support_c.cpp.o[0m
[18.971s] [ 60%] [32mBuilding CXX object CMakeFiles/robot_interfaces__rosidl_typesupport_cpp.dir/rosidl_typesupport_cpp/robot_interfaces/msg/canny_chain_pos__type_support.cpp.o[0m
[19.026s] [ 61%] [32mBuilding CXX object CMakeFiles/robot_interfaces__rosidl_typesupport_fastrtps_c.dir/rosidl_typesupport_fastrtps_c/robot_interfaces/msg/detail/yolo_median_chain_pose__type_support_c.cpp.o[0m
[19.257s] [ 62%] [32mBuilding CXX object CMakeFiles/robot_interfaces__rosidl_typesupport_introspection_cpp.dir/rosidl_typesupport_introspection_cpp/robot_interfaces/msg/detail/canny_chain_pos__type_support.cpp.o[0m
[19.344s] [ 63%] [32mBuilding CXX object CMakeFiles/robot_interfaces__rosidl_typesupport_fastrtps_cpp.dir/rosidl_typesupport_fastrtps_cpp/robot_interfaces/msg/detail/dds_fastrtps/yolo_median_chain_pose__type_support.cpp.o[0m
[19.607s] [ 63%] [32mBuilding CXX object CMakeFiles/robot_interfaces__rosidl_typesupport_cpp.dir/rosidl_typesupport_cpp/robot_interfaces/msg/desired_forces__type_support.cpp.o[0m
[19.872s] [ 63%] [32mBuilding CXX object CMakeFiles/robot_interfaces__rosidl_typesupport_fastrtps_c.dir/rosidl_typesupport_fastrtps_c/robot_interfaces/msg/detail/thresh_chain_pos__type_support_c.cpp.o[0m
[20.152s] [ 63%] [32mBuilding CXX object CMakeFiles/robot_interfaces__rosidl_typesupport_fastrtps_cpp.dir/rosidl_typesupport_fastrtps_cpp/robot_interfaces/msg/detail/dds_fastrtps/yolo_thresh_chain_pose__type_support.cpp.o[0m
[20.283s] [ 64%] [32mBuilding CXX object CMakeFiles/robot_interfaces__rosidl_typesupport_cpp.dir/rosidl_typesupport_cpp/robot_interfaces/srv/add_waypoint__type_support.cpp.o[0m
[20.470s] [ 65%] [32mBuilding CXX object CMakeFiles/robot_interfaces__rosidl_typesupport_introspection_cpp.dir/rosidl_typesupport_introspection_cpp/robot_interfaces/msg/detail/desired_forces__type_support.cpp.o[0m
[20.752s] [ 66%] [32mBuilding CXX object CMakeFiles/robot_interfaces__rosidl_typesupport_fastrtps_cpp.dir/rosidl_typesupport_fastrtps_cpp/robot_interfaces/msg/detail/dds_fastrtps/thresh_chain_pos__type_support.cpp.o[0m
[20.836s] [ 67%] [32mBuilding CXX object CMakeFiles/robot_interfaces__rosidl_typesupport_fastrtps_c.dir/rosidl_typesupport_fastrtps_c/robot_interfaces/msg/detail/canny_chain_pos__type_support_c.cpp.o[0m
[20.953s] [ 68%] [32mBuilding CXX object CMakeFiles/robot_interfaces__rosidl_typesupport_cpp.dir/rosidl_typesupport_cpp/robot_interfaces/srv/clear_waypoints__type_support.cpp.o[0m
[21.417s] [ 68%] [32mBuilding CXX object CMakeFiles/robot_interfaces__rosidl_typesupport_fastrtps_c.dir/rosidl_typesupport_fastrtps_c/robot_interfaces/msg/detail/desired_forces__type_support_c.cpp.o[0m
[21.477s] [ 68%] [32mBuilding CXX object CMakeFiles/robot_interfaces__rosidl_typesupport_introspection_cpp.dir/rosidl_typesupport_introspection_cpp/robot_interfaces/srv/detail/add_waypoint__type_support.cpp.o[0m
[21.512s] [ 68%] [32mBuilding CXX object CMakeFiles/robot_interfaces__rosidl_typesupport_fastrtps_cpp.dir/rosidl_typesupport_fastrtps_cpp/robot_interfaces/msg/detail/dds_fastrtps/median_chain_pos__type_support.cpp.o[0m
[21.841s] [ 68%] [32mBuilding CXX object CMakeFiles/robot_interfaces__rosidl_typesupport_cpp.dir/rosidl_typesupport_cpp/robot_interfaces/srv/print_waypoints__type_support.cpp.o[0m
[22.178s] [ 69%] [32mBuilding CXX object CMakeFiles/robot_interfaces__rosidl_typesupport_fastrtps_c.dir/rosidl_typesupport_fastrtps_c/robot_interfaces/srv/detail/add_waypoint__type_support_c.cpp.o[0m
[22.210s] [ 70%] [32mBuilding CXX object CMakeFiles/robot_interfaces__rosidl_typesupport_introspection_cpp.dir/rosidl_typesupport_introspection_cpp/robot_interfaces/srv/detail/clear_waypoints__type_support.cpp.o[0m
[22.444s] [ 71%] [32mBuilding CXX object CMakeFiles/robot_interfaces__rosidl_typesupport_cpp.dir/rosidl_typesupport_cpp/robot_interfaces/srv/remove_waypoint__type_support.cpp.o[0m
[22.461s] [ 72%] [32mBuilding CXX object CMakeFiles/robot_interfaces__rosidl_typesupport_fastrtps_cpp.dir/rosidl_typesupport_fastrtps_cpp/robot_interfaces/msg/detail/dds_fastrtps/canny_chain_pos__type_support.cpp.o[0m
[22.738s] [ 73%] [32mBuilding CXX object CMakeFiles/robot_interfaces__rosidl_typesupport_introspection_cpp.dir/rosidl_typesupport_introspection_cpp/robot_interfaces/srv/detail/print_waypoints__type_support.cpp.o[0m
[22.742s] [ 74%] [32mBuilding CXX object CMakeFiles/robot_interfaces__rosidl_typesupport_fastrtps_c.dir/rosidl_typesupport_fastrtps_c/robot_interfaces/msg/detail/median_chain_pos__type_support_c.cpp.o[0m
[22.899s] [ 75%] [32mBuilding CXX object CMakeFiles/robot_interfaces__rosidl_typesupport_cpp.dir/rosidl_typesupport_cpp/robot_interfaces/srv/set_state__type_support.cpp.o[0m
[23.083s] [ 76%] [32mBuilding CXX object CMakeFiles/robot_interfaces__rosidl_typesupport_fastrtps_c.dir/rosidl_typesupport_fastrtps_c/robot_interfaces/srv/detail/clear_waypoints__type_support_c.cpp.o[0m
[23.104s] [ 77%] [32mBuilding CXX object CMakeFiles/robot_interfaces__rosidl_typesupport_fastrtps_cpp.dir/rosidl_typesupport_fastrtps_cpp/robot_interfaces/msg/detail/dds_fastrtps/desired_forces__type_support.cpp.o[0m
[23.142s] [ 77%] [32mBuilding CXX object CMakeFiles/robot_interfaces__rosidl_typesupport_introspection_cpp.dir/rosidl_typesupport_introspection_cpp/robot_interfaces/srv/detail/remove_waypoint__type_support.cpp.o[0m
[23.299s] [ 77%] [32m[1mLinking CXX shared library librobot_interfaces__rosidl_typesupport_cpp.so[0m
[23.455s] [ 77%] [32mBuilding CXX object CMakeFiles/robot_interfaces__rosidl_typesupport_fastrtps_c.dir/rosidl_typesupport_fastrtps_c/robot_interfaces/srv/detail/print_waypoints__type_support_c.cpp.o[0m
[23.513s] [ 77%] Built target robot_interfaces__rosidl_typesupport_cpp
[23.621s] [ 77%] [32mBuilding CXX object CMakeFiles/robot_interfaces__rosidl_typesupport_fastrtps_cpp.dir/rosidl_typesupport_fastrtps_cpp/robot_interfaces/srv/detail/dds_fastrtps/add_waypoint__type_support.cpp.o[0m
[23.780s] [ 78%] [32mBuilding CXX object CMakeFiles/robot_interfaces__rosidl_typesupport_introspection_cpp.dir/rosidl_typesupport_introspection_cpp/robot_interfaces/srv/detail/set_state__type_support.cpp.o[0m
[23.819s] [ 79%] [32mBuilding CXX object CMakeFiles/robot_interfaces__rosidl_typesupport_fastrtps_c.dir/rosidl_typesupport_fastrtps_c/robot_interfaces/srv/detail/set_state__type_support_c.cpp.o[0m
[24.061s] [ 79%] [32mBuilding CXX object CMakeFiles/robot_interfaces__rosidl_typesupport_fastrtps_cpp.dir/rosidl_typesupport_fastrtps_cpp/robot_interfaces/srv/detail/dds_fastrtps/print_waypoints__type_support.cpp.o[0m
[24.125s] [ 80%] [32m[1mLinking CXX shared library librobot_interfaces__rosidl_typesupport_introspection_cpp.so[0m
[24.212s] [ 80%] Built target robot_interfaces__rosidl_typesupport_introspection_cpp
[24.240s] [ 81%] [32mBuilding CXX object CMakeFiles/robot_interfaces__rosidl_typesupport_fastrtps_c.dir/rosidl_typesupport_fastrtps_c/robot_interfaces/srv/detail/remove_waypoint__type_support_c.cpp.o[0m
[24.398s] [ 82%] [32mBuilding CXX object CMakeFiles/robot_interfaces__rosidl_typesupport_fastrtps_cpp.dir/rosidl_typesupport_fastrtps_cpp/robot_interfaces/srv/detail/dds_fastrtps/set_state__type_support.cpp.o[0m
[24.598s] [ 82%] [32m[1mLinking CXX shared library librobot_interfaces__rosidl_typesupport_fastrtps_c.so[0m
[24.739s] [ 82%] Built target robot_interfaces__rosidl_typesupport_fastrtps_c
[24.764s] [ 83%] [32mBuilding CXX object CMakeFiles/robot_interfaces__rosidl_typesupport_fastrtps_cpp.dir/rosidl_typesupport_fastrtps_cpp/robot_interfaces/srv/detail/dds_fastrtps/remove_waypoint__type_support.cpp.o[0m
[25.072s] [ 84%] [32mBuilding CXX object CMakeFiles/robot_interfaces__rosidl_typesupport_fastrtps_cpp.dir/rosidl_typesupport_fastrtps_cpp/robot_interfaces/srv/detail/dds_fastrtps/clear_waypoints__type_support.cpp.o[0m
[25.483s] [ 84%] [32m[1mLinking CXX shared library librobot_interfaces__rosidl_typesupport_fastrtps_cpp.so[0m
[25.551s] [ 84%] Built target robot_interfaces__rosidl_typesupport_fastrtps_cpp
[25.573s] [ 84%] Built target robot_interfaces
[25.611s] [ 85%] [34m[1mGenerating Python code for ROS interfaces[0m
[27.898s] [ 85%] Built target robot_interfaces__py
[27.935s] [ 85%] [32mBuilding C object CMakeFiles/robot_interfaces__rosidl_generator_py.dir/rosidl_generator_py/robot_interfaces/msg/_dvl_s.c.o[0m
[28.053s] [ 85%] [32mBuilding C object CMakeFiles/robot_interfaces__rosidl_generator_py.dir/rosidl_generator_py/robot_interfaces/msg/_yolo_canny_chain_pose_s.c.o[0m
[28.182s] [ 86%] [32mBuilding C object CMakeFiles/robot_interfaces__rosidl_generator_py.dir/rosidl_generator_py/robot_interfaces/msg/_yolo_thresh_chain_pose_s.c.o[0m
[28.306s] [ 87%] [32mBuilding C object CMakeFiles/robot_interfaces__rosidl_generator_py.dir/rosidl_generator_py/robot_interfaces/msg/_yolo_median_chain_pose_s.c.o[0m
[28.399s] [ 87%] [32mBuilding C object CMakeFiles/robot_interfaces__rosidl_generator_py.dir/rosidl_generator_py/robot_interfaces/msg/_thresh_chain_pos_s.c.o[0m
[28.496s] [ 88%] [32mBuilding C object CMakeFiles/robot_interfaces__rosidl_generator_py.dir/rosidl_generator_py/robot_interfaces/msg/_median_chain_pos_s.c.o[0m
[28.587s] [ 89%] [32mBuilding C object CMakeFiles/robot_interfaces__rosidl_generator_py.dir/rosidl_generator_py/robot_interfaces/msg/_canny_chain_pos_s.c.o[0m
[28.701s] [ 89%] [32mBuilding C object CMakeFiles/robot_interfaces__rosidl_generator_py.dir/rosidl_generator_py/robot_interfaces/msg/_desired_forces_s.c.o[0m
[28.784s] [ 90%] [32mBuilding C object CMakeFiles/robot_interfaces__rosidl_generator_py.dir/rosidl_generator_py/robot_interfaces/srv/_add_waypoint_s.c.o[0m
[28.880s] [ 91%] [32mBuilding C object CMakeFiles/robot_interfaces__rosidl_generator_py.dir/rosidl_generator_py/robot_interfaces/srv/_clear_waypoints_s.c.o[0m
[28.961s] [ 91%] [32mBuilding C object CMakeFiles/robot_interfaces__rosidl_generator_py.dir/rosidl_generator_py/robot_interfaces/srv/_print_waypoints_s.c.o[0m
[29.068s] [ 92%] [32mBuilding C object CMakeFiles/robot_interfaces__rosidl_generator_py.dir/rosidl_generator_py/robot_interfaces/srv/_remove_waypoint_s.c.o[0m
[29.172s] [ 92%] [32mBuilding C object CMakeFiles/robot_interfaces__rosidl_generator_py.dir/rosidl_generator_py/robot_interfaces/srv/_set_state_s.c.o[0m
[29.304s] [ 93%] [32mBuilding C object CMakeFiles/robot_interfaces__rosidl_generator_py.dir/rosidl_generator_py/robot_interfaces/msg/_yolo_box_s.c.o[0m
[29.409s] [ 93%] [32mBuilding C object CMakeFiles/robot_interfaces__rosidl_generator_py.dir/rosidl_generator_py/robot_interfaces/msg/_yolo_chain_pose_s.c.o[0m
[29.508s] [ 94%] [32mBuilding C object CMakeFiles/robot_interfaces__rosidl_generator_py.dir/rosidl_generator_py/robot_interfaces/msg/_chain_pos_s.c.o[0m
[29.613s] [ 95%] [32mBuilding C object CMakeFiles/robot_interfaces__rosidl_generator_py.dir/rosidl_generator_py/robot_interfaces/msg/_desired_velocity_s.c.o[0m
[29.716s] [ 96%] [32m[1mLinking C shared library rosidl_generator_py/robot_interfaces/librobot_interfaces__rosidl_generator_py.so[0m
[29.757s] [ 96%] Built target robot_interfaces__rosidl_generator_py
[29.776s] [ 97%] [32mBuilding C object CMakeFiles/robot_interfaces__rosidl_typesupport_fastrtps_c__pyext.dir/rosidl_generator_py/robot_interfaces/_robot_interfaces_s.ep.rosidl_typesupport_fastrtps_c.c.o[0m
[29.954s] [ 97%] [32m[1mLinking C shared library rosidl_generator_py/robot_interfaces/robot_interfaces_s__rosidl_typesupport_fastrtps_c.cpython-310-aarch64-linux-gnu.so[0m
[29.991s] [ 97%] Built target robot_interfaces__rosidl_typesupport_fastrtps_c__pyext
[30.009s] [ 98%] [32mBuilding C object CMakeFiles/robot_interfaces__rosidl_typesupport_c__pyext.dir/rosidl_generator_py/robot_interfaces/_robot_interfaces_s.ep.rosidl_typesupport_c.c.o[0m
[30.160s] [ 98%] [32m[1mLinking C shared library rosidl_generator_py/robot_interfaces/robot_interfaces_s__rosidl_typesupport_c.cpython-310-aarch64-linux-gnu.so[0m
[30.194s] [ 98%] Built target robot_interfaces__rosidl_typesupport_c__pyext
[30.225s] [ 99%] [32mBuilding C object CMakeFiles/robot_interfaces__rosidl_typesupport_introspection_c__pyext.dir/rosidl_generator_py/robot_interfaces/_robot_interfaces_s.ep.rosidl_typesupport_introspection_c.c.o[0m
[30.382s] [100%] [32m[1mLinking C shared library rosidl_generator_py/robot_interfaces/robot_interfaces_s__rosidl_typesupport_introspection_c.cpython-310-aarch64-linux-gnu.so[0m
[30.423s] [100%] Built target robot_interfaces__rosidl_typesupport_introspection_c__pyext
[30.453s] Invoked command in '/home/ovsj/Code/AutonomousBlueye/build/robot_interfaces' returned '0': CMAKE_PREFIX_PATH=${CMAKE_PREFIX_PATH}:/home/ovsj/Code/AutonomousBlueye/install/yolov5_ros:/home/ovsj/Code/AutonomousBlueye/install/drone_sensors:/home/ovsj/Code/AutonomousBlueye/install/real_blueye_launch:/home/ovsj/Code/AutonomousBlueye/install/image_prosessing:/home/ovsj/Code/AutonomousBlueye/install/experimental:/home/ovsj/Code/AutonomousBlueye/install/control:/opt/ros/humble VIRTUAL_ENV_PROMPT=(.venv) /usr/bin/cmake --build /home/ovsj/Code/AutonomousBlueye/build/robot_interfaces -- -j6 -l6
[30.454s] Invoking command in '/home/ovsj/Code/AutonomousBlueye/build/robot_interfaces': CMAKE_PREFIX_PATH=${CMAKE_PREFIX_PATH}:/home/ovsj/Code/AutonomousBlueye/install/yolov5_ros:/home/ovsj/Code/AutonomousBlueye/install/drone_sensors:/home/ovsj/Code/AutonomousBlueye/install/real_blueye_launch:/home/ovsj/Code/AutonomousBlueye/install/image_prosessing:/home/ovsj/Code/AutonomousBlueye/install/experimental:/home/ovsj/Code/AutonomousBlueye/install/control:/opt/ros/humble VIRTUAL_ENV_PROMPT=(.venv) /usr/bin/cmake --install /home/ovsj/Code/AutonomousBlueye/build/robot_interfaces
[30.473s] -- Install configuration: ""
[30.478s] -- Execute custom install script
[30.479s] -- Symlinking: /home/ovsj/Code/AutonomousBlueye/install/robot_interfaces/share/ament_index/resource_index/rosidl_interfaces/robot_interfaces
[30.489s] -- Symlinking: /home/ovsj/Code/AutonomousBlueye/install/robot_interfaces/include/robot_interfaces/robot_interfaces/msg/canny_chain_pos.h
[30.496s] -- Symlinking: /home/ovsj/Code/AutonomousBlueye/install/robot_interfaces/include/robot_interfaces/robot_interfaces/msg/chain_pos.h
[30.509s] -- Symlinking: /home/ovsj/Code/AutonomousBlueye/install/robot_interfaces/include/robot_interfaces/robot_interfaces/msg/desired_forces.h
[30.519s] -- Symlinking: /home/ovsj/Code/AutonomousBlueye/install/robot_interfaces/include/robot_interfaces/robot_interfaces/msg/desired_velocity.h
[30.531s] -- Symlinking: /home/ovsj/Code/AutonomousBlueye/install/robot_interfaces/include/robot_interfaces/robot_interfaces/msg/detail/canny_chain_pos__functions.h
[30.544s] -- Symlinking: /home/ovsj/Code/AutonomousBlueye/install/robot_interfaces/include/robot_interfaces/robot_interfaces/msg/detail/canny_chain_pos__struct.h
[30.551s] -- Symlinking: /home/ovsj/Code/AutonomousBlueye/install/robot_interfaces/include/robot_interfaces/robot_interfaces/msg/detail/canny_chain_pos__type_support.h
[30.556s] -- Symlinking: /home/ovsj/Code/AutonomousBlueye/install/robot_interfaces/include/robot_interfaces/robot_interfaces/msg/detail/chain_pos__functions.h
[30.563s] -- Symlinking: /home/ovsj/Code/AutonomousBlueye/install/robot_interfaces/include/robot_interfaces/robot_interfaces/msg/detail/chain_pos__struct.h
[30.572s] -- Symlinking: /home/ovsj/Code/AutonomousBlueye/install/robot_interfaces/include/robot_interfaces/robot_interfaces/msg/detail/chain_pos__type_support.h
[30.580s] -- Symlinking: /home/ovsj/Code/AutonomousBlueye/install/robot_interfaces/include/robot_interfaces/robot_interfaces/msg/detail/desired_forces__functions.h
[30.590s] -- Symlinking: /home/ovsj/Code/AutonomousBlueye/install/robot_interfaces/include/robot_interfaces/robot_interfaces/msg/detail/desired_forces__struct.h
[30.595s] -- Symlinking: /home/ovsj/Code/AutonomousBlueye/install/robot_interfaces/include/robot_interfaces/robot_interfaces/msg/detail/desired_forces__type_support.h
[30.600s] -- Symlinking: /home/ovsj/Code/AutonomousBlueye/install/robot_interfaces/include/robot_interfaces/robot_interfaces/msg/detail/desired_velocity__functions.h
[30.604s] -- Symlinking: /home/ovsj/Code/AutonomousBlueye/install/robot_interfaces/include/robot_interfaces/robot_interfaces/msg/detail/desired_velocity__struct.h
[30.614s] -- Symlinking: /home/ovsj/Code/AutonomousBlueye/install/robot_interfaces/include/robot_interfaces/robot_interfaces/msg/detail/desired_velocity__type_support.h
[30.624s] -- Symlinking: /home/ovsj/Code/AutonomousBlueye/install/robot_interfaces/include/robot_interfaces/robot_interfaces/msg/detail/dvl__functions.h
[30.635s] -- Symlinking: /home/ovsj/Code/AutonomousBlueye/install/robot_interfaces/include/robot_interfaces/robot_interfaces/msg/detail/dvl__struct.h
[30.672s] -- Symlinking: /home/ovsj/Code/AutonomousBlueye/install/robot_interfaces/include/robot_interfaces/robot_interfaces/msg/detail/dvl__type_support.h
[30.754s] -- Symlinking: /home/ovsj/Code/AutonomousBlueye/install/robot_interfaces/include/robot_interfaces/robot_interfaces/msg/detail/median_chain_pos__functions.h
[30.772s] -- Symlinking: /home/ovsj/Code/AutonomousBlueye/install/robot_interfaces/include/robot_interfaces/robot_interfaces/msg/detail/median_chain_pos__struct.h
[30.786s] -- Symlinking: /home/ovsj/Code/AutonomousBlueye/install/robot_interfaces/include/robot_interfaces/robot_interfaces/msg/detail/median_chain_pos__type_support.h
[30.801s] -- Symlinking: /home/ovsj/Code/AutonomousBlueye/install/robot_interfaces/include/robot_interfaces/robot_interfaces/msg/detail/thresh_chain_pos__functions.h
[30.813s] -- Symlinking: /home/ovsj/Code/AutonomousBlueye/install/robot_interfaces/include/robot_interfaces/robot_interfaces/msg/detail/thresh_chain_pos__struct.h
[30.819s] -- Symlinking: /home/ovsj/Code/AutonomousBlueye/install/robot_interfaces/include/robot_interfaces/robot_interfaces/msg/detail/thresh_chain_pos__type_support.h
[30.827s] -- Symlinking: /home/ovsj/Code/AutonomousBlueye/install/robot_interfaces/include/robot_interfaces/robot_interfaces/msg/detail/yolo_box__functions.h
[30.834s] -- Symlinking: /home/ovsj/Code/AutonomousBlueye/install/robot_interfaces/include/robot_interfaces/robot_interfaces/msg/detail/yolo_box__struct.h
[30.841s] -- Symlinking: /home/ovsj/Code/AutonomousBlueye/install/robot_interfaces/include/robot_interfaces/robot_interfaces/msg/detail/yolo_box__type_support.h
[30.848s] -- Symlinking: /home/ovsj/Code/AutonomousBlueye/install/robot_interfaces/include/robot_interfaces/robot_interfaces/msg/detail/yolo_canny_chain_pose__functions.h
[30.853s] -- Symlinking: /home/ovsj/Code/AutonomousBlueye/install/robot_interfaces/include/robot_interfaces/robot_interfaces/msg/detail/yolo_canny_chain_pose__struct.h
[30.861s] -- Symlinking: /home/ovsj/Code/AutonomousBlueye/install/robot_interfaces/include/robot_interfaces/robot_interfaces/msg/detail/yolo_canny_chain_pose__type_support.h
[30.873s] -- Symlinking: /home/ovsj/Code/AutonomousBlueye/install/robot_interfaces/include/robot_interfaces/robot_interfaces/msg/detail/yolo_chain_pose__functions.h
[30.879s] -- Symlinking: /home/ovsj/Code/AutonomousBlueye/install/robot_interfaces/include/robot_interfaces/robot_interfaces/msg/detail/yolo_chain_pose__struct.h
[30.889s] -- Symlinking: /home/ovsj/Code/AutonomousBlueye/install/robot_interfaces/include/robot_interfaces/robot_interfaces/msg/detail/yolo_chain_pose__type_support.h
[30.894s] -- Symlinking: /home/ovsj/Code/AutonomousBlueye/install/robot_interfaces/include/robot_interfaces/robot_interfaces/msg/detail/yolo_median_chain_pose__functions.h
[30.901s] -- Symlinking: /home/ovsj/Code/AutonomousBlueye/install/robot_interfaces/include/robot_interfaces/robot_interfaces/msg/detail/yolo_median_chain_pose__struct.h
[30.909s] -- Symlinking: /home/ovsj/Code/AutonomousBlueye/install/robot_interfaces/include/robot_interfaces/robot_interfaces/msg/detail/yolo_median_chain_pose__type_support.h
[30.928s] -- Symlinking: /home/ovsj/Code/AutonomousBlueye/install/robot_interfaces/include/robot_interfaces/robot_interfaces/msg/detail/yolo_thresh_chain_pose__functions.h
[30.935s] -- Symlinking: /home/ovsj/Code/AutonomousBlueye/install/robot_interfaces/include/robot_interfaces/robot_interfaces/msg/detail/yolo_thresh_chain_pose__struct.h
[30.942s] -- Symlinking: /home/ovsj/Code/AutonomousBlueye/install/robot_interfaces/include/robot_interfaces/robot_interfaces/msg/detail/yolo_thresh_chain_pose__type_support.h
[30.950s] -- Symlinking: /home/ovsj/Code/AutonomousBlueye/install/robot_interfaces/include/robot_interfaces/robot_interfaces/msg/dvl.h
[30.956s] -- Symlinking: /home/ovsj/Code/AutonomousBlueye/install/robot_interfaces/include/robot_interfaces/robot_interfaces/msg/median_chain_pos.h
[30.962s] -- Symlinking: /home/ovsj/Code/AutonomousBlueye/install/robot_interfaces/include/robot_interfaces/robot_interfaces/msg/rosidl_generator_c__visibility_control.h
[30.968s] -- Symlinking: /home/ovsj/Code/AutonomousBlueye/install/robot_interfaces/include/robot_interfaces/robot_interfaces/msg/thresh_chain_pos.h
[30.977s] -- Symlinking: /home/ovsj/Code/AutonomousBlueye/install/robot_interfaces/include/robot_interfaces/robot_interfaces/msg/yolo_box.h
[30.981s] -- Symlinking: /home/ovsj/Code/AutonomousBlueye/install/robot_interfaces/include/robot_interfaces/robot_interfaces/msg/yolo_canny_chain_pose.h
[30.987s] -- Symlinking: /home/ovsj/Code/AutonomousBlueye/install/robot_interfaces/include/robot_interfaces/robot_interfaces/msg/yolo_chain_pose.h
[30.997s] -- Symlinking: /home/ovsj/Code/AutonomousBlueye/install/robot_interfaces/include/robot_interfaces/robot_interfaces/msg/yolo_median_chain_pose.h
[31.008s] -- Symlinking: /home/ovsj/Code/AutonomousBlueye/install/robot_interfaces/include/robot_interfaces/robot_interfaces/msg/yolo_thresh_chain_pose.h
[31.017s] -- Symlinking: /home/ovsj/Code/AutonomousBlueye/install/robot_interfaces/include/robot_interfaces/robot_interfaces/srv/add_waypoint.h
[31.032s] -- Symlinking: /home/ovsj/Code/AutonomousBlueye/install/robot_interfaces/include/robot_interfaces/robot_interfaces/srv/clear_waypoints.h
[31.047s] -- Symlinking: /home/ovsj/Code/AutonomousBlueye/install/robot_interfaces/include/robot_interfaces/robot_interfaces/srv/detail/add_waypoint__functions.h
[31.058s] -- Symlinking: /home/ovsj/Code/AutonomousBlueye/install/robot_interfaces/include/robot_interfaces/robot_interfaces/srv/detail/add_waypoint__struct.h
[31.067s] -- Symlinking: /home/ovsj/Code/AutonomousBlueye/install/robot_interfaces/include/robot_interfaces/robot_interfaces/srv/detail/add_waypoint__type_support.h
[31.072s] -- Symlinking: /home/ovsj/Code/AutonomousBlueye/install/robot_interfaces/include/robot_interfaces/robot_interfaces/srv/detail/clear_waypoints__functions.h
[31.080s] -- Symlinking: /home/ovsj/Code/AutonomousBlueye/install/robot_interfaces/include/robot_interfaces/robot_interfaces/srv/detail/clear_waypoints__struct.h
[31.086s] -- Symlinking: /home/ovsj/Code/AutonomousBlueye/install/robot_interfaces/include/robot_interfaces/robot_interfaces/srv/detail/clear_waypoints__type_support.h
[31.099s] -- Symlinking: /home/ovsj/Code/AutonomousBlueye/install/robot_interfaces/include/robot_interfaces/robot_interfaces/srv/detail/print_waypoints__functions.h
[31.105s] -- Symlinking: /home/ovsj/Code/AutonomousBlueye/install/robot_interfaces/include/robot_interfaces/robot_interfaces/srv/detail/print_waypoints__struct.h
[31.116s] -- Symlinking: /home/ovsj/Code/AutonomousBlueye/install/robot_interfaces/include/robot_interfaces/robot_interfaces/srv/detail/print_waypoints__type_support.h
[31.125s] -- Symlinking: /home/ovsj/Code/AutonomousBlueye/install/robot_interfaces/include/robot_interfaces/robot_interfaces/srv/detail/remove_waypoint__functions.h
[31.133s] -- Symlinking: /home/ovsj/Code/AutonomousBlueye/install/robot_interfaces/include/robot_interfaces/robot_interfaces/srv/detail/remove_waypoint__struct.h
[31.147s] -- Symlinking: /home/ovsj/Code/AutonomousBlueye/install/robot_interfaces/include/robot_interfaces/robot_interfaces/srv/detail/remove_waypoint__type_support.h
[31.154s] -- Symlinking: /home/ovsj/Code/AutonomousBlueye/install/robot_interfaces/include/robot_interfaces/robot_interfaces/srv/detail/set_state__functions.h
[31.164s] -- Symlinking: /home/ovsj/Code/AutonomousBlueye/install/robot_interfaces/include/robot_interfaces/robot_interfaces/srv/detail/set_state__struct.h
[31.170s] -- Symlinking: /home/ovsj/Code/AutonomousBlueye/install/robot_interfaces/include/robot_interfaces/robot_interfaces/srv/detail/set_state__type_support.h
[31.183s] -- Symlinking: /home/ovsj/Code/AutonomousBlueye/install/robot_interfaces/include/robot_interfaces/robot_interfaces/srv/print_waypoints.h
[31.188s] -- Symlinking: /home/ovsj/Code/AutonomousBlueye/install/robot_interfaces/include/robot_interfaces/robot_interfaces/srv/remove_waypoint.h
[31.196s] -- Symlinking: /home/ovsj/Code/AutonomousBlueye/install/robot_interfaces/include/robot_interfaces/robot_interfaces/srv/set_state.h
[31.204s] -- Symlinking: /home/ovsj/Code/AutonomousBlueye/install/robot_interfaces/share/robot_interfaces/environment/library_path.sh
[31.212s] -- Symlinking: /home/ovsj/Code/AutonomousBlueye/install/robot_interfaces/share/robot_interfaces/environment/library_path.dsv
[31.221s] -- Symlinking: /home/ovsj/Code/AutonomousBlueye/install/robot_interfaces/include/robot_interfaces/robot_interfaces/msg/detail/canny_chain_pos__rosidl_typesupport_fastrtps_c.h
[31.235s] -- Symlinking: /home/ovsj/Code/AutonomousBlueye/install/robot_interfaces/include/robot_interfaces/robot_interfaces/msg/detail/chain_pos__rosidl_typesupport_fastrtps_c.h
[31.242s] -- Symlinking: /home/ovsj/Code/AutonomousBlueye/install/robot_interfaces/include/robot_interfaces/robot_interfaces/msg/detail/desired_forces__rosidl_typesupport_fastrtps_c.h
[31.250s] -- Symlinking: /home/ovsj/Code/AutonomousBlueye/install/robot_interfaces/include/robot_interfaces/robot_interfaces/msg/detail/desired_velocity__rosidl_typesupport_fastrtps_c.h
[31.261s] -- Symlinking: /home/ovsj/Code/AutonomousBlueye/install/robot_interfaces/include/robot_interfaces/robot_interfaces/msg/detail/dvl__rosidl_typesupport_fastrtps_c.h
[31.268s] -- Symlinking: /home/ovsj/Code/AutonomousBlueye/install/robot_interfaces/include/robot_interfaces/robot_interfaces/msg/detail/median_chain_pos__rosidl_typesupport_fastrtps_c.h
[31.275s] -- Symlinking: /home/ovsj/Code/AutonomousBlueye/install/robot_interfaces/include/robot_interfaces/robot_interfaces/msg/detail/thresh_chain_pos__rosidl_typesupport_fastrtps_c.h
[31.281s] -- Symlinking: /home/ovsj/Code/AutonomousBlueye/install/robot_interfaces/include/robot_interfaces/robot_interfaces/msg/detail/yolo_box__rosidl_typesupport_fastrtps_c.h
[31.291s] -- Symlinking: /home/ovsj/Code/AutonomousBlueye/install/robot_interfaces/include/robot_interfaces/robot_interfaces/msg/detail/yolo_canny_chain_pose__rosidl_typesupport_fastrtps_c.h
[31.318s] -- Symlinking: /home/ovsj/Code/AutonomousBlueye/install/robot_interfaces/include/robot_interfaces/robot_interfaces/msg/detail/yolo_chain_pose__rosidl_typesupport_fastrtps_c.h
[31.332s] -- Symlinking: /home/ovsj/Code/AutonomousBlueye/install/robot_interfaces/include/robot_interfaces/robot_interfaces/msg/detail/yolo_median_chain_pose__rosidl_typesupport_fastrtps_c.h
[31.343s] -- Symlinking: /home/ovsj/Code/AutonomousBlueye/install/robot_interfaces/include/robot_interfaces/robot_interfaces/msg/detail/yolo_thresh_chain_pose__rosidl_typesupport_fastrtps_c.h
[31.352s] -- Symlinking: /home/ovsj/Code/AutonomousBlueye/install/robot_interfaces/include/robot_interfaces/robot_interfaces/msg/rosidl_typesupport_fastrtps_c__visibility_control.h
[31.364s] -- Symlinking: /home/ovsj/Code/AutonomousBlueye/install/robot_interfaces/include/robot_interfaces/robot_interfaces/srv/detail/add_waypoint__rosidl_typesupport_fastrtps_c.h
[31.381s] -- Symlinking: /home/ovsj/Code/AutonomousBlueye/install/robot_interfaces/include/robot_interfaces/robot_interfaces/srv/detail/clear_waypoints__rosidl_typesupport_fastrtps_c.h
[31.385s] -- Symlinking: /home/ovsj/Code/AutonomousBlueye/install/robot_interfaces/include/robot_interfaces/robot_interfaces/srv/detail/print_waypoints__rosidl_typesupport_fastrtps_c.h
[31.399s] -- Symlinking: /home/ovsj/Code/AutonomousBlueye/install/robot_interfaces/include/robot_interfaces/robot_interfaces/srv/detail/remove_waypoint__rosidl_typesupport_fastrtps_c.h
[31.410s] -- Symlinking: /home/ovsj/Code/AutonomousBlueye/install/robot_interfaces/include/robot_interfaces/robot_interfaces/srv/detail/set_state__rosidl_typesupport_fastrtps_c.h
[31.419s] -- Symlinking: /home/ovsj/Code/AutonomousBlueye/install/robot_interfaces/include/robot_interfaces/robot_interfaces/msg/canny_chain_pos.hpp
[31.427s] -- Symlinking: /home/ovsj/Code/AutonomousBlueye/install/robot_interfaces/include/robot_interfaces/robot_interfaces/msg/chain_pos.hpp
[31.439s] -- Symlinking: /home/ovsj/Code/AutonomousBlueye/install/robot_interfaces/include/robot_interfaces/robot_interfaces/msg/desired_forces.hpp
[31.457s] -- Symlinking: /home/ovsj/Code/AutonomousBlueye/install/robot_interfaces/include/robot_interfaces/robot_interfaces/msg/desired_velocity.hpp
[31.474s] -- Symlinking: /home/ovsj/Code/AutonomousBlueye/install/robot_interfaces/include/robot_interfaces/robot_interfaces/msg/detail/canny_chain_pos__builder.hpp
[31.486s] -- Symlinking: /home/ovsj/Code/AutonomousBlueye/install/robot_interfaces/include/robot_interfaces/robot_interfaces/msg/detail/canny_chain_pos__struct.hpp
[31.516s] -- Symlinking: /home/ovsj/Code/AutonomousBlueye/install/robot_interfaces/include/robot_interfaces/robot_interfaces/msg/detail/canny_chain_pos__traits.hpp
[31.539s] -- Symlinking: /home/ovsj/Code/AutonomousBlueye/install/robot_interfaces/include/robot_interfaces/robot_interfaces/msg/detail/canny_chain_pos__type_support.hpp
[31.553s] -- Symlinking: /home/ovsj/Code/AutonomousBlueye/install/robot_interfaces/include/robot_interfaces/robot_interfaces/msg/detail/chain_pos__builder.hpp
[31.572s] -- Symlinking: /home/ovsj/Code/AutonomousBlueye/install/robot_interfaces/include/robot_interfaces/robot_interfaces/msg/detail/chain_pos__struct.hpp
[31.588s] -- Symlinking: /home/ovsj/Code/AutonomousBlueye/install/robot_interfaces/include/robot_interfaces/robot_interfaces/msg/detail/chain_pos__traits.hpp
[31.599s] -- Symlinking: /home/ovsj/Code/AutonomousBlueye/install/robot_interfaces/include/robot_interfaces/robot_interfaces/msg/detail/chain_pos__type_support.hpp
[31.610s] -- Symlinking: /home/ovsj/Code/AutonomousBlueye/install/robot_interfaces/include/robot_interfaces/robot_interfaces/msg/detail/desired_forces__builder.hpp
[31.623s] -- Symlinking: /home/ovsj/Code/AutonomousBlueye/install/robot_interfaces/include/robot_interfaces/robot_interfaces/msg/detail/desired_forces__struct.hpp
[31.629s] -- Symlinking: /home/ovsj/Code/AutonomousBlueye/install/robot_interfaces/include/robot_interfaces/robot_interfaces/msg/detail/desired_forces__traits.hpp
[31.643s] -- Symlinking: /home/ovsj/Code/AutonomousBlueye/install/robot_interfaces/include/robot_interfaces/robot_interfaces/msg/detail/desired_forces__type_support.hpp
[31.654s] -- Symlinking: /home/ovsj/Code/AutonomousBlueye/install/robot_interfaces/include/robot_interfaces/robot_interfaces/msg/detail/desired_velocity__builder.hpp
[31.662s] -- Symlinking: /home/ovsj/Code/AutonomousBlueye/install/robot_interfaces/include/robot_interfaces/robot_interfaces/msg/detail/desired_velocity__struct.hpp
[31.671s] -- Symlinking: /home/ovsj/Code/AutonomousBlueye/install/robot_interfaces/include/robot_interfaces/robot_interfaces/msg/detail/desired_velocity__traits.hpp
[31.684s] -- Symlinking: /home/ovsj/Code/AutonomousBlueye/install/robot_interfaces/include/robot_interfaces/robot_interfaces/msg/detail/desired_velocity__type_support.hpp
[31.691s] -- Symlinking: /home/ovsj/Code/AutonomousBlueye/install/robot_interfaces/include/robot_interfaces/robot_interfaces/msg/detail/dvl__builder.hpp
[31.707s] -- Symlinking: /home/ovsj/Code/AutonomousBlueye/install/robot_interfaces/include/robot_interfaces/robot_interfaces/msg/detail/dvl__struct.hpp
[31.734s] -- Symlinking: /home/ovsj/Code/AutonomousBlueye/install/robot_interfaces/include/robot_interfaces/robot_interfaces/msg/detail/dvl__traits.hpp
[31.749s] -- Symlinking: /home/ovsj/Code/AutonomousBlueye/install/robot_interfaces/include/robot_interfaces/robot_interfaces/msg/detail/dvl__type_support.hpp
[31.760s] -- Symlinking: /home/ovsj/Code/AutonomousBlueye/install/robot_interfaces/include/robot_interfaces/robot_interfaces/msg/detail/median_chain_pos__builder.hpp
[31.772s] -- Symlinking: /home/ovsj/Code/AutonomousBlueye/install/robot_interfaces/include/robot_interfaces/robot_interfaces/msg/detail/median_chain_pos__struct.hpp
[31.781s] -- Symlinking: /home/ovsj/Code/AutonomousBlueye/install/robot_interfaces/include/robot_interfaces/robot_interfaces/msg/detail/median_chain_pos__traits.hpp
[31.791s] -- Symlinking: /home/ovsj/Code/AutonomousBlueye/install/robot_interfaces/include/robot_interfaces/robot_interfaces/msg/detail/median_chain_pos__type_support.hpp
[31.802s] -- Symlinking: /home/ovsj/Code/AutonomousBlueye/install/robot_interfaces/include/robot_interfaces/robot_interfaces/msg/detail/thresh_chain_pos__builder.hpp
[31.809s] -- Symlinking: /home/ovsj/Code/AutonomousBlueye/install/robot_interfaces/include/robot_interfaces/robot_interfaces/msg/detail/thresh_chain_pos__struct.hpp
[31.819s] -- Symlinking: /home/ovsj/Code/AutonomousBlueye/install/robot_interfaces/include/robot_interfaces/robot_interfaces/msg/detail/thresh_chain_pos__traits.hpp
[31.858s] -- Symlinking: /home/ovsj/Code/AutonomousBlueye/install/robot_interfaces/include/robot_interfaces/robot_interfaces/msg/detail/thresh_chain_pos__type_support.hpp
[31.874s] -- Symlinking: /home/ovsj/Code/AutonomousBlueye/install/robot_interfaces/include/robot_interfaces/robot_interfaces/msg/detail/yolo_box__builder.hpp
[31.884s] -- Symlinking: /home/ovsj/Code/AutonomousBlueye/install/robot_interfaces/include/robot_interfaces/robot_interfaces/msg/detail/yolo_box__struct.hpp
[31.902s] -- Symlinking: /home/ovsj/Code/AutonomousBlueye/install/robot_interfaces/include/robot_interfaces/robot_interfaces/msg/detail/yolo_box__traits.hpp
[31.915s] -- Symlinking: /home/ovsj/Code/AutonomousBlueye/install/robot_interfaces/include/robot_interfaces/robot_interfaces/msg/detail/yolo_box__type_support.hpp
[31.952s] -- Symlinking: /home/ovsj/Code/AutonomousBlueye/install/robot_interfaces/include/robot_interfaces/robot_interfaces/msg/detail/yolo_canny_chain_pose__builder.hpp
[31.975s] -- Symlinking: /home/ovsj/Code/AutonomousBlueye/install/robot_interfaces/include/robot_interfaces/robot_interfaces/msg/detail/yolo_canny_chain_pose__struct.hpp
[31.986s] -- Symlinking: /home/ovsj/Code/AutonomousBlueye/install/robot_interfaces/include/robot_interfaces/robot_interfaces/msg/detail/yolo_canny_chain_pose__traits.hpp
[32.000s] -- Symlinking: /home/ovsj/Code/AutonomousBlueye/install/robot_interfaces/include/robot_interfaces/robot_interfaces/msg/detail/yolo_canny_chain_pose__type_support.hpp
[32.012s] -- Symlinking: /home/ovsj/Code/AutonomousBlueye/install/robot_interfaces/include/robot_interfaces/robot_interfaces/msg/detail/yolo_chain_pose__builder.hpp
[32.019s] -- Symlinking: /home/ovsj/Code/AutonomousBlueye/install/robot_interfaces/include/robot_interfaces/robot_interfaces/msg/detail/yolo_chain_pose__struct.hpp
[32.028s] -- Symlinking: /home/ovsj/Code/AutonomousBlueye/install/robot_interfaces/include/robot_interfaces/robot_interfaces/msg/detail/yolo_chain_pose__traits.hpp
[32.039s] -- Symlinking: /home/ovsj/Code/AutonomousBlueye/install/robot_interfaces/include/robot_interfaces/robot_interfaces/msg/detail/yolo_chain_pose__type_support.hpp
[32.050s] -- Symlinking: /home/ovsj/Code/AutonomousBlueye/install/robot_interfaces/include/robot_interfaces/robot_interfaces/msg/detail/yolo_median_chain_pose__builder.hpp
[32.063s] -- Symlinking: /home/ovsj/Code/AutonomousBlueye/install/robot_interfaces/include/robot_interfaces/robot_interfaces/msg/detail/yolo_median_chain_pose__struct.hpp
[32.088s] -- Symlinking: /home/ovsj/Code/AutonomousBlueye/install/robot_interfaces/include/robot_interfaces/robot_interfaces/msg/detail/yolo_median_chain_pose__traits.hpp
[32.097s] -- Symlinking: /home/ovsj/Code/AutonomousBlueye/install/robot_interfaces/include/robot_interfaces/robot_interfaces/msg/detail/yolo_median_chain_pose__type_support.hpp
[32.110s] -- Symlinking: /home/ovsj/Code/AutonomousBlueye/install/robot_interfaces/include/robot_interfaces/robot_interfaces/msg/detail/yolo_thresh_chain_pose__builder.hpp
[32.116s] -- Symlinking: /home/ovsj/Code/AutonomousBlueye/install/robot_interfaces/include/robot_interfaces/robot_interfaces/msg/detail/yolo_thresh_chain_pose__struct.hpp
[32.121s] -- Symlinking: /home/ovsj/Code/AutonomousBlueye/install/robot_interfaces/include/robot_interfaces/robot_interfaces/msg/detail/yolo_thresh_chain_pose__traits.hpp
[32.126s] -- Symlinking: /home/ovsj/Code/AutonomousBlueye/install/robot_interfaces/include/robot_interfaces/robot_interfaces/msg/detail/yolo_thresh_chain_pose__type_support.hpp
[32.132s] -- Symlinking: /home/ovsj/Code/AutonomousBlueye/install/robot_interfaces/include/robot_interfaces/robot_interfaces/msg/dvl.hpp
[32.152s] -- Symlinking: /home/ovsj/Code/AutonomousBlueye/install/robot_interfaces/include/robot_interfaces/robot_interfaces/msg/median_chain_pos.hpp
[32.171s] -- Symlinking: /home/ovsj/Code/AutonomousBlueye/install/robot_interfaces/include/robot_interfaces/robot_interfaces/msg/rosidl_generator_cpp__visibility_control.hpp
[32.190s] -- Symlinking: /home/ovsj/Code/AutonomousBlueye/install/robot_interfaces/include/robot_interfaces/robot_interfaces/msg/thresh_chain_pos.hpp
[32.204s] -- Symlinking: /home/ovsj/Code/AutonomousBlueye/install/robot_interfaces/include/robot_interfaces/robot_interfaces/msg/yolo_box.hpp
[32.218s] -- Symlinking: /home/ovsj/Code/AutonomousBlueye/install/robot_interfaces/include/robot_interfaces/robot_interfaces/msg/yolo_canny_chain_pose.hpp
[32.235s] -- Symlinking: /home/ovsj/Code/AutonomousBlueye/install/robot_interfaces/include/robot_interfaces/robot_interfaces/msg/yolo_chain_pose.hpp
[32.259s] -- Symlinking: /home/ovsj/Code/AutonomousBlueye/install/robot_interfaces/include/robot_interfaces/robot_interfaces/msg/yolo_median_chain_pose.hpp
[32.276s] -- Symlinking: /home/ovsj/Code/AutonomousBlueye/install/robot_interfaces/include/robot_interfaces/robot_interfaces/msg/yolo_thresh_chain_pose.hpp
[32.299s] -- Symlinking: /home/ovsj/Code/AutonomousBlueye/install/robot_interfaces/include/robot_interfaces/robot_interfaces/srv/add_waypoint.hpp
[32.313s] -- Symlinking: /home/ovsj/Code/AutonomousBlueye/install/robot_interfaces/include/robot_interfaces/robot_interfaces/srv/clear_waypoints.hpp
[32.325s] -- Symlinking: /home/ovsj/Code/AutonomousBlueye/install/robot_interfaces/include/robot_interfaces/robot_interfaces/srv/detail/add_waypoint__builder.hpp
[32.334s] -- Symlinking: /home/ovsj/Code/AutonomousBlueye/install/robot_interfaces/include/robot_interfaces/robot_interfaces/srv/detail/add_waypoint__struct.hpp
[32.346s] -- Symlinking: /home/ovsj/Code/AutonomousBlueye/install/robot_interfaces/include/robot_interfaces/robot_interfaces/srv/detail/add_waypoint__traits.hpp
[32.357s] -- Symlinking: /home/ovsj/Code/AutonomousBlueye/install/robot_interfaces/include/robot_interfaces/robot_interfaces/srv/detail/add_waypoint__type_support.hpp
[32.366s] -- Symlinking: /home/ovsj/Code/AutonomousBlueye/install/robot_interfaces/include/robot_interfaces/robot_interfaces/srv/detail/clear_waypoints__builder.hpp
[32.378s] -- Symlinking: /home/ovsj/Code/AutonomousBlueye/install/robot_interfaces/include/robot_interfaces/robot_interfaces/srv/detail/clear_waypoints__struct.hpp
[32.386s] -- Symlinking: /home/ovsj/Code/AutonomousBlueye/install/robot_interfaces/include/robot_interfaces/robot_interfaces/srv/detail/clear_waypoints__traits.hpp
[32.394s] -- Symlinking: /home/ovsj/Code/AutonomousBlueye/install/robot_interfaces/include/robot_interfaces/robot_interfaces/srv/detail/clear_waypoints__type_support.hpp
[32.414s] -- Symlinking: /home/ovsj/Code/AutonomousBlueye/install/robot_interfaces/include/robot_interfaces/robot_interfaces/srv/detail/print_waypoints__builder.hpp
[32.442s] -- Symlinking: /home/ovsj/Code/AutonomousBlueye/install/robot_interfaces/include/robot_interfaces/robot_interfaces/srv/detail/print_waypoints__struct.hpp
[32.471s] -- Symlinking: /home/ovsj/Code/AutonomousBlueye/install/robot_interfaces/include/robot_interfaces/robot_interfaces/srv/detail/print_waypoints__traits.hpp
[32.511s] -- Symlinking: /home/ovsj/Code/AutonomousBlueye/install/robot_interfaces/include/robot_interfaces/robot_interfaces/srv/detail/print_waypoints__type_support.hpp
[32.528s] -- Symlinking: /home/ovsj/Code/AutonomousBlueye/install/robot_interfaces/include/robot_interfaces/robot_interfaces/srv/detail/remove_waypoint__builder.hpp
[32.546s] -- Symlinking: /home/ovsj/Code/AutonomousBlueye/install/robot_interfaces/include/robot_interfaces/robot_interfaces/srv/detail/remove_waypoint__struct.hpp
[32.557s] -- Symlinking: /home/ovsj/Code/AutonomousBlueye/install/robot_interfaces/include/robot_interfaces/robot_interfaces/srv/detail/remove_waypoint__traits.hpp
[32.587s] -- Symlinking: /home/ovsj/Code/AutonomousBlueye/install/robot_interfaces/include/robot_interfaces/robot_interfaces/srv/detail/remove_waypoint__type_support.hpp
[32.603s] -- Symlinking: /home/ovsj/Code/AutonomousBlueye/install/robot_interfaces/include/robot_interfaces/robot_interfaces/srv/detail/set_state__builder.hpp
[32.628s] -- Symlinking: /home/ovsj/Code/AutonomousBlueye/install/robot_interfaces/include/robot_interfaces/robot_interfaces/srv/detail/set_state__struct.hpp
[32.658s] -- Symlinking: /home/ovsj/Code/AutonomousBlueye/install/robot_interfaces/include/robot_interfaces/robot_interfaces/srv/detail/set_state__traits.hpp
[32.677s] -- Symlinking: /home/ovsj/Code/AutonomousBlueye/install/robot_interfaces/include/robot_interfaces/robot_interfaces/srv/detail/set_state__type_support.hpp
[32.696s] -- Symlinking: /home/ovsj/Code/AutonomousBlueye/install/robot_interfaces/include/robot_interfaces/robot_interfaces/srv/print_waypoints.hpp
[32.720s] -- Symlinking: /home/ovsj/Code/AutonomousBlueye/install/robot_interfaces/include/robot_interfaces/robot_interfaces/srv/remove_waypoint.hpp
[32.734s] -- Symlinking: /home/ovsj/Code/AutonomousBlueye/install/robot_interfaces/include/robot_interfaces/robot_interfaces/srv/set_state.hpp
[32.747s] -- Symlinking: /home/ovsj/Code/AutonomousBlueye/install/robot_interfaces/include/robot_interfaces/robot_interfaces/msg/detail/canny_chain_pos__rosidl_typesupport_fastrtps_cpp.hpp
[32.755s] -- Symlinking: /home/ovsj/Code/AutonomousBlueye/install/robot_interfaces/include/robot_interfaces/robot_interfaces/msg/detail/chain_pos__rosidl_typesupport_fastrtps_cpp.hpp
[32.770s] -- Symlinking: /home/ovsj/Code/AutonomousBlueye/install/robot_interfaces/include/robot_interfaces/robot_interfaces/msg/detail/desired_forces__rosidl_typesupport_fastrtps_cpp.hpp
[32.784s] -- Symlinking: /home/ovsj/Code/AutonomousBlueye/install/robot_interfaces/include/robot_interfaces/robot_interfaces/msg/detail/desired_velocity__rosidl_typesupport_fastrtps_cpp.hpp
[32.814s] -- Symlinking: /home/ovsj/Code/AutonomousBlueye/install/robot_interfaces/include/robot_interfaces/robot_interfaces/msg/detail/dvl__rosidl_typesupport_fastrtps_cpp.hpp
[32.827s] -- Symlinking: /home/ovsj/Code/AutonomousBlueye/install/robot_interfaces/include/robot_interfaces/robot_interfaces/msg/detail/median_chain_pos__rosidl_typesupport_fastrtps_cpp.hpp
[32.841s] -- Symlinking: /home/ovsj/Code/AutonomousBlueye/install/robot_interfaces/include/robot_interfaces/robot_interfaces/msg/detail/thresh_chain_pos__rosidl_typesupport_fastrtps_cpp.hpp
[32.851s] -- Symlinking: /home/ovsj/Code/AutonomousBlueye/install/robot_interfaces/include/robot_interfaces/robot_interfaces/msg/detail/yolo_box__rosidl_typesupport_fastrtps_cpp.hpp
[32.866s] -- Symlinking: /home/ovsj/Code/AutonomousBlueye/install/robot_interfaces/include/robot_interfaces/robot_interfaces/msg/detail/yolo_canny_chain_pose__rosidl_typesupport_fastrtps_cpp.hpp
[32.878s] -- Symlinking: /home/ovsj/Code/AutonomousBlueye/install/robot_interfaces/include/robot_interfaces/robot_interfaces/msg/detail/yolo_chain_pose__rosidl_typesupport_fastrtps_cpp.hpp
[32.898s] -- Symlinking: /home/ovsj/Code/AutonomousBlueye/install/robot_interfaces/include/robot_interfaces/robot_interfaces/msg/detail/yolo_median_chain_pose__rosidl_typesupport_fastrtps_cpp.hpp
[32.938s] -- Symlinking: /home/ovsj/Code/AutonomousBlueye/install/robot_interfaces/include/robot_interfaces/robot_interfaces/msg/detail/yolo_thresh_chain_pose__rosidl_typesupport_fastrtps_cpp.hpp
[32.974s] -- Symlinking: /home/ovsj/Code/AutonomousBlueye/install/robot_interfaces/include/robot_interfaces/robot_interfaces/msg/rosidl_typesupport_fastrtps_cpp__visibility_control.h
[33.010s] -- Symlinking: /home/ovsj/Code/AutonomousBlueye/install/robot_interfaces/include/robot_interfaces/robot_interfaces/srv/detail/add_waypoint__rosidl_typesupport_fastrtps_cpp.hpp
[33.051s] -- Symlinking: /home/ovsj/Code/AutonomousBlueye/install/robot_interfaces/include/robot_interfaces/robot_interfaces/srv/detail/clear_waypoints__rosidl_typesupport_fastrtps_cpp.hpp
[33.085s] -- Symlinking: /home/ovsj/Code/AutonomousBlueye/install/robot_interfaces/include/robot_interfaces/robot_interfaces/srv/detail/print_waypoints__rosidl_typesupport_fastrtps_cpp.hpp
[33.108s] -- Symlinking: /home/ovsj/Code/AutonomousBlueye/install/robot_interfaces/include/robot_interfaces/robot_interfaces/srv/detail/remove_waypoint__rosidl_typesupport_fastrtps_cpp.hpp
[33.117s] -- Symlinking: /home/ovsj/Code/AutonomousBlueye/install/robot_interfaces/include/robot_interfaces/robot_interfaces/srv/detail/set_state__rosidl_typesupport_fastrtps_cpp.hpp
[33.139s] -- Symlinking: /home/ovsj/Code/AutonomousBlueye/install/robot_interfaces/include/robot_interfaces/robot_interfaces/msg/detail/canny_chain_pos__rosidl_typesupport_introspection_c.h
[33.158s] -- Symlinking: /home/ovsj/Code/AutonomousBlueye/install/robot_interfaces/include/robot_interfaces/robot_interfaces/msg/detail/chain_pos__rosidl_typesupport_introspection_c.h
[33.172s] -- Symlinking: /home/ovsj/Code/AutonomousBlueye/install/robot_interfaces/include/robot_interfaces/robot_interfaces/msg/detail/desired_forces__rosidl_typesupport_introspection_c.h
[33.182s] -- Symlinking: /home/ovsj/Code/AutonomousBlueye/install/robot_interfaces/include/robot_interfaces/robot_interfaces/msg/detail/desired_velocity__rosidl_typesupport_introspection_c.h
[33.191s] -- Symlinking: /home/ovsj/Code/AutonomousBlueye/install/robot_interfaces/include/robot_interfaces/robot_interfaces/msg/detail/dvl__rosidl_typesupport_introspection_c.h
[33.206s] -- Symlinking: /home/ovsj/Code/AutonomousBlueye/install/robot_interfaces/include/robot_interfaces/robot_interfaces/msg/detail/median_chain_pos__rosidl_typesupport_introspection_c.h
[33.218s] -- Symlinking: /home/ovsj/Code/AutonomousBlueye/install/robot_interfaces/include/robot_interfaces/robot_interfaces/msg/detail/thresh_chain_pos__rosidl_typesupport_introspection_c.h
[33.268s] -- Symlinking: /home/ovsj/Code/AutonomousBlueye/install/robot_interfaces/include/robot_interfaces/robot_interfaces/msg/detail/yolo_box__rosidl_typesupport_introspection_c.h
[33.287s] -- Symlinking: /home/ovsj/Code/AutonomousBlueye/install/robot_interfaces/include/robot_interfaces/robot_interfaces/msg/detail/yolo_canny_chain_pose__rosidl_typesupport_introspection_c.h
[33.299s] -- Symlinking: /home/ovsj/Code/AutonomousBlueye/install/robot_interfaces/include/robot_interfaces/robot_interfaces/msg/detail/yolo_chain_pose__rosidl_typesupport_introspection_c.h
[33.332s] -- Symlinking: /home/ovsj/Code/AutonomousBlueye/install/robot_interfaces/include/robot_interfaces/robot_interfaces/msg/detail/yolo_median_chain_pose__rosidl_typesupport_introspection_c.h
[33.396s] -- Symlinking: /home/ovsj/Code/AutonomousBlueye/install/robot_interfaces/include/robot_interfaces/robot_interfaces/msg/detail/yolo_thresh_chain_pose__rosidl_typesupport_introspection_c.h
[33.412s] -- Symlinking: /home/ovsj/Code/AutonomousBlueye/install/robot_interfaces/include/robot_interfaces/robot_interfaces/msg/rosidl_typesupport_introspection_c__visibility_control.h
[33.447s] -- Symlinking: /home/ovsj/Code/AutonomousBlueye/install/robot_interfaces/include/robot_interfaces/robot_interfaces/srv/detail/add_waypoint__rosidl_typesupport_introspection_c.h
[33.477s] -- Symlinking: /home/ovsj/Code/AutonomousBlueye/install/robot_interfaces/include/robot_interfaces/robot_interfaces/srv/detail/clear_waypoints__rosidl_typesupport_introspection_c.h
[33.513s] -- Symlinking: /home/ovsj/Code/AutonomousBlueye/install/robot_interfaces/include/robot_interfaces/robot_interfaces/srv/detail/print_waypoints__rosidl_typesupport_introspection_c.h
[33.578s] -- Symlinking: /home/ovsj/Code/AutonomousBlueye/install/robot_interfaces/include/robot_interfaces/robot_interfaces/srv/detail/remove_waypoint__rosidl_typesupport_introspection_c.h
[33.593s] -- Symlinking: /home/ovsj/Code/AutonomousBlueye/install/robot_interfaces/include/robot_interfaces/robot_interfaces/srv/detail/set_state__rosidl_typesupport_introspection_c.h
[33.614s] -- Symlinking: /home/ovsj/Code/AutonomousBlueye/install/robot_interfaces/include/robot_interfaces/robot_interfaces/msg/detail/canny_chain_pos__rosidl_typesupport_introspection_cpp.hpp
[33.635s] -- Symlinking: /home/ovsj/Code/AutonomousBlueye/install/robot_interfaces/include/robot_interfaces/robot_interfaces/msg/detail/chain_pos__rosidl_typesupport_introspection_cpp.hpp
[33.641s] -- Symlinking: /home/ovsj/Code/AutonomousBlueye/install/robot_interfaces/include/robot_interfaces/robot_interfaces/msg/detail/desired_forces__rosidl_typesupport_introspection_cpp.hpp
[33.683s] -- Symlinking: /home/ovsj/Code/AutonomousBlueye/install/robot_interfaces/include/robot_interfaces/robot_interfaces/msg/detail/desired_velocity__rosidl_typesupport_introspection_cpp.hpp
[33.704s] -- Symlinking: /home/ovsj/Code/AutonomousBlueye/install/robot_interfaces/include/robot_interfaces/robot_interfaces/msg/detail/dvl__rosidl_typesupport_introspection_cpp.hpp
[33.713s] -- Symlinking: /home/ovsj/Code/AutonomousBlueye/install/robot_interfaces/include/robot_interfaces/robot_interfaces/msg/detail/median_chain_pos__rosidl_typesupport_introspection_cpp.hpp
[33.743s] -- Symlinking: /home/ovsj/Code/AutonomousBlueye/install/robot_interfaces/include/robot_interfaces/robot_interfaces/msg/detail/thresh_chain_pos__rosidl_typesupport_introspection_cpp.hpp
[33.759s] -- Symlinking: /home/ovsj/Code/AutonomousBlueye/install/robot_interfaces/include/robot_interfaces/robot_interfaces/msg/detail/yolo_box__rosidl_typesupport_introspection_cpp.hpp
[33.785s] -- Symlinking: /home/ovsj/Code/AutonomousBlueye/install/robot_interfaces/include/robot_interfaces/robot_interfaces/msg/detail/yolo_canny_chain_pose__rosidl_typesupport_introspection_cpp.hpp
[33.812s] -- Symlinking: /home/ovsj/Code/AutonomousBlueye/install/robot_interfaces/include/robot_interfaces/robot_interfaces/msg/detail/yolo_chain_pose__rosidl_typesupport_introspection_cpp.hpp
[33.850s] -- Symlinking: /home/ovsj/Code/AutonomousBlueye/install/robot_interfaces/include/robot_interfaces/robot_interfaces/msg/detail/yolo_median_chain_pose__rosidl_typesupport_introspection_cpp.hpp
[33.865s] -- Symlinking: /home/ovsj/Code/AutonomousBlueye/install/robot_interfaces/include/robot_interfaces/robot_interfaces/msg/detail/yolo_thresh_chain_pose__rosidl_typesupport_introspection_cpp.hpp
[33.880s] -- Symlinking: /home/ovsj/Code/AutonomousBlueye/install/robot_interfaces/include/robot_interfaces/robot_interfaces/srv/detail/add_waypoint__rosidl_typesupport_introspection_cpp.hpp
[33.930s] -- Symlinking: /home/ovsj/Code/AutonomousBlueye/install/robot_interfaces/include/robot_interfaces/robot_interfaces/srv/detail/clear_waypoints__rosidl_typesupport_introspection_cpp.hpp
[33.968s] -- Symlinking: /home/ovsj/Code/AutonomousBlueye/install/robot_interfaces/include/robot_interfaces/robot_interfaces/srv/detail/print_waypoints__rosidl_typesupport_introspection_cpp.hpp
[33.995s] -- Symlinking: /home/ovsj/Code/AutonomousBlueye/install/robot_interfaces/include/robot_interfaces/robot_interfaces/srv/detail/remove_waypoint__rosidl_typesupport_introspection_cpp.hpp
[34.013s] -- Symlinking: /home/ovsj/Code/AutonomousBlueye/install/robot_interfaces/include/robot_interfaces/robot_interfaces/srv/detail/set_state__rosidl_typesupport_introspection_cpp.hpp
[34.031s] -- Symlinking: /home/ovsj/Code/AutonomousBlueye/install/robot_interfaces/share/robot_interfaces/environment/pythonpath.sh
[34.072s] -- Symlinking: /home/ovsj/Code/AutonomousBlueye/install/robot_interfaces/share/robot_interfaces/environment/pythonpath.dsv
[34.122s] -- Symlinking: /home/ovsj/Code/AutonomousBlueye/install/robot_interfaces/local/lib/python3.10/dist-packages/robot_interfaces-0.0.0-py3.10.egg-info/PKG-INFO
[34.154s] -- Symlinking: /home/ovsj/Code/AutonomousBlueye/install/robot_interfaces/local/lib/python3.10/dist-packages/robot_interfaces-0.0.0-py3.10.egg-info/SOURCES.txt
[34.176s] -- Symlinking: /home/ovsj/Code/AutonomousBlueye/install/robot_interfaces/local/lib/python3.10/dist-packages/robot_interfaces-0.0.0-py3.10.egg-info/dependency_links.txt
[34.192s] -- Symlinking: /home/ovsj/Code/AutonomousBlueye/install/robot_interfaces/local/lib/python3.10/dist-packages/robot_interfaces-0.0.0-py3.10.egg-info/top_level.txt
[34.213s] -- Symlinking: /home/ovsj/Code/AutonomousBlueye/install/robot_interfaces/local/lib/python3.10/dist-packages/robot_interfaces/__init__.py
[34.229s] -- Symlinking: /home/ovsj/Code/AutonomousBlueye/install/robot_interfaces/local/lib/python3.10/dist-packages/robot_interfaces/_robot_interfaces_s.ep.rosidl_typesupport_c.c
[34.251s] -- Symlinking: /home/ovsj/Code/AutonomousBlueye/install/robot_interfaces/local/lib/python3.10/dist-packages/robot_interfaces/_robot_interfaces_s.ep.rosidl_typesupport_fastrtps_c.c
[34.273s] -- Symlinking: /home/ovsj/Code/AutonomousBlueye/install/robot_interfaces/local/lib/python3.10/dist-packages/robot_interfaces/_robot_interfaces_s.ep.rosidl_typesupport_introspection_c.c
[34.280s] -- Symlinking: /home/ovsj/Code/AutonomousBlueye/install/robot_interfaces/local/lib/python3.10/dist-packages/robot_interfaces/librobot_interfaces__rosidl_generator_py.so
[34.292s] -- Symlinking: /home/ovsj/Code/AutonomousBlueye/install/robot_interfaces/local/lib/python3.10/dist-packages/robot_interfaces/msg/__init__.py
[34.310s] -- Symlinking: /home/ovsj/Code/AutonomousBlueye/install/robot_interfaces/local/lib/python3.10/dist-packages/robot_interfaces/msg/_canny_chain_pos.py
[34.339s] -- Symlinking: /home/ovsj/Code/AutonomousBlueye/install/robot_interfaces/local/lib/python3.10/dist-packages/robot_interfaces/msg/_canny_chain_pos_s.c
[34.373s] -- Symlinking: /home/ovsj/Code/AutonomousBlueye/install/robot_interfaces/local/lib/python3.10/dist-packages/robot_interfaces/msg/_chain_pos.py
[34.398s] -- Symlinking: /home/ovsj/Code/AutonomousBlueye/install/robot_interfaces/local/lib/python3.10/dist-packages/robot_interfaces/msg/_chain_pos_s.c
[34.424s] -- Symlinking: /home/ovsj/Code/AutonomousBlueye/install/robot_interfaces/local/lib/python3.10/dist-packages/robot_interfaces/msg/_desired_forces.py
[34.442s] -- Symlinking: /home/ovsj/Code/AutonomousBlueye/install/robot_interfaces/local/lib/python3.10/dist-packages/robot_interfaces/msg/_desired_forces_s.c
[34.455s] -- Symlinking: /home/ovsj/Code/AutonomousBlueye/install/robot_interfaces/local/lib/python3.10/dist-packages/robot_interfaces/msg/_desired_velocity.py
[34.488s] -- Symlinking: /home/ovsj/Code/AutonomousBlueye/install/robot_interfaces/local/lib/python3.10/dist-packages/robot_interfaces/msg/_desired_velocity_s.c
[34.501s] -- Symlinking: /home/ovsj/Code/AutonomousBlueye/install/robot_interfaces/local/lib/python3.10/dist-packages/robot_interfaces/msg/_dvl.py
[34.512s] -- Symlinking: /home/ovsj/Code/AutonomousBlueye/install/robot_interfaces/local/lib/python3.10/dist-packages/robot_interfaces/msg/_dvl_s.c
[34.523s] -- Symlinking: /home/ovsj/Code/AutonomousBlueye/install/robot_interfaces/local/lib/python3.10/dist-packages/robot_interfaces/msg/_median_chain_pos.py
[34.559s] -- Symlinking: /home/ovsj/Code/AutonomousBlueye/install/robot_interfaces/local/lib/python3.10/dist-packages/robot_interfaces/msg/_median_chain_pos_s.c
[34.578s] -- Symlinking: /home/ovsj/Code/AutonomousBlueye/install/robot_interfaces/local/lib/python3.10/dist-packages/robot_interfaces/msg/_thresh_chain_pos.py
[34.593s] -- Symlinking: /home/ovsj/Code/AutonomousBlueye/install/robot_interfaces/local/lib/python3.10/dist-packages/robot_interfaces/msg/_thresh_chain_pos_s.c
[34.601s] -- Symlinking: /home/ovsj/Code/AutonomousBlueye/install/robot_interfaces/local/lib/python3.10/dist-packages/robot_interfaces/msg/_yolo_box.py
[34.616s] -- Symlinking: /home/ovsj/Code/AutonomousBlueye/install/robot_interfaces/local/lib/python3.10/dist-packages/robot_interfaces/msg/_yolo_box_s.c
[34.623s] -- Symlinking: /home/ovsj/Code/AutonomousBlueye/install/robot_interfaces/local/lib/python3.10/dist-packages/robot_interfaces/msg/_yolo_canny_chain_pose.py
[34.635s] -- Symlinking: /home/ovsj/Code/AutonomousBlueye/install/robot_interfaces/local/lib/python3.10/dist-packages/robot_interfaces/msg/_yolo_canny_chain_pose_s.c
[34.648s] -- Symlinking: /home/ovsj/Code/AutonomousBlueye/install/robot_interfaces/local/lib/python3.10/dist-packages/robot_interfaces/msg/_yolo_chain_pose.py
[34.658s] -- Symlinking: /home/ovsj/Code/AutonomousBlueye/install/robot_interfaces/local/lib/python3.10/dist-packages/robot_interfaces/msg/_yolo_chain_pose_s.c
[34.674s] -- Symlinking: /home/ovsj/Code/AutonomousBlueye/install/robot_interfaces/local/lib/python3.10/dist-packages/robot_interfaces/msg/_yolo_median_chain_pose.py
[34.686s] -- Symlinking: /home/ovsj/Code/AutonomousBlueye/install/robot_interfaces/local/lib/python3.10/dist-packages/robot_interfaces/msg/_yolo_median_chain_pose_s.c
[34.694s] -- Symlinking: /home/ovsj/Code/AutonomousBlueye/install/robot_interfaces/local/lib/python3.10/dist-packages/robot_interfaces/msg/_yolo_thresh_chain_pose.py
[34.704s] -- Symlinking: /home/ovsj/Code/AutonomousBlueye/install/robot_interfaces/local/lib/python3.10/dist-packages/robot_interfaces/msg/_yolo_thresh_chain_pose_s.c
[34.713s] -- Symlinking: /home/ovsj/Code/AutonomousBlueye/install/robot_interfaces/local/lib/python3.10/dist-packages/robot_interfaces/robot_interfaces_s__rosidl_typesupport_c.cpython-310-aarch64-linux-gnu.so
[34.722s] -- Symlinking: /home/ovsj/Code/AutonomousBlueye/install/robot_interfaces/local/lib/python3.10/dist-packages/robot_interfaces/robot_interfaces_s__rosidl_typesupport_fastrtps_c.cpython-310-aarch64-linux-gnu.so
[34.728s] -- Symlinking: /home/ovsj/Code/AutonomousBlueye/install/robot_interfaces/local/lib/python3.10/dist-packages/robot_interfaces/robot_interfaces_s__rosidl_typesupport_introspection_c.cpython-310-aarch64-linux-gnu.so
[34.738s] -- Symlinking: /home/ovsj/Code/AutonomousBlueye/install/robot_interfaces/local/lib/python3.10/dist-packages/robot_interfaces/srv/__init__.py
[34.747s] -- Symlinking: /home/ovsj/Code/AutonomousBlueye/install/robot_interfaces/local/lib/python3.10/dist-packages/robot_interfaces/srv/_add_waypoint.py
[34.753s] -- Symlinking: /home/ovsj/Code/AutonomousBlueye/install/robot_interfaces/local/lib/python3.10/dist-packages/robot_interfaces/srv/_add_waypoint_s.c
[34.763s] -- Symlinking: /home/ovsj/Code/AutonomousBlueye/install/robot_interfaces/local/lib/python3.10/dist-packages/robot_interfaces/srv/_clear_waypoints.py
[34.771s] -- Symlinking: /home/ovsj/Code/AutonomousBlueye/install/robot_interfaces/local/lib/python3.10/dist-packages/robot_interfaces/srv/_clear_waypoints_s.c
[34.785s] -- Symlinking: /home/ovsj/Code/AutonomousBlueye/install/robot_interfaces/local/lib/python3.10/dist-packages/robot_interfaces/srv/_print_waypoints.py
[34.792s] -- Symlinking: /home/ovsj/Code/AutonomousBlueye/install/robot_interfaces/local/lib/python3.10/dist-packages/robot_interfaces/srv/_print_waypoints_s.c
[34.803s] -- Symlinking: /home/ovsj/Code/AutonomousBlueye/install/robot_interfaces/local/lib/python3.10/dist-packages/robot_interfaces/srv/_remove_waypoint.py
[34.814s] -- Symlinking: /home/ovsj/Code/AutonomousBlueye/install/robot_interfaces/local/lib/python3.10/dist-packages/robot_interfaces/srv/_remove_waypoint_s.c
[34.835s] -- Symlinking: /home/ovsj/Code/AutonomousBlueye/install/robot_interfaces/local/lib/python3.10/dist-packages/robot_interfaces/srv/_set_state.py
[34.865s] -- Symlinking: /home/ovsj/Code/AutonomousBlueye/install/robot_interfaces/local/lib/python3.10/dist-packages/robot_interfaces/srv/_set_state_s.c
[34.877s] -- Up-to-date symlink: /home/ovsj/Code/AutonomousBlueye/install/robot_interfaces/local/lib/python3.10/dist-packages/robot_interfaces/robot_interfaces_s__rosidl_typesupport_fastrtps_c.cpython-310-aarch64-linux-gnu.so
[34.881s] -- Up-to-date symlink: /home/ovsj/Code/AutonomousBlueye/install/robot_interfaces/local/lib/python3.10/dist-packages/robot_interfaces/robot_interfaces_s__rosidl_typesupport_introspection_c.cpython-310-aarch64-linux-gnu.so
[34.883s] -- Up-to-date symlink: /home/ovsj/Code/AutonomousBlueye/install/robot_interfaces/local/lib/python3.10/dist-packages/robot_interfaces/robot_interfaces_s__rosidl_typesupport_c.cpython-310-aarch64-linux-gnu.so
[34.884s] -- Symlinking: /home/ovsj/Code/AutonomousBlueye/install/robot_interfaces/share/robot_interfaces/msg/DVL.idl
[34.911s] -- Symlinking: /home/ovsj/Code/AutonomousBlueye/install/robot_interfaces/share/robot_interfaces/msg/DesiredVelocity.idl
[34.928s] -- Symlinking: /home/ovsj/Code/AutonomousBlueye/install/robot_interfaces/share/robot_interfaces/msg/ChainPos.idl
[34.963s] -- Symlinking: /home/ovsj/Code/AutonomousBlueye/install/robot_interfaces/share/robot_interfaces/msg/YoloChainPose.idl
[34.973s] -- Symlinking: /home/ovsj/Code/AutonomousBlueye/install/robot_interfaces/share/robot_interfaces/msg/YoloBox.idl
[34.982s] -- Symlinking: /home/ovsj/Code/AutonomousBlueye/install/robot_interfaces/share/robot_interfaces/msg/YoloCannyChainPose.idl
[34.991s] -- Symlinking: /home/ovsj/Code/AutonomousBlueye/install/robot_interfaces/share/robot_interfaces/msg/YoloThreshChainPose.idl
[35.009s] -- Symlinking: /home/ovsj/Code/AutonomousBlueye/install/robot_interfaces/share/robot_interfaces/msg/YoloMedianChainPose.idl
[35.038s] -- Symlinking: /home/ovsj/Code/AutonomousBlueye/install/robot_interfaces/share/robot_interfaces/msg/ThreshChainPos.idl
[35.053s] -- Symlinking: /home/ovsj/Code/AutonomousBlueye/install/robot_interfaces/share/robot_interfaces/msg/MedianChainPos.idl
[35.070s] -- Symlinking: /home/ovsj/Code/AutonomousBlueye/install/robot_interfaces/share/robot_interfaces/msg/CannyChainPos.idl
[35.085s] -- Symlinking: /home/ovsj/Code/AutonomousBlueye/install/robot_interfaces/share/robot_interfaces/msg/DesiredForces.idl
[35.101s] -- Symlinking: /home/ovsj/Code/AutonomousBlueye/install/robot_interfaces/share/robot_interfaces/srv/AddWaypoint.idl
[35.120s] -- Symlinking: /home/ovsj/Code/AutonomousBlueye/install/robot_interfaces/share/robot_interfaces/srv/ClearWaypoints.idl
[35.134s] -- Symlinking: /home/ovsj/Code/AutonomousBlueye/install/robot_interfaces/share/robot_interfaces/srv/PrintWaypoints.idl
[35.150s] -- Symlinking: /home/ovsj/Code/AutonomousBlueye/install/robot_interfaces/share/robot_interfaces/srv/RemoveWaypoint.idl
[35.159s] -- Symlinking: /home/ovsj/Code/AutonomousBlueye/install/robot_interfaces/share/robot_interfaces/srv/SetState.idl
[35.168s] -- Symlinking: /home/ovsj/Code/AutonomousBlueye/install/robot_interfaces/share/robot_interfaces/msg/DVL.msg
[35.175s] -- Symlinking: /home/ovsj/Code/AutonomousBlueye/install/robot_interfaces/share/robot_interfaces/msg/DesiredVelocity.msg
[35.179s] -- Symlinking: /home/ovsj/Code/AutonomousBlueye/install/robot_interfaces/share/robot_interfaces/msg/ChainPos.msg
[35.188s] -- Symlinking: /home/ovsj/Code/AutonomousBlueye/install/robot_interfaces/share/robot_interfaces/msg/YoloChainPose.msg
[35.198s] -- Symlinking: /home/ovsj/Code/AutonomousBlueye/install/robot_interfaces/share/robot_interfaces/msg/YoloBox.msg
[35.207s] -- Symlinking: /home/ovsj/Code/AutonomousBlueye/install/robot_interfaces/share/robot_interfaces/msg/YoloCannyChainPose.msg
[35.215s] -- Symlinking: /home/ovsj/Code/AutonomousBlueye/install/robot_interfaces/share/robot_interfaces/msg/YoloThreshChainPose.msg
[35.235s] -- Symlinking: /home/ovsj/Code/AutonomousBlueye/install/robot_interfaces/share/robot_interfaces/msg/YoloMedianChainPose.msg
[35.246s] -- Symlinking: /home/ovsj/Code/AutonomousBlueye/install/robot_interfaces/share/robot_interfaces/msg/ThreshChainPos.msg
[35.253s] -- Symlinking: /home/ovsj/Code/AutonomousBlueye/install/robot_interfaces/share/robot_interfaces/msg/MedianChainPos.msg
[35.263s] -- Symlinking: /home/ovsj/Code/AutonomousBlueye/install/robot_interfaces/share/robot_interfaces/msg/CannyChainPos.msg
[35.272s] -- Symlinking: /home/ovsj/Code/AutonomousBlueye/install/robot_interfaces/share/robot_interfaces/msg/DesiredForces.msg
[35.293s] -- Symlinking: /home/ovsj/Code/AutonomousBlueye/install/robot_interfaces/share/robot_interfaces/srv/AddWaypoint.srv
[35.298s] -- Symlinking: /home/ovsj/Code/AutonomousBlueye/install/robot_interfaces/share/robot_interfaces/srv/AddWaypoint_Request.msg
[35.307s] -- Symlinking: /home/ovsj/Code/AutonomousBlueye/install/robot_interfaces/share/robot_interfaces/srv/AddWaypoint_Response.msg
[35.322s] -- Symlinking: /home/ovsj/Code/AutonomousBlueye/install/robot_interfaces/share/robot_interfaces/srv/ClearWaypoints.srv
[35.344s] -- Symlinking: /home/ovsj/Code/AutonomousBlueye/install/robot_interfaces/share/robot_interfaces/srv/ClearWaypoints_Request.msg
[35.358s] -- Symlinking: /home/ovsj/Code/AutonomousBlueye/install/robot_interfaces/share/robot_interfaces/srv/ClearWaypoints_Response.msg
[35.376s] -- Symlinking: /home/ovsj/Code/AutonomousBlueye/install/robot_interfaces/share/robot_interfaces/srv/PrintWaypoints.srv
[35.395s] -- Symlinking: /home/ovsj/Code/AutonomousBlueye/install/robot_interfaces/share/robot_interfaces/srv/PrintWaypoints_Request.msg
[35.415s] -- Symlinking: /home/ovsj/Code/AutonomousBlueye/install/robot_interfaces/share/robot_interfaces/srv/PrintWaypoints_Response.msg
[35.422s] -- Symlinking: /home/ovsj/Code/AutonomousBlueye/install/robot_interfaces/share/robot_interfaces/srv/RemoveWaypoint.srv
[35.426s] -- Symlinking: /home/ovsj/Code/AutonomousBlueye/install/robot_interfaces/share/robot_interfaces/srv/RemoveWaypoint_Request.msg
[35.433s] -- Symlinking: /home/ovsj/Code/AutonomousBlueye/install/robot_interfaces/share/robot_interfaces/srv/RemoveWaypoint_Response.msg
[35.447s] -- Symlinking: /home/ovsj/Code/AutonomousBlueye/install/robot_interfaces/share/robot_interfaces/srv/SetState.srv
[35.475s] -- Symlinking: /home/ovsj/Code/AutonomousBlueye/install/robot_interfaces/share/robot_interfaces/srv/SetState_Request.msg
[35.497s] -- Symlinking: /home/ovsj/Code/AutonomousBlueye/install/robot_interfaces/share/robot_interfaces/srv/SetState_Response.msg
[35.509s] -- Symlinking: /home/ovsj/Code/AutonomousBlueye/install/robot_interfaces/share/ament_index/resource_index/package_run_dependencies/robot_interfaces
[35.514s] -- Symlinking: /home/ovsj/Code/AutonomousBlueye/install/robot_interfaces/share/ament_index/resource_index/parent_prefix_path/robot_interfaces
[35.519s] -- Symlinking: /home/ovsj/Code/AutonomousBlueye/install/robot_interfaces/share/robot_interfaces/environment/ament_prefix_path.sh
[35.550s] -- Symlinking: /home/ovsj/Code/AutonomousBlueye/install/robot_interfaces/share/robot_interfaces/environment/ament_prefix_path.dsv
[35.586s] -- Symlinking: /home/ovsj/Code/AutonomousBlueye/install/robot_interfaces/share/robot_interfaces/environment/path.sh
[35.606s] -- Symlinking: /home/ovsj/Code/AutonomousBlueye/install/robot_interfaces/share/robot_interfaces/environment/path.dsv
[35.625s] -- Symlinking: /home/ovsj/Code/AutonomousBlueye/install/robot_interfaces/share/robot_interfaces/local_setup.bash
[35.652s] -- Symlinking: /home/ovsj/Code/AutonomousBlueye/install/robot_interfaces/share/robot_interfaces/local_setup.sh
[35.673s] -- Symlinking: /home/ovsj/Code/AutonomousBlueye/install/robot_interfaces/share/robot_interfaces/local_setup.zsh
[35.685s] -- Symlinking: /home/ovsj/Code/AutonomousBlueye/install/robot_interfaces/share/robot_interfaces/local_setup.dsv
[35.701s] -- Symlinking: /home/ovsj/Code/AutonomousBlueye/install/robot_interfaces/share/robot_interfaces/package.dsv
[35.725s] -- Symlinking: /home/ovsj/Code/AutonomousBlueye/install/robot_interfaces/share/ament_index/resource_index/packages/robot_interfaces
[35.754s] -- Symlinking: /home/ovsj/Code/AutonomousBlueye/install/robot_interfaces/share/robot_interfaces/cmake/rosidl_cmake-extras.cmake
[35.779s] -- Symlinking: /home/ovsj/Code/AutonomousBlueye/install/robot_interfaces/share/robot_interfaces/cmake/ament_cmake_export_dependencies-extras.cmake
[35.797s] -- Symlinking: /home/ovsj/Code/AutonomousBlueye/install/robot_interfaces/share/robot_interfaces/cmake/ament_cmake_export_include_directories-extras.cmake
[35.826s] -- Symlinking: /home/ovsj/Code/AutonomousBlueye/install/robot_interfaces/share/robot_interfaces/cmake/ament_cmake_export_libraries-extras.cmake
[35.844s] -- Symlinking: /home/ovsj/Code/AutonomousBlueye/install/robot_interfaces/share/robot_interfaces/cmake/ament_cmake_export_targets-extras.cmake
[35.861s] -- Symlinking: /home/ovsj/Code/AutonomousBlueye/install/robot_interfaces/share/robot_interfaces/cmake/rosidl_cmake_export_typesupport_targets-extras.cmake
[35.878s] -- Symlinking: /home/ovsj/Code/AutonomousBlueye/install/robot_interfaces/share/robot_interfaces/cmake/rosidl_cmake_export_typesupport_libraries-extras.cmake
[35.891s] -- Symlinking: /home/ovsj/Code/AutonomousBlueye/install/robot_interfaces/share/robot_interfaces/cmake/robot_interfacesConfig.cmake
[35.912s] -- Symlinking: /home/ovsj/Code/AutonomousBlueye/install/robot_interfaces/share/robot_interfaces/cmake/robot_interfacesConfig-version.cmake
[35.941s] -- Symlinking: /home/ovsj/Code/AutonomousBlueye/install/robot_interfaces/share/robot_interfaces/package.xml
[35.951s] -- Installing: /home/ovsj/Code/AutonomousBlueye/install/robot_interfaces/lib/librobot_interfaces__rosidl_generator_c.so
[35.955s] -- Set runtime path of "/home/ovsj/Code/AutonomousBlueye/install/robot_interfaces/lib/librobot_interfaces__rosidl_generator_c.so" to ""
[35.960s] -- Installing: /home/ovsj/Code/AutonomousBlueye/install/robot_interfaces/lib/librobot_interfaces__rosidl_typesupport_fastrtps_c.so
[35.960s] -- Set runtime path of "/home/ovsj/Code/AutonomousBlueye/install/robot_interfaces/lib/librobot_interfaces__rosidl_typesupport_fastrtps_c.so" to ""
[35.960s] -- Installing: /home/ovsj/Code/AutonomousBlueye/install/robot_interfaces/lib/librobot_interfaces__rosidl_typesupport_fastrtps_cpp.so
[35.960s] -- Set runtime path of "/home/ovsj/Code/AutonomousBlueye/install/robot_interfaces/lib/librobot_interfaces__rosidl_typesupport_fastrtps_cpp.so" to ""
[35.960s] -- Installing: /home/ovsj/Code/AutonomousBlueye/install/robot_interfaces/lib/librobot_interfaces__rosidl_typesupport_introspection_c.so
[35.960s] -- Set runtime path of "/home/ovsj/Code/AutonomousBlueye/install/robot_interfaces/lib/librobot_interfaces__rosidl_typesupport_introspection_c.so" to ""
[35.960s] -- Installing: /home/ovsj/Code/AutonomousBlueye/install/robot_interfaces/lib/librobot_interfaces__rosidl_typesupport_c.so
[35.960s] -- Set runtime path of "/home/ovsj/Code/AutonomousBlueye/install/robot_interfaces/lib/librobot_interfaces__rosidl_typesupport_c.so" to ""
[35.960s] -- Installing: /home/ovsj/Code/AutonomousBlueye/install/robot_interfaces/lib/librobot_interfaces__rosidl_typesupport_introspection_cpp.so
[35.961s] -- Set runtime path of "/home/ovsj/Code/AutonomousBlueye/install/robot_interfaces/lib/librobot_interfaces__rosidl_typesupport_introspection_cpp.so" to ""
[35.962s] -- Installing: /home/ovsj/Code/AutonomousBlueye/install/robot_interfaces/lib/librobot_interfaces__rosidl_typesupport_cpp.so
[35.962s] -- Set runtime path of "/home/ovsj/Code/AutonomousBlueye/install/robot_interfaces/lib/librobot_interfaces__rosidl_typesupport_cpp.so" to ""
[36.105s] Listing '/home/ovsj/Code/AutonomousBlueye/install/robot_interfaces/local/lib/python3.10/dist-packages/robot_interfaces'...
[36.105s] Compiling '/home/ovsj/Code/AutonomousBlueye/install/robot_interfaces/local/lib/python3.10/dist-packages/robot_interfaces/__init__.py'...
[36.105s] Listing '/home/ovsj/Code/AutonomousBlueye/install/robot_interfaces/local/lib/python3.10/dist-packages/robot_interfaces/msg'...
[36.105s] Compiling '/home/ovsj/Code/AutonomousBlueye/install/robot_interfaces/local/lib/python3.10/dist-packages/robot_interfaces/msg/__init__.py'...
[36.105s] Compiling '/home/ovsj/Code/AutonomousBlueye/install/robot_interfaces/local/lib/python3.10/dist-packages/robot_interfaces/msg/_canny_chain_pos.py'...
[36.105s] Compiling '/home/ovsj/Code/AutonomousBlueye/install/robot_interfaces/local/lib/python3.10/dist-packages/robot_interfaces/msg/_chain_pos.py'...
[36.105s] Compiling '/home/ovsj/Code/AutonomousBlueye/install/robot_interfaces/local/lib/python3.10/dist-packages/robot_interfaces/msg/_desired_forces.py'...
[36.105s] Compiling '/home/ovsj/Code/AutonomousBlueye/install/robot_interfaces/local/lib/python3.10/dist-packages/robot_interfaces/msg/_desired_velocity.py'...
[36.105s] Compiling '/home/ovsj/Code/AutonomousBlueye/install/robot_interfaces/local/lib/python3.10/dist-packages/robot_interfaces/msg/_dvl.py'...
[36.105s] Compiling '/home/ovsj/Code/AutonomousBlueye/install/robot_interfaces/local/lib/python3.10/dist-packages/robot_interfaces/msg/_median_chain_pos.py'...
[36.105s] Compiling '/home/ovsj/Code/AutonomousBlueye/install/robot_interfaces/local/lib/python3.10/dist-packages/robot_interfaces/msg/_thresh_chain_pos.py'...
[36.106s] Compiling '/home/ovsj/Code/AutonomousBlueye/install/robot_interfaces/local/lib/python3.10/dist-packages/robot_interfaces/msg/_yolo_box.py'...
[36.106s] Compiling '/home/ovsj/Code/AutonomousBlueye/install/robot_interfaces/local/lib/python3.10/dist-packages/robot_interfaces/msg/_yolo_canny_chain_pose.py'...
[36.106s] Compiling '/home/ovsj/Code/AutonomousBlueye/install/robot_interfaces/local/lib/python3.10/dist-packages/robot_interfaces/msg/_yolo_chain_pose.py'...
[36.106s] Compiling '/home/ovsj/Code/AutonomousBlueye/install/robot_interfaces/local/lib/python3.10/dist-packages/robot_interfaces/msg/_yolo_median_chain_pose.py'...
[36.106s] Compiling '/home/ovsj/Code/AutonomousBlueye/install/robot_interfaces/local/lib/python3.10/dist-packages/robot_interfaces/msg/_yolo_thresh_chain_pose.py'...
[36.106s] Listing '/home/ovsj/Code/AutonomousBlueye/install/robot_interfaces/local/lib/python3.10/dist-packages/robot_interfaces/srv'...
[36.106s] Compiling '/home/ovsj/Code/AutonomousBlueye/install/robot_interfaces/local/lib/python3.10/dist-packages/robot_interfaces/srv/__init__.py'...
[36.106s] Compiling '/home/ovsj/Code/AutonomousBlueye/install/robot_interfaces/local/lib/python3.10/dist-packages/robot_interfaces/srv/_add_waypoint.py'...
[36.106s] Compiling '/home/ovsj/Code/AutonomousBlueye/install/robot_interfaces/local/lib/python3.10/dist-packages/robot_interfaces/srv/_clear_waypoints.py'...
[36.106s] Compiling '/home/ovsj/Code/AutonomousBlueye/install/robot_interfaces/local/lib/python3.10/dist-packages/robot_interfaces/srv/_print_waypoints.py'...
[36.106s] Compiling '/home/ovsj/Code/AutonomousBlueye/install/robot_interfaces/local/lib/python3.10/dist-packages/robot_interfaces/srv/_remove_waypoint.py'...
[36.106s] Compiling '/home/ovsj/Code/AutonomousBlueye/install/robot_interfaces/local/lib/python3.10/dist-packages/robot_interfaces/srv/_set_state.py'...
[36.112s] -- Installing: /home/ovsj/Code/AutonomousBlueye/install/robot_interfaces/lib/librobot_interfaces__rosidl_generator_py.so
[36.113s] -- Set runtime path of "/home/ovsj/Code/AutonomousBlueye/install/robot_interfaces/lib/librobot_interfaces__rosidl_generator_py.so" to ""
[36.116s] -- Installing: /home/ovsj/Code/AutonomousBlueye/install/robot_interfaces/share/robot_interfaces/cmake/export_robot_interfaces__rosidl_generator_cExport.cmake
[36.117s] -- Installing: /home/ovsj/Code/AutonomousBlueye/install/robot_interfaces/share/robot_interfaces/cmake/export_robot_interfaces__rosidl_generator_cExport-noconfig.cmake
[36.117s] -- Installing: /home/ovsj/Code/AutonomousBlueye/install/robot_interfaces/share/robot_interfaces/cmake/export_robot_interfaces__rosidl_typesupport_fastrtps_cExport.cmake
[36.117s] -- Installing: /home/ovsj/Code/AutonomousBlueye/install/robot_interfaces/share/robot_interfaces/cmake/export_robot_interfaces__rosidl_typesupport_fastrtps_cExport-noconfig.cmake
[36.117s] -- Installing: /home/ovsj/Code/AutonomousBlueye/install/robot_interfaces/share/robot_interfaces/cmake/export_robot_interfaces__rosidl_generator_cppExport.cmake
[36.117s] -- Installing: /home/ovsj/Code/AutonomousBlueye/install/robot_interfaces/share/robot_interfaces/cmake/export_robot_interfaces__rosidl_typesupport_fastrtps_cppExport.cmake
[36.118s] -- Installing: /home/ovsj/Code/AutonomousBlueye/install/robot_interfaces/share/robot_interfaces/cmake/export_robot_interfaces__rosidl_typesupport_fastrtps_cppExport-noconfig.cmake
[36.118s] -- Installing: /home/ovsj/Code/AutonomousBlueye/install/robot_interfaces/share/robot_interfaces/cmake/robot_interfaces__rosidl_typesupport_introspection_cExport.cmake
[36.119s] -- Installing: /home/ovsj/Code/AutonomousBlueye/install/robot_interfaces/share/robot_interfaces/cmake/robot_interfaces__rosidl_typesupport_introspection_cExport-noconfig.cmake
[36.119s] -- Installing: /home/ovsj/Code/AutonomousBlueye/install/robot_interfaces/share/robot_interfaces/cmake/robot_interfaces__rosidl_typesupport_cExport.cmake
[36.120s] -- Installing: /home/ovsj/Code/AutonomousBlueye/install/robot_interfaces/share/robot_interfaces/cmake/robot_interfaces__rosidl_typesupport_cExport-noconfig.cmake
[36.121s] -- Installing: /home/ovsj/Code/AutonomousBlueye/install/robot_interfaces/share/robot_interfaces/cmake/robot_interfaces__rosidl_typesupport_introspection_cppExport.cmake
[36.121s] -- Installing: /home/ovsj/Code/AutonomousBlueye/install/robot_interfaces/share/robot_interfaces/cmake/robot_interfaces__rosidl_typesupport_introspection_cppExport-noconfig.cmake
[36.121s] -- Installing: /home/ovsj/Code/AutonomousBlueye/install/robot_interfaces/share/robot_interfaces/cmake/robot_interfaces__rosidl_typesupport_cppExport.cmake
[36.122s] -- Installing: /home/ovsj/Code/AutonomousBlueye/install/robot_interfaces/share/robot_interfaces/cmake/robot_interfaces__rosidl_typesupport_cppExport-noconfig.cmake
[36.122s] -- Installing: /home/ovsj/Code/AutonomousBlueye/install/robot_interfaces/share/robot_interfaces/cmake/export_robot_interfaces__rosidl_generator_pyExport.cmake
[36.122s] -- Installing: /home/ovsj/Code/AutonomousBlueye/install/robot_interfaces/share/robot_interfaces/cmake/export_robot_interfaces__rosidl_generator_pyExport-noconfig.cmake
[36.131s] Invoked command in '/home/ovsj/Code/AutonomousBlueye/build/robot_interfaces' returned '0': CMAKE_PREFIX_PATH=${CMAKE_PREFIX_PATH}:/home/ovsj/Code/AutonomousBlueye/install/yolov5_ros:/home/ovsj/Code/AutonomousBlueye/install/drone_sensors:/home/ovsj/Code/AutonomousBlueye/install/real_blueye_launch:/home/ovsj/Code/AutonomousBlueye/install/image_prosessing:/home/ovsj/Code/AutonomousBlueye/install/experimental:/home/ovsj/Code/AutonomousBlueye/install/control:/opt/ros/humble VIRTUAL_ENV_PROMPT=(.venv) /usr/bin/cmake --install /home/ovsj/Code/AutonomousBlueye/build/robot_interfaces
