[0.038s] Invoking command in '/home/ovsj/Code/AutonomousBlueye/build/bboxes_ex_msgs': CMAKE_PREFIX_PATH=${CMAKE_PREFIX_PATH}:/home/ovsj/Code/AutonomousBlueye/install/yolov5_ros:/home/ovsj/Code/AutonomousBlueye/install/drone_sensors:/home/ovsj/Code/AutonomousBlueye/install/real_blueye_launch:/home/ovsj/Code/AutonomousBlueye/install/image_prosessing:/home/ovsj/Code/AutonomousBlueye/install/experimental:/home/ovsj/Code/AutonomousBlueye/install/control:/opt/ros/humble VIRTUAL_ENV_PROMPT=(.venv) /usr/bin/cmake --build /home/ovsj/Code/AutonomousBlueye/build/bboxes_ex_msgs -- -j6 -l6
[0.498s] [  2%] Built target bboxes_ex_msgs__cpp
[0.498s] [ 12%] Built target bboxes_ex_msgs__rosidl_generator_c
[0.498s] [ 12%] Built target ament_cmake_python_symlink_bboxes_ex_msgs
[0.498s] [ 23%] Built target bboxes_ex_msgs__rosidl_typesupport_cpp
[0.498s] [ 33%] Built target bboxes_ex_msgs__rosidl_typesupport_introspection_cpp
[0.498s] [ 43%] Built target bboxes_ex_msgs__rosidl_typesupport_introspection_c
[0.498s] [ 53%] Built target bboxes_ex_msgs__rosidl_typesupport_fastrtps_cpp
[0.498s] [ 64%] Built target bboxes_ex_msgs__rosidl_typesupport_fastrtps_c
[0.498s] [ 74%] Built target bboxes_ex_msgs__rosidl_typesupport_c
[0.498s] [ 74%] Built target bboxes_ex_msgs
[0.551s] [ 76%] Built target bboxes_ex_msgs__py
[0.609s] [ 84%] Built target bboxes_ex_msgs__rosidl_generator_py
[0.663s] [ 89%] Built target bboxes_ex_msgs__rosidl_typesupport_c__pyext
[0.726s] [ 97%] Built target bboxes_ex_msgs__rosidl_typesupport_introspection_c__pyext
[0.734s] [100%] Built target bboxes_ex_msgs__rosidl_typesupport_fastrtps_c__pyext
[0.879s] running egg_info
[0.895s] writing bboxes_ex_msgs.egg-info/PKG-INFO
[0.896s] writing dependency_links to bboxes_ex_msgs.egg-info/dependency_links.txt
[0.897s] writing top-level names to bboxes_ex_msgs.egg-info/top_level.txt
[0.934s] reading manifest file 'bboxes_ex_msgs.egg-info/SOURCES.txt'
[0.936s] writing manifest file 'bboxes_ex_msgs.egg-info/SOURCES.txt'
[0.975s] [100%] Built target ament_cmake_python_build_bboxes_ex_msgs_egg
[1.057s] Invoked command in '/home/ovsj/Code/AutonomousBlueye/build/bboxes_ex_msgs' returned '0': CMAKE_PREFIX_PATH=${CMAKE_PREFIX_PATH}:/home/ovsj/Code/AutonomousBlueye/install/yolov5_ros:/home/ovsj/Code/AutonomousBlueye/install/drone_sensors:/home/ovsj/Code/AutonomousBlueye/install/real_blueye_launch:/home/ovsj/Code/AutonomousBlueye/install/image_prosessing:/home/ovsj/Code/AutonomousBlueye/install/experimental:/home/ovsj/Code/AutonomousBlueye/install/control:/opt/ros/humble VIRTUAL_ENV_PROMPT=(.venv) /usr/bin/cmake --build /home/ovsj/Code/AutonomousBlueye/build/bboxes_ex_msgs -- -j6 -l6
[1.057s] Invoking command in '/home/ovsj/Code/AutonomousBlueye/build/bboxes_ex_msgs': CMAKE_PREFIX_PATH=${CMAKE_PREFIX_PATH}:/home/ovsj/Code/AutonomousBlueye/install/yolov5_ros:/home/ovsj/Code/AutonomousBlueye/install/drone_sensors:/home/ovsj/Code/AutonomousBlueye/install/real_blueye_launch:/home/ovsj/Code/AutonomousBlueye/install/image_prosessing:/home/ovsj/Code/AutonomousBlueye/install/experimental:/home/ovsj/Code/AutonomousBlueye/install/control:/opt/ros/humble VIRTUAL_ENV_PROMPT=(.venv) /usr/bin/cmake --install /home/ovsj/Code/AutonomousBlueye/build/bboxes_ex_msgs
[1.069s] -- Install configuration: ""
[1.069s] -- Execute custom install script
[1.069s] -- Up-to-date symlink: /home/ovsj/Code/AutonomousBlueye/install/bboxes_ex_msgs/share/ament_index/resource_index/rosidl_interfaces/bboxes_ex_msgs
[1.069s] -- Up-to-date symlink: /home/ovsj/Code/AutonomousBlueye/install/bboxes_ex_msgs/include/bboxes_ex_msgs/bboxes_ex_msgs/msg/bounding_box.h
[1.069s] -- Up-to-date symlink: /home/ovsj/Code/AutonomousBlueye/install/bboxes_ex_msgs/include/bboxes_ex_msgs/bboxes_ex_msgs/msg/bounding_boxes.h
[1.069s] -- Up-to-date symlink: /home/ovsj/Code/AutonomousBlueye/install/bboxes_ex_msgs/include/bboxes_ex_msgs/bboxes_ex_msgs/msg/detail/bounding_box__functions.h
[1.069s] -- Up-to-date symlink: /home/ovsj/Code/AutonomousBlueye/install/bboxes_ex_msgs/include/bboxes_ex_msgs/bboxes_ex_msgs/msg/detail/bounding_box__struct.h
[1.069s] -- Up-to-date symlink: /home/ovsj/Code/AutonomousBlueye/install/bboxes_ex_msgs/include/bboxes_ex_msgs/bboxes_ex_msgs/msg/detail/bounding_box__type_support.h
[1.069s] -- Up-to-date symlink: /home/ovsj/Code/AutonomousBlueye/install/bboxes_ex_msgs/include/bboxes_ex_msgs/bboxes_ex_msgs/msg/detail/bounding_boxes__functions.h
[1.069s] -- Up-to-date symlink: /home/ovsj/Code/AutonomousBlueye/install/bboxes_ex_msgs/include/bboxes_ex_msgs/bboxes_ex_msgs/msg/detail/bounding_boxes__struct.h
[1.069s] -- Up-to-date symlink: /home/ovsj/Code/AutonomousBlueye/install/bboxes_ex_msgs/include/bboxes_ex_msgs/bboxes_ex_msgs/msg/detail/bounding_boxes__type_support.h
[1.069s] -- Up-to-date symlink: /home/ovsj/Code/AutonomousBlueye/install/bboxes_ex_msgs/include/bboxes_ex_msgs/bboxes_ex_msgs/msg/rosidl_generator_c__visibility_control.h
[1.069s] -- Up-to-date symlink: /home/ovsj/Code/AutonomousBlueye/install/bboxes_ex_msgs/share/bboxes_ex_msgs/environment/library_path.sh
[1.069s] -- Up-to-date symlink: /home/ovsj/Code/AutonomousBlueye/install/bboxes_ex_msgs/share/bboxes_ex_msgs/environment/library_path.dsv
[1.069s] -- Up-to-date symlink: /home/ovsj/Code/AutonomousBlueye/install/bboxes_ex_msgs/include/bboxes_ex_msgs/bboxes_ex_msgs/msg/detail/bounding_box__rosidl_typesupport_fastrtps_c.h
[1.069s] -- Up-to-date symlink: /home/ovsj/Code/AutonomousBlueye/install/bboxes_ex_msgs/include/bboxes_ex_msgs/bboxes_ex_msgs/msg/detail/bounding_boxes__rosidl_typesupport_fastrtps_c.h
[1.069s] -- Up-to-date symlink: /home/ovsj/Code/AutonomousBlueye/install/bboxes_ex_msgs/include/bboxes_ex_msgs/bboxes_ex_msgs/msg/rosidl_typesupport_fastrtps_c__visibility_control.h
[1.069s] -- Up-to-date symlink: /home/ovsj/Code/AutonomousBlueye/install/bboxes_ex_msgs/include/bboxes_ex_msgs/bboxes_ex_msgs/msg/bounding_box.hpp
[1.069s] -- Up-to-date symlink: /home/ovsj/Code/AutonomousBlueye/install/bboxes_ex_msgs/include/bboxes_ex_msgs/bboxes_ex_msgs/msg/bounding_boxes.hpp
[1.069s] -- Up-to-date symlink: /home/ovsj/Code/AutonomousBlueye/install/bboxes_ex_msgs/include/bboxes_ex_msgs/bboxes_ex_msgs/msg/detail/bounding_box__builder.hpp
[1.069s] -- Up-to-date symlink: /home/ovsj/Code/AutonomousBlueye/install/bboxes_ex_msgs/include/bboxes_ex_msgs/bboxes_ex_msgs/msg/detail/bounding_box__struct.hpp
[1.069s] -- Up-to-date symlink: /home/ovsj/Code/AutonomousBlueye/install/bboxes_ex_msgs/include/bboxes_ex_msgs/bboxes_ex_msgs/msg/detail/bounding_box__traits.hpp
[1.071s] -- Up-to-date symlink: /home/ovsj/Code/AutonomousBlueye/install/bboxes_ex_msgs/include/bboxes_ex_msgs/bboxes_ex_msgs/msg/detail/bounding_box__type_support.hpp
[1.072s] -- Up-to-date symlink: /home/ovsj/Code/AutonomousBlueye/install/bboxes_ex_msgs/include/bboxes_ex_msgs/bboxes_ex_msgs/msg/detail/bounding_boxes__builder.hpp
[1.072s] -- Up-to-date symlink: /home/ovsj/Code/AutonomousBlueye/install/bboxes_ex_msgs/include/bboxes_ex_msgs/bboxes_ex_msgs/msg/detail/bounding_boxes__struct.hpp
[1.078s] -- Up-to-date symlink: /home/ovsj/Code/AutonomousBlueye/install/bboxes_ex_msgs/include/bboxes_ex_msgs/bboxes_ex_msgs/msg/detail/bounding_boxes__traits.hpp
[1.078s] -- Up-to-date symlink: /home/ovsj/Code/AutonomousBlueye/install/bboxes_ex_msgs/include/bboxes_ex_msgs/bboxes_ex_msgs/msg/detail/bounding_boxes__type_support.hpp
[1.078s] -- Up-to-date symlink: /home/ovsj/Code/AutonomousBlueye/install/bboxes_ex_msgs/include/bboxes_ex_msgs/bboxes_ex_msgs/msg/rosidl_generator_cpp__visibility_control.hpp
[1.079s] -- Up-to-date symlink: /home/ovsj/Code/AutonomousBlueye/install/bboxes_ex_msgs/include/bboxes_ex_msgs/bboxes_ex_msgs/msg/detail/bounding_box__rosidl_typesupport_fastrtps_cpp.hpp
[1.079s] -- Up-to-date symlink: /home/ovsj/Code/AutonomousBlueye/install/bboxes_ex_msgs/include/bboxes_ex_msgs/bboxes_ex_msgs/msg/detail/bounding_boxes__rosidl_typesupport_fastrtps_cpp.hpp
[1.079s] -- Up-to-date symlink: /home/ovsj/Code/AutonomousBlueye/install/bboxes_ex_msgs/include/bboxes_ex_msgs/bboxes_ex_msgs/msg/rosidl_typesupport_fastrtps_cpp__visibility_control.h
[1.079s] -- Up-to-date symlink: /home/ovsj/Code/AutonomousBlueye/install/bboxes_ex_msgs/include/bboxes_ex_msgs/bboxes_ex_msgs/msg/detail/bounding_box__rosidl_typesupport_introspection_c.h
[1.079s] -- Up-to-date symlink: /home/ovsj/Code/AutonomousBlueye/install/bboxes_ex_msgs/include/bboxes_ex_msgs/bboxes_ex_msgs/msg/detail/bounding_boxes__rosidl_typesupport_introspection_c.h
[1.079s] -- Up-to-date symlink: /home/ovsj/Code/AutonomousBlueye/install/bboxes_ex_msgs/include/bboxes_ex_msgs/bboxes_ex_msgs/msg/rosidl_typesupport_introspection_c__visibility_control.h
[1.079s] -- Up-to-date symlink: /home/ovsj/Code/AutonomousBlueye/install/bboxes_ex_msgs/include/bboxes_ex_msgs/bboxes_ex_msgs/msg/detail/bounding_box__rosidl_typesupport_introspection_cpp.hpp
[1.079s] -- Up-to-date symlink: /home/ovsj/Code/AutonomousBlueye/install/bboxes_ex_msgs/include/bboxes_ex_msgs/bboxes_ex_msgs/msg/detail/bounding_boxes__rosidl_typesupport_introspection_cpp.hpp
[1.079s] -- Up-to-date symlink: /home/ovsj/Code/AutonomousBlueye/install/bboxes_ex_msgs/share/bboxes_ex_msgs/environment/pythonpath.sh
[1.079s] -- Up-to-date symlink: /home/ovsj/Code/AutonomousBlueye/install/bboxes_ex_msgs/share/bboxes_ex_msgs/environment/pythonpath.dsv
[1.079s] -- Up-to-date symlink: /home/ovsj/Code/AutonomousBlueye/install/bboxes_ex_msgs/local/lib/python3.10/dist-packages/bboxes_ex_msgs-0.0.0-py3.10.egg-info/PKG-INFO
[1.079s] -- Up-to-date symlink: /home/ovsj/Code/AutonomousBlueye/install/bboxes_ex_msgs/local/lib/python3.10/dist-packages/bboxes_ex_msgs-0.0.0-py3.10.egg-info/SOURCES.txt
[1.079s] -- Up-to-date symlink: /home/ovsj/Code/AutonomousBlueye/install/bboxes_ex_msgs/local/lib/python3.10/dist-packages/bboxes_ex_msgs-0.0.0-py3.10.egg-info/dependency_links.txt
[1.079s] -- Up-to-date symlink: /home/ovsj/Code/AutonomousBlueye/install/bboxes_ex_msgs/local/lib/python3.10/dist-packages/bboxes_ex_msgs-0.0.0-py3.10.egg-info/top_level.txt
[1.086s] -- Up-to-date symlink: /home/ovsj/Code/AutonomousBlueye/install/bboxes_ex_msgs/local/lib/python3.10/dist-packages/bboxes_ex_msgs/__init__.py
[1.086s] -- Up-to-date symlink: /home/ovsj/Code/AutonomousBlueye/install/bboxes_ex_msgs/local/lib/python3.10/dist-packages/bboxes_ex_msgs/_bboxes_ex_msgs_s.ep.rosidl_typesupport_c.c
[1.086s] -- Up-to-date symlink: /home/ovsj/Code/AutonomousBlueye/install/bboxes_ex_msgs/local/lib/python3.10/dist-packages/bboxes_ex_msgs/_bboxes_ex_msgs_s.ep.rosidl_typesupport_fastrtps_c.c
[1.086s] -- Up-to-date symlink: /home/ovsj/Code/AutonomousBlueye/install/bboxes_ex_msgs/local/lib/python3.10/dist-packages/bboxes_ex_msgs/_bboxes_ex_msgs_s.ep.rosidl_typesupport_introspection_c.c
[1.086s] -- Up-to-date symlink: /home/ovsj/Code/AutonomousBlueye/install/bboxes_ex_msgs/local/lib/python3.10/dist-packages/bboxes_ex_msgs/bboxes_ex_msgs_s__rosidl_typesupport_c.cpython-310-aarch64-linux-gnu.so
[1.086s] -- Up-to-date symlink: /home/ovsj/Code/AutonomousBlueye/install/bboxes_ex_msgs/local/lib/python3.10/dist-packages/bboxes_ex_msgs/bboxes_ex_msgs_s__rosidl_typesupport_fastrtps_c.cpython-310-aarch64-linux-gnu.so
[1.086s] -- Up-to-date symlink: /home/ovsj/Code/AutonomousBlueye/install/bboxes_ex_msgs/local/lib/python3.10/dist-packages/bboxes_ex_msgs/bboxes_ex_msgs_s__rosidl_typesupport_introspection_c.cpython-310-aarch64-linux-gnu.so
[1.086s] -- Up-to-date symlink: /home/ovsj/Code/AutonomousBlueye/install/bboxes_ex_msgs/local/lib/python3.10/dist-packages/bboxes_ex_msgs/libbboxes_ex_msgs__rosidl_generator_py.so
[1.086s] -- Up-to-date symlink: /home/ovsj/Code/AutonomousBlueye/install/bboxes_ex_msgs/local/lib/python3.10/dist-packages/bboxes_ex_msgs/msg/__init__.py
[1.086s] -- Up-to-date symlink: /home/ovsj/Code/AutonomousBlueye/install/bboxes_ex_msgs/local/lib/python3.10/dist-packages/bboxes_ex_msgs/msg/_bounding_box.py
[1.086s] -- Up-to-date symlink: /home/ovsj/Code/AutonomousBlueye/install/bboxes_ex_msgs/local/lib/python3.10/dist-packages/bboxes_ex_msgs/msg/_bounding_box_s.c
[1.086s] -- Up-to-date symlink: /home/ovsj/Code/AutonomousBlueye/install/bboxes_ex_msgs/local/lib/python3.10/dist-packages/bboxes_ex_msgs/msg/_bounding_boxes.py
[1.086s] -- Up-to-date symlink: /home/ovsj/Code/AutonomousBlueye/install/bboxes_ex_msgs/local/lib/python3.10/dist-packages/bboxes_ex_msgs/msg/_bounding_boxes_s.c
[1.086s] -- Up-to-date symlink: /home/ovsj/Code/AutonomousBlueye/install/bboxes_ex_msgs/local/lib/python3.10/dist-packages/bboxes_ex_msgs/bboxes_ex_msgs_s__rosidl_typesupport_fastrtps_c.cpython-310-aarch64-linux-gnu.so
[1.086s] -- Up-to-date symlink: /home/ovsj/Code/AutonomousBlueye/install/bboxes_ex_msgs/local/lib/python3.10/dist-packages/bboxes_ex_msgs/bboxes_ex_msgs_s__rosidl_typesupport_introspection_c.cpython-310-aarch64-linux-gnu.so
[1.086s] -- Up-to-date symlink: /home/ovsj/Code/AutonomousBlueye/install/bboxes_ex_msgs/local/lib/python3.10/dist-packages/bboxes_ex_msgs/bboxes_ex_msgs_s__rosidl_typesupport_c.cpython-310-aarch64-linux-gnu.so
[1.090s] -- Up-to-date symlink: /home/ovsj/Code/AutonomousBlueye/install/bboxes_ex_msgs/share/bboxes_ex_msgs/msg/BoundingBox.idl
[1.090s] -- Up-to-date symlink: /home/ovsj/Code/AutonomousBlueye/install/bboxes_ex_msgs/share/bboxes_ex_msgs/msg/BoundingBoxes.idl
[1.090s] -- Up-to-date symlink: /home/ovsj/Code/AutonomousBlueye/install/bboxes_ex_msgs/share/bboxes_ex_msgs/msg/BoundingBox.msg
[1.090s] -- Up-to-date symlink: /home/ovsj/Code/AutonomousBlueye/install/bboxes_ex_msgs/share/bboxes_ex_msgs/msg/BoundingBoxes.msg
[1.090s] -- Up-to-date symlink: /home/ovsj/Code/AutonomousBlueye/install/bboxes_ex_msgs/share/ament_index/resource_index/package_run_dependencies/bboxes_ex_msgs
[1.090s] -- Up-to-date symlink: /home/ovsj/Code/AutonomousBlueye/install/bboxes_ex_msgs/share/ament_index/resource_index/parent_prefix_path/bboxes_ex_msgs
[1.090s] -- Up-to-date symlink: /home/ovsj/Code/AutonomousBlueye/install/bboxes_ex_msgs/share/bboxes_ex_msgs/environment/ament_prefix_path.sh
[1.090s] -- Up-to-date symlink: /home/ovsj/Code/AutonomousBlueye/install/bboxes_ex_msgs/share/bboxes_ex_msgs/environment/ament_prefix_path.dsv
[1.090s] -- Up-to-date symlink: /home/ovsj/Code/AutonomousBlueye/install/bboxes_ex_msgs/share/bboxes_ex_msgs/environment/path.sh
[1.092s] -- Up-to-date symlink: /home/ovsj/Code/AutonomousBlueye/install/bboxes_ex_msgs/share/bboxes_ex_msgs/environment/path.dsv
[1.092s] -- Up-to-date symlink: /home/ovsj/Code/AutonomousBlueye/install/bboxes_ex_msgs/share/bboxes_ex_msgs/local_setup.bash
[1.092s] -- Up-to-date symlink: /home/ovsj/Code/AutonomousBlueye/install/bboxes_ex_msgs/share/bboxes_ex_msgs/local_setup.sh
[1.092s] -- Up-to-date symlink: /home/ovsj/Code/AutonomousBlueye/install/bboxes_ex_msgs/share/bboxes_ex_msgs/local_setup.zsh
[1.094s] -- Up-to-date symlink: /home/ovsj/Code/AutonomousBlueye/install/bboxes_ex_msgs/share/bboxes_ex_msgs/local_setup.dsv
[1.094s] -- Symlinking: /home/ovsj/Code/AutonomousBlueye/install/bboxes_ex_msgs/share/bboxes_ex_msgs/package.dsv
[1.158s] -- Up-to-date symlink: /home/ovsj/Code/AutonomousBlueye/install/bboxes_ex_msgs/share/ament_index/resource_index/packages/bboxes_ex_msgs
[1.158s] -- Up-to-date symlink: /home/ovsj/Code/AutonomousBlueye/install/bboxes_ex_msgs/share/bboxes_ex_msgs/cmake/rosidl_cmake-extras.cmake
[1.158s] -- Up-to-date symlink: /home/ovsj/Code/AutonomousBlueye/install/bboxes_ex_msgs/share/bboxes_ex_msgs/cmake/ament_cmake_export_dependencies-extras.cmake
[1.158s] -- Up-to-date symlink: /home/ovsj/Code/AutonomousBlueye/install/bboxes_ex_msgs/share/bboxes_ex_msgs/cmake/ament_cmake_export_include_directories-extras.cmake
[1.158s] -- Up-to-date symlink: /home/ovsj/Code/AutonomousBlueye/install/bboxes_ex_msgs/share/bboxes_ex_msgs/cmake/ament_cmake_export_libraries-extras.cmake
[1.158s] -- Up-to-date symlink: /home/ovsj/Code/AutonomousBlueye/install/bboxes_ex_msgs/share/bboxes_ex_msgs/cmake/ament_cmake_export_targets-extras.cmake
[1.159s] -- Up-to-date symlink: /home/ovsj/Code/AutonomousBlueye/install/bboxes_ex_msgs/share/bboxes_ex_msgs/cmake/rosidl_cmake_export_typesupport_targets-extras.cmake
[1.165s] -- Up-to-date symlink: /home/ovsj/Code/AutonomousBlueye/install/bboxes_ex_msgs/share/bboxes_ex_msgs/cmake/rosidl_cmake_export_typesupport_libraries-extras.cmake
[1.165s] -- Up-to-date symlink: /home/ovsj/Code/AutonomousBlueye/install/bboxes_ex_msgs/share/bboxes_ex_msgs/cmake/bboxes_ex_msgsConfig.cmake
[1.165s] -- Up-to-date symlink: /home/ovsj/Code/AutonomousBlueye/install/bboxes_ex_msgs/share/bboxes_ex_msgs/cmake/bboxes_ex_msgsConfig-version.cmake
[1.165s] -- Up-to-date symlink: /home/ovsj/Code/AutonomousBlueye/install/bboxes_ex_msgs/share/bboxes_ex_msgs/package.xml
[1.165s] -- Up-to-date: /home/ovsj/Code/AutonomousBlueye/install/bboxes_ex_msgs/lib/libbboxes_ex_msgs__rosidl_generator_c.so
[1.165s] -- Up-to-date: /home/ovsj/Code/AutonomousBlueye/install/bboxes_ex_msgs/lib/libbboxes_ex_msgs__rosidl_typesupport_fastrtps_c.so
[1.165s] -- Up-to-date: /home/ovsj/Code/AutonomousBlueye/install/bboxes_ex_msgs/lib/libbboxes_ex_msgs__rosidl_typesupport_fastrtps_cpp.so
[1.165s] -- Up-to-date: /home/ovsj/Code/AutonomousBlueye/install/bboxes_ex_msgs/lib/libbboxes_ex_msgs__rosidl_typesupport_introspection_c.so
[1.165s] -- Up-to-date: /home/ovsj/Code/AutonomousBlueye/install/bboxes_ex_msgs/lib/libbboxes_ex_msgs__rosidl_typesupport_c.so
[1.165s] -- Up-to-date: /home/ovsj/Code/AutonomousBlueye/install/bboxes_ex_msgs/lib/libbboxes_ex_msgs__rosidl_typesupport_introspection_cpp.so
[1.165s] -- Up-to-date: /home/ovsj/Code/AutonomousBlueye/install/bboxes_ex_msgs/lib/libbboxes_ex_msgs__rosidl_typesupport_cpp.so
[1.252s] Listing '/home/ovsj/Code/AutonomousBlueye/install/bboxes_ex_msgs/local/lib/python3.10/dist-packages/bboxes_ex_msgs'...
[1.253s] Listing '/home/ovsj/Code/AutonomousBlueye/install/bboxes_ex_msgs/local/lib/python3.10/dist-packages/bboxes_ex_msgs/msg'...
[1.269s] -- Up-to-date: /home/ovsj/Code/AutonomousBlueye/install/bboxes_ex_msgs/lib/libbboxes_ex_msgs__rosidl_generator_py.so
[1.269s] -- Up-to-date: /home/ovsj/Code/AutonomousBlueye/install/bboxes_ex_msgs/share/bboxes_ex_msgs/cmake/export_bboxes_ex_msgs__rosidl_generator_cExport.cmake
[1.269s] -- Up-to-date: /home/ovsj/Code/AutonomousBlueye/install/bboxes_ex_msgs/share/bboxes_ex_msgs/cmake/export_bboxes_ex_msgs__rosidl_generator_cExport-noconfig.cmake
[1.269s] -- Up-to-date: /home/ovsj/Code/AutonomousBlueye/install/bboxes_ex_msgs/share/bboxes_ex_msgs/cmake/export_bboxes_ex_msgs__rosidl_typesupport_fastrtps_cExport.cmake
[1.269s] -- Up-to-date: /home/ovsj/Code/AutonomousBlueye/install/bboxes_ex_msgs/share/bboxes_ex_msgs/cmake/export_bboxes_ex_msgs__rosidl_typesupport_fastrtps_cExport-noconfig.cmake
[1.269s] -- Up-to-date: /home/ovsj/Code/AutonomousBlueye/install/bboxes_ex_msgs/share/bboxes_ex_msgs/cmake/export_bboxes_ex_msgs__rosidl_generator_cppExport.cmake
[1.269s] -- Up-to-date: /home/ovsj/Code/AutonomousBlueye/install/bboxes_ex_msgs/share/bboxes_ex_msgs/cmake/export_bboxes_ex_msgs__rosidl_typesupport_fastrtps_cppExport.cmake
[1.269s] -- Up-to-date: /home/ovsj/Code/AutonomousBlueye/install/bboxes_ex_msgs/share/bboxes_ex_msgs/cmake/export_bboxes_ex_msgs__rosidl_typesupport_fastrtps_cppExport-noconfig.cmake
[1.269s] -- Up-to-date: /home/ovsj/Code/AutonomousBlueye/install/bboxes_ex_msgs/share/bboxes_ex_msgs/cmake/bboxes_ex_msgs__rosidl_typesupport_introspection_cExport.cmake
[1.269s] -- Up-to-date: /home/ovsj/Code/AutonomousBlueye/install/bboxes_ex_msgs/share/bboxes_ex_msgs/cmake/bboxes_ex_msgs__rosidl_typesupport_introspection_cExport-noconfig.cmake
[1.277s] -- Up-to-date: /home/ovsj/Code/AutonomousBlueye/install/bboxes_ex_msgs/share/bboxes_ex_msgs/cmake/bboxes_ex_msgs__rosidl_typesupport_cExport.cmake
[1.277s] -- Up-to-date: /home/ovsj/Code/AutonomousBlueye/install/bboxes_ex_msgs/share/bboxes_ex_msgs/cmake/bboxes_ex_msgs__rosidl_typesupport_cExport-noconfig.cmake
[1.277s] -- Up-to-date: /home/ovsj/Code/AutonomousBlueye/install/bboxes_ex_msgs/share/bboxes_ex_msgs/cmake/bboxes_ex_msgs__rosidl_typesupport_introspection_cppExport.cmake
[1.277s] -- Up-to-date: /home/ovsj/Code/AutonomousBlueye/install/bboxes_ex_msgs/share/bboxes_ex_msgs/cmake/bboxes_ex_msgs__rosidl_typesupport_introspection_cppExport-noconfig.cmake
[1.277s] -- Up-to-date: /home/ovsj/Code/AutonomousBlueye/install/bboxes_ex_msgs/share/bboxes_ex_msgs/cmake/bboxes_ex_msgs__rosidl_typesupport_cppExport.cmake
[1.277s] -- Up-to-date: /home/ovsj/Code/AutonomousBlueye/install/bboxes_ex_msgs/share/bboxes_ex_msgs/cmake/bboxes_ex_msgs__rosidl_typesupport_cppExport-noconfig.cmake
[1.277s] -- Up-to-date: /home/ovsj/Code/AutonomousBlueye/install/bboxes_ex_msgs/share/bboxes_ex_msgs/cmake/export_bboxes_ex_msgs__rosidl_generator_pyExport.cmake
[1.277s] -- Up-to-date: /home/ovsj/Code/AutonomousBlueye/install/bboxes_ex_msgs/share/bboxes_ex_msgs/cmake/export_bboxes_ex_msgs__rosidl_generator_pyExport-noconfig.cmake
[1.278s] Invoked command in '/home/ovsj/Code/AutonomousBlueye/build/bboxes_ex_msgs' returned '0': CMAKE_PREFIX_PATH=${CMAKE_PREFIX_PATH}:/home/ovsj/Code/AutonomousBlueye/install/yolov5_ros:/home/ovsj/Code/AutonomousBlueye/install/drone_sensors:/home/ovsj/Code/AutonomousBlueye/install/real_blueye_launch:/home/ovsj/Code/AutonomousBlueye/install/image_prosessing:/home/ovsj/Code/AutonomousBlueye/install/experimental:/home/ovsj/Code/AutonomousBlueye/install/control:/opt/ros/humble VIRTUAL_ENV_PROMPT=(.venv) /usr/bin/cmake --install /home/ovsj/Code/AutonomousBlueye/build/bboxes_ex_msgs
