[0.047s] Invoking command in '/home/ovsj/Code/AutonomousBlueye/build/octomap_msgs': CMAKE_PREFIX_PATH=${CMAKE_PREFIX_PATH}:/home/ovsj/Code/AutonomousBlueye/install/yolov5_ros:/home/ovsj/Code/AutonomousBlueye/install/drone_sensors:/home/ovsj/Code/AutonomousBlueye/install/real_blueye_launch:/home/ovsj/Code/AutonomousBlueye/install/image_prosessing:/home/ovsj/Code/AutonomousBlueye/install/experimental:/home/ovsj/Code/AutonomousBlueye/install/control:/opt/ros/humble VIRTUAL_ENV_PROMPT=(.venv) /usr/bin/cmake /home/ovsj/Code/AutonomousBlueye/octomap_msgs -DAMENT_CMAKE_SYMLINK_INSTALL=1 -DCMAKE_INSTALL_PREFIX=/home/ovsj/Code/AutonomousBlueye/install/octomap_msgs
[0.282s] -- The C compiler identification is GNU 11.4.0
[0.282s] -- The CXX compiler identification is GNU 11.4.0
[0.282s] -- Detecting C compiler ABI info
[0.438s] -- Detecting C compiler ABI info - done
[0.441s] -- Check for working C compiler: /usr/bin/cc - skipped
[0.441s] -- Detecting C compile features
[0.443s] -- Detecting C compile features - done
[0.448s] -- Detecting CXX compiler ABI info
[0.711s] -- Detecting CXX compiler ABI info - done
[0.717s] -- Check for working CXX compiler: /usr/bin/c++ - skipped
[0.725s] -- Detecting CXX compile features
[0.726s] -- Detecting CXX compile features - done
[0.727s] -- Found ament_cmake: 1.3.11 (/opt/ros/humble/share/ament_cmake/cmake)
[1.782s] -- Found Python3: /usr/bin/python3 (found version "3.10.12") found components: Interpreter 
[1.896s] -- Override CMake install command with custom implementation using symlinks instead of copying resources
[1.963s] -- Found rosidl_default_generators: 1.2.0 (/opt/ros/humble/share/rosidl_default_generators/cmake)
[1.987s] -- Using all available rosidl_typesupport_c: rosidl_typesupport_fastrtps_c;rosidl_typesupport_introspection_c
[2.007s] -- Found rosidl_adapter: 3.1.6 (/opt/ros/humble/share/rosidl_adapter/cmake)
[2.124s] -- Using all available rosidl_typesupport_cpp: rosidl_typesupport_fastrtps_cpp;rosidl_typesupport_introspection_cpp
[2.212s] -- Found std_msgs: 4.2.4 (/opt/ros/humble/share/std_msgs/cmake)
[2.334s] -- Found geometry_msgs: 4.2.4 (/opt/ros/humble/share/geometry_msgs/cmake)
[3.264s] -- Found ament_cmake_ros: 0.10.0 (/opt/ros/humble/share/ament_cmake_ros/cmake)
[3.903s] -- Using all available rosidl_typesupport_c: rosidl_typesupport_fastrtps_c;rosidl_typesupport_introspection_c
[4.687s] -- Using all available rosidl_typesupport_cpp: rosidl_typesupport_fastrtps_cpp;rosidl_typesupport_introspection_cpp
[4.749s] -- Found PythonInterp: /usr/bin/python3 (found suitable version "3.10.12", minimum required is "3.6") 
[4.751s] -- Found python_cmake_module: 0.10.0 (/opt/ros/humble/share/python_cmake_module/cmake)
[4.846s] -- Found PythonLibs: /usr/lib/aarch64-linux-gnu/libpython3.10.so (found suitable version "3.10.12", minimum required is "3.5") 
[4.846s] -- Using PYTHON_EXECUTABLE: /usr/bin/python3
[4.846s] -- Using PYTHON_INCLUDE_DIRS: /usr/include/python3.10
[4.846s] -- Using PYTHON_LIBRARIES: /usr/lib/aarch64-linux-gnu/libpython3.10.so
[4.919s] -- Found PythonExtra: .so  
[5.056s] -- Configuring done
[5.137s] -- Generating done
[5.160s] -- Build files have been written to: /home/ovsj/Code/AutonomousBlueye/build/octomap_msgs
