[0.528s] Invoking command in '/home/ovsj/Code/AutonomousBlueye/build/octomap_server2': CMAKE_PREFIX_PATH=/home/ovsj/Code/AutonomousBlueye/install/pcl_msgs:/home/ovsj/Code/AutonomousBlueye/install/octomap_msgs:/home/ovsj/Code/AutonomousBlueye/install/robot_interfaces:/home/ovsj/Code/AutonomousBlueye/install/octomap_server2:/home/ovsj/Code/AutonomousBlueye/install/bboxes_ex_msgs:/home/ovsj/Code/AutonomousBlueye/install/yolov5_ros:/home/ovsj/Code/AutonomousBlueye/install/drone_sensors:/home/ovsj/Code/AutonomousBlueye/install/real_blueye_launch:/home/ovsj/Code/AutonomousBlueye/install/image_prosessing:/home/ovsj/Code/AutonomousBlueye/install/experimental:/home/ovsj/Code/AutonomousBlueye/install/control:/opt/ros/humble LD_LIBRARY_PATH=/home/ovsj/Code/AutonomousBlueye/install/pcl_msgs/lib:/home/ovsj/Code/AutonomousBlueye/install/octomap_msgs/lib:/home/ovsj/Code/AutonomousBlueye/install/robot_interfaces/lib:/home/ovsj/Code/AutonomousBlueye/install/octomap_server2/lib:/home/ovsj/Code/AutonomousBlueye/install/bboxes_ex_msgs/lib:/opt/ros/humble/opt/rviz_ogre_vendor/lib:/opt/ros/humble/lib/aarch64-linux-gnu:/opt/ros/humble/lib VIRTUAL_ENV_PROMPT=(.venv) /usr/bin/cmake /home/ovsj/Code/AutonomousBlueye/src/octomap_server2 -DCMAKE_INSTALL_PREFIX=/home/ovsj/Code/AutonomousBlueye/install/octomap_server2
[0.566s] -- Found ament_cmake: 1.3.11 (/opt/ros/humble/share/ament_cmake/cmake)
[0.896s] -- Override CMake install command with custom implementation using symlinks instead of copying resources
[0.916s] -- Found rclcpp: 16.0.11 (/opt/ros/humble/share/rclcpp/cmake)
[1.010s] -- Found rosidl_generator_c: 3.1.6 (/opt/ros/humble/share/rosidl_generator_c/cmake)
[1.027s] -- Found rosidl_adapter: 3.1.6 (/opt/ros/humble/share/rosidl_adapter/cmake)
[1.048s] -- Found rosidl_generator_cpp: 3.1.6 (/opt/ros/humble/share/rosidl_generator_cpp/cmake)
[1.083s] -- Using all available rosidl_typesupport_c: rosidl_typesupport_fastrtps_c;rosidl_typesupport_introspection_c
[1.143s] -- Using all available rosidl_typesupport_cpp: rosidl_typesupport_fastrtps_cpp;rosidl_typesupport_introspection_cpp
[1.305s] -- Found rmw_implementation_cmake: 6.1.2 (/opt/ros/humble/share/rmw_implementation_cmake/cmake)
[1.328s] -- Found rmw_fastrtps_cpp: 6.2.7 (/opt/ros/humble/share/rmw_fastrtps_cpp/cmake)
[1.713s] -- Using RMW implementation 'rmw_fastrtps_cpp' as default
[1.864s] -- Found rclcpp_components: 16.0.11 (/opt/ros/humble/share/rclcpp_components/cmake)
[1.986s] -- Eigen found (include: /usr/include/eigen3, version: 3.4.0)
[2.044s] -- FLANN found (include: /usr/include, lib: /usr/lib/aarch64-linux-gnu/libflann_cpp.so)
[2.647s] -- Found Eigen3: /usr/include/eigen3 (found version "3.4.0") 
[3.219s] -- OpenNI found (version: 1.5.4.0, include: /usr/include/ni, lib: /usr/lib/libOpenNI.so;libusb::libusb)
[3.240s] -- OpenNI2 found (version: 2.2.0.33, include: /usr/include/openni2, lib: /usr/lib/aarch64-linux-gnu/libOpenNI2.so;libusb::libusb)
[3.242s] [0m** WARNING ** io features related to pcap will be disabled[0m
[3.814s] -- Eigen found (include: /usr/include/eigen3, version: 3.4.0)
[3.841s] -- OpenNI found (version: 1.5.4.0, include: /usr/include/ni, lib: /usr/lib/libOpenNI.so;libusb::libusb)
[3.870s] -- OpenNI2 found (version: 2.2.0.33, include: /usr/include/openni2, lib: /usr/lib/aarch64-linux-gnu/libOpenNI2.so;libusb::libusb)
[4.346s] -- Found Qhull version 8.0.2
[4.708s] -- OpenNI found (version: 1.5.4.0, include: /usr/include/ni, lib: /usr/lib/libOpenNI.so;libusb::libusb)
[4.909s] -- looking for PCL_COMMON
[4.911s] -- looking for PCL_KDTREE
[4.911s] -- looking for PCL_OCTREE
[4.912s] -- looking for PCL_SEARCH
[4.913s] -- looking for PCL_SAMPLE_CONSENSUS
[4.915s] -- looking for PCL_FILTERS
[4.918s] -- looking for PCL_2D
[4.919s] -- looking for PCL_GEOMETRY
[4.919s] -- looking for PCL_IO
[4.920s] -- looking for PCL_FEATURES
[4.921s] -- looking for PCL_ML
[4.921s] -- looking for PCL_SEGMENTATION
[4.922s] -- looking for PCL_VISUALIZATION
[4.923s] -- looking for PCL_SURFACE
[4.923s] -- looking for PCL_REGISTRATION
[4.925s] -- looking for PCL_KEYPOINTS
[4.927s] -- looking for PCL_TRACKING
[4.931s] -- looking for PCL_RECOGNITION
[4.937s] -- looking for PCL_STEREO
[4.938s] -- looking for PCL_APPS
[4.938s] -- looking for PCL_IN_HAND_SCANNER
[4.938s] -- looking for PCL_MODELER
[4.938s] -- looking for PCL_POINT_CLOUD_EDITOR
[4.938s] -- looking for PCL_OUTOFCORE
[4.938s] -- looking for PCL_PEOPLE
[4.942s] -- Found sensor_msgs: 4.2.4 (/opt/ros/humble/share/sensor_msgs/cmake)
[4.985s] -- Found nav_msgs: 4.2.4 (/opt/ros/humble/share/nav_msgs/cmake)
[5.004s] -- Found visualization_msgs: 4.2.4 (/opt/ros/humble/share/visualization_msgs/cmake)
[5.029s] -- Found std_srvs: 4.2.4 (/opt/ros/humble/share/std_srvs/cmake)
[5.040s] -- Found pcl_conversions: 2.4.5 (/opt/ros/humble/share/pcl_conversions/cmake)
[5.073s] -- Found octomap_msgs: 2.0.0 (/home/ovsj/Code/AutonomousBlueye/install/octomap_msgs/share/octomap_msgs/cmake)
[5.088s] -- Found tf2: 0.25.12 (/opt/ros/humble/share/tf2/cmake)
[5.090s] -- Found tf2_ros: 0.25.12 (/opt/ros/humble/share/tf2_ros/cmake)
[5.158s] -- Found tf2_geometry_msgs: 0.25.12 (/opt/ros/humble/share/tf2_geometry_msgs/cmake)
[5.161s] -- Found eigen3_cmake_module: 0.1.1 (/opt/ros/humble/share/eigen3_cmake_module/cmake)
[5.165s] -- Found Eigen3: TRUE (found version "3.4.0") 
[5.165s] -- Ensuring Eigen3 include directory is part of orocos-kdl CMake target
[5.285s] -- Configuring done
[5.353s] -- Generating done
[5.372s] -- Build files have been written to: /home/ovsj/Code/AutonomousBlueye/build/octomap_server2
[5.391s] Invoked command in '/home/ovsj/Code/AutonomousBlueye/build/octomap_server2' returned '0': CMAKE_PREFIX_PATH=/home/ovsj/Code/AutonomousBlueye/install/pcl_msgs:/home/ovsj/Code/AutonomousBlueye/install/octomap_msgs:/home/ovsj/Code/AutonomousBlueye/install/robot_interfaces:/home/ovsj/Code/AutonomousBlueye/install/octomap_server2:/home/ovsj/Code/AutonomousBlueye/install/bboxes_ex_msgs:/home/ovsj/Code/AutonomousBlueye/install/yolov5_ros:/home/ovsj/Code/AutonomousBlueye/install/drone_sensors:/home/ovsj/Code/AutonomousBlueye/install/real_blueye_launch:/home/ovsj/Code/AutonomousBlueye/install/image_prosessing:/home/ovsj/Code/AutonomousBlueye/install/experimental:/home/ovsj/Code/AutonomousBlueye/install/control:/opt/ros/humble LD_LIBRARY_PATH=/home/ovsj/Code/AutonomousBlueye/install/pcl_msgs/lib:/home/ovsj/Code/AutonomousBlueye/install/octomap_msgs/lib:/home/ovsj/Code/AutonomousBlueye/install/robot_interfaces/lib:/home/ovsj/Code/AutonomousBlueye/install/octomap_server2/lib:/home/ovsj/Code/AutonomousBlueye/install/bboxes_ex_msgs/lib:/opt/ros/humble/opt/rviz_ogre_vendor/lib:/opt/ros/humble/lib/aarch64-linux-gnu:/opt/ros/humble/lib VIRTUAL_ENV_PROMPT=(.venv) /usr/bin/cmake /home/ovsj/Code/AutonomousBlueye/src/octomap_server2 -DCMAKE_INSTALL_PREFIX=/home/ovsj/Code/AutonomousBlueye/install/octomap_server2
[5.392s] Invoking command in '/home/ovsj/Code/AutonomousBlueye/build/octomap_server2': CMAKE_PREFIX_PATH=/home/ovsj/Code/AutonomousBlueye/install/pcl_msgs:/home/ovsj/Code/AutonomousBlueye/install/octomap_msgs:/home/ovsj/Code/AutonomousBlueye/install/robot_interfaces:/home/ovsj/Code/AutonomousBlueye/install/octomap_server2:/home/ovsj/Code/AutonomousBlueye/install/bboxes_ex_msgs:/home/ovsj/Code/AutonomousBlueye/install/yolov5_ros:/home/ovsj/Code/AutonomousBlueye/install/drone_sensors:/home/ovsj/Code/AutonomousBlueye/install/real_blueye_launch:/home/ovsj/Code/AutonomousBlueye/install/image_prosessing:/home/ovsj/Code/AutonomousBlueye/install/experimental:/home/ovsj/Code/AutonomousBlueye/install/control:/opt/ros/humble LD_LIBRARY_PATH=/home/ovsj/Code/AutonomousBlueye/install/pcl_msgs/lib:/home/ovsj/Code/AutonomousBlueye/install/octomap_msgs/lib:/home/ovsj/Code/AutonomousBlueye/install/robot_interfaces/lib:/home/ovsj/Code/AutonomousBlueye/install/octomap_server2/lib:/home/ovsj/Code/AutonomousBlueye/install/bboxes_ex_msgs/lib:/opt/ros/humble/opt/rviz_ogre_vendor/lib:/opt/ros/humble/lib/aarch64-linux-gnu:/opt/ros/humble/lib VIRTUAL_ENV_PROMPT=(.venv) /usr/bin/cmake --build /home/ovsj/Code/AutonomousBlueye/build/octomap_server2 -- -j6 -l6
[5.443s] [35m[1mConsolidate compiler generated dependencies of target octomap_server2[0m
[5.447s] [35m[1mConsolidate compiler generated dependencies of target octomap_server[0m
[5.486s] [ 33%] Built target octomap_server
[5.514s] [100%] Built target octomap_server2
[5.534s] Invoked command in '/home/ovsj/Code/AutonomousBlueye/build/octomap_server2' returned '0': CMAKE_PREFIX_PATH=/home/ovsj/Code/AutonomousBlueye/install/pcl_msgs:/home/ovsj/Code/AutonomousBlueye/install/octomap_msgs:/home/ovsj/Code/AutonomousBlueye/install/robot_interfaces:/home/ovsj/Code/AutonomousBlueye/install/octomap_server2:/home/ovsj/Code/AutonomousBlueye/install/bboxes_ex_msgs:/home/ovsj/Code/AutonomousBlueye/install/yolov5_ros:/home/ovsj/Code/AutonomousBlueye/install/drone_sensors:/home/ovsj/Code/AutonomousBlueye/install/real_blueye_launch:/home/ovsj/Code/AutonomousBlueye/install/image_prosessing:/home/ovsj/Code/AutonomousBlueye/install/experimental:/home/ovsj/Code/AutonomousBlueye/install/control:/opt/ros/humble LD_LIBRARY_PATH=/home/ovsj/Code/AutonomousBlueye/install/pcl_msgs/lib:/home/ovsj/Code/AutonomousBlueye/install/octomap_msgs/lib:/home/ovsj/Code/AutonomousBlueye/install/robot_interfaces/lib:/home/ovsj/Code/AutonomousBlueye/install/octomap_server2/lib:/home/ovsj/Code/AutonomousBlueye/install/bboxes_ex_msgs/lib:/opt/ros/humble/opt/rviz_ogre_vendor/lib:/opt/ros/humble/lib/aarch64-linux-gnu:/opt/ros/humble/lib VIRTUAL_ENV_PROMPT=(.venv) /usr/bin/cmake --build /home/ovsj/Code/AutonomousBlueye/build/octomap_server2 -- -j6 -l6
[5.534s] Invoking command in '/home/ovsj/Code/AutonomousBlueye/build/octomap_server2': CMAKE_PREFIX_PATH=/home/ovsj/Code/AutonomousBlueye/install/pcl_msgs:/home/ovsj/Code/AutonomousBlueye/install/octomap_msgs:/home/ovsj/Code/AutonomousBlueye/install/robot_interfaces:/home/ovsj/Code/AutonomousBlueye/install/octomap_server2:/home/ovsj/Code/AutonomousBlueye/install/bboxes_ex_msgs:/home/ovsj/Code/AutonomousBlueye/install/yolov5_ros:/home/ovsj/Code/AutonomousBlueye/install/drone_sensors:/home/ovsj/Code/AutonomousBlueye/install/real_blueye_launch:/home/ovsj/Code/AutonomousBlueye/install/image_prosessing:/home/ovsj/Code/AutonomousBlueye/install/experimental:/home/ovsj/Code/AutonomousBlueye/install/control:/opt/ros/humble LD_LIBRARY_PATH=/home/ovsj/Code/AutonomousBlueye/install/pcl_msgs/lib:/home/ovsj/Code/AutonomousBlueye/install/octomap_msgs/lib:/home/ovsj/Code/AutonomousBlueye/install/robot_interfaces/lib:/home/ovsj/Code/AutonomousBlueye/install/octomap_server2/lib:/home/ovsj/Code/AutonomousBlueye/install/bboxes_ex_msgs/lib:/opt/ros/humble/opt/rviz_ogre_vendor/lib:/opt/ros/humble/lib/aarch64-linux-gnu:/opt/ros/humble/lib VIRTUAL_ENV_PROMPT=(.venv) /usr/bin/cmake --install /home/ovsj/Code/AutonomousBlueye/build/octomap_server2
[5.543s] -- Install configuration: ""
[5.550s] -- Execute custom install script
[5.550s] -- Up-to-date symlink: /home/ovsj/Code/AutonomousBlueye/install/octomap_server2/lib/octomap_server2/octomap_server
[5.550s] -- Up-to-date symlink: /home/ovsj/Code/AutonomousBlueye/install/octomap_server2/lib/liboctomap_server2.so
[5.551s] -- Up-to-date symlink: /home/ovsj/Code/AutonomousBlueye/install/octomap_server2/share/octomap_server2//launch/octomap_server_launch.py
[5.551s] -- Up-to-date symlink: /home/ovsj/Code/AutonomousBlueye/install/octomap_server2/share/ament_index/resource_index/package_run_dependencies/octomap_server2
[5.551s] -- Up-to-date symlink: /home/ovsj/Code/AutonomousBlueye/install/octomap_server2/share/ament_index/resource_index/parent_prefix_path/octomap_server2
[5.551s] -- Up-to-date symlink: /home/ovsj/Code/AutonomousBlueye/install/octomap_server2/share/octomap_server2/environment/ament_prefix_path.sh
[5.551s] -- Up-to-date symlink: /home/ovsj/Code/AutonomousBlueye/install/octomap_server2/share/octomap_server2/environment/ament_prefix_path.dsv
[5.551s] -- Up-to-date symlink: /home/ovsj/Code/AutonomousBlueye/install/octomap_server2/share/octomap_server2/environment/path.sh
[5.552s] -- Up-to-date symlink: /home/ovsj/Code/AutonomousBlueye/install/octomap_server2/share/octomap_server2/environment/path.dsv
[5.552s] -- Up-to-date symlink: /home/ovsj/Code/AutonomousBlueye/install/octomap_server2/share/octomap_server2/local_setup.bash
[5.552s] -- Up-to-date symlink: /home/ovsj/Code/AutonomousBlueye/install/octomap_server2/share/octomap_server2/local_setup.sh
[5.552s] -- Up-to-date symlink: /home/ovsj/Code/AutonomousBlueye/install/octomap_server2/share/octomap_server2/local_setup.zsh
[5.552s] -- Up-to-date symlink: /home/ovsj/Code/AutonomousBlueye/install/octomap_server2/share/octomap_server2/local_setup.dsv
[5.552s] -- Symlinking: /home/ovsj/Code/AutonomousBlueye/install/octomap_server2/share/octomap_server2/package.dsv
[5.561s] -- Up-to-date symlink: /home/ovsj/Code/AutonomousBlueye/install/octomap_server2/share/ament_index/resource_index/packages/octomap_server2
[5.562s] -- Up-to-date symlink: /home/ovsj/Code/AutonomousBlueye/install/octomap_server2/share/ament_index/resource_index/rclcpp_components/octomap_server2
[5.562s] -- Up-to-date symlink: /home/ovsj/Code/AutonomousBlueye/install/octomap_server2/share/octomap_server2/cmake/octomap_server2Config.cmake
[5.562s] -- Up-to-date symlink: /home/ovsj/Code/AutonomousBlueye/install/octomap_server2/share/octomap_server2/cmake/octomap_server2Config-version.cmake
[5.562s] -- Up-to-date symlink: /home/ovsj/Code/AutonomousBlueye/install/octomap_server2/share/octomap_server2/package.xml
[5.571s] Invoked command in '/home/ovsj/Code/AutonomousBlueye/build/octomap_server2' returned '0': CMAKE_PREFIX_PATH=/home/ovsj/Code/AutonomousBlueye/install/pcl_msgs:/home/ovsj/Code/AutonomousBlueye/install/octomap_msgs:/home/ovsj/Code/AutonomousBlueye/install/robot_interfaces:/home/ovsj/Code/AutonomousBlueye/install/octomap_server2:/home/ovsj/Code/AutonomousBlueye/install/bboxes_ex_msgs:/home/ovsj/Code/AutonomousBlueye/install/yolov5_ros:/home/ovsj/Code/AutonomousBlueye/install/drone_sensors:/home/ovsj/Code/AutonomousBlueye/install/real_blueye_launch:/home/ovsj/Code/AutonomousBlueye/install/image_prosessing:/home/ovsj/Code/AutonomousBlueye/install/experimental:/home/ovsj/Code/AutonomousBlueye/install/control:/opt/ros/humble LD_LIBRARY_PATH=/home/ovsj/Code/AutonomousBlueye/install/pcl_msgs/lib:/home/ovsj/Code/AutonomousBlueye/install/octomap_msgs/lib:/home/ovsj/Code/AutonomousBlueye/install/robot_interfaces/lib:/home/ovsj/Code/AutonomousBlueye/install/octomap_server2/lib:/home/ovsj/Code/AutonomousBlueye/install/bboxes_ex_msgs/lib:/opt/ros/humble/opt/rviz_ogre_vendor/lib:/opt/ros/humble/lib/aarch64-linux-gnu:/opt/ros/humble/lib VIRTUAL_ENV_PROMPT=(.venv) /usr/bin/cmake --install /home/ovsj/Code/AutonomousBlueye/build/octomap_server2
