[1.449s] Invoking command in '/home/ovsj/Code/AutonomousBlueye/build/experimental': PYTHONPATH=/home/ovsj/Code/AutonomousBlueye/build/experimental/prefix_override:/usr/lib/python3/dist-packages/colcon_core/task/python/colcon_distutils_commands:/home/ovsj/Code/AutonomousBlueye/install/experimental/lib/python3.10/site-packages:${PYTHONPATH} VIRTUAL_ENV_PROMPT=(.venv) /usr/bin/python3 -W ignore:setup.py install is deprecated -W ignore:easy_install command is deprecated setup.py develop --uninstall --editable --build-directory /home/ovsj/Code/AutonomousBlueye/build/experimental/build
[2.024s] running develop
[2.408s] Removing /home/ovsj/Code/AutonomousBlueye/install/experimental/lib/python3.10/site-packages/experimental.egg-link (link to .)
[2.502s] Invoked command in '/home/ovsj/Code/AutonomousBlueye/build/experimental' returned '0': PYTHONPATH=/home/ovsj/Code/AutonomousBlueye/build/experimental/prefix_override:/usr/lib/python3/dist-packages/colcon_core/task/python/colcon_distutils_commands:/home/ovsj/Code/AutonomousBlueye/install/experimental/lib/python3.10/site-packages:${PYTHONPATH} VIRTUAL_ENV_PROMPT=(.venv) /usr/bin/python3 -W ignore:setup.py install is deprecated -W ignore:easy_install command is deprecated setup.py develop --uninstall --editable --build-directory /home/ovsj/Code/AutonomousBlueye/build/experimental/build
[2.503s] Invoking command in '/home/ovsj/Code/AutonomousBlueye/src/experimental': PYTHONPATH=/home/ovsj/Code/AutonomousBlueye/build/experimental/prefix_override:/usr/lib/python3/dist-packages/colcon_core/task/python/colcon_distutils_commands:/home/ovsj/Code/AutonomousBlueye/install/experimental/lib/python3.10/site-packages:${PYTHONPATH} VIRTUAL_ENV_PROMPT=(.venv) /usr/bin/python3 -W ignore:setup.py install is deprecated -W ignore:easy_install command is deprecated setup.py egg_info --egg-base ../../build/experimental build --build-base /home/ovsj/Code/AutonomousBlueye/build/experimental/build install --record /home/ovsj/Code/AutonomousBlueye/build/experimental/install.log --single-version-externally-managed install_data --force
[2.965s] running egg_info
[2.985s] writing ../../build/experimental/experimental.egg-info/PKG-INFO
[2.986s] writing dependency_links to ../../build/experimental/experimental.egg-info/dependency_links.txt
[2.987s] writing entry points to ../../build/experimental/experimental.egg-info/entry_points.txt
[2.988s] writing requirements to ../../build/experimental/experimental.egg-info/requires.txt
[2.989s] writing top-level names to ../../build/experimental/experimental.egg-info/top_level.txt
[3.020s] reading manifest file '../../build/experimental/experimental.egg-info/SOURCES.txt'
[3.022s] writing manifest file '../../build/experimental/experimental.egg-info/SOURCES.txt'
[3.023s] running build
[3.023s] running build_py
[3.024s] creating /home/ovsj/Code/AutonomousBlueye/build/experimental/build/lib/experimental
[3.024s] copying experimental/__init__.py -> /home/ovsj/Code/AutonomousBlueye/build/experimental/build/lib/experimental
[3.025s] copying experimental/Image_test.py -> /home/ovsj/Code/AutonomousBlueye/build/experimental/build/lib/experimental
[3.028s] copying experimental/Video_to_topic.py -> /home/ovsj/Code/AutonomousBlueye/build/experimental/build/lib/experimental
[3.029s] copying experimental/Video_to_topic_no_trackbar.py -> /home/ovsj/Code/AutonomousBlueye/build/experimental/build/lib/experimental
[3.030s] copying experimental/control_test.py -> /home/ovsj/Code/AutonomousBlueye/build/experimental/build/lib/experimental
[3.030s] running install
[3.041s] running install_lib
[3.057s] creating /home/ovsj/Code/AutonomousBlueye/install/experimental/lib/python3.10/site-packages/experimental
[3.058s] copying /home/ovsj/Code/AutonomousBlueye/build/experimental/build/lib/experimental/__init__.py -> /home/ovsj/Code/AutonomousBlueye/install/experimental/lib/python3.10/site-packages/experimental
[3.058s] copying /home/ovsj/Code/AutonomousBlueye/build/experimental/build/lib/experimental/Image_test.py -> /home/ovsj/Code/AutonomousBlueye/install/experimental/lib/python3.10/site-packages/experimental
[3.058s] copying /home/ovsj/Code/AutonomousBlueye/build/experimental/build/lib/experimental/Video_to_topic.py -> /home/ovsj/Code/AutonomousBlueye/install/experimental/lib/python3.10/site-packages/experimental
[3.058s] copying /home/ovsj/Code/AutonomousBlueye/build/experimental/build/lib/experimental/Video_to_topic_no_trackbar.py -> /home/ovsj/Code/AutonomousBlueye/install/experimental/lib/python3.10/site-packages/experimental
[3.059s] copying /home/ovsj/Code/AutonomousBlueye/build/experimental/build/lib/experimental/control_test.py -> /home/ovsj/Code/AutonomousBlueye/install/experimental/lib/python3.10/site-packages/experimental
[3.059s] byte-compiling /home/ovsj/Code/AutonomousBlueye/install/experimental/lib/python3.10/site-packages/experimental/__init__.py to __init__.cpython-310.pyc
[3.059s] byte-compiling /home/ovsj/Code/AutonomousBlueye/install/experimental/lib/python3.10/site-packages/experimental/Image_test.py to Image_test.cpython-310.pyc
[3.060s] byte-compiling /home/ovsj/Code/AutonomousBlueye/install/experimental/lib/python3.10/site-packages/experimental/Video_to_topic.py to Video_to_topic.cpython-310.pyc
[3.060s] byte-compiling /home/ovsj/Code/AutonomousBlueye/install/experimental/lib/python3.10/site-packages/experimental/Video_to_topic_no_trackbar.py to Video_to_topic_no_trackbar.cpython-310.pyc
[3.061s] byte-compiling /home/ovsj/Code/AutonomousBlueye/install/experimental/lib/python3.10/site-packages/experimental/control_test.py to control_test.cpython-310.pyc
[3.061s] running install_data
[3.061s] copying resource/experimental -> /home/ovsj/Code/AutonomousBlueye/install/experimental/share/ament_index/resource_index/packages
[3.066s] copying package.xml -> /home/ovsj/Code/AutonomousBlueye/install/experimental/share/experimental
[3.066s] running install_egg_info
[3.075s] Copying ../../build/experimental/experimental.egg-info to /home/ovsj/Code/AutonomousBlueye/install/experimental/lib/python3.10/site-packages/experimental-0.0.0-py3.10.egg-info
[3.078s] running install_scripts
[3.283s] Installing Video_to_topic script to /home/ovsj/Code/AutonomousBlueye/install/experimental/lib/experimental
[3.291s] Installing Video_to_topic_no_trackbar script to /home/ovsj/Code/AutonomousBlueye/install/experimental/lib/experimental
[3.292s] Installing control_test script to /home/ovsj/Code/AutonomousBlueye/install/experimental/lib/experimental
[3.292s] writing list of installed files to '/home/ovsj/Code/AutonomousBlueye/build/experimental/install.log'
[3.402s] Invoked command in '/home/ovsj/Code/AutonomousBlueye/src/experimental' returned '0': PYTHONPATH=/home/ovsj/Code/AutonomousBlueye/build/experimental/prefix_override:/usr/lib/python3/dist-packages/colcon_core/task/python/colcon_distutils_commands:/home/ovsj/Code/AutonomousBlueye/install/experimental/lib/python3.10/site-packages:${PYTHONPATH} VIRTUAL_ENV_PROMPT=(.venv) /usr/bin/python3 -W ignore:setup.py install is deprecated -W ignore:easy_install command is deprecated setup.py egg_info --egg-base ../../build/experimental build --build-base /home/ovsj/Code/AutonomousBlueye/build/experimental/build install --record /home/ovsj/Code/AutonomousBlueye/build/experimental/install.log --single-version-externally-managed install_data --force
