[0.050s] Invoking command in '/home/ovsj/Code/AutonomousBlueye/build/bboxes_ex_msgs': CMAKE_PREFIX_PATH=${CMAKE_PREFIX_PATH}:/home/ovsj/Code/AutonomousBlueye/install/yolov5_ros:/home/ovsj/Code/AutonomousBlueye/install/drone_sensors:/home/ovsj/Code/AutonomousBlueye/install/real_blueye_launch:/home/ovsj/Code/AutonomousBlueye/install/image_prosessing:/home/ovsj/Code/AutonomousBlueye/install/experimental:/home/ovsj/Code/AutonomousBlueye/install/control:/opt/ros/humble VIRTUAL_ENV_PROMPT=(.venv) /usr/bin/cmake --build /home/ovsj/Code/AutonomousBlueye/build/bboxes_ex_msgs -- -j6 -l6
[0.901s] [35m[1mConsolidate compiler generated dependencies of target bboxes_ex_msgs__rosidl_generator_c[0m
[0.901s] [  2%] Built target bboxes_ex_msgs__cpp
[0.901s] [35m[1mConsolidate compiler generated dependencies of target bboxes_ex_msgs__rosidl_typesupport_fastrtps_cpp[0m
[0.901s] [  2%] Built target ament_cmake_python_symlink_bboxes_ex_msgs
[0.901s] [ 12%] Built target bboxes_ex_msgs__rosidl_generator_c
[0.901s] [35m[1mConsolidate compiler generated dependencies of target bboxes_ex_msgs__rosidl_typesupport_cpp[0m
[0.901s] [35m[1mConsolidate compiler generated dependencies of target bboxes_ex_msgs__rosidl_typesupport_introspection_cpp[0m
[0.901s] [ 23%] Built target bboxes_ex_msgs__rosidl_typesupport_fastrtps_cpp
[0.901s] [ 33%] Built target bboxes_ex_msgs__rosidl_typesupport_cpp
[0.901s] [ 43%] Built target bboxes_ex_msgs__rosidl_typesupport_introspection_cpp
[0.901s] [35m[1mConsolidate compiler generated dependencies of target bboxes_ex_msgs__rosidl_typesupport_introspection_c[0m
[0.901s] [35m[1mConsolidate compiler generated dependencies of target bboxes_ex_msgs__rosidl_typesupport_fastrtps_c[0m
[0.901s] [35m[1mConsolidate compiler generated dependencies of target bboxes_ex_msgs__rosidl_typesupport_c[0m
[0.901s] [ 53%] Built target bboxes_ex_msgs__rosidl_typesupport_fastrtps_c
[0.901s] [ 64%] Built target bboxes_ex_msgs__rosidl_typesupport_introspection_c
[0.901s] [ 74%] Built target bboxes_ex_msgs__rosidl_typesupport_c
[0.902s] [ 74%] Built target bboxes_ex_msgs
[0.902s] [ 76%] Built target bboxes_ex_msgs__py
[0.919s] [35m[1mConsolidate compiler generated dependencies of target bboxes_ex_msgs__rosidl_generator_py[0m
[0.989s] [ 84%] Built target bboxes_ex_msgs__rosidl_generator_py
[1.030s] [35m[1mConsolidate compiler generated dependencies of target bboxes_ex_msgs__rosidl_typesupport_fastrtps_c__pyext[0m
[1.035s] [35m[1mConsolidate compiler generated dependencies of target bboxes_ex_msgs__rosidl_typesupport_c__pyext[0m
[1.058s] [35m[1mConsolidate compiler generated dependencies of target bboxes_ex_msgs__rosidl_typesupport_introspection_c__pyext[0m
[1.084s] [ 89%] Built target bboxes_ex_msgs__rosidl_typesupport_fastrtps_c__pyext
[1.104s] [ 94%] Built target bboxes_ex_msgs__rosidl_typesupport_c__pyext
[1.146s] [100%] Built target bboxes_ex_msgs__rosidl_typesupport_introspection_c__pyext
[1.217s] running egg_info
[1.268s] writing bboxes_ex_msgs.egg-info/PKG-INFO
[1.268s] writing dependency_links to bboxes_ex_msgs.egg-info/dependency_links.txt
[1.268s] writing top-level names to bboxes_ex_msgs.egg-info/top_level.txt
[1.370s] reading manifest file 'bboxes_ex_msgs.egg-info/SOURCES.txt'
[1.370s] writing manifest file 'bboxes_ex_msgs.egg-info/SOURCES.txt'
[1.459s] [100%] Built target ament_cmake_python_build_bboxes_ex_msgs_egg
[1.582s] Invoked command in '/home/ovsj/Code/AutonomousBlueye/build/bboxes_ex_msgs' returned '0': CMAKE_PREFIX_PATH=${CMAKE_PREFIX_PATH}:/home/ovsj/Code/AutonomousBlueye/install/yolov5_ros:/home/ovsj/Code/AutonomousBlueye/install/drone_sensors:/home/ovsj/Code/AutonomousBlueye/install/real_blueye_launch:/home/ovsj/Code/AutonomousBlueye/install/image_prosessing:/home/ovsj/Code/AutonomousBlueye/install/experimental:/home/ovsj/Code/AutonomousBlueye/install/control:/opt/ros/humble VIRTUAL_ENV_PROMPT=(.venv) /usr/bin/cmake --build /home/ovsj/Code/AutonomousBlueye/build/bboxes_ex_msgs -- -j6 -l6
[1.595s] Invoking command in '/home/ovsj/Code/AutonomousBlueye/build/bboxes_ex_msgs': CMAKE_PREFIX_PATH=${CMAKE_PREFIX_PATH}:/home/ovsj/Code/AutonomousBlueye/install/yolov5_ros:/home/ovsj/Code/AutonomousBlueye/install/drone_sensors:/home/ovsj/Code/AutonomousBlueye/install/real_blueye_launch:/home/ovsj/Code/AutonomousBlueye/install/image_prosessing:/home/ovsj/Code/AutonomousBlueye/install/experimental:/home/ovsj/Code/AutonomousBlueye/install/control:/opt/ros/humble VIRTUAL_ENV_PROMPT=(.venv) /usr/bin/cmake --install /home/ovsj/Code/AutonomousBlueye/build/bboxes_ex_msgs
[1.641s] -- Install configuration: ""
[1.641s] -- Execute custom install script
[1.641s] -- Up-to-date symlink: /home/ovsj/Code/AutonomousBlueye/install/bboxes_ex_msgs/share/ament_index/resource_index/rosidl_interfaces/bboxes_ex_msgs
[1.641s] -- Up-to-date symlink: /home/ovsj/Code/AutonomousBlueye/install/bboxes_ex_msgs/include/bboxes_ex_msgs/bboxes_ex_msgs/msg/bounding_box.h
[1.641s] -- Up-to-date symlink: /home/ovsj/Code/AutonomousBlueye/install/bboxes_ex_msgs/include/bboxes_ex_msgs/bboxes_ex_msgs/msg/bounding_boxes.h
[1.641s] -- Up-to-date symlink: /home/ovsj/Code/AutonomousBlueye/install/bboxes_ex_msgs/include/bboxes_ex_msgs/bboxes_ex_msgs/msg/detail/bounding_box__functions.h
[1.642s] -- Up-to-date symlink: /home/ovsj/Code/AutonomousBlueye/install/bboxes_ex_msgs/include/bboxes_ex_msgs/bboxes_ex_msgs/msg/detail/bounding_box__struct.h
[1.642s] -- Up-to-date symlink: /home/ovsj/Code/AutonomousBlueye/install/bboxes_ex_msgs/include/bboxes_ex_msgs/bboxes_ex_msgs/msg/detail/bounding_box__type_support.h
[1.642s] -- Up-to-date symlink: /home/ovsj/Code/AutonomousBlueye/install/bboxes_ex_msgs/include/bboxes_ex_msgs/bboxes_ex_msgs/msg/detail/bounding_boxes__functions.h
[1.642s] -- Up-to-date symlink: /home/ovsj/Code/AutonomousBlueye/install/bboxes_ex_msgs/include/bboxes_ex_msgs/bboxes_ex_msgs/msg/detail/bounding_boxes__struct.h
[1.648s] -- Up-to-date symlink: /home/ovsj/Code/AutonomousBlueye/install/bboxes_ex_msgs/include/bboxes_ex_msgs/bboxes_ex_msgs/msg/detail/bounding_boxes__type_support.h
[1.649s] -- Up-to-date symlink: /home/ovsj/Code/AutonomousBlueye/install/bboxes_ex_msgs/include/bboxes_ex_msgs/bboxes_ex_msgs/msg/rosidl_generator_c__visibility_control.h
[1.650s] -- Up-to-date symlink: /home/ovsj/Code/AutonomousBlueye/install/bboxes_ex_msgs/share/bboxes_ex_msgs/environment/library_path.sh
[1.650s] -- Up-to-date symlink: /home/ovsj/Code/AutonomousBlueye/install/bboxes_ex_msgs/share/bboxes_ex_msgs/environment/library_path.dsv
[1.651s] -- Up-to-date symlink: /home/ovsj/Code/AutonomousBlueye/install/bboxes_ex_msgs/include/bboxes_ex_msgs/bboxes_ex_msgs/msg/detail/bounding_box__rosidl_typesupport_fastrtps_c.h
[1.651s] -- Up-to-date symlink: /home/ovsj/Code/AutonomousBlueye/install/bboxes_ex_msgs/include/bboxes_ex_msgs/bboxes_ex_msgs/msg/detail/bounding_boxes__rosidl_typesupport_fastrtps_c.h
[1.651s] -- Up-to-date symlink: /home/ovsj/Code/AutonomousBlueye/install/bboxes_ex_msgs/include/bboxes_ex_msgs/bboxes_ex_msgs/msg/rosidl_typesupport_fastrtps_c__visibility_control.h
[1.652s] -- Up-to-date symlink: /home/ovsj/Code/AutonomousBlueye/install/bboxes_ex_msgs/include/bboxes_ex_msgs/bboxes_ex_msgs/msg/bounding_box.hpp
[1.652s] -- Up-to-date symlink: /home/ovsj/Code/AutonomousBlueye/install/bboxes_ex_msgs/include/bboxes_ex_msgs/bboxes_ex_msgs/msg/bounding_boxes.hpp
[1.652s] -- Up-to-date symlink: /home/ovsj/Code/AutonomousBlueye/install/bboxes_ex_msgs/include/bboxes_ex_msgs/bboxes_ex_msgs/msg/detail/bounding_box__builder.hpp
[1.652s] -- Up-to-date symlink: /home/ovsj/Code/AutonomousBlueye/install/bboxes_ex_msgs/include/bboxes_ex_msgs/bboxes_ex_msgs/msg/detail/bounding_box__struct.hpp
[1.652s] -- Up-to-date symlink: /home/ovsj/Code/AutonomousBlueye/install/bboxes_ex_msgs/include/bboxes_ex_msgs/bboxes_ex_msgs/msg/detail/bounding_box__traits.hpp
[1.653s] -- Up-to-date symlink: /home/ovsj/Code/AutonomousBlueye/install/bboxes_ex_msgs/include/bboxes_ex_msgs/bboxes_ex_msgs/msg/detail/bounding_box__type_support.hpp
[1.653s] -- Up-to-date symlink: /home/ovsj/Code/AutonomousBlueye/install/bboxes_ex_msgs/include/bboxes_ex_msgs/bboxes_ex_msgs/msg/detail/bounding_boxes__builder.hpp
[1.653s] -- Up-to-date symlink: /home/ovsj/Code/AutonomousBlueye/install/bboxes_ex_msgs/include/bboxes_ex_msgs/bboxes_ex_msgs/msg/detail/bounding_boxes__struct.hpp
[1.654s] -- Up-to-date symlink: /home/ovsj/Code/AutonomousBlueye/install/bboxes_ex_msgs/include/bboxes_ex_msgs/bboxes_ex_msgs/msg/detail/bounding_boxes__traits.hpp
[1.654s] -- Up-to-date symlink: /home/ovsj/Code/AutonomousBlueye/install/bboxes_ex_msgs/include/bboxes_ex_msgs/bboxes_ex_msgs/msg/detail/bounding_boxes__type_support.hpp
[1.654s] -- Up-to-date symlink: /home/ovsj/Code/AutonomousBlueye/install/bboxes_ex_msgs/include/bboxes_ex_msgs/bboxes_ex_msgs/msg/rosidl_generator_cpp__visibility_control.hpp
[1.654s] -- Up-to-date symlink: /home/ovsj/Code/AutonomousBlueye/install/bboxes_ex_msgs/include/bboxes_ex_msgs/bboxes_ex_msgs/msg/detail/bounding_box__rosidl_typesupport_fastrtps_cpp.hpp
[1.655s] -- Up-to-date symlink: /home/ovsj/Code/AutonomousBlueye/install/bboxes_ex_msgs/include/bboxes_ex_msgs/bboxes_ex_msgs/msg/detail/bounding_boxes__rosidl_typesupport_fastrtps_cpp.hpp
[1.678s] -- Up-to-date symlink: /home/ovsj/Code/AutonomousBlueye/install/bboxes_ex_msgs/include/bboxes_ex_msgs/bboxes_ex_msgs/msg/rosidl_typesupport_fastrtps_cpp__visibility_control.h
[1.683s] -- Up-to-date symlink: /home/ovsj/Code/AutonomousBlueye/install/bboxes_ex_msgs/include/bboxes_ex_msgs/bboxes_ex_msgs/msg/detail/bounding_box__rosidl_typesupport_introspection_c.h
[1.683s] -- Up-to-date symlink: /home/ovsj/Code/AutonomousBlueye/install/bboxes_ex_msgs/include/bboxes_ex_msgs/bboxes_ex_msgs/msg/detail/bounding_boxes__rosidl_typesupport_introspection_c.h
[1.683s] -- Up-to-date symlink: /home/ovsj/Code/AutonomousBlueye/install/bboxes_ex_msgs/include/bboxes_ex_msgs/bboxes_ex_msgs/msg/rosidl_typesupport_introspection_c__visibility_control.h
[1.683s] -- Up-to-date symlink: /home/ovsj/Code/AutonomousBlueye/install/bboxes_ex_msgs/include/bboxes_ex_msgs/bboxes_ex_msgs/msg/detail/bounding_box__rosidl_typesupport_introspection_cpp.hpp
[1.683s] -- Up-to-date symlink: /home/ovsj/Code/AutonomousBlueye/install/bboxes_ex_msgs/include/bboxes_ex_msgs/bboxes_ex_msgs/msg/detail/bounding_boxes__rosidl_typesupport_introspection_cpp.hpp
[1.683s] -- Up-to-date symlink: /home/ovsj/Code/AutonomousBlueye/install/bboxes_ex_msgs/share/bboxes_ex_msgs/environment/pythonpath.sh
[1.683s] -- Up-to-date symlink: /home/ovsj/Code/AutonomousBlueye/install/bboxes_ex_msgs/share/bboxes_ex_msgs/environment/pythonpath.dsv
[1.683s] -- Up-to-date symlink: /home/ovsj/Code/AutonomousBlueye/install/bboxes_ex_msgs/local/lib/python3.10/dist-packages/bboxes_ex_msgs-0.0.0-py3.10.egg-info/PKG-INFO
[1.683s] -- Up-to-date symlink: /home/ovsj/Code/AutonomousBlueye/install/bboxes_ex_msgs/local/lib/python3.10/dist-packages/bboxes_ex_msgs-0.0.0-py3.10.egg-info/SOURCES.txt
[1.683s] -- Up-to-date symlink: /home/ovsj/Code/AutonomousBlueye/install/bboxes_ex_msgs/local/lib/python3.10/dist-packages/bboxes_ex_msgs-0.0.0-py3.10.egg-info/dependency_links.txt
[1.683s] -- Up-to-date symlink: /home/ovsj/Code/AutonomousBlueye/install/bboxes_ex_msgs/local/lib/python3.10/dist-packages/bboxes_ex_msgs-0.0.0-py3.10.egg-info/top_level.txt
[1.683s] -- Up-to-date symlink: /home/ovsj/Code/AutonomousBlueye/install/bboxes_ex_msgs/local/lib/python3.10/dist-packages/bboxes_ex_msgs/__init__.py
[1.683s] -- Up-to-date symlink: /home/ovsj/Code/AutonomousBlueye/install/bboxes_ex_msgs/local/lib/python3.10/dist-packages/bboxes_ex_msgs/_bboxes_ex_msgs_s.ep.rosidl_typesupport_c.c
[1.683s] -- Up-to-date symlink: /home/ovsj/Code/AutonomousBlueye/install/bboxes_ex_msgs/local/lib/python3.10/dist-packages/bboxes_ex_msgs/_bboxes_ex_msgs_s.ep.rosidl_typesupport_fastrtps_c.c
[1.683s] -- Up-to-date symlink: /home/ovsj/Code/AutonomousBlueye/install/bboxes_ex_msgs/local/lib/python3.10/dist-packages/bboxes_ex_msgs/_bboxes_ex_msgs_s.ep.rosidl_typesupport_introspection_c.c
[1.683s] -- Up-to-date symlink: /home/ovsj/Code/AutonomousBlueye/install/bboxes_ex_msgs/local/lib/python3.10/dist-packages/bboxes_ex_msgs/bboxes_ex_msgs_s__rosidl_typesupport_c.cpython-310-aarch64-linux-gnu.so
[1.683s] -- Up-to-date symlink: /home/ovsj/Code/AutonomousBlueye/install/bboxes_ex_msgs/local/lib/python3.10/dist-packages/bboxes_ex_msgs/bboxes_ex_msgs_s__rosidl_typesupport_fastrtps_c.cpython-310-aarch64-linux-gnu.so
[1.683s] -- Up-to-date symlink: /home/ovsj/Code/AutonomousBlueye/install/bboxes_ex_msgs/local/lib/python3.10/dist-packages/bboxes_ex_msgs/bboxes_ex_msgs_s__rosidl_typesupport_introspection_c.cpython-310-aarch64-linux-gnu.so
[1.684s] -- Up-to-date symlink: /home/ovsj/Code/AutonomousBlueye/install/bboxes_ex_msgs/local/lib/python3.10/dist-packages/bboxes_ex_msgs/libbboxes_ex_msgs__rosidl_generator_py.so
[1.684s] -- Up-to-date symlink: /home/ovsj/Code/AutonomousBlueye/install/bboxes_ex_msgs/local/lib/python3.10/dist-packages/bboxes_ex_msgs/msg/__init__.py
[1.684s] -- Up-to-date symlink: /home/ovsj/Code/AutonomousBlueye/install/bboxes_ex_msgs/local/lib/python3.10/dist-packages/bboxes_ex_msgs/msg/_bounding_box.py
[1.684s] -- Up-to-date symlink: /home/ovsj/Code/AutonomousBlueye/install/bboxes_ex_msgs/local/lib/python3.10/dist-packages/bboxes_ex_msgs/msg/_bounding_box_s.c
[1.684s] -- Up-to-date symlink: /home/ovsj/Code/AutonomousBlueye/install/bboxes_ex_msgs/local/lib/python3.10/dist-packages/bboxes_ex_msgs/msg/_bounding_boxes.py
[1.684s] -- Up-to-date symlink: /home/ovsj/Code/AutonomousBlueye/install/bboxes_ex_msgs/local/lib/python3.10/dist-packages/bboxes_ex_msgs/msg/_bounding_boxes_s.c
[1.684s] -- Up-to-date symlink: /home/ovsj/Code/AutonomousBlueye/install/bboxes_ex_msgs/local/lib/python3.10/dist-packages/bboxes_ex_msgs/bboxes_ex_msgs_s__rosidl_typesupport_fastrtps_c.cpython-310-aarch64-linux-gnu.so
[1.684s] -- Up-to-date symlink: /home/ovsj/Code/AutonomousBlueye/install/bboxes_ex_msgs/local/lib/python3.10/dist-packages/bboxes_ex_msgs/bboxes_ex_msgs_s__rosidl_typesupport_introspection_c.cpython-310-aarch64-linux-gnu.so
[1.684s] -- Up-to-date symlink: /home/ovsj/Code/AutonomousBlueye/install/bboxes_ex_msgs/local/lib/python3.10/dist-packages/bboxes_ex_msgs/bboxes_ex_msgs_s__rosidl_typesupport_c.cpython-310-aarch64-linux-gnu.so
[1.684s] -- Up-to-date symlink: /home/ovsj/Code/AutonomousBlueye/install/bboxes_ex_msgs/share/bboxes_ex_msgs/msg/BoundingBox.idl
[1.684s] -- Up-to-date symlink: /home/ovsj/Code/AutonomousBlueye/install/bboxes_ex_msgs/share/bboxes_ex_msgs/msg/BoundingBoxes.idl
[1.684s] -- Up-to-date symlink: /home/ovsj/Code/AutonomousBlueye/install/bboxes_ex_msgs/share/bboxes_ex_msgs/msg/BoundingBox.msg
[1.684s] -- Up-to-date symlink: /home/ovsj/Code/AutonomousBlueye/install/bboxes_ex_msgs/share/bboxes_ex_msgs/msg/BoundingBoxes.msg
[1.684s] -- Up-to-date symlink: /home/ovsj/Code/AutonomousBlueye/install/bboxes_ex_msgs/share/ament_index/resource_index/package_run_dependencies/bboxes_ex_msgs
[1.684s] -- Up-to-date symlink: /home/ovsj/Code/AutonomousBlueye/install/bboxes_ex_msgs/share/ament_index/resource_index/parent_prefix_path/bboxes_ex_msgs
[1.685s] -- Up-to-date symlink: /home/ovsj/Code/AutonomousBlueye/install/bboxes_ex_msgs/share/bboxes_ex_msgs/environment/ament_prefix_path.sh
[1.685s] -- Up-to-date symlink: /home/ovsj/Code/AutonomousBlueye/install/bboxes_ex_msgs/share/bboxes_ex_msgs/environment/ament_prefix_path.dsv
[1.685s] -- Up-to-date symlink: /home/ovsj/Code/AutonomousBlueye/install/bboxes_ex_msgs/share/bboxes_ex_msgs/environment/path.sh
[1.685s] -- Up-to-date symlink: /home/ovsj/Code/AutonomousBlueye/install/bboxes_ex_msgs/share/bboxes_ex_msgs/environment/path.dsv
[1.685s] -- Up-to-date symlink: /home/ovsj/Code/AutonomousBlueye/install/bboxes_ex_msgs/share/bboxes_ex_msgs/local_setup.bash
[1.685s] -- Up-to-date symlink: /home/ovsj/Code/AutonomousBlueye/install/bboxes_ex_msgs/share/bboxes_ex_msgs/local_setup.sh
[1.685s] -- Up-to-date symlink: /home/ovsj/Code/AutonomousBlueye/install/bboxes_ex_msgs/share/bboxes_ex_msgs/local_setup.zsh
[1.685s] -- Up-to-date symlink: /home/ovsj/Code/AutonomousBlueye/install/bboxes_ex_msgs/share/bboxes_ex_msgs/local_setup.dsv
[1.685s] -- Symlinking: /home/ovsj/Code/AutonomousBlueye/install/bboxes_ex_msgs/share/bboxes_ex_msgs/package.dsv
[1.713s] -- Up-to-date symlink: /home/ovsj/Code/AutonomousBlueye/install/bboxes_ex_msgs/share/ament_index/resource_index/packages/bboxes_ex_msgs
[1.714s] -- Up-to-date symlink: /home/ovsj/Code/AutonomousBlueye/install/bboxes_ex_msgs/share/bboxes_ex_msgs/cmake/rosidl_cmake-extras.cmake
[1.714s] -- Up-to-date symlink: /home/ovsj/Code/AutonomousBlueye/install/bboxes_ex_msgs/share/bboxes_ex_msgs/cmake/ament_cmake_export_dependencies-extras.cmake
[1.714s] -- Up-to-date symlink: /home/ovsj/Code/AutonomousBlueye/install/bboxes_ex_msgs/share/bboxes_ex_msgs/cmake/ament_cmake_export_include_directories-extras.cmake
[1.714s] -- Up-to-date symlink: /home/ovsj/Code/AutonomousBlueye/install/bboxes_ex_msgs/share/bboxes_ex_msgs/cmake/ament_cmake_export_libraries-extras.cmake
[1.714s] -- Up-to-date symlink: /home/ovsj/Code/AutonomousBlueye/install/bboxes_ex_msgs/share/bboxes_ex_msgs/cmake/ament_cmake_export_targets-extras.cmake
[1.715s] -- Up-to-date symlink: /home/ovsj/Code/AutonomousBlueye/install/bboxes_ex_msgs/share/bboxes_ex_msgs/cmake/rosidl_cmake_export_typesupport_targets-extras.cmake
[1.715s] -- Up-to-date symlink: /home/ovsj/Code/AutonomousBlueye/install/bboxes_ex_msgs/share/bboxes_ex_msgs/cmake/rosidl_cmake_export_typesupport_libraries-extras.cmake
[1.715s] -- Up-to-date symlink: /home/ovsj/Code/AutonomousBlueye/install/bboxes_ex_msgs/share/bboxes_ex_msgs/cmake/bboxes_ex_msgsConfig.cmake
[1.715s] -- Up-to-date symlink: /home/ovsj/Code/AutonomousBlueye/install/bboxes_ex_msgs/share/bboxes_ex_msgs/cmake/bboxes_ex_msgsConfig-version.cmake
[1.715s] -- Up-to-date symlink: /home/ovsj/Code/AutonomousBlueye/install/bboxes_ex_msgs/share/bboxes_ex_msgs/package.xml
[1.715s] -- Up-to-date: /home/ovsj/Code/AutonomousBlueye/install/bboxes_ex_msgs/lib/libbboxes_ex_msgs__rosidl_generator_c.so
[1.716s] -- Up-to-date: /home/ovsj/Code/AutonomousBlueye/install/bboxes_ex_msgs/lib/libbboxes_ex_msgs__rosidl_typesupport_fastrtps_c.so
[1.716s] -- Up-to-date: /home/ovsj/Code/AutonomousBlueye/install/bboxes_ex_msgs/lib/libbboxes_ex_msgs__rosidl_typesupport_fastrtps_cpp.so
[1.716s] -- Up-to-date: /home/ovsj/Code/AutonomousBlueye/install/bboxes_ex_msgs/lib/libbboxes_ex_msgs__rosidl_typesupport_introspection_c.so
[1.716s] -- Up-to-date: /home/ovsj/Code/AutonomousBlueye/install/bboxes_ex_msgs/lib/libbboxes_ex_msgs__rosidl_typesupport_c.so
[1.717s] -- Up-to-date: /home/ovsj/Code/AutonomousBlueye/install/bboxes_ex_msgs/lib/libbboxes_ex_msgs__rosidl_typesupport_introspection_cpp.so
[1.717s] -- Up-to-date: /home/ovsj/Code/AutonomousBlueye/install/bboxes_ex_msgs/lib/libbboxes_ex_msgs__rosidl_typesupport_cpp.so
[1.810s] Listing '/home/ovsj/Code/AutonomousBlueye/install/bboxes_ex_msgs/local/lib/python3.10/dist-packages/bboxes_ex_msgs'...
[1.810s] Listing '/home/ovsj/Code/AutonomousBlueye/install/bboxes_ex_msgs/local/lib/python3.10/dist-packages/bboxes_ex_msgs/msg'...
[1.817s] -- Up-to-date: /home/ovsj/Code/AutonomousBlueye/install/bboxes_ex_msgs/lib/libbboxes_ex_msgs__rosidl_generator_py.so
[1.818s] -- Up-to-date: /home/ovsj/Code/AutonomousBlueye/install/bboxes_ex_msgs/share/bboxes_ex_msgs/cmake/export_bboxes_ex_msgs__rosidl_generator_cExport.cmake
[1.819s] -- Up-to-date: /home/ovsj/Code/AutonomousBlueye/install/bboxes_ex_msgs/share/bboxes_ex_msgs/cmake/export_bboxes_ex_msgs__rosidl_generator_cExport-noconfig.cmake
[1.819s] -- Up-to-date: /home/ovsj/Code/AutonomousBlueye/install/bboxes_ex_msgs/share/bboxes_ex_msgs/cmake/export_bboxes_ex_msgs__rosidl_typesupport_fastrtps_cExport.cmake
[1.819s] -- Up-to-date: /home/ovsj/Code/AutonomousBlueye/install/bboxes_ex_msgs/share/bboxes_ex_msgs/cmake/export_bboxes_ex_msgs__rosidl_typesupport_fastrtps_cExport-noconfig.cmake
[1.819s] -- Up-to-date: /home/ovsj/Code/AutonomousBlueye/install/bboxes_ex_msgs/share/bboxes_ex_msgs/cmake/export_bboxes_ex_msgs__rosidl_generator_cppExport.cmake
[1.819s] -- Up-to-date: /home/ovsj/Code/AutonomousBlueye/install/bboxes_ex_msgs/share/bboxes_ex_msgs/cmake/export_bboxes_ex_msgs__rosidl_typesupport_fastrtps_cppExport.cmake
[1.819s] -- Up-to-date: /home/ovsj/Code/AutonomousBlueye/install/bboxes_ex_msgs/share/bboxes_ex_msgs/cmake/export_bboxes_ex_msgs__rosidl_typesupport_fastrtps_cppExport-noconfig.cmake
[1.819s] -- Up-to-date: /home/ovsj/Code/AutonomousBlueye/install/bboxes_ex_msgs/share/bboxes_ex_msgs/cmake/bboxes_ex_msgs__rosidl_typesupport_introspection_cExport.cmake
[1.819s] -- Up-to-date: /home/ovsj/Code/AutonomousBlueye/install/bboxes_ex_msgs/share/bboxes_ex_msgs/cmake/bboxes_ex_msgs__rosidl_typesupport_introspection_cExport-noconfig.cmake
[1.819s] -- Up-to-date: /home/ovsj/Code/AutonomousBlueye/install/bboxes_ex_msgs/share/bboxes_ex_msgs/cmake/bboxes_ex_msgs__rosidl_typesupport_cExport.cmake
[1.821s] -- Up-to-date: /home/ovsj/Code/AutonomousBlueye/install/bboxes_ex_msgs/share/bboxes_ex_msgs/cmake/bboxes_ex_msgs__rosidl_typesupport_cExport-noconfig.cmake
[1.821s] -- Up-to-date: /home/ovsj/Code/AutonomousBlueye/install/bboxes_ex_msgs/share/bboxes_ex_msgs/cmake/bboxes_ex_msgs__rosidl_typesupport_introspection_cppExport.cmake
[1.821s] -- Up-to-date: /home/ovsj/Code/AutonomousBlueye/install/bboxes_ex_msgs/share/bboxes_ex_msgs/cmake/bboxes_ex_msgs__rosidl_typesupport_introspection_cppExport-noconfig.cmake
[1.821s] -- Up-to-date: /home/ovsj/Code/AutonomousBlueye/install/bboxes_ex_msgs/share/bboxes_ex_msgs/cmake/bboxes_ex_msgs__rosidl_typesupport_cppExport.cmake
[1.821s] -- Up-to-date: /home/ovsj/Code/AutonomousBlueye/install/bboxes_ex_msgs/share/bboxes_ex_msgs/cmake/bboxes_ex_msgs__rosidl_typesupport_cppExport-noconfig.cmake
[1.821s] -- Up-to-date: /home/ovsj/Code/AutonomousBlueye/install/bboxes_ex_msgs/share/bboxes_ex_msgs/cmake/export_bboxes_ex_msgs__rosidl_generator_pyExport.cmake
[1.834s] -- Up-to-date: /home/ovsj/Code/AutonomousBlueye/install/bboxes_ex_msgs/share/bboxes_ex_msgs/cmake/export_bboxes_ex_msgs__rosidl_generator_pyExport-noconfig.cmake
[1.941s] Invoked command in '/home/ovsj/Code/AutonomousBlueye/build/bboxes_ex_msgs' returned '0': CMAKE_PREFIX_PATH=${CMAKE_PREFIX_PATH}:/home/ovsj/Code/AutonomousBlueye/install/yolov5_ros:/home/ovsj/Code/AutonomousBlueye/install/drone_sensors:/home/ovsj/Code/AutonomousBlueye/install/real_blueye_launch:/home/ovsj/Code/AutonomousBlueye/install/image_prosessing:/home/ovsj/Code/AutonomousBlueye/install/experimental:/home/ovsj/Code/AutonomousBlueye/install/control:/opt/ros/humble VIRTUAL_ENV_PROMPT=(.venv) /usr/bin/cmake --install /home/ovsj/Code/AutonomousBlueye/build/bboxes_ex_msgs
