[0.051s] Invoking command in '/home/ovsj/Code/AutonomousBlueye/build/bboxes_ex_msgs': CMAKE_PREFIX_PATH=${CMAKE_PREFIX_PATH}:/home/ovsj/Code/AutonomousBlueye/install/yolov5_ros:/home/ovsj/Code/AutonomousBlueye/install/drone_sensors:/home/ovsj/Code/AutonomousBlueye/install/real_blueye_launch:/home/ovsj/Code/AutonomousBlueye/install/image_prosessing:/home/ovsj/Code/AutonomousBlueye/install/experimental:/home/ovsj/Code/AutonomousBlueye/install/control:/opt/ros/humble VIRTUAL_ENV_PROMPT=(.venv) /usr/bin/cmake /home/ovsj/Code/AutonomousBlueye/src/bbox_ex_msgs -DCMAKE_INSTALL_PREFIX=/home/ovsj/Code/AutonomousBlueye/install/bboxes_ex_msgs
[0.424s] -- Found ament_cmake: 1.3.11 (/opt/ros/humble/share/ament_cmake/cmake)
[0.424s] -- Override CMake install command with custom implementation using symlinks instead of copying resources
[0.424s] -- Found builtin_interfaces: 1.2.1 (/opt/ros/humble/share/builtin_interfaces/cmake)
[0.424s] -- Found rosidl_generator_c: 3.1.6 (/opt/ros/humble/share/rosidl_generator_c/cmake)
[0.424s] -- Found rosidl_adapter: 3.1.6 (/opt/ros/humble/share/rosidl_adapter/cmake)
[0.424s] -- Found rosidl_generator_cpp: 3.1.6 (/opt/ros/humble/share/rosidl_generator_cpp/cmake)
[0.424s] -- Using all available rosidl_typesupport_c: rosidl_typesupport_fastrtps_c;rosidl_typesupport_introspection_c
[0.424s] -- Using all available rosidl_typesupport_cpp: rosidl_typesupport_fastrtps_cpp;rosidl_typesupport_introspection_cpp
[0.424s] -- Found std_msgs: 4.2.4 (/opt/ros/humble/share/std_msgs/cmake)
[0.424s] -- Found rosidl_default_generators: 1.2.0 (/opt/ros/humble/share/rosidl_default_generators/cmake)
[1.024s] -- Found ament_cmake_ros: 0.10.0 (/opt/ros/humble/share/ament_cmake_ros/cmake)
[1.846s] -- Using all available rosidl_typesupport_c: rosidl_typesupport_fastrtps_c;rosidl_typesupport_introspection_c
[2.111s] -- Using all available rosidl_typesupport_cpp: rosidl_typesupport_fastrtps_cpp;rosidl_typesupport_introspection_cpp
[2.151s] -- Found python_cmake_module: 0.10.0 (/opt/ros/humble/share/python_cmake_module/cmake)
[2.182s] -- Using PYTHON_EXECUTABLE: /usr/bin/python3
[2.183s] -- Using PYTHON_INCLUDE_DIRS: /usr/include/python3.10
[2.184s] -- Using PYTHON_LIBRARIES: /usr/lib/aarch64-linux-gnu/libpython3.10.so
[2.264s] -- Configuring done
[2.396s] -- Generating done
[2.424s] -- Build files have been written to: /home/ovsj/Code/AutonomousBlueye/build/bboxes_ex_msgs
[2.439s] Invoked command in '/home/ovsj/Code/AutonomousBlueye/build/bboxes_ex_msgs' returned '0': CMAKE_PREFIX_PATH=${CMAKE_PREFIX_PATH}:/home/ovsj/Code/AutonomousBlueye/install/yolov5_ros:/home/ovsj/Code/AutonomousBlueye/install/drone_sensors:/home/ovsj/Code/AutonomousBlueye/install/real_blueye_launch:/home/ovsj/Code/AutonomousBlueye/install/image_prosessing:/home/ovsj/Code/AutonomousBlueye/install/experimental:/home/ovsj/Code/AutonomousBlueye/install/control:/opt/ros/humble VIRTUAL_ENV_PROMPT=(.venv) /usr/bin/cmake /home/ovsj/Code/AutonomousBlueye/src/bbox_ex_msgs -DCMAKE_INSTALL_PREFIX=/home/ovsj/Code/AutonomousBlueye/install/bboxes_ex_msgs
[2.440s] Invoking command in '/home/ovsj/Code/AutonomousBlueye/build/bboxes_ex_msgs': CMAKE_PREFIX_PATH=${CMAKE_PREFIX_PATH}:/home/ovsj/Code/AutonomousBlueye/install/yolov5_ros:/home/ovsj/Code/AutonomousBlueye/install/drone_sensors:/home/ovsj/Code/AutonomousBlueye/install/real_blueye_launch:/home/ovsj/Code/AutonomousBlueye/install/image_prosessing:/home/ovsj/Code/AutonomousBlueye/install/experimental:/home/ovsj/Code/AutonomousBlueye/install/control:/opt/ros/humble VIRTUAL_ENV_PROMPT=(.venv) /usr/bin/cmake --build /home/ovsj/Code/AutonomousBlueye/build/bboxes_ex_msgs -- -j6 -l6
[2.559s] [35m[1mConsolidate compiler generated dependencies of target bboxes_ex_msgs__rosidl_generator_c[0m
[2.647s] [ 12%] Built target bboxes_ex_msgs__rosidl_generator_c
[2.649s] [ 12%] Built target bboxes_ex_msgs__cpp
[2.654s] [ 12%] Built target ament_cmake_python_symlink_bboxes_ex_msgs
[2.696s] [35m[1mConsolidate compiler generated dependencies of target bboxes_ex_msgs__rosidl_typesupport_fastrtps_c[0m
[2.699s] [35m[1mConsolidate compiler generated dependencies of target bboxes_ex_msgs__rosidl_typesupport_introspection_c[0m
[2.710s] [35m[1mConsolidate compiler generated dependencies of target bboxes_ex_msgs__rosidl_typesupport_c[0m
[2.711s] [35m[1mConsolidate compiler generated dependencies of target bboxes_ex_msgs__rosidl_typesupport_cpp[0m
[2.746s] [35m[1mConsolidate compiler generated dependencies of target bboxes_ex_msgs__rosidl_typesupport_introspection_cpp[0m
[2.792s] [ 23%] Built target bboxes_ex_msgs__rosidl_typesupport_fastrtps_c
[2.843s] [ 33%] Built target bboxes_ex_msgs__rosidl_typesupport_introspection_cpp
[2.846s] [ 43%] Built target bboxes_ex_msgs__rosidl_typesupport_introspection_c
[2.851s] [ 53%] Built target bboxes_ex_msgs__rosidl_typesupport_c
[2.860s] [ 64%] Built target bboxes_ex_msgs__rosidl_typesupport_cpp
[2.893s] [35m[1mConsolidate compiler generated dependencies of target bboxes_ex_msgs__rosidl_typesupport_fastrtps_cpp[0m
[2.921s] [ 74%] Built target bboxes_ex_msgs__rosidl_typesupport_fastrtps_cpp
[2.940s] [ 74%] Built target bboxes_ex_msgs
[2.959s] [ 76%] Built target bboxes_ex_msgs__py
[2.969s] [35m[1mConsolidate compiler generated dependencies of target bboxes_ex_msgs__rosidl_generator_py[0m
[2.985s] [ 84%] Built target bboxes_ex_msgs__rosidl_generator_py
[3.026s] [35m[1mConsolidate compiler generated dependencies of target bboxes_ex_msgs__rosidl_typesupport_fastrtps_c__pyext[0m
[3.036s] [35m[1mConsolidate compiler generated dependencies of target bboxes_ex_msgs__rosidl_typesupport_introspection_c__pyext[0m
[3.054s] [ 89%] Built target bboxes_ex_msgs__rosidl_typesupport_introspection_c__pyext
[3.070s] [ 94%] Built target bboxes_ex_msgs__rosidl_typesupport_fastrtps_c__pyext
[3.071s] [35m[1mConsolidate compiler generated dependencies of target bboxes_ex_msgs__rosidl_typesupport_c__pyext[0m
[3.111s] [100%] Built target bboxes_ex_msgs__rosidl_typesupport_c__pyext
[3.299s] running egg_info
[3.352s] writing bboxes_ex_msgs.egg-info/PKG-INFO
[3.353s] writing dependency_links to bboxes_ex_msgs.egg-info/dependency_links.txt
[3.356s] writing top-level names to bboxes_ex_msgs.egg-info/top_level.txt
[3.458s] reading manifest file 'bboxes_ex_msgs.egg-info/SOURCES.txt'
[3.458s] writing manifest file 'bboxes_ex_msgs.egg-info/SOURCES.txt'
[3.514s] [100%] Built target ament_cmake_python_build_bboxes_ex_msgs_egg
[4.134s] Invoked command in '/home/ovsj/Code/AutonomousBlueye/build/bboxes_ex_msgs' returned '0': CMAKE_PREFIX_PATH=${CMAKE_PREFIX_PATH}:/home/ovsj/Code/AutonomousBlueye/install/yolov5_ros:/home/ovsj/Code/AutonomousBlueye/install/drone_sensors:/home/ovsj/Code/AutonomousBlueye/install/real_blueye_launch:/home/ovsj/Code/AutonomousBlueye/install/image_prosessing:/home/ovsj/Code/AutonomousBlueye/install/experimental:/home/ovsj/Code/AutonomousBlueye/install/control:/opt/ros/humble VIRTUAL_ENV_PROMPT=(.venv) /usr/bin/cmake --build /home/ovsj/Code/AutonomousBlueye/build/bboxes_ex_msgs -- -j6 -l6
[4.148s] Invoking command in '/home/ovsj/Code/AutonomousBlueye/build/bboxes_ex_msgs': CMAKE_PREFIX_PATH=${CMAKE_PREFIX_PATH}:/home/ovsj/Code/AutonomousBlueye/install/yolov5_ros:/home/ovsj/Code/AutonomousBlueye/install/drone_sensors:/home/ovsj/Code/AutonomousBlueye/install/real_blueye_launch:/home/ovsj/Code/AutonomousBlueye/install/image_prosessing:/home/ovsj/Code/AutonomousBlueye/install/experimental:/home/ovsj/Code/AutonomousBlueye/install/control:/opt/ros/humble VIRTUAL_ENV_PROMPT=(.venv) /usr/bin/cmake --install /home/ovsj/Code/AutonomousBlueye/build/bboxes_ex_msgs
[4.160s] -- Install configuration: ""
[4.161s] -- Execute custom install script
[4.161s] -- Up-to-date symlink: /home/ovsj/Code/AutonomousBlueye/install/bboxes_ex_msgs/share/ament_index/resource_index/rosidl_interfaces/bboxes_ex_msgs
[4.161s] -- Up-to-date symlink: /home/ovsj/Code/AutonomousBlueye/install/bboxes_ex_msgs/include/bboxes_ex_msgs/bboxes_ex_msgs/msg/bounding_box.h
[4.161s] -- Up-to-date symlink: /home/ovsj/Code/AutonomousBlueye/install/bboxes_ex_msgs/include/bboxes_ex_msgs/bboxes_ex_msgs/msg/bounding_boxes.h
[4.161s] -- Up-to-date symlink: /home/ovsj/Code/AutonomousBlueye/install/bboxes_ex_msgs/include/bboxes_ex_msgs/bboxes_ex_msgs/msg/detail/bounding_box__functions.h
[4.161s] -- Up-to-date symlink: /home/ovsj/Code/AutonomousBlueye/install/bboxes_ex_msgs/include/bboxes_ex_msgs/bboxes_ex_msgs/msg/detail/bounding_box__struct.h
[4.161s] -- Up-to-date symlink: /home/ovsj/Code/AutonomousBlueye/install/bboxes_ex_msgs/include/bboxes_ex_msgs/bboxes_ex_msgs/msg/detail/bounding_box__type_support.h
[4.161s] -- Up-to-date symlink: /home/ovsj/Code/AutonomousBlueye/install/bboxes_ex_msgs/include/bboxes_ex_msgs/bboxes_ex_msgs/msg/detail/bounding_boxes__functions.h
[4.162s] -- Up-to-date symlink: /home/ovsj/Code/AutonomousBlueye/install/bboxes_ex_msgs/include/bboxes_ex_msgs/bboxes_ex_msgs/msg/detail/bounding_boxes__struct.h
[4.162s] -- Up-to-date symlink: /home/ovsj/Code/AutonomousBlueye/install/bboxes_ex_msgs/include/bboxes_ex_msgs/bboxes_ex_msgs/msg/detail/bounding_boxes__type_support.h
[4.162s] -- Up-to-date symlink: /home/ovsj/Code/AutonomousBlueye/install/bboxes_ex_msgs/include/bboxes_ex_msgs/bboxes_ex_msgs/msg/rosidl_generator_c__visibility_control.h
[4.162s] -- Up-to-date symlink: /home/ovsj/Code/AutonomousBlueye/install/bboxes_ex_msgs/share/bboxes_ex_msgs/environment/library_path.sh
[4.162s] -- Up-to-date symlink: /home/ovsj/Code/AutonomousBlueye/install/bboxes_ex_msgs/share/bboxes_ex_msgs/environment/library_path.dsv
[4.162s] -- Up-to-date symlink: /home/ovsj/Code/AutonomousBlueye/install/bboxes_ex_msgs/include/bboxes_ex_msgs/bboxes_ex_msgs/msg/detail/bounding_box__rosidl_typesupport_fastrtps_c.h
[4.162s] -- Up-to-date symlink: /home/ovsj/Code/AutonomousBlueye/install/bboxes_ex_msgs/include/bboxes_ex_msgs/bboxes_ex_msgs/msg/detail/bounding_boxes__rosidl_typesupport_fastrtps_c.h
[4.162s] -- Up-to-date symlink: /home/ovsj/Code/AutonomousBlueye/install/bboxes_ex_msgs/include/bboxes_ex_msgs/bboxes_ex_msgs/msg/rosidl_typesupport_fastrtps_c__visibility_control.h
[4.162s] -- Up-to-date symlink: /home/ovsj/Code/AutonomousBlueye/install/bboxes_ex_msgs/include/bboxes_ex_msgs/bboxes_ex_msgs/msg/bounding_box.hpp
[4.162s] -- Up-to-date symlink: /home/ovsj/Code/AutonomousBlueye/install/bboxes_ex_msgs/include/bboxes_ex_msgs/bboxes_ex_msgs/msg/bounding_boxes.hpp
[4.162s] -- Up-to-date symlink: /home/ovsj/Code/AutonomousBlueye/install/bboxes_ex_msgs/include/bboxes_ex_msgs/bboxes_ex_msgs/msg/detail/bounding_box__builder.hpp
[4.162s] -- Up-to-date symlink: /home/ovsj/Code/AutonomousBlueye/install/bboxes_ex_msgs/include/bboxes_ex_msgs/bboxes_ex_msgs/msg/detail/bounding_box__struct.hpp
[4.162s] -- Up-to-date symlink: /home/ovsj/Code/AutonomousBlueye/install/bboxes_ex_msgs/include/bboxes_ex_msgs/bboxes_ex_msgs/msg/detail/bounding_box__traits.hpp
[4.163s] -- Up-to-date symlink: /home/ovsj/Code/AutonomousBlueye/install/bboxes_ex_msgs/include/bboxes_ex_msgs/bboxes_ex_msgs/msg/detail/bounding_box__type_support.hpp
[4.163s] -- Up-to-date symlink: /home/ovsj/Code/AutonomousBlueye/install/bboxes_ex_msgs/include/bboxes_ex_msgs/bboxes_ex_msgs/msg/detail/bounding_boxes__builder.hpp
[4.163s] -- Up-to-date symlink: /home/ovsj/Code/AutonomousBlueye/install/bboxes_ex_msgs/include/bboxes_ex_msgs/bboxes_ex_msgs/msg/detail/bounding_boxes__struct.hpp
[4.163s] -- Up-to-date symlink: /home/ovsj/Code/AutonomousBlueye/install/bboxes_ex_msgs/include/bboxes_ex_msgs/bboxes_ex_msgs/msg/detail/bounding_boxes__traits.hpp
[4.163s] -- Up-to-date symlink: /home/ovsj/Code/AutonomousBlueye/install/bboxes_ex_msgs/include/bboxes_ex_msgs/bboxes_ex_msgs/msg/detail/bounding_boxes__type_support.hpp
[4.163s] -- Up-to-date symlink: /home/ovsj/Code/AutonomousBlueye/install/bboxes_ex_msgs/include/bboxes_ex_msgs/bboxes_ex_msgs/msg/rosidl_generator_cpp__visibility_control.hpp
[4.163s] -- Up-to-date symlink: /home/ovsj/Code/AutonomousBlueye/install/bboxes_ex_msgs/include/bboxes_ex_msgs/bboxes_ex_msgs/msg/detail/bounding_box__rosidl_typesupport_fastrtps_cpp.hpp
[4.163s] -- Up-to-date symlink: /home/ovsj/Code/AutonomousBlueye/install/bboxes_ex_msgs/include/bboxes_ex_msgs/bboxes_ex_msgs/msg/detail/bounding_boxes__rosidl_typesupport_fastrtps_cpp.hpp
[4.163s] -- Up-to-date symlink: /home/ovsj/Code/AutonomousBlueye/install/bboxes_ex_msgs/include/bboxes_ex_msgs/bboxes_ex_msgs/msg/rosidl_typesupport_fastrtps_cpp__visibility_control.h
[4.163s] -- Up-to-date symlink: /home/ovsj/Code/AutonomousBlueye/install/bboxes_ex_msgs/include/bboxes_ex_msgs/bboxes_ex_msgs/msg/detail/bounding_box__rosidl_typesupport_introspection_c.h
[4.163s] -- Up-to-date symlink: /home/ovsj/Code/AutonomousBlueye/install/bboxes_ex_msgs/include/bboxes_ex_msgs/bboxes_ex_msgs/msg/detail/bounding_boxes__rosidl_typesupport_introspection_c.h
[4.164s] -- Up-to-date symlink: /home/ovsj/Code/AutonomousBlueye/install/bboxes_ex_msgs/include/bboxes_ex_msgs/bboxes_ex_msgs/msg/rosidl_typesupport_introspection_c__visibility_control.h
[4.164s] -- Up-to-date symlink: /home/ovsj/Code/AutonomousBlueye/install/bboxes_ex_msgs/include/bboxes_ex_msgs/bboxes_ex_msgs/msg/detail/bounding_box__rosidl_typesupport_introspection_cpp.hpp
[4.164s] -- Up-to-date symlink: /home/ovsj/Code/AutonomousBlueye/install/bboxes_ex_msgs/include/bboxes_ex_msgs/bboxes_ex_msgs/msg/detail/bounding_boxes__rosidl_typesupport_introspection_cpp.hpp
[4.164s] -- Up-to-date symlink: /home/ovsj/Code/AutonomousBlueye/install/bboxes_ex_msgs/share/bboxes_ex_msgs/environment/pythonpath.sh
[4.164s] -- Up-to-date symlink: /home/ovsj/Code/AutonomousBlueye/install/bboxes_ex_msgs/share/bboxes_ex_msgs/environment/pythonpath.dsv
[4.164s] -- Up-to-date symlink: /home/ovsj/Code/AutonomousBlueye/install/bboxes_ex_msgs/local/lib/python3.10/dist-packages/bboxes_ex_msgs-0.0.0-py3.10.egg-info/PKG-INFO
[4.164s] -- Up-to-date symlink: /home/ovsj/Code/AutonomousBlueye/install/bboxes_ex_msgs/local/lib/python3.10/dist-packages/bboxes_ex_msgs-0.0.0-py3.10.egg-info/SOURCES.txt
[4.164s] -- Up-to-date symlink: /home/ovsj/Code/AutonomousBlueye/install/bboxes_ex_msgs/local/lib/python3.10/dist-packages/bboxes_ex_msgs-0.0.0-py3.10.egg-info/dependency_links.txt
[4.164s] -- Up-to-date symlink: /home/ovsj/Code/AutonomousBlueye/install/bboxes_ex_msgs/local/lib/python3.10/dist-packages/bboxes_ex_msgs-0.0.0-py3.10.egg-info/top_level.txt
[4.165s] -- Up-to-date symlink: /home/ovsj/Code/AutonomousBlueye/install/bboxes_ex_msgs/local/lib/python3.10/dist-packages/bboxes_ex_msgs/__init__.py
[4.165s] -- Up-to-date symlink: /home/ovsj/Code/AutonomousBlueye/install/bboxes_ex_msgs/local/lib/python3.10/dist-packages/bboxes_ex_msgs/_bboxes_ex_msgs_s.ep.rosidl_typesupport_c.c
[4.165s] -- Up-to-date symlink: /home/ovsj/Code/AutonomousBlueye/install/bboxes_ex_msgs/local/lib/python3.10/dist-packages/bboxes_ex_msgs/_bboxes_ex_msgs_s.ep.rosidl_typesupport_fastrtps_c.c
[4.165s] -- Up-to-date symlink: /home/ovsj/Code/AutonomousBlueye/install/bboxes_ex_msgs/local/lib/python3.10/dist-packages/bboxes_ex_msgs/_bboxes_ex_msgs_s.ep.rosidl_typesupport_introspection_c.c
[4.165s] -- Up-to-date symlink: /home/ovsj/Code/AutonomousBlueye/install/bboxes_ex_msgs/local/lib/python3.10/dist-packages/bboxes_ex_msgs/bboxes_ex_msgs_s__rosidl_typesupport_c.cpython-310-aarch64-linux-gnu.so
[4.165s] -- Up-to-date symlink: /home/ovsj/Code/AutonomousBlueye/install/bboxes_ex_msgs/local/lib/python3.10/dist-packages/bboxes_ex_msgs/bboxes_ex_msgs_s__rosidl_typesupport_fastrtps_c.cpython-310-aarch64-linux-gnu.so
[4.165s] -- Up-to-date symlink: /home/ovsj/Code/AutonomousBlueye/install/bboxes_ex_msgs/local/lib/python3.10/dist-packages/bboxes_ex_msgs/bboxes_ex_msgs_s__rosidl_typesupport_introspection_c.cpython-310-aarch64-linux-gnu.so
[4.165s] -- Up-to-date symlink: /home/ovsj/Code/AutonomousBlueye/install/bboxes_ex_msgs/local/lib/python3.10/dist-packages/bboxes_ex_msgs/libbboxes_ex_msgs__rosidl_generator_py.so
[4.166s] -- Up-to-date symlink: /home/ovsj/Code/AutonomousBlueye/install/bboxes_ex_msgs/local/lib/python3.10/dist-packages/bboxes_ex_msgs/msg/__init__.py
[4.166s] -- Up-to-date symlink: /home/ovsj/Code/AutonomousBlueye/install/bboxes_ex_msgs/local/lib/python3.10/dist-packages/bboxes_ex_msgs/msg/_bounding_box.py
[4.166s] -- Up-to-date symlink: /home/ovsj/Code/AutonomousBlueye/install/bboxes_ex_msgs/local/lib/python3.10/dist-packages/bboxes_ex_msgs/msg/_bounding_box_s.c
[4.167s] -- Up-to-date symlink: /home/ovsj/Code/AutonomousBlueye/install/bboxes_ex_msgs/local/lib/python3.10/dist-packages/bboxes_ex_msgs/msg/_bounding_boxes.py
[4.167s] -- Up-to-date symlink: /home/ovsj/Code/AutonomousBlueye/install/bboxes_ex_msgs/local/lib/python3.10/dist-packages/bboxes_ex_msgs/msg/_bounding_boxes_s.c
[4.167s] -- Up-to-date symlink: /home/ovsj/Code/AutonomousBlueye/install/bboxes_ex_msgs/local/lib/python3.10/dist-packages/bboxes_ex_msgs/bboxes_ex_msgs_s__rosidl_typesupport_fastrtps_c.cpython-310-aarch64-linux-gnu.so
[4.168s] -- Up-to-date symlink: /home/ovsj/Code/AutonomousBlueye/install/bboxes_ex_msgs/local/lib/python3.10/dist-packages/bboxes_ex_msgs/bboxes_ex_msgs_s__rosidl_typesupport_introspection_c.cpython-310-aarch64-linux-gnu.so
[4.168s] -- Up-to-date symlink: /home/ovsj/Code/AutonomousBlueye/install/bboxes_ex_msgs/local/lib/python3.10/dist-packages/bboxes_ex_msgs/bboxes_ex_msgs_s__rosidl_typesupport_c.cpython-310-aarch64-linux-gnu.so
[4.169s] -- Up-to-date symlink: /home/ovsj/Code/AutonomousBlueye/install/bboxes_ex_msgs/share/bboxes_ex_msgs/msg/BoundingBox.idl
[4.169s] -- Up-to-date symlink: /home/ovsj/Code/AutonomousBlueye/install/bboxes_ex_msgs/share/bboxes_ex_msgs/msg/BoundingBoxes.idl
[4.169s] -- Up-to-date symlink: /home/ovsj/Code/AutonomousBlueye/install/bboxes_ex_msgs/share/bboxes_ex_msgs/msg/BoundingBox.msg
[4.169s] -- Up-to-date symlink: /home/ovsj/Code/AutonomousBlueye/install/bboxes_ex_msgs/share/bboxes_ex_msgs/msg/BoundingBoxes.msg
[4.170s] -- Up-to-date symlink: /home/ovsj/Code/AutonomousBlueye/install/bboxes_ex_msgs/share/ament_index/resource_index/package_run_dependencies/bboxes_ex_msgs
[4.170s] -- Up-to-date symlink: /home/ovsj/Code/AutonomousBlueye/install/bboxes_ex_msgs/share/ament_index/resource_index/parent_prefix_path/bboxes_ex_msgs
[4.178s] -- Up-to-date symlink: /home/ovsj/Code/AutonomousBlueye/install/bboxes_ex_msgs/share/bboxes_ex_msgs/environment/ament_prefix_path.sh
[4.178s] -- Up-to-date symlink: /home/ovsj/Code/AutonomousBlueye/install/bboxes_ex_msgs/share/bboxes_ex_msgs/environment/ament_prefix_path.dsv
[4.178s] -- Up-to-date symlink: /home/ovsj/Code/AutonomousBlueye/install/bboxes_ex_msgs/share/bboxes_ex_msgs/environment/path.sh
[4.178s] -- Up-to-date symlink: /home/ovsj/Code/AutonomousBlueye/install/bboxes_ex_msgs/share/bboxes_ex_msgs/environment/path.dsv
[4.178s] -- Up-to-date symlink: /home/ovsj/Code/AutonomousBlueye/install/bboxes_ex_msgs/share/bboxes_ex_msgs/local_setup.bash
[4.178s] -- Up-to-date symlink: /home/ovsj/Code/AutonomousBlueye/install/bboxes_ex_msgs/share/bboxes_ex_msgs/local_setup.sh
[4.178s] -- Up-to-date symlink: /home/ovsj/Code/AutonomousBlueye/install/bboxes_ex_msgs/share/bboxes_ex_msgs/local_setup.zsh
[4.178s] -- Up-to-date symlink: /home/ovsj/Code/AutonomousBlueye/install/bboxes_ex_msgs/share/bboxes_ex_msgs/local_setup.dsv
[4.178s] -- Symlinking: /home/ovsj/Code/AutonomousBlueye/install/bboxes_ex_msgs/share/bboxes_ex_msgs/package.dsv
[4.178s] -- Up-to-date symlink: /home/ovsj/Code/AutonomousBlueye/install/bboxes_ex_msgs/share/ament_index/resource_index/packages/bboxes_ex_msgs
[4.178s] -- Up-to-date symlink: /home/ovsj/Code/AutonomousBlueye/install/bboxes_ex_msgs/share/bboxes_ex_msgs/cmake/rosidl_cmake-extras.cmake
[4.179s] -- Up-to-date symlink: /home/ovsj/Code/AutonomousBlueye/install/bboxes_ex_msgs/share/bboxes_ex_msgs/cmake/ament_cmake_export_dependencies-extras.cmake
[4.179s] -- Up-to-date symlink: /home/ovsj/Code/AutonomousBlueye/install/bboxes_ex_msgs/share/bboxes_ex_msgs/cmake/ament_cmake_export_include_directories-extras.cmake
[4.179s] -- Up-to-date symlink: /home/ovsj/Code/AutonomousBlueye/install/bboxes_ex_msgs/share/bboxes_ex_msgs/cmake/ament_cmake_export_libraries-extras.cmake
[4.179s] -- Up-to-date symlink: /home/ovsj/Code/AutonomousBlueye/install/bboxes_ex_msgs/share/bboxes_ex_msgs/cmake/ament_cmake_export_targets-extras.cmake
[4.179s] -- Up-to-date symlink: /home/ovsj/Code/AutonomousBlueye/install/bboxes_ex_msgs/share/bboxes_ex_msgs/cmake/rosidl_cmake_export_typesupport_targets-extras.cmake
[4.179s] -- Up-to-date symlink: /home/ovsj/Code/AutonomousBlueye/install/bboxes_ex_msgs/share/bboxes_ex_msgs/cmake/rosidl_cmake_export_typesupport_libraries-extras.cmake
[4.179s] -- Up-to-date symlink: /home/ovsj/Code/AutonomousBlueye/install/bboxes_ex_msgs/share/bboxes_ex_msgs/cmake/bboxes_ex_msgsConfig.cmake
[4.179s] -- Up-to-date symlink: /home/ovsj/Code/AutonomousBlueye/install/bboxes_ex_msgs/share/bboxes_ex_msgs/cmake/bboxes_ex_msgsConfig-version.cmake
[4.179s] -- Up-to-date symlink: /home/ovsj/Code/AutonomousBlueye/install/bboxes_ex_msgs/share/bboxes_ex_msgs/package.xml
[4.179s] -- Up-to-date: /home/ovsj/Code/AutonomousBlueye/install/bboxes_ex_msgs/lib/libbboxes_ex_msgs__rosidl_generator_c.so
[4.179s] -- Up-to-date: /home/ovsj/Code/AutonomousBlueye/install/bboxes_ex_msgs/lib/libbboxes_ex_msgs__rosidl_typesupport_fastrtps_c.so
[4.179s] -- Up-to-date: /home/ovsj/Code/AutonomousBlueye/install/bboxes_ex_msgs/lib/libbboxes_ex_msgs__rosidl_typesupport_fastrtps_cpp.so
[4.179s] -- Up-to-date: /home/ovsj/Code/AutonomousBlueye/install/bboxes_ex_msgs/lib/libbboxes_ex_msgs__rosidl_typesupport_introspection_c.so
[4.179s] -- Up-to-date: /home/ovsj/Code/AutonomousBlueye/install/bboxes_ex_msgs/lib/libbboxes_ex_msgs__rosidl_typesupport_c.so
[4.199s] -- Up-to-date: /home/ovsj/Code/AutonomousBlueye/install/bboxes_ex_msgs/lib/libbboxes_ex_msgs__rosidl_typesupport_introspection_cpp.so
[4.199s] -- Up-to-date: /home/ovsj/Code/AutonomousBlueye/install/bboxes_ex_msgs/lib/libbboxes_ex_msgs__rosidl_typesupport_cpp.so
[4.229s] Listing '/home/ovsj/Code/AutonomousBlueye/install/bboxes_ex_msgs/local/lib/python3.10/dist-packages/bboxes_ex_msgs'...
[4.229s] Compiling '/home/ovsj/Code/AutonomousBlueye/install/bboxes_ex_msgs/local/lib/python3.10/dist-packages/bboxes_ex_msgs/__init__.py'...
[4.229s] Listing '/home/ovsj/Code/AutonomousBlueye/install/bboxes_ex_msgs/local/lib/python3.10/dist-packages/bboxes_ex_msgs/msg'...
[4.242s] -- Up-to-date: /home/ovsj/Code/AutonomousBlueye/install/bboxes_ex_msgs/lib/libbboxes_ex_msgs__rosidl_generator_py.so
[4.243s] -- Up-to-date: /home/ovsj/Code/AutonomousBlueye/install/bboxes_ex_msgs/share/bboxes_ex_msgs/cmake/export_bboxes_ex_msgs__rosidl_generator_cExport.cmake
[4.243s] -- Up-to-date: /home/ovsj/Code/AutonomousBlueye/install/bboxes_ex_msgs/share/bboxes_ex_msgs/cmake/export_bboxes_ex_msgs__rosidl_generator_cExport-noconfig.cmake
[4.243s] -- Up-to-date: /home/ovsj/Code/AutonomousBlueye/install/bboxes_ex_msgs/share/bboxes_ex_msgs/cmake/export_bboxes_ex_msgs__rosidl_typesupport_fastrtps_cExport.cmake
[4.243s] -- Up-to-date: /home/ovsj/Code/AutonomousBlueye/install/bboxes_ex_msgs/share/bboxes_ex_msgs/cmake/export_bboxes_ex_msgs__rosidl_typesupport_fastrtps_cExport-noconfig.cmake
[4.243s] -- Up-to-date: /home/ovsj/Code/AutonomousBlueye/install/bboxes_ex_msgs/share/bboxes_ex_msgs/cmake/export_bboxes_ex_msgs__rosidl_generator_cppExport.cmake
[4.243s] -- Up-to-date: /home/ovsj/Code/AutonomousBlueye/install/bboxes_ex_msgs/share/bboxes_ex_msgs/cmake/export_bboxes_ex_msgs__rosidl_typesupport_fastrtps_cppExport.cmake
[4.243s] -- Up-to-date: /home/ovsj/Code/AutonomousBlueye/install/bboxes_ex_msgs/share/bboxes_ex_msgs/cmake/export_bboxes_ex_msgs__rosidl_typesupport_fastrtps_cppExport-noconfig.cmake
[4.243s] -- Up-to-date: /home/ovsj/Code/AutonomousBlueye/install/bboxes_ex_msgs/share/bboxes_ex_msgs/cmake/bboxes_ex_msgs__rosidl_typesupport_introspection_cExport.cmake
[4.243s] -- Up-to-date: /home/ovsj/Code/AutonomousBlueye/install/bboxes_ex_msgs/share/bboxes_ex_msgs/cmake/bboxes_ex_msgs__rosidl_typesupport_introspection_cExport-noconfig.cmake
[4.243s] -- Up-to-date: /home/ovsj/Code/AutonomousBlueye/install/bboxes_ex_msgs/share/bboxes_ex_msgs/cmake/bboxes_ex_msgs__rosidl_typesupport_cExport.cmake
[4.243s] -- Up-to-date: /home/ovsj/Code/AutonomousBlueye/install/bboxes_ex_msgs/share/bboxes_ex_msgs/cmake/bboxes_ex_msgs__rosidl_typesupport_cExport-noconfig.cmake
[4.243s] -- Up-to-date: /home/ovsj/Code/AutonomousBlueye/install/bboxes_ex_msgs/share/bboxes_ex_msgs/cmake/bboxes_ex_msgs__rosidl_typesupport_introspection_cppExport.cmake
[4.243s] -- Up-to-date: /home/ovsj/Code/AutonomousBlueye/install/bboxes_ex_msgs/share/bboxes_ex_msgs/cmake/bboxes_ex_msgs__rosidl_typesupport_introspection_cppExport-noconfig.cmake
[4.243s] -- Up-to-date: /home/ovsj/Code/AutonomousBlueye/install/bboxes_ex_msgs/share/bboxes_ex_msgs/cmake/bboxes_ex_msgs__rosidl_typesupport_cppExport.cmake
[4.243s] -- Up-to-date: /home/ovsj/Code/AutonomousBlueye/install/bboxes_ex_msgs/share/bboxes_ex_msgs/cmake/bboxes_ex_msgs__rosidl_typesupport_cppExport-noconfig.cmake
[4.243s] -- Up-to-date: /home/ovsj/Code/AutonomousBlueye/install/bboxes_ex_msgs/share/bboxes_ex_msgs/cmake/export_bboxes_ex_msgs__rosidl_generator_pyExport.cmake
[4.243s] -- Up-to-date: /home/ovsj/Code/AutonomousBlueye/install/bboxes_ex_msgs/share/bboxes_ex_msgs/cmake/export_bboxes_ex_msgs__rosidl_generator_pyExport-noconfig.cmake
[4.688s] Invoked command in '/home/ovsj/Code/AutonomousBlueye/build/bboxes_ex_msgs' returned '0': CMAKE_PREFIX_PATH=${CMAKE_PREFIX_PATH}:/home/ovsj/Code/AutonomousBlueye/install/yolov5_ros:/home/ovsj/Code/AutonomousBlueye/install/drone_sensors:/home/ovsj/Code/AutonomousBlueye/install/real_blueye_launch:/home/ovsj/Code/AutonomousBlueye/install/image_prosessing:/home/ovsj/Code/AutonomousBlueye/install/experimental:/home/ovsj/Code/AutonomousBlueye/install/control:/opt/ros/humble VIRTUAL_ENV_PROMPT=(.venv) /usr/bin/cmake --install /home/ovsj/Code/AutonomousBlueye/build/bboxes_ex_msgs
