running develop
running egg_info
creating image_prosessing.egg-info
writing image_prosessing.egg-info/PKG-INFO
writing dependency_links to image_prosessing.egg-info/dependency_links.txt
writing entry points to image_prosessing.egg-info/entry_points.txt
writing requirements to image_prosessing.egg-info/requires.txt
writing top-level names to image_prosessing.egg-info/top_level.txt
writing manifest file 'image_prosessing.egg-info/SOURCES.txt'
reading manifest file 'image_prosessing.egg-info/SOURCES.txt'
writing manifest file 'image_prosessing.egg-info/SOURCES.txt'
running build_ext
Creating /home/ovsj/Code/AutonomousBlueye/install/image_prosessing/lib/python3.10/site-packages/image-prosessing.egg-link (link to .)
Installing Adaptive_threshold script to /home/ovsj/Code/AutonomousBlueye/install/image_prosessing/lib/image_prosessing
Installing Canny_inside_yolo script to /home/ovsj/Code/AutonomousBlueye/install/image_prosessing/lib/image_prosessing
Installing Image_test script to /home/ovsj/Code/AutonomousBlueye/install/image_prosessing/lib/image_prosessing
Installing Median_inside_yolo script to /home/ovsj/Code/AutonomousBlueye/install/image_prosessing/lib/image_prosessing
Installing Thresh_inside_yolo script to /home/ovsj/Code/AutonomousBlueye/install/image_prosessing/lib/image_prosessing
Installing blueye_image_yolo script to /home/ovsj/Code/AutonomousBlueye/install/image_prosessing/lib/image_prosessing
Installing canny_with_box script to /home/ovsj/Code/AutonomousBlueye/install/image_prosessing/lib/image_prosessing
Installing canny_with_box_original script to /home/ovsj/Code/AutonomousBlueye/install/image_prosessing/lib/image_prosessing
Installing threshold_median_mean script to /home/ovsj/Code/AutonomousBlueye/install/image_prosessing/lib/image_prosessing
Installing threshold_with_box script to /home/ovsj/Code/AutonomousBlueye/install/image_prosessing/lib/image_prosessing
Installing yolo_chain_value script to /home/ovsj/Code/AutonomousBlueye/install/image_prosessing/lib/image_prosessing

Installed /home/ovsj/Code/AutonomousBlueye/build/image_prosessing
running symlink_data
creating /home/ovsj/Code/AutonomousBlueye/install/image_prosessing/share/ament_index/resource_index/packages
symbolically linking /home/ovsj/Code/AutonomousBlueye/build/image_prosessing/resource/image_prosessing -> /home/ovsj/Code/AutonomousBlueye/install/image_prosessing/share/ament_index/resource_index/packages
symbolically linking /home/ovsj/Code/AutonomousBlueye/build/image_prosessing/package.xml -> /home/ovsj/Code/AutonomousBlueye/install/image_prosessing/share/image_prosessing
