[3.377s] Invoking command in '/home/ovsj/Code/AutonomousBlueye/build/image_prosessing': PYTHONPATH=/home/ovsj/Code/AutonomousBlueye/build/image_prosessing/prefix_override:/usr/lib/python3/dist-packages/colcon_core/task/python/colcon_distutils_commands:/home/ovsj/Code/AutonomousBlueye/install/image_prosessing/lib/python3.10/site-packages:${PYTHONPATH} VIRTUAL_ENV_PROMPT=(.venv) /usr/bin/python3 -W ignore:setup.py install is deprecated -W ignore:easy_install command is deprecated setup.py develop --editable --build-directory /home/ovsj/Code/AutonomousBlueye/build/image_prosessing/build --no-deps symlink_data
[4.214s] running develop
[4.948s] running egg_info
[4.985s] creating image_prosessing.egg-info
[4.985s] writing image_prosessing.egg-info/PKG-INFO
[4.989s] writing dependency_links to image_prosessing.egg-info/dependency_links.txt
[4.995s] writing entry points to image_prosessing.egg-info/entry_points.txt
[5.001s] writing requirements to image_prosessing.egg-info/requires.txt
[5.002s] writing top-level names to image_prosessing.egg-info/top_level.txt
[5.003s] writing manifest file 'image_prosessing.egg-info/SOURCES.txt'
[5.069s] reading manifest file 'image_prosessing.egg-info/SOURCES.txt'
[5.070s] writing manifest file 'image_prosessing.egg-info/SOURCES.txt'
[5.105s] running build_ext
[5.105s] Creating /home/ovsj/Code/AutonomousBlueye/install/image_prosessing/lib/python3.10/site-packages/image-prosessing.egg-link (link to .)
[5.107s] Installing Adaptive_threshold script to /home/ovsj/Code/AutonomousBlueye/install/image_prosessing/lib/image_prosessing
[5.107s] Installing Canny_inside_yolo script to /home/ovsj/Code/AutonomousBlueye/install/image_prosessing/lib/image_prosessing
[5.107s] Installing Image_test script to /home/ovsj/Code/AutonomousBlueye/install/image_prosessing/lib/image_prosessing
[5.107s] Installing Median_inside_yolo script to /home/ovsj/Code/AutonomousBlueye/install/image_prosessing/lib/image_prosessing
[5.108s] Installing Thresh_inside_yolo script to /home/ovsj/Code/AutonomousBlueye/install/image_prosessing/lib/image_prosessing
[5.108s] Installing blueye_image_yolo script to /home/ovsj/Code/AutonomousBlueye/install/image_prosessing/lib/image_prosessing
[5.108s] Installing canny_with_box script to /home/ovsj/Code/AutonomousBlueye/install/image_prosessing/lib/image_prosessing
[5.108s] Installing canny_with_box_original script to /home/ovsj/Code/AutonomousBlueye/install/image_prosessing/lib/image_prosessing
[5.108s] Installing threshold_median_mean script to /home/ovsj/Code/AutonomousBlueye/install/image_prosessing/lib/image_prosessing
[5.108s] Installing threshold_with_box script to /home/ovsj/Code/AutonomousBlueye/install/image_prosessing/lib/image_prosessing
[5.109s] Installing yolo_chain_value script to /home/ovsj/Code/AutonomousBlueye/install/image_prosessing/lib/image_prosessing
[5.109s] 
[5.109s] Installed /home/ovsj/Code/AutonomousBlueye/build/image_prosessing
[5.109s] running symlink_data
[5.117s] creating /home/ovsj/Code/AutonomousBlueye/install/image_prosessing/share/ament_index/resource_index/packages
[5.119s] symbolically linking /home/ovsj/Code/AutonomousBlueye/build/image_prosessing/resource/image_prosessing -> /home/ovsj/Code/AutonomousBlueye/install/image_prosessing/share/ament_index/resource_index/packages
[5.122s] symbolically linking /home/ovsj/Code/AutonomousBlueye/build/image_prosessing/package.xml -> /home/ovsj/Code/AutonomousBlueye/install/image_prosessing/share/image_prosessing
[5.397s] Invoked command in '/home/ovsj/Code/AutonomousBlueye/build/image_prosessing' returned '0': PYTHONPATH=/home/ovsj/Code/AutonomousBlueye/build/image_prosessing/prefix_override:/usr/lib/python3/dist-packages/colcon_core/task/python/colcon_distutils_commands:/home/ovsj/Code/AutonomousBlueye/install/image_prosessing/lib/python3.10/site-packages:${PYTHONPATH} VIRTUAL_ENV_PROMPT=(.venv) /usr/bin/python3 -W ignore:setup.py install is deprecated -W ignore:easy_install command is deprecated setup.py develop --editable --build-directory /home/ovsj/Code/AutonomousBlueye/build/image_prosessing/build --no-deps symlink_data
