-- Found ament_cmake: 1.3.11 (/opt/ros/humble/share/ament_cmake/cmake)
-- Override CMake install command with custom implementation using symlinks instead of copying resources
-- Found rosidl_default_generators: 1.2.0 (/opt/ros/humble/share/rosidl_default_generators/cmake)
-- Using all available rosidl_typesupport_c: rosidl_typesupport_fastrtps_c;rosidl_typesupport_introspection_c
-- Found rosidl_adapter: 3.1.6 (/opt/ros/humble/share/rosidl_adapter/cmake)
-- Using all available rosidl_typesupport_cpp: rosidl_typesupport_fastrtps_cpp;rosidl_typesupport_introspection_cpp
-- Found std_msgs: 4.2.4 (/opt/ros/humble/share/std_msgs/cmake)
-- Found geometry_msgs: 4.2.4 (/opt/ros/humble/share/geometry_msgs/cmake)
-- Found ament_cmake_ros: 0.10.0 (/opt/ros/humble/share/ament_cmake_ros/cmake)
-- Using all available rosidl_typesupport_c: rosidl_typesupport_fastrtps_c;rosidl_typesupport_introspection_c
-- Using all available rosidl_typesupport_cpp: rosidl_typesupport_fastrtps_cpp;rosidl_typesupport_introspection_cpp
-- Found python_cmake_module: 0.10.0 (/opt/ros/humble/share/python_cmake_module/cmake)
-- Using PYTHON_EXECUTABLE: /usr/bin/python3
-- Using PYTHON_INCLUDE_DIRS: /usr/include/python3.10
-- Using PYTHON_LIBRARIES: /usr/lib/aarch64-linux-gnu/libpython3.10.so
-- Configuring done
-- Generating done
-- Build files have been written to: /home/ovsj/Code/AutonomousBlueye/build/octomap_msgs
[35m[1mConsolidate compiler generated dependencies of target octomap_msgs__rosidl_generator_c[0m
[ 10%] Built target octomap_msgs__rosidl_generator_c
[ 12%] Built target octomap_msgs__cpp
[35m[1mConsolidate compiler generated dependencies of target octomap_msgs__rosidl_typesupport_fastrtps_c[0m
[35m[1mConsolidate compiler generated dependencies of target octomap_msgs__rosidl_typesupport_introspection_c[0m
[ 12%] Built target ament_cmake_python_symlink_octomap_msgs
[35m[1mConsolidate compiler generated dependencies of target octomap_msgs__rosidl_typesupport_c[0m
[35m[1mConsolidate compiler generated dependencies of target octomap_msgs__rosidl_typesupport_fastrtps_cpp[0m
[ 23%] Built target octomap_msgs__rosidl_typesupport_fastrtps_c
[ 34%] Built target octomap_msgs__rosidl_typesupport_introspection_c
[ 45%] Built target octomap_msgs__rosidl_typesupport_c
[ 56%] Built target octomap_msgs__rosidl_typesupport_fastrtps_cpp
[35m[1mConsolidate compiler generated dependencies of target octomap_msgs__rosidl_typesupport_introspection_cpp[0m
[35m[1mConsolidate compiler generated dependencies of target octomap_msgs__rosidl_typesupport_cpp[0m
[ 67%] Built target octomap_msgs__rosidl_typesupport_introspection_cpp
[ 78%] Built target octomap_msgs__rosidl_typesupport_cpp
[ 78%] Built target octomap_msgs
[ 80%] Built target octomap_msgs__py
[35m[1mConsolidate compiler generated dependencies of target octomap_msgs__rosidl_generator_py[0m
[ 89%] Built target octomap_msgs__rosidl_generator_py
[35m[1mConsolidate compiler generated dependencies of target octomap_msgs__rosidl_typesupport_fastrtps_c__pyext[0m
[35m[1mConsolidate compiler generated dependencies of target octomap_msgs__rosidl_typesupport_introspection_c__pyext[0m
[35m[1mConsolidate compiler generated dependencies of target octomap_msgs__rosidl_typesupport_c__pyext[0m
[ 92%] Built target octomap_msgs__rosidl_typesupport_fastrtps_c__pyext
[ 96%] Built target octomap_msgs__rosidl_typesupport_introspection_c__pyext
[100%] Built target octomap_msgs__rosidl_typesupport_c__pyext
running egg_info
writing octomap_msgs.egg-info/PKG-INFO
writing dependency_links to octomap_msgs.egg-info/dependency_links.txt
writing top-level names to octomap_msgs.egg-info/top_level.txt
reading manifest file 'octomap_msgs.egg-info/SOURCES.txt'
writing manifest file 'octomap_msgs.egg-info/SOURCES.txt'
[100%] Built target ament_cmake_python_build_octomap_msgs_egg
-- Install configuration: ""
-- Execute custom install script
-- Up-to-date symlink: /home/ovsj/Code/AutonomousBlueye/install/octomap_msgs/share/ament_index/resource_index/rosidl_interfaces/octomap_msgs
-- Up-to-date symlink: /home/ovsj/Code/AutonomousBlueye/install/octomap_msgs/include/octomap_msgs/octomap_msgs/msg/detail/octomap__functions.h
-- Up-to-date symlink: /home/ovsj/Code/AutonomousBlueye/install/octomap_msgs/include/octomap_msgs/octomap_msgs/msg/detail/octomap__struct.h
-- Up-to-date symlink: /home/ovsj/Code/AutonomousBlueye/install/octomap_msgs/include/octomap_msgs/octomap_msgs/msg/detail/octomap__type_support.h
-- Up-to-date symlink: /home/ovsj/Code/AutonomousBlueye/install/octomap_msgs/include/octomap_msgs/octomap_msgs/msg/detail/octomap_with_pose__functions.h
-- Up-to-date symlink: /home/ovsj/Code/AutonomousBlueye/install/octomap_msgs/include/octomap_msgs/octomap_msgs/msg/detail/octomap_with_pose__struct.h
-- Up-to-date symlink: /home/ovsj/Code/AutonomousBlueye/install/octomap_msgs/include/octomap_msgs/octomap_msgs/msg/detail/octomap_with_pose__type_support.h
-- Up-to-date symlink: /home/ovsj/Code/AutonomousBlueye/install/octomap_msgs/include/octomap_msgs/octomap_msgs/msg/octomap.h
-- Up-to-date symlink: /home/ovsj/Code/AutonomousBlueye/install/octomap_msgs/include/octomap_msgs/octomap_msgs/msg/octomap_with_pose.h
-- Up-to-date symlink: /home/ovsj/Code/AutonomousBlueye/install/octomap_msgs/include/octomap_msgs/octomap_msgs/msg/rosidl_generator_c__visibility_control.h
-- Up-to-date symlink: /home/ovsj/Code/AutonomousBlueye/install/octomap_msgs/include/octomap_msgs/octomap_msgs/srv/bounding_box_query.h
-- Up-to-date symlink: /home/ovsj/Code/AutonomousBlueye/install/octomap_msgs/include/octomap_msgs/octomap_msgs/srv/detail/bounding_box_query__functions.h
-- Up-to-date symlink: /home/ovsj/Code/AutonomousBlueye/install/octomap_msgs/include/octomap_msgs/octomap_msgs/srv/detail/bounding_box_query__struct.h
-- Up-to-date symlink: /home/ovsj/Code/AutonomousBlueye/install/octomap_msgs/include/octomap_msgs/octomap_msgs/srv/detail/bounding_box_query__type_support.h
-- Up-to-date symlink: /home/ovsj/Code/AutonomousBlueye/install/octomap_msgs/include/octomap_msgs/octomap_msgs/srv/detail/get_octomap__functions.h
-- Up-to-date symlink: /home/ovsj/Code/AutonomousBlueye/install/octomap_msgs/include/octomap_msgs/octomap_msgs/srv/detail/get_octomap__struct.h
-- Up-to-date symlink: /home/ovsj/Code/AutonomousBlueye/install/octomap_msgs/include/octomap_msgs/octomap_msgs/srv/detail/get_octomap__type_support.h
-- Up-to-date symlink: /home/ovsj/Code/AutonomousBlueye/install/octomap_msgs/include/octomap_msgs/octomap_msgs/srv/get_octomap.h
-- Up-to-date symlink: /home/ovsj/Code/AutonomousBlueye/install/octomap_msgs/share/octomap_msgs/environment/library_path.sh
-- Up-to-date symlink: /home/ovsj/Code/AutonomousBlueye/install/octomap_msgs/share/octomap_msgs/environment/library_path.dsv
-- Up-to-date symlink: /home/ovsj/Code/AutonomousBlueye/install/octomap_msgs/include/octomap_msgs/octomap_msgs/msg/detail/octomap__rosidl_typesupport_fastrtps_c.h
-- Up-to-date symlink: /home/ovsj/Code/AutonomousBlueye/install/octomap_msgs/include/octomap_msgs/octomap_msgs/msg/detail/octomap_with_pose__rosidl_typesupport_fastrtps_c.h
-- Up-to-date symlink: /home/ovsj/Code/AutonomousBlueye/install/octomap_msgs/include/octomap_msgs/octomap_msgs/msg/rosidl_typesupport_fastrtps_c__visibility_control.h
-- Up-to-date symlink: /home/ovsj/Code/AutonomousBlueye/install/octomap_msgs/include/octomap_msgs/octomap_msgs/srv/detail/bounding_box_query__rosidl_typesupport_fastrtps_c.h
-- Up-to-date symlink: /home/ovsj/Code/AutonomousBlueye/install/octomap_msgs/include/octomap_msgs/octomap_msgs/srv/detail/get_octomap__rosidl_typesupport_fastrtps_c.h
-- Up-to-date symlink: /home/ovsj/Code/AutonomousBlueye/install/octomap_msgs/include/octomap_msgs/octomap_msgs/msg/detail/octomap__rosidl_typesupport_introspection_c.h
-- Up-to-date symlink: /home/ovsj/Code/AutonomousBlueye/install/octomap_msgs/include/octomap_msgs/octomap_msgs/msg/detail/octomap_with_pose__rosidl_typesupport_introspection_c.h
-- Up-to-date symlink: /home/ovsj/Code/AutonomousBlueye/install/octomap_msgs/include/octomap_msgs/octomap_msgs/msg/rosidl_typesupport_introspection_c__visibility_control.h
-- Up-to-date symlink: /home/ovsj/Code/AutonomousBlueye/install/octomap_msgs/include/octomap_msgs/octomap_msgs/srv/detail/bounding_box_query__rosidl_typesupport_introspection_c.h
-- Up-to-date symlink: /home/ovsj/Code/AutonomousBlueye/install/octomap_msgs/include/octomap_msgs/octomap_msgs/srv/detail/get_octomap__rosidl_typesupport_introspection_c.h
-- Up-to-date symlink: /home/ovsj/Code/AutonomousBlueye/install/octomap_msgs/include/octomap_msgs/octomap_msgs/msg/detail/octomap__builder.hpp
-- Up-to-date symlink: /home/ovsj/Code/AutonomousBlueye/install/octomap_msgs/include/octomap_msgs/octomap_msgs/msg/detail/octomap__struct.hpp
-- Up-to-date symlink: /home/ovsj/Code/AutonomousBlueye/install/octomap_msgs/include/octomap_msgs/octomap_msgs/msg/detail/octomap__traits.hpp
-- Up-to-date symlink: /home/ovsj/Code/AutonomousBlueye/install/octomap_msgs/include/octomap_msgs/octomap_msgs/msg/detail/octomap__type_support.hpp
-- Up-to-date symlink: /home/ovsj/Code/AutonomousBlueye/install/octomap_msgs/include/octomap_msgs/octomap_msgs/msg/detail/octomap_with_pose__builder.hpp
-- Up-to-date symlink: /home/ovsj/Code/AutonomousBlueye/install/octomap_msgs/include/octomap_msgs/octomap_msgs/msg/detail/octomap_with_pose__struct.hpp
-- Up-to-date symlink: /home/ovsj/Code/AutonomousBlueye/install/octomap_msgs/include/octomap_msgs/octomap_msgs/msg/detail/octomap_with_pose__traits.hpp
-- Up-to-date symlink: /home/ovsj/Code/AutonomousBlueye/install/octomap_msgs/include/octomap_msgs/octomap_msgs/msg/detail/octomap_with_pose__type_support.hpp
-- Up-to-date symlink: /home/ovsj/Code/AutonomousBlueye/install/octomap_msgs/include/octomap_msgs/octomap_msgs/msg/octomap.hpp
-- Up-to-date symlink: /home/ovsj/Code/AutonomousBlueye/install/octomap_msgs/include/octomap_msgs/octomap_msgs/msg/octomap_with_pose.hpp
-- Up-to-date symlink: /home/ovsj/Code/AutonomousBlueye/install/octomap_msgs/include/octomap_msgs/octomap_msgs/msg/rosidl_generator_cpp__visibility_control.hpp
-- Up-to-date symlink: /home/ovsj/Code/AutonomousBlueye/install/octomap_msgs/include/octomap_msgs/octomap_msgs/srv/bounding_box_query.hpp
-- Up-to-date symlink: /home/ovsj/Code/AutonomousBlueye/install/octomap_msgs/include/octomap_msgs/octomap_msgs/srv/detail/bounding_box_query__builder.hpp
-- Up-to-date symlink: /home/ovsj/Code/AutonomousBlueye/install/octomap_msgs/include/octomap_msgs/octomap_msgs/srv/detail/bounding_box_query__struct.hpp
-- Up-to-date symlink: /home/ovsj/Code/AutonomousBlueye/install/octomap_msgs/include/octomap_msgs/octomap_msgs/srv/detail/bounding_box_query__traits.hpp
-- Up-to-date symlink: /home/ovsj/Code/AutonomousBlueye/install/octomap_msgs/include/octomap_msgs/octomap_msgs/srv/detail/bounding_box_query__type_support.hpp
-- Up-to-date symlink: /home/ovsj/Code/AutonomousBlueye/install/octomap_msgs/include/octomap_msgs/octomap_msgs/srv/detail/get_octomap__builder.hpp
-- Up-to-date symlink: /home/ovsj/Code/AutonomousBlueye/install/octomap_msgs/include/octomap_msgs/octomap_msgs/srv/detail/get_octomap__struct.hpp
-- Up-to-date symlink: /home/ovsj/Code/AutonomousBlueye/install/octomap_msgs/include/octomap_msgs/octomap_msgs/srv/detail/get_octomap__traits.hpp
-- Up-to-date symlink: /home/ovsj/Code/AutonomousBlueye/install/octomap_msgs/include/octomap_msgs/octomap_msgs/srv/detail/get_octomap__type_support.hpp
-- Up-to-date symlink: /home/ovsj/Code/AutonomousBlueye/install/octomap_msgs/include/octomap_msgs/octomap_msgs/srv/get_octomap.hpp
-- Up-to-date symlink: /home/ovsj/Code/AutonomousBlueye/install/octomap_msgs/include/octomap_msgs/octomap_msgs/msg/detail/octomap__rosidl_typesupport_fastrtps_cpp.hpp
-- Up-to-date symlink: /home/ovsj/Code/AutonomousBlueye/install/octomap_msgs/include/octomap_msgs/octomap_msgs/msg/detail/octomap_with_pose__rosidl_typesupport_fastrtps_cpp.hpp
-- Up-to-date symlink: /home/ovsj/Code/AutonomousBlueye/install/octomap_msgs/include/octomap_msgs/octomap_msgs/msg/rosidl_typesupport_fastrtps_cpp__visibility_control.h
-- Up-to-date symlink: /home/ovsj/Code/AutonomousBlueye/install/octomap_msgs/include/octomap_msgs/octomap_msgs/srv/detail/bounding_box_query__rosidl_typesupport_fastrtps_cpp.hpp
-- Up-to-date symlink: /home/ovsj/Code/AutonomousBlueye/install/octomap_msgs/include/octomap_msgs/octomap_msgs/srv/detail/get_octomap__rosidl_typesupport_fastrtps_cpp.hpp
-- Up-to-date symlink: /home/ovsj/Code/AutonomousBlueye/install/octomap_msgs/include/octomap_msgs/octomap_msgs/msg/detail/octomap__rosidl_typesupport_introspection_cpp.hpp
-- Up-to-date symlink: /home/ovsj/Code/AutonomousBlueye/install/octomap_msgs/include/octomap_msgs/octomap_msgs/msg/detail/octomap_with_pose__rosidl_typesupport_introspection_cpp.hpp
-- Up-to-date symlink: /home/ovsj/Code/AutonomousBlueye/install/octomap_msgs/include/octomap_msgs/octomap_msgs/srv/detail/bounding_box_query__rosidl_typesupport_introspection_cpp.hpp
-- Up-to-date symlink: /home/ovsj/Code/AutonomousBlueye/install/octomap_msgs/include/octomap_msgs/octomap_msgs/srv/detail/get_octomap__rosidl_typesupport_introspection_cpp.hpp
-- Up-to-date symlink: /home/ovsj/Code/AutonomousBlueye/install/octomap_msgs/share/octomap_msgs/environment/pythonpath.sh
-- Up-to-date symlink: /home/ovsj/Code/AutonomousBlueye/install/octomap_msgs/share/octomap_msgs/environment/pythonpath.dsv
-- Up-to-date symlink: /home/ovsj/Code/AutonomousBlueye/install/octomap_msgs/local/lib/python3.10/dist-packages/octomap_msgs-2.0.0-py3.10.egg-info/PKG-INFO
-- Up-to-date symlink: /home/ovsj/Code/AutonomousBlueye/install/octomap_msgs/local/lib/python3.10/dist-packages/octomap_msgs-2.0.0-py3.10.egg-info/SOURCES.txt
-- Up-to-date symlink: /home/ovsj/Code/AutonomousBlueye/install/octomap_msgs/local/lib/python3.10/dist-packages/octomap_msgs-2.0.0-py3.10.egg-info/dependency_links.txt
-- Up-to-date symlink: /home/ovsj/Code/AutonomousBlueye/install/octomap_msgs/local/lib/python3.10/dist-packages/octomap_msgs-2.0.0-py3.10.egg-info/top_level.txt
-- Up-to-date symlink: /home/ovsj/Code/AutonomousBlueye/install/octomap_msgs/local/lib/python3.10/dist-packages/octomap_msgs/__init__.py
-- Up-to-date symlink: /home/ovsj/Code/AutonomousBlueye/install/octomap_msgs/local/lib/python3.10/dist-packages/octomap_msgs/_octomap_msgs_s.ep.rosidl_typesupport_c.c
-- Up-to-date symlink: /home/ovsj/Code/AutonomousBlueye/install/octomap_msgs/local/lib/python3.10/dist-packages/octomap_msgs/_octomap_msgs_s.ep.rosidl_typesupport_fastrtps_c.c
-- Up-to-date symlink: /home/ovsj/Code/AutonomousBlueye/install/octomap_msgs/local/lib/python3.10/dist-packages/octomap_msgs/_octomap_msgs_s.ep.rosidl_typesupport_introspection_c.c
-- Up-to-date symlink: /home/ovsj/Code/AutonomousBlueye/install/octomap_msgs/local/lib/python3.10/dist-packages/octomap_msgs/liboctomap_msgs__rosidl_generator_py.so
-- Up-to-date symlink: /home/ovsj/Code/AutonomousBlueye/install/octomap_msgs/local/lib/python3.10/dist-packages/octomap_msgs/msg/__init__.py
-- Up-to-date symlink: /home/ovsj/Code/AutonomousBlueye/install/octomap_msgs/local/lib/python3.10/dist-packages/octomap_msgs/msg/_octomap.py
-- Up-to-date symlink: /home/ovsj/Code/AutonomousBlueye/install/octomap_msgs/local/lib/python3.10/dist-packages/octomap_msgs/msg/_octomap_s.c
-- Up-to-date symlink: /home/ovsj/Code/AutonomousBlueye/install/octomap_msgs/local/lib/python3.10/dist-packages/octomap_msgs/msg/_octomap_with_pose.py
-- Up-to-date symlink: /home/ovsj/Code/AutonomousBlueye/install/octomap_msgs/local/lib/python3.10/dist-packages/octomap_msgs/msg/_octomap_with_pose_s.c
-- Up-to-date symlink: /home/ovsj/Code/AutonomousBlueye/install/octomap_msgs/local/lib/python3.10/dist-packages/octomap_msgs/octomap_msgs_s__rosidl_typesupport_c.cpython-310-aarch64-linux-gnu.so
-- Up-to-date symlink: /home/ovsj/Code/AutonomousBlueye/install/octomap_msgs/local/lib/python3.10/dist-packages/octomap_msgs/octomap_msgs_s__rosidl_typesupport_fastrtps_c.cpython-310-aarch64-linux-gnu.so
-- Up-to-date symlink: /home/ovsj/Code/AutonomousBlueye/install/octomap_msgs/local/lib/python3.10/dist-packages/octomap_msgs/octomap_msgs_s__rosidl_typesupport_introspection_c.cpython-310-aarch64-linux-gnu.so
-- Up-to-date symlink: /home/ovsj/Code/AutonomousBlueye/install/octomap_msgs/local/lib/python3.10/dist-packages/octomap_msgs/srv/__init__.py
-- Up-to-date symlink: /home/ovsj/Code/AutonomousBlueye/install/octomap_msgs/local/lib/python3.10/dist-packages/octomap_msgs/srv/_bounding_box_query.py
-- Up-to-date symlink: /home/ovsj/Code/AutonomousBlueye/install/octomap_msgs/local/lib/python3.10/dist-packages/octomap_msgs/srv/_bounding_box_query_s.c
-- Up-to-date symlink: /home/ovsj/Code/AutonomousBlueye/install/octomap_msgs/local/lib/python3.10/dist-packages/octomap_msgs/srv/_get_octomap.py
-- Up-to-date symlink: /home/ovsj/Code/AutonomousBlueye/install/octomap_msgs/local/lib/python3.10/dist-packages/octomap_msgs/srv/_get_octomap_s.c
-- Up-to-date symlink: /home/ovsj/Code/AutonomousBlueye/install/octomap_msgs/local/lib/python3.10/dist-packages/octomap_msgs/octomap_msgs_s__rosidl_typesupport_fastrtps_c.cpython-310-aarch64-linux-gnu.so
-- Up-to-date symlink: /home/ovsj/Code/AutonomousBlueye/install/octomap_msgs/local/lib/python3.10/dist-packages/octomap_msgs/octomap_msgs_s__rosidl_typesupport_introspection_c.cpython-310-aarch64-linux-gnu.so
-- Up-to-date symlink: /home/ovsj/Code/AutonomousBlueye/install/octomap_msgs/local/lib/python3.10/dist-packages/octomap_msgs/octomap_msgs_s__rosidl_typesupport_c.cpython-310-aarch64-linux-gnu.so
-- Up-to-date symlink: /home/ovsj/Code/AutonomousBlueye/install/octomap_msgs/share/octomap_msgs/msg/Octomap.idl
-- Up-to-date symlink: /home/ovsj/Code/AutonomousBlueye/install/octomap_msgs/share/octomap_msgs/msg/OctomapWithPose.idl
-- Up-to-date symlink: /home/ovsj/Code/AutonomousBlueye/install/octomap_msgs/share/octomap_msgs/srv/BoundingBoxQuery.idl
-- Up-to-date symlink: /home/ovsj/Code/AutonomousBlueye/install/octomap_msgs/share/octomap_msgs/srv/GetOctomap.idl
-- Up-to-date symlink: /home/ovsj/Code/AutonomousBlueye/install/octomap_msgs/share/octomap_msgs/msg/Octomap.msg
-- Up-to-date symlink: /home/ovsj/Code/AutonomousBlueye/install/octomap_msgs/share/octomap_msgs/msg/OctomapWithPose.msg
-- Up-to-date symlink: /home/ovsj/Code/AutonomousBlueye/install/octomap_msgs/share/octomap_msgs/srv/BoundingBoxQuery.srv
-- Up-to-date symlink: /home/ovsj/Code/AutonomousBlueye/install/octomap_msgs/share/octomap_msgs/srv/BoundingBoxQuery_Request.msg
-- Up-to-date symlink: /home/ovsj/Code/AutonomousBlueye/install/octomap_msgs/share/octomap_msgs/srv/BoundingBoxQuery_Response.msg
-- Up-to-date symlink: /home/ovsj/Code/AutonomousBlueye/install/octomap_msgs/share/octomap_msgs/srv/GetOctomap.srv
-- Up-to-date symlink: /home/ovsj/Code/AutonomousBlueye/install/octomap_msgs/share/octomap_msgs/srv/GetOctomap_Request.msg
-- Up-to-date symlink: /home/ovsj/Code/AutonomousBlueye/install/octomap_msgs/share/octomap_msgs/srv/GetOctomap_Response.msg
-- Up-to-date symlink: /home/ovsj/Code/AutonomousBlueye/install/octomap_msgs/share/ament_index/resource_index/package_run_dependencies/octomap_msgs
-- Up-to-date symlink: /home/ovsj/Code/AutonomousBlueye/install/octomap_msgs/share/ament_index/resource_index/parent_prefix_path/octomap_msgs
-- Up-to-date symlink: /home/ovsj/Code/AutonomousBlueye/install/octomap_msgs/share/octomap_msgs/environment/ament_prefix_path.sh
-- Up-to-date symlink: /home/ovsj/Code/AutonomousBlueye/install/octomap_msgs/share/octomap_msgs/environment/ament_prefix_path.dsv
-- Up-to-date symlink: /home/ovsj/Code/AutonomousBlueye/install/octomap_msgs/share/octomap_msgs/environment/path.sh
-- Up-to-date symlink: /home/ovsj/Code/AutonomousBlueye/install/octomap_msgs/share/octomap_msgs/environment/path.dsv
-- Up-to-date symlink: /home/ovsj/Code/AutonomousBlueye/install/octomap_msgs/share/octomap_msgs/local_setup.bash
-- Up-to-date symlink: /home/ovsj/Code/AutonomousBlueye/install/octomap_msgs/share/octomap_msgs/local_setup.sh
-- Up-to-date symlink: /home/ovsj/Code/AutonomousBlueye/install/octomap_msgs/share/octomap_msgs/local_setup.zsh
-- Up-to-date symlink: /home/ovsj/Code/AutonomousBlueye/install/octomap_msgs/share/octomap_msgs/local_setup.dsv
-- Symlinking: /home/ovsj/Code/AutonomousBlueye/install/octomap_msgs/share/octomap_msgs/package.dsv
-- Up-to-date symlink: /home/ovsj/Code/AutonomousBlueye/install/octomap_msgs/share/ament_index/resource_index/packages/octomap_msgs
-- Up-to-date symlink: /home/ovsj/Code/AutonomousBlueye/install/octomap_msgs/share/octomap_msgs/cmake/rosidl_cmake-extras.cmake
-- Up-to-date symlink: /home/ovsj/Code/AutonomousBlueye/install/octomap_msgs/share/octomap_msgs/cmake/ament_cmake_export_dependencies-extras.cmake
-- Up-to-date symlink: /home/ovsj/Code/AutonomousBlueye/install/octomap_msgs/share/octomap_msgs/cmake/ament_cmake_export_include_directories-extras.cmake
-- Up-to-date symlink: /home/ovsj/Code/AutonomousBlueye/install/octomap_msgs/share/octomap_msgs/cmake/ament_cmake_export_libraries-extras.cmake
-- Up-to-date symlink: /home/ovsj/Code/AutonomousBlueye/install/octomap_msgs/share/octomap_msgs/cmake/ament_cmake_export_targets-extras.cmake
-- Up-to-date symlink: /home/ovsj/Code/AutonomousBlueye/install/octomap_msgs/share/octomap_msgs/cmake/rosidl_cmake_export_typesupport_targets-extras.cmake
-- Up-to-date symlink: /home/ovsj/Code/AutonomousBlueye/install/octomap_msgs/share/octomap_msgs/cmake/rosidl_cmake_export_typesupport_libraries-extras.cmake
-- Up-to-date symlink: /home/ovsj/Code/AutonomousBlueye/install/octomap_msgs/share/octomap_msgs/cmake/octomap_msgsConfig.cmake
-- Up-to-date symlink: /home/ovsj/Code/AutonomousBlueye/install/octomap_msgs/share/octomap_msgs/cmake/octomap_msgsConfig-version.cmake
-- Up-to-date symlink: /home/ovsj/Code/AutonomousBlueye/install/octomap_msgs/share/octomap_msgs/package.xml
-- Up-to-date: /home/ovsj/Code/AutonomousBlueye/install/octomap_msgs/lib/liboctomap_msgs__rosidl_generator_c.so
-- Up-to-date: /home/ovsj/Code/AutonomousBlueye/install/octomap_msgs/lib/liboctomap_msgs__rosidl_typesupport_fastrtps_c.so
-- Up-to-date: /home/ovsj/Code/AutonomousBlueye/install/octomap_msgs/lib/liboctomap_msgs__rosidl_typesupport_introspection_c.so
-- Up-to-date: /home/ovsj/Code/AutonomousBlueye/install/octomap_msgs/lib/liboctomap_msgs__rosidl_typesupport_c.so
-- Up-to-date: /home/ovsj/Code/AutonomousBlueye/install/octomap_msgs/lib/liboctomap_msgs__rosidl_typesupport_fastrtps_cpp.so
-- Up-to-date: /home/ovsj/Code/AutonomousBlueye/install/octomap_msgs/lib/liboctomap_msgs__rosidl_typesupport_introspection_cpp.so
-- Up-to-date: /home/ovsj/Code/AutonomousBlueye/install/octomap_msgs/lib/liboctomap_msgs__rosidl_typesupport_cpp.so
Listing '/home/ovsj/Code/AutonomousBlueye/install/octomap_msgs/local/lib/python3.10/dist-packages/octomap_msgs'...
Compiling '/home/ovsj/Code/AutonomousBlueye/install/octomap_msgs/local/lib/python3.10/dist-packages/octomap_msgs/__init__.py'...
Listing '/home/ovsj/Code/AutonomousBlueye/install/octomap_msgs/local/lib/python3.10/dist-packages/octomap_msgs/msg'...
Listing '/home/ovsj/Code/AutonomousBlueye/install/octomap_msgs/local/lib/python3.10/dist-packages/octomap_msgs/srv'...
-- Up-to-date: /home/ovsj/Code/AutonomousBlueye/install/octomap_msgs/lib/liboctomap_msgs__rosidl_generator_py.so
-- Up-to-date: /home/ovsj/Code/AutonomousBlueye/install/octomap_msgs/include/octomap_msgs
-- Up-to-date: /home/ovsj/Code/AutonomousBlueye/install/octomap_msgs/include/octomap_msgs/octomap_msgs
-- Up-to-date: /home/ovsj/Code/AutonomousBlueye/install/octomap_msgs/include/octomap_msgs/octomap_msgs/conversions.h
-- Up-to-date: /home/ovsj/Code/AutonomousBlueye/install/octomap_msgs/share/octomap_msgs/cmake/export_octomap_msgs__rosidl_generator_cExport.cmake
-- Up-to-date: /home/ovsj/Code/AutonomousBlueye/install/octomap_msgs/share/octomap_msgs/cmake/export_octomap_msgs__rosidl_generator_cExport-noconfig.cmake
-- Up-to-date: /home/ovsj/Code/AutonomousBlueye/install/octomap_msgs/share/octomap_msgs/cmake/export_octomap_msgs__rosidl_typesupport_fastrtps_cExport.cmake
-- Up-to-date: /home/ovsj/Code/AutonomousBlueye/install/octomap_msgs/share/octomap_msgs/cmake/export_octomap_msgs__rosidl_typesupport_fastrtps_cExport-noconfig.cmake
-- Up-to-date: /home/ovsj/Code/AutonomousBlueye/install/octomap_msgs/share/octomap_msgs/cmake/octomap_msgs__rosidl_typesupport_introspection_cExport.cmake
-- Up-to-date: /home/ovsj/Code/AutonomousBlueye/install/octomap_msgs/share/octomap_msgs/cmake/octomap_msgs__rosidl_typesupport_introspection_cExport-noconfig.cmake
-- Up-to-date: /home/ovsj/Code/AutonomousBlueye/install/octomap_msgs/share/octomap_msgs/cmake/octomap_msgs__rosidl_typesupport_cExport.cmake
-- Up-to-date: /home/ovsj/Code/AutonomousBlueye/install/octomap_msgs/share/octomap_msgs/cmake/octomap_msgs__rosidl_typesupport_cExport-noconfig.cmake
-- Up-to-date: /home/ovsj/Code/AutonomousBlueye/install/octomap_msgs/share/octomap_msgs/cmake/export_octomap_msgs__rosidl_generator_cppExport.cmake
-- Up-to-date: /home/ovsj/Code/AutonomousBlueye/install/octomap_msgs/share/octomap_msgs/cmake/export_octomap_msgs__rosidl_typesupport_fastrtps_cppExport.cmake
-- Up-to-date: /home/ovsj/Code/AutonomousBlueye/install/octomap_msgs/share/octomap_msgs/cmake/export_octomap_msgs__rosidl_typesupport_fastrtps_cppExport-noconfig.cmake
-- Up-to-date: /home/ovsj/Code/AutonomousBlueye/install/octomap_msgs/share/octomap_msgs/cmake/octomap_msgs__rosidl_typesupport_introspection_cppExport.cmake
-- Up-to-date: /home/ovsj/Code/AutonomousBlueye/install/octomap_msgs/share/octomap_msgs/cmake/octomap_msgs__rosidl_typesupport_introspection_cppExport-noconfig.cmake
-- Up-to-date: /home/ovsj/Code/AutonomousBlueye/install/octomap_msgs/share/octomap_msgs/cmake/octomap_msgs__rosidl_typesupport_cppExport.cmake
-- Up-to-date: /home/ovsj/Code/AutonomousBlueye/install/octomap_msgs/share/octomap_msgs/cmake/octomap_msgs__rosidl_typesupport_cppExport-noconfig.cmake
-- Up-to-date: /home/ovsj/Code/AutonomousBlueye/install/octomap_msgs/share/octomap_msgs/cmake/export_octomap_msgs__rosidl_generator_pyExport.cmake
-- Up-to-date: /home/ovsj/Code/AutonomousBlueye/install/octomap_msgs/share/octomap_msgs/cmake/export_octomap_msgs__rosidl_generator_pyExport-noconfig.cmake
