[2.172s] Invoking command in '/home/ovsj/Code/AutonomousBlueye/build/drone_sensors': PYTHONPATH=/home/ovsj/Code/AutonomousBlueye/build/drone_sensors/prefix_override:/usr/lib/python3/dist-packages/colcon_core/task/python/colcon_distutils_commands:/home/ovsj/Code/AutonomousBlueye/install/drone_sensors/lib/python3.10/site-packages:${PYTHONPATH} VIRTUAL_ENV_PROMPT=(.venv) /usr/bin/python3 -W ignore:setup.py install is deprecated -W ignore:easy_install command is deprecated setup.py develop --editable --build-directory /home/ovsj/Code/AutonomousBlueye/build/drone_sensors/build --no-deps symlink_data
[2.541s] running develop
[2.756s] running egg_info
[2.764s] writing drone_sensors.egg-info/PKG-INFO
[2.766s] writing dependency_links to drone_sensors.egg-info/dependency_links.txt
[2.768s] writing entry points to drone_sensors.egg-info/entry_points.txt
[2.770s] writing requirements to drone_sensors.egg-info/requires.txt
[2.772s] writing top-level names to drone_sensors.egg-info/top_level.txt
[2.810s] reading manifest file 'drone_sensors.egg-info/SOURCES.txt'
[2.811s] writing manifest file 'drone_sensors.egg-info/SOURCES.txt'
[2.827s] running build_ext
[2.827s] Creating /home/ovsj/Code/AutonomousBlueye/install/drone_sensors/lib/python3.10/site-packages/drone-sensors.egg-link (link to .)
[2.829s] Installing BluEye_Force script to /home/ovsj/Code/AutonomousBlueye/install/drone_sensors/lib/drone_sensors
[2.832s] Installing BluEye_Pose script to /home/ovsj/Code/AutonomousBlueye/install/drone_sensors/lib/drone_sensors
[2.833s] Installing IMU_to_ros2 script to /home/ovsj/Code/AutonomousBlueye/install/drone_sensors/lib/drone_sensors
[2.836s] Installing Video_to_ros2 script to /home/ovsj/Code/AutonomousBlueye/install/drone_sensors/lib/drone_sensors
[2.837s] Installing blueye_image_simple script to /home/ovsj/Code/AutonomousBlueye/install/drone_sensors/lib/drone_sensors
[2.838s] Installing laptop_camera script to /home/ovsj/Code/AutonomousBlueye/install/drone_sensors/lib/drone_sensors
[2.839s] 
[2.839s] Installed /home/ovsj/Code/AutonomousBlueye/build/drone_sensors
[2.840s] running symlink_data
[2.894s] Invoked command in '/home/ovsj/Code/AutonomousBlueye/build/drone_sensors' returned '0': PYTHONPATH=/home/ovsj/Code/AutonomousBlueye/build/drone_sensors/prefix_override:/usr/lib/python3/dist-packages/colcon_core/task/python/colcon_distutils_commands:/home/ovsj/Code/AutonomousBlueye/install/drone_sensors/lib/python3.10/site-packages:${PYTHONPATH} VIRTUAL_ENV_PROMPT=(.venv) /usr/bin/python3 -W ignore:setup.py install is deprecated -W ignore:easy_install command is deprecated setup.py develop --editable --build-directory /home/ovsj/Code/AutonomousBlueye/build/drone_sensors/build --no-deps symlink_data
