[  2%] [34m[1mGenerating C code for ROS interfaces[0m
[  5%] [34m[1mGenerating C++ code for ROS interfaces[0m
[  5%] Built target ament_cmake_python_symlink_bboxes_ex_msgs
running egg_info
creating bboxes_ex_msgs.egg-info
writing bboxes_ex_msgs.egg-info/PKG-INFO
writing dependency_links to bboxes_ex_msgs.egg-info/dependency_links.txt
writing top-level names to bboxes_ex_msgs.egg-info/top_level.txt
writing manifest file 'bboxes_ex_msgs.egg-info/SOURCES.txt'
[  7%] [32mBuilding C object CMakeFiles/bboxes_ex_msgs__rosidl_generator_c.dir/rosidl_generator_c/bboxes_ex_msgs/msg/detail/bounding_boxes__functions.c.o[0m
reading manifest file 'bboxes_ex_msgs.egg-info/SOURCES.txt'
writing manifest file 'bboxes_ex_msgs.egg-info/SOURCES.txt'
[ 10%] [32mBuilding C object CMakeFiles/bboxes_ex_msgs__rosidl_generator_c.dir/rosidl_generator_c/bboxes_ex_msgs/msg/detail/bounding_box__functions.c.o[0m
[ 10%] Built target ament_cmake_python_build_bboxes_ex_msgs_egg
[ 10%] Built target bboxes_ex_msgs__cpp
[ 12%] [34m[1mGenerating C++ introspection for ROS interfaces[0m
[ 15%] [34m[1mGenerating C++ type support dispatch for ROS interfaces[0m
[ 17%] [34m[1mGenerating C++ type support for eProsima Fast-RTPS[0m
[ 20%] [32m[1mLinking C shared library libbboxes_ex_msgs__rosidl_generator_c.so[0m
[ 20%] Built target bboxes_ex_msgs__rosidl_generator_c
[ 23%] [34m[1mGenerating C type support for eProsima Fast-RTPS[0m
[ 25%] [34m[1mGenerating C introspection for ROS interfaces[0m
[ 28%] [34m[1mGenerating C type support dispatch for ROS interfaces[0m
[ 30%] [32mBuilding CXX object CMakeFiles/bboxes_ex_msgs__rosidl_typesupport_cpp.dir/rosidl_typesupport_cpp/bboxes_ex_msgs/msg/bounding_box__type_support.cpp.o[0m
[ 33%] [32mBuilding CXX object CMakeFiles/bboxes_ex_msgs__rosidl_typesupport_fastrtps_cpp.dir/rosidl_typesupport_fastrtps_cpp/bboxes_ex_msgs/msg/detail/dds_fastrtps/bounding_box__type_support.cpp.o[0m
[ 35%] [32mBuilding CXX object CMakeFiles/bboxes_ex_msgs__rosidl_typesupport_introspection_cpp.dir/rosidl_typesupport_introspection_cpp/bboxes_ex_msgs/msg/detail/bounding_box__type_support.cpp.o[0m
[ 38%] [32mBuilding CXX object CMakeFiles/bboxes_ex_msgs__rosidl_typesupport_fastrtps_c.dir/rosidl_typesupport_fastrtps_c/bboxes_ex_msgs/msg/detail/bounding_box__type_support_c.cpp.o[0m
[ 41%] [32mBuilding CXX object CMakeFiles/bboxes_ex_msgs__rosidl_typesupport_c.dir/rosidl_typesupport_c/bboxes_ex_msgs/msg/bounding_box__type_support.cpp.o[0m
[ 43%] [32mBuilding CXX object CMakeFiles/bboxes_ex_msgs__rosidl_typesupport_c.dir/rosidl_typesupport_c/bboxes_ex_msgs/msg/bounding_boxes__type_support.cpp.o[0m
[ 46%] [32mBuilding C object CMakeFiles/bboxes_ex_msgs__rosidl_typesupport_introspection_c.dir/rosidl_typesupport_introspection_c/bboxes_ex_msgs/msg/detail/bounding_box__type_support.c.o[0m
[ 48%] [32m[1mLinking CXX shared library libbboxes_ex_msgs__rosidl_typesupport_c.so[0m
[ 51%] [32mBuilding C object CMakeFiles/bboxes_ex_msgs__rosidl_typesupport_introspection_c.dir/rosidl_typesupport_introspection_c/bboxes_ex_msgs/msg/detail/bounding_boxes__type_support.c.o[0m
[ 53%] [32mBuilding CXX object CMakeFiles/bboxes_ex_msgs__rosidl_typesupport_cpp.dir/rosidl_typesupport_cpp/bboxes_ex_msgs/msg/bounding_boxes__type_support.cpp.o[0m
[ 53%] Built target bboxes_ex_msgs__rosidl_typesupport_c
[ 56%] [32mBuilding CXX object CMakeFiles/bboxes_ex_msgs__rosidl_typesupport_introspection_cpp.dir/rosidl_typesupport_introspection_cpp/bboxes_ex_msgs/msg/detail/bounding_boxes__type_support.cpp.o[0m
[ 58%] [32m[1mLinking C shared library libbboxes_ex_msgs__rosidl_typesupport_introspection_c.so[0m
[ 58%] Built target bboxes_ex_msgs__rosidl_typesupport_introspection_c
[ 61%] [32mBuilding CXX object CMakeFiles/bboxes_ex_msgs__rosidl_typesupport_fastrtps_cpp.dir/rosidl_typesupport_fastrtps_cpp/bboxes_ex_msgs/msg/detail/dds_fastrtps/bounding_boxes__type_support.cpp.o[0m
[ 64%] [32mBuilding CXX object CMakeFiles/bboxes_ex_msgs__rosidl_typesupport_fastrtps_c.dir/rosidl_typesupport_fastrtps_c/bboxes_ex_msgs/msg/detail/bounding_boxes__type_support_c.cpp.o[0m
[ 66%] [32m[1mLinking CXX shared library libbboxes_ex_msgs__rosidl_typesupport_cpp.so[0m
[ 66%] Built target bboxes_ex_msgs__rosidl_typesupport_cpp
[ 69%] [32m[1mLinking CXX shared library libbboxes_ex_msgs__rosidl_typesupport_fastrtps_c.so[0m
[ 69%] Built target bboxes_ex_msgs__rosidl_typesupport_fastrtps_c
[ 71%] [32m[1mLinking CXX shared library libbboxes_ex_msgs__rosidl_typesupport_introspection_cpp.so[0m
[ 71%] Built target bboxes_ex_msgs__rosidl_typesupport_introspection_cpp
[ 74%] [32m[1mLinking CXX shared library libbboxes_ex_msgs__rosidl_typesupport_fastrtps_cpp.so[0m
[ 74%] Built target bboxes_ex_msgs__rosidl_typesupport_fastrtps_cpp
[ 74%] Built target bboxes_ex_msgs
[ 76%] [34m[1mGenerating Python code for ROS interfaces[0m
[ 76%] Built target bboxes_ex_msgs__py
[ 79%] [32mBuilding C object CMakeFiles/bboxes_ex_msgs__rosidl_generator_py.dir/rosidl_generator_py/bboxes_ex_msgs/msg/_bounding_box_s.c.o[0m
[ 82%] [32mBuilding C object CMakeFiles/bboxes_ex_msgs__rosidl_generator_py.dir/rosidl_generator_py/bboxes_ex_msgs/msg/_bounding_boxes_s.c.o[0m
[ 84%] [32m[1mLinking C shared library rosidl_generator_py/bboxes_ex_msgs/libbboxes_ex_msgs__rosidl_generator_py.so[0m
[ 84%] Built target bboxes_ex_msgs__rosidl_generator_py
[ 87%] [32mBuilding C object CMakeFiles/bboxes_ex_msgs__rosidl_typesupport_introspection_c__pyext.dir/rosidl_generator_py/bboxes_ex_msgs/_bboxes_ex_msgs_s.ep.rosidl_typesupport_introspection_c.c.o[0m
[ 89%] [32mBuilding C object CMakeFiles/bboxes_ex_msgs__rosidl_typesupport_fastrtps_c__pyext.dir/rosidl_generator_py/bboxes_ex_msgs/_bboxes_ex_msgs_s.ep.rosidl_typesupport_fastrtps_c.c.o[0m
[ 92%] [32mBuilding C object CMakeFiles/bboxes_ex_msgs__rosidl_typesupport_c__pyext.dir/rosidl_generator_py/bboxes_ex_msgs/_bboxes_ex_msgs_s.ep.rosidl_typesupport_c.c.o[0m
[ 94%] [32m[1mLinking C shared library rosidl_generator_py/bboxes_ex_msgs/bboxes_ex_msgs_s__rosidl_typesupport_introspection_c.cpython-310-aarch64-linux-gnu.so[0m
[ 97%] [32m[1mLinking C shared library rosidl_generator_py/bboxes_ex_msgs/bboxes_ex_msgs_s__rosidl_typesupport_fastrtps_c.cpython-310-aarch64-linux-gnu.so[0m
[100%] [32m[1mLinking C shared library rosidl_generator_py/bboxes_ex_msgs/bboxes_ex_msgs_s__rosidl_typesupport_c.cpython-310-aarch64-linux-gnu.so[0m
[100%] Built target bboxes_ex_msgs__rosidl_typesupport_introspection_c__pyext
[100%] Built target bboxes_ex_msgs__rosidl_typesupport_fastrtps_c__pyext
[100%] Built target bboxes_ex_msgs__rosidl_typesupport_c__pyext
-- Install configuration: ""
-- Execute custom install script
-- Symlinking: /home/ovsj/Code/AutonomousBlueye/install/bboxes_ex_msgs/share/ament_index/resource_index/rosidl_interfaces/bboxes_ex_msgs
-- Symlinking: /home/ovsj/Code/AutonomousBlueye/install/bboxes_ex_msgs/include/bboxes_ex_msgs/bboxes_ex_msgs/msg/bounding_box.h
-- Symlinking: /home/ovsj/Code/AutonomousBlueye/install/bboxes_ex_msgs/include/bboxes_ex_msgs/bboxes_ex_msgs/msg/bounding_boxes.h
-- Symlinking: /home/ovsj/Code/AutonomousBlueye/install/bboxes_ex_msgs/include/bboxes_ex_msgs/bboxes_ex_msgs/msg/detail/bounding_box__functions.h
-- Symlinking: /home/ovsj/Code/AutonomousBlueye/install/bboxes_ex_msgs/include/bboxes_ex_msgs/bboxes_ex_msgs/msg/detail/bounding_box__struct.h
-- Symlinking: /home/ovsj/Code/AutonomousBlueye/install/bboxes_ex_msgs/include/bboxes_ex_msgs/bboxes_ex_msgs/msg/detail/bounding_box__type_support.h
-- Symlinking: /home/ovsj/Code/AutonomousBlueye/install/bboxes_ex_msgs/include/bboxes_ex_msgs/bboxes_ex_msgs/msg/detail/bounding_boxes__functions.h
-- Symlinking: /home/ovsj/Code/AutonomousBlueye/install/bboxes_ex_msgs/include/bboxes_ex_msgs/bboxes_ex_msgs/msg/detail/bounding_boxes__struct.h
-- Symlinking: /home/ovsj/Code/AutonomousBlueye/install/bboxes_ex_msgs/include/bboxes_ex_msgs/bboxes_ex_msgs/msg/detail/bounding_boxes__type_support.h
-- Symlinking: /home/ovsj/Code/AutonomousBlueye/install/bboxes_ex_msgs/include/bboxes_ex_msgs/bboxes_ex_msgs/msg/rosidl_generator_c__visibility_control.h
-- Symlinking: /home/ovsj/Code/AutonomousBlueye/install/bboxes_ex_msgs/share/bboxes_ex_msgs/environment/library_path.sh
-- Symlinking: /home/ovsj/Code/AutonomousBlueye/install/bboxes_ex_msgs/share/bboxes_ex_msgs/environment/library_path.dsv
-- Symlinking: /home/ovsj/Code/AutonomousBlueye/install/bboxes_ex_msgs/include/bboxes_ex_msgs/bboxes_ex_msgs/msg/detail/bounding_box__rosidl_typesupport_fastrtps_c.h
-- Symlinking: /home/ovsj/Code/AutonomousBlueye/install/bboxes_ex_msgs/include/bboxes_ex_msgs/bboxes_ex_msgs/msg/detail/bounding_boxes__rosidl_typesupport_fastrtps_c.h
-- Symlinking: /home/ovsj/Code/AutonomousBlueye/install/bboxes_ex_msgs/include/bboxes_ex_msgs/bboxes_ex_msgs/msg/rosidl_typesupport_fastrtps_c__visibility_control.h
-- Symlinking: /home/ovsj/Code/AutonomousBlueye/install/bboxes_ex_msgs/include/bboxes_ex_msgs/bboxes_ex_msgs/msg/bounding_box.hpp
-- Symlinking: /home/ovsj/Code/AutonomousBlueye/install/bboxes_ex_msgs/include/bboxes_ex_msgs/bboxes_ex_msgs/msg/bounding_boxes.hpp
-- Symlinking: /home/ovsj/Code/AutonomousBlueye/install/bboxes_ex_msgs/include/bboxes_ex_msgs/bboxes_ex_msgs/msg/detail/bounding_box__builder.hpp
-- Symlinking: /home/ovsj/Code/AutonomousBlueye/install/bboxes_ex_msgs/include/bboxes_ex_msgs/bboxes_ex_msgs/msg/detail/bounding_box__struct.hpp
-- Symlinking: /home/ovsj/Code/AutonomousBlueye/install/bboxes_ex_msgs/include/bboxes_ex_msgs/bboxes_ex_msgs/msg/detail/bounding_box__traits.hpp
-- Symlinking: /home/ovsj/Code/AutonomousBlueye/install/bboxes_ex_msgs/include/bboxes_ex_msgs/bboxes_ex_msgs/msg/detail/bounding_box__type_support.hpp
-- Symlinking: /home/ovsj/Code/AutonomousBlueye/install/bboxes_ex_msgs/include/bboxes_ex_msgs/bboxes_ex_msgs/msg/detail/bounding_boxes__builder.hpp
-- Symlinking: /home/ovsj/Code/AutonomousBlueye/install/bboxes_ex_msgs/include/bboxes_ex_msgs/bboxes_ex_msgs/msg/detail/bounding_boxes__struct.hpp
-- Symlinking: /home/ovsj/Code/AutonomousBlueye/install/bboxes_ex_msgs/include/bboxes_ex_msgs/bboxes_ex_msgs/msg/detail/bounding_boxes__traits.hpp
-- Symlinking: /home/ovsj/Code/AutonomousBlueye/install/bboxes_ex_msgs/include/bboxes_ex_msgs/bboxes_ex_msgs/msg/detail/bounding_boxes__type_support.hpp
-- Symlinking: /home/ovsj/Code/AutonomousBlueye/install/bboxes_ex_msgs/include/bboxes_ex_msgs/bboxes_ex_msgs/msg/rosidl_generator_cpp__visibility_control.hpp
-- Symlinking: /home/ovsj/Code/AutonomousBlueye/install/bboxes_ex_msgs/include/bboxes_ex_msgs/bboxes_ex_msgs/msg/detail/bounding_box__rosidl_typesupport_fastrtps_cpp.hpp
-- Symlinking: /home/ovsj/Code/AutonomousBlueye/install/bboxes_ex_msgs/include/bboxes_ex_msgs/bboxes_ex_msgs/msg/detail/bounding_boxes__rosidl_typesupport_fastrtps_cpp.hpp
-- Symlinking: /home/ovsj/Code/AutonomousBlueye/install/bboxes_ex_msgs/include/bboxes_ex_msgs/bboxes_ex_msgs/msg/rosidl_typesupport_fastrtps_cpp__visibility_control.h
-- Symlinking: /home/ovsj/Code/AutonomousBlueye/install/bboxes_ex_msgs/include/bboxes_ex_msgs/bboxes_ex_msgs/msg/detail/bounding_box__rosidl_typesupport_introspection_c.h
-- Symlinking: /home/ovsj/Code/AutonomousBlueye/install/bboxes_ex_msgs/include/bboxes_ex_msgs/bboxes_ex_msgs/msg/detail/bounding_boxes__rosidl_typesupport_introspection_c.h
-- Symlinking: /home/ovsj/Code/AutonomousBlueye/install/bboxes_ex_msgs/include/bboxes_ex_msgs/bboxes_ex_msgs/msg/rosidl_typesupport_introspection_c__visibility_control.h
-- Symlinking: /home/ovsj/Code/AutonomousBlueye/install/bboxes_ex_msgs/include/bboxes_ex_msgs/bboxes_ex_msgs/msg/detail/bounding_box__rosidl_typesupport_introspection_cpp.hpp
-- Symlinking: /home/ovsj/Code/AutonomousBlueye/install/bboxes_ex_msgs/include/bboxes_ex_msgs/bboxes_ex_msgs/msg/detail/bounding_boxes__rosidl_typesupport_introspection_cpp.hpp
-- Symlinking: /home/ovsj/Code/AutonomousBlueye/install/bboxes_ex_msgs/share/bboxes_ex_msgs/environment/pythonpath.sh
-- Symlinking: /home/ovsj/Code/AutonomousBlueye/install/bboxes_ex_msgs/share/bboxes_ex_msgs/environment/pythonpath.dsv
-- Symlinking: /home/ovsj/Code/AutonomousBlueye/install/bboxes_ex_msgs/local/lib/python3.10/dist-packages/bboxes_ex_msgs-0.0.0-py3.10.egg-info/PKG-INFO
-- Symlinking: /home/ovsj/Code/AutonomousBlueye/install/bboxes_ex_msgs/local/lib/python3.10/dist-packages/bboxes_ex_msgs-0.0.0-py3.10.egg-info/SOURCES.txt
-- Symlinking: /home/ovsj/Code/AutonomousBlueye/install/bboxes_ex_msgs/local/lib/python3.10/dist-packages/bboxes_ex_msgs-0.0.0-py3.10.egg-info/dependency_links.txt
-- Symlinking: /home/ovsj/Code/AutonomousBlueye/install/bboxes_ex_msgs/local/lib/python3.10/dist-packages/bboxes_ex_msgs-0.0.0-py3.10.egg-info/top_level.txt
-- Symlinking: /home/ovsj/Code/AutonomousBlueye/install/bboxes_ex_msgs/local/lib/python3.10/dist-packages/bboxes_ex_msgs/__init__.py
-- Symlinking: /home/ovsj/Code/AutonomousBlueye/install/bboxes_ex_msgs/local/lib/python3.10/dist-packages/bboxes_ex_msgs/_bboxes_ex_msgs_s.ep.rosidl_typesupport_c.c
-- Symlinking: /home/ovsj/Code/AutonomousBlueye/install/bboxes_ex_msgs/local/lib/python3.10/dist-packages/bboxes_ex_msgs/_bboxes_ex_msgs_s.ep.rosidl_typesupport_fastrtps_c.c
-- Symlinking: /home/ovsj/Code/AutonomousBlueye/install/bboxes_ex_msgs/local/lib/python3.10/dist-packages/bboxes_ex_msgs/_bboxes_ex_msgs_s.ep.rosidl_typesupport_introspection_c.c
-- Symlinking: /home/ovsj/Code/AutonomousBlueye/install/bboxes_ex_msgs/local/lib/python3.10/dist-packages/bboxes_ex_msgs/bboxes_ex_msgs_s__rosidl_typesupport_c.cpython-310-aarch64-linux-gnu.so
-- Symlinking: /home/ovsj/Code/AutonomousBlueye/install/bboxes_ex_msgs/local/lib/python3.10/dist-packages/bboxes_ex_msgs/bboxes_ex_msgs_s__rosidl_typesupport_fastrtps_c.cpython-310-aarch64-linux-gnu.so
-- Symlinking: /home/ovsj/Code/AutonomousBlueye/install/bboxes_ex_msgs/local/lib/python3.10/dist-packages/bboxes_ex_msgs/bboxes_ex_msgs_s__rosidl_typesupport_introspection_c.cpython-310-aarch64-linux-gnu.so
-- Symlinking: /home/ovsj/Code/AutonomousBlueye/install/bboxes_ex_msgs/local/lib/python3.10/dist-packages/bboxes_ex_msgs/libbboxes_ex_msgs__rosidl_generator_py.so
-- Symlinking: /home/ovsj/Code/AutonomousBlueye/install/bboxes_ex_msgs/local/lib/python3.10/dist-packages/bboxes_ex_msgs/msg/__init__.py
-- Symlinking: /home/ovsj/Code/AutonomousBlueye/install/bboxes_ex_msgs/local/lib/python3.10/dist-packages/bboxes_ex_msgs/msg/_bounding_box.py
-- Symlinking: /home/ovsj/Code/AutonomousBlueye/install/bboxes_ex_msgs/local/lib/python3.10/dist-packages/bboxes_ex_msgs/msg/_bounding_box_s.c
-- Symlinking: /home/ovsj/Code/AutonomousBlueye/install/bboxes_ex_msgs/local/lib/python3.10/dist-packages/bboxes_ex_msgs/msg/_bounding_boxes.py
-- Symlinking: /home/ovsj/Code/AutonomousBlueye/install/bboxes_ex_msgs/local/lib/python3.10/dist-packages/bboxes_ex_msgs/msg/_bounding_boxes_s.c
-- Up-to-date symlink: /home/ovsj/Code/AutonomousBlueye/install/bboxes_ex_msgs/local/lib/python3.10/dist-packages/bboxes_ex_msgs/bboxes_ex_msgs_s__rosidl_typesupport_fastrtps_c.cpython-310-aarch64-linux-gnu.so
-- Up-to-date symlink: /home/ovsj/Code/AutonomousBlueye/install/bboxes_ex_msgs/local/lib/python3.10/dist-packages/bboxes_ex_msgs/bboxes_ex_msgs_s__rosidl_typesupport_introspection_c.cpython-310-aarch64-linux-gnu.so
-- Up-to-date symlink: /home/ovsj/Code/AutonomousBlueye/install/bboxes_ex_msgs/local/lib/python3.10/dist-packages/bboxes_ex_msgs/bboxes_ex_msgs_s__rosidl_typesupport_c.cpython-310-aarch64-linux-gnu.so
-- Symlinking: /home/ovsj/Code/AutonomousBlueye/install/bboxes_ex_msgs/share/bboxes_ex_msgs/msg/BoundingBox.idl
-- Symlinking: /home/ovsj/Code/AutonomousBlueye/install/bboxes_ex_msgs/share/bboxes_ex_msgs/msg/BoundingBoxes.idl
-- Symlinking: /home/ovsj/Code/AutonomousBlueye/install/bboxes_ex_msgs/share/bboxes_ex_msgs/msg/BoundingBox.msg
-- Symlinking: /home/ovsj/Code/AutonomousBlueye/install/bboxes_ex_msgs/share/bboxes_ex_msgs/msg/BoundingBoxes.msg
-- Symlinking: /home/ovsj/Code/AutonomousBlueye/install/bboxes_ex_msgs/share/ament_index/resource_index/package_run_dependencies/bboxes_ex_msgs
-- Symlinking: /home/ovsj/Code/AutonomousBlueye/install/bboxes_ex_msgs/share/ament_index/resource_index/parent_prefix_path/bboxes_ex_msgs
-- Symlinking: /home/ovsj/Code/AutonomousBlueye/install/bboxes_ex_msgs/share/bboxes_ex_msgs/environment/ament_prefix_path.sh
-- Symlinking: /home/ovsj/Code/AutonomousBlueye/install/bboxes_ex_msgs/share/bboxes_ex_msgs/environment/ament_prefix_path.dsv
-- Symlinking: /home/ovsj/Code/AutonomousBlueye/install/bboxes_ex_msgs/share/bboxes_ex_msgs/environment/path.sh
-- Symlinking: /home/ovsj/Code/AutonomousBlueye/install/bboxes_ex_msgs/share/bboxes_ex_msgs/environment/path.dsv
-- Symlinking: /home/ovsj/Code/AutonomousBlueye/install/bboxes_ex_msgs/share/bboxes_ex_msgs/local_setup.bash
-- Symlinking: /home/ovsj/Code/AutonomousBlueye/install/bboxes_ex_msgs/share/bboxes_ex_msgs/local_setup.sh
-- Symlinking: /home/ovsj/Code/AutonomousBlueye/install/bboxes_ex_msgs/share/bboxes_ex_msgs/local_setup.zsh
-- Symlinking: /home/ovsj/Code/AutonomousBlueye/install/bboxes_ex_msgs/share/bboxes_ex_msgs/local_setup.dsv
-- Symlinking: /home/ovsj/Code/AutonomousBlueye/install/bboxes_ex_msgs/share/bboxes_ex_msgs/package.dsv
-- Symlinking: /home/ovsj/Code/AutonomousBlueye/install/bboxes_ex_msgs/share/ament_index/resource_index/packages/bboxes_ex_msgs
-- Symlinking: /home/ovsj/Code/AutonomousBlueye/install/bboxes_ex_msgs/share/bboxes_ex_msgs/cmake/rosidl_cmake-extras.cmake
-- Symlinking: /home/ovsj/Code/AutonomousBlueye/install/bboxes_ex_msgs/share/bboxes_ex_msgs/cmake/ament_cmake_export_dependencies-extras.cmake
-- Symlinking: /home/ovsj/Code/AutonomousBlueye/install/bboxes_ex_msgs/share/bboxes_ex_msgs/cmake/ament_cmake_export_include_directories-extras.cmake
-- Symlinking: /home/ovsj/Code/AutonomousBlueye/install/bboxes_ex_msgs/share/bboxes_ex_msgs/cmake/ament_cmake_export_libraries-extras.cmake
-- Symlinking: /home/ovsj/Code/AutonomousBlueye/install/bboxes_ex_msgs/share/bboxes_ex_msgs/cmake/ament_cmake_export_targets-extras.cmake
-- Symlinking: /home/ovsj/Code/AutonomousBlueye/install/bboxes_ex_msgs/share/bboxes_ex_msgs/cmake/rosidl_cmake_export_typesupport_targets-extras.cmake
-- Symlinking: /home/ovsj/Code/AutonomousBlueye/install/bboxes_ex_msgs/share/bboxes_ex_msgs/cmake/rosidl_cmake_export_typesupport_libraries-extras.cmake
-- Symlinking: /home/ovsj/Code/AutonomousBlueye/install/bboxes_ex_msgs/share/bboxes_ex_msgs/cmake/bboxes_ex_msgsConfig.cmake
-- Symlinking: /home/ovsj/Code/AutonomousBlueye/install/bboxes_ex_msgs/share/bboxes_ex_msgs/cmake/bboxes_ex_msgsConfig-version.cmake
-- Symlinking: /home/ovsj/Code/AutonomousBlueye/install/bboxes_ex_msgs/share/bboxes_ex_msgs/package.xml
-- Installing: /home/ovsj/Code/AutonomousBlueye/install/bboxes_ex_msgs/lib/libbboxes_ex_msgs__rosidl_generator_c.so
-- Set runtime path of "/home/ovsj/Code/AutonomousBlueye/install/bboxes_ex_msgs/lib/libbboxes_ex_msgs__rosidl_generator_c.so" to ""
-- Installing: /home/ovsj/Code/AutonomousBlueye/install/bboxes_ex_msgs/lib/libbboxes_ex_msgs__rosidl_typesupport_fastrtps_c.so
-- Set runtime path of "/home/ovsj/Code/AutonomousBlueye/install/bboxes_ex_msgs/lib/libbboxes_ex_msgs__rosidl_typesupport_fastrtps_c.so" to ""
-- Installing: /home/ovsj/Code/AutonomousBlueye/install/bboxes_ex_msgs/lib/libbboxes_ex_msgs__rosidl_typesupport_fastrtps_cpp.so
-- Set runtime path of "/home/ovsj/Code/AutonomousBlueye/install/bboxes_ex_msgs/lib/libbboxes_ex_msgs__rosidl_typesupport_fastrtps_cpp.so" to ""
-- Installing: /home/ovsj/Code/AutonomousBlueye/install/bboxes_ex_msgs/lib/libbboxes_ex_msgs__rosidl_typesupport_introspection_c.so
-- Set runtime path of "/home/ovsj/Code/AutonomousBlueye/install/bboxes_ex_msgs/lib/libbboxes_ex_msgs__rosidl_typesupport_introspection_c.so" to ""
-- Installing: /home/ovsj/Code/AutonomousBlueye/install/bboxes_ex_msgs/lib/libbboxes_ex_msgs__rosidl_typesupport_c.so
-- Set runtime path of "/home/ovsj/Code/AutonomousBlueye/install/bboxes_ex_msgs/lib/libbboxes_ex_msgs__rosidl_typesupport_c.so" to ""
-- Installing: /home/ovsj/Code/AutonomousBlueye/install/bboxes_ex_msgs/lib/libbboxes_ex_msgs__rosidl_typesupport_introspection_cpp.so
-- Set runtime path of "/home/ovsj/Code/AutonomousBlueye/install/bboxes_ex_msgs/lib/libbboxes_ex_msgs__rosidl_typesupport_introspection_cpp.so" to ""
-- Installing: /home/ovsj/Code/AutonomousBlueye/install/bboxes_ex_msgs/lib/libbboxes_ex_msgs__rosidl_typesupport_cpp.so
-- Set runtime path of "/home/ovsj/Code/AutonomousBlueye/install/bboxes_ex_msgs/lib/libbboxes_ex_msgs__rosidl_typesupport_cpp.so" to ""
Listing '/home/ovsj/Code/AutonomousBlueye/install/bboxes_ex_msgs/local/lib/python3.10/dist-packages/bboxes_ex_msgs'...
Compiling '/home/ovsj/Code/AutonomousBlueye/install/bboxes_ex_msgs/local/lib/python3.10/dist-packages/bboxes_ex_msgs/__init__.py'...
Listing '/home/ovsj/Code/AutonomousBlueye/install/bboxes_ex_msgs/local/lib/python3.10/dist-packages/bboxes_ex_msgs/msg'...
Compiling '/home/ovsj/Code/AutonomousBlueye/install/bboxes_ex_msgs/local/lib/python3.10/dist-packages/bboxes_ex_msgs/msg/__init__.py'...
Compiling '/home/ovsj/Code/AutonomousBlueye/install/bboxes_ex_msgs/local/lib/python3.10/dist-packages/bboxes_ex_msgs/msg/_bounding_box.py'...
Compiling '/home/ovsj/Code/AutonomousBlueye/install/bboxes_ex_msgs/local/lib/python3.10/dist-packages/bboxes_ex_msgs/msg/_bounding_boxes.py'...
-- Installing: /home/ovsj/Code/AutonomousBlueye/install/bboxes_ex_msgs/lib/libbboxes_ex_msgs__rosidl_generator_py.so
-- Set runtime path of "/home/ovsj/Code/AutonomousBlueye/install/bboxes_ex_msgs/lib/libbboxes_ex_msgs__rosidl_generator_py.so" to ""
-- Installing: /home/ovsj/Code/AutonomousBlueye/install/bboxes_ex_msgs/share/bboxes_ex_msgs/cmake/export_bboxes_ex_msgs__rosidl_generator_cExport.cmake
-- Installing: /home/ovsj/Code/AutonomousBlueye/install/bboxes_ex_msgs/share/bboxes_ex_msgs/cmake/export_bboxes_ex_msgs__rosidl_generator_cExport-noconfig.cmake
-- Installing: /home/ovsj/Code/AutonomousBlueye/install/bboxes_ex_msgs/share/bboxes_ex_msgs/cmake/export_bboxes_ex_msgs__rosidl_typesupport_fastrtps_cExport.cmake
-- Installing: /home/ovsj/Code/AutonomousBlueye/install/bboxes_ex_msgs/share/bboxes_ex_msgs/cmake/export_bboxes_ex_msgs__rosidl_typesupport_fastrtps_cExport-noconfig.cmake
-- Installing: /home/ovsj/Code/AutonomousBlueye/install/bboxes_ex_msgs/share/bboxes_ex_msgs/cmake/export_bboxes_ex_msgs__rosidl_generator_cppExport.cmake
-- Installing: /home/ovsj/Code/AutonomousBlueye/install/bboxes_ex_msgs/share/bboxes_ex_msgs/cmake/export_bboxes_ex_msgs__rosidl_typesupport_fastrtps_cppExport.cmake
-- Installing: /home/ovsj/Code/AutonomousBlueye/install/bboxes_ex_msgs/share/bboxes_ex_msgs/cmake/export_bboxes_ex_msgs__rosidl_typesupport_fastrtps_cppExport-noconfig.cmake
-- Installing: /home/ovsj/Code/AutonomousBlueye/install/bboxes_ex_msgs/share/bboxes_ex_msgs/cmake/bboxes_ex_msgs__rosidl_typesupport_introspection_cExport.cmake
-- Installing: /home/ovsj/Code/AutonomousBlueye/install/bboxes_ex_msgs/share/bboxes_ex_msgs/cmake/bboxes_ex_msgs__rosidl_typesupport_introspection_cExport-noconfig.cmake
-- Installing: /home/ovsj/Code/AutonomousBlueye/install/bboxes_ex_msgs/share/bboxes_ex_msgs/cmake/bboxes_ex_msgs__rosidl_typesupport_cExport.cmake
-- Installing: /home/ovsj/Code/AutonomousBlueye/install/bboxes_ex_msgs/share/bboxes_ex_msgs/cmake/bboxes_ex_msgs__rosidl_typesupport_cExport-noconfig.cmake
-- Installing: /home/ovsj/Code/AutonomousBlueye/install/bboxes_ex_msgs/share/bboxes_ex_msgs/cmake/bboxes_ex_msgs__rosidl_typesupport_introspection_cppExport.cmake
-- Installing: /home/ovsj/Code/AutonomousBlueye/install/bboxes_ex_msgs/share/bboxes_ex_msgs/cmake/bboxes_ex_msgs__rosidl_typesupport_introspection_cppExport-noconfig.cmake
-- Installing: /home/ovsj/Code/AutonomousBlueye/install/bboxes_ex_msgs/share/bboxes_ex_msgs/cmake/bboxes_ex_msgs__rosidl_typesupport_cppExport.cmake
-- Installing: /home/ovsj/Code/AutonomousBlueye/install/bboxes_ex_msgs/share/bboxes_ex_msgs/cmake/bboxes_ex_msgs__rosidl_typesupport_cppExport-noconfig.cmake
-- Installing: /home/ovsj/Code/AutonomousBlueye/install/bboxes_ex_msgs/share/bboxes_ex_msgs/cmake/export_bboxes_ex_msgs__rosidl_generator_pyExport.cmake
-- Installing: /home/ovsj/Code/AutonomousBlueye/install/bboxes_ex_msgs/share/bboxes_ex_msgs/cmake/export_bboxes_ex_msgs__rosidl_generator_pyExport-noconfig.cmake
