[2.783s] Invoking command in '/home/ovsj/Code/AutonomousBlueye/src/control': PYTHONPATH=/home/ovsj/Code/AutonomousBlueye/build/control/prefix_override:/usr/lib/python3/dist-packages/colcon_core/task/python/colcon_distutils_commands:/home/ovsj/Code/AutonomousBlueye/install/control/lib/python3.10/site-packages:${PYTHONPATH} VIRTUAL_ENV_PROMPT=(.venv) /usr/bin/python3 -W ignore:setup.py install is deprecated -W ignore:easy_install command is deprecated setup.py egg_info --egg-base ../../build/control build --build-base /home/ovsj/Code/AutonomousBlueye/build/control/build install --record /home/ovsj/Code/AutonomousBlueye/build/control/install.log --single-version-externally-managed install_data
[3.206s] running egg_info
[3.239s] writing ../../build/control/control.egg-info/PKG-INFO
[3.240s] writing dependency_links to ../../build/control/control.egg-info/dependency_links.txt
[3.240s] writing entry points to ../../build/control/control.egg-info/entry_points.txt
[3.240s] writing requirements to ../../build/control/control.egg-info/requires.txt
[3.240s] writing top-level names to ../../build/control/control.egg-info/top_level.txt
[3.284s] reading manifest file '../../build/control/control.egg-info/SOURCES.txt'
[3.286s] writing manifest file '../../build/control/control.egg-info/SOURCES.txt'
[3.289s] running build
[3.290s] running build_py
[3.290s] copying control/__init__.py -> /home/ovsj/Code/AutonomousBlueye/build/control/build/lib/control
[3.291s] copying control/desired_velocity_test.py -> /home/ovsj/Code/AutonomousBlueye/build/control/build/lib/control
[3.292s] copying control/desired_velocity_spiral_surge.py -> /home/ovsj/Code/AutonomousBlueye/build/control/build/lib/control
[3.292s] copying control/desired_velocity.py -> /home/ovsj/Code/AutonomousBlueye/build/control/build/lib/control
[3.293s] copying control/desired_velocity_switch.py -> /home/ovsj/Code/AutonomousBlueye/build/control/build/lib/control
[3.294s] copying control/desired_velocity_compass.py -> /home/ovsj/Code/AutonomousBlueye/build/control/build/lib/control
[3.295s] copying control/control.py -> /home/ovsj/Code/AutonomousBlueye/build/control/build/lib/control
[3.296s] copying control/control_test.py -> /home/ovsj/Code/AutonomousBlueye/build/control/build/lib/control
[3.299s] running install
[3.306s] running install_lib
[3.317s] running install_data
[3.318s] copying resource/control -> /home/ovsj/Code/AutonomousBlueye/install/control/share/ament_index/resource_index/packages
[3.318s] copying package.xml -> /home/ovsj/Code/AutonomousBlueye/install/control/share/control
[3.319s] running install_egg_info
[3.340s] removing '/home/ovsj/Code/AutonomousBlueye/install/control/lib/python3.10/site-packages/control-0.0.0-py3.10.egg-info' (and everything under it)
[3.342s] Copying ../../build/control/control.egg-info to /home/ovsj/Code/AutonomousBlueye/install/control/lib/python3.10/site-packages/control-0.0.0-py3.10.egg-info
[3.343s] running install_scripts
[3.528s] Installing control script to /home/ovsj/Code/AutonomousBlueye/install/control/lib/control
[3.530s] Installing control_test script to /home/ovsj/Code/AutonomousBlueye/install/control/lib/control
[3.532s] Installing desired_velocity script to /home/ovsj/Code/AutonomousBlueye/install/control/lib/control
[3.536s] Installing desired_velocity_compass script to /home/ovsj/Code/AutonomousBlueye/install/control/lib/control
[3.539s] Installing desired_velocity_spiral_surge script to /home/ovsj/Code/AutonomousBlueye/install/control/lib/control
[3.546s] Installing desired_velocity_switch script to /home/ovsj/Code/AutonomousBlueye/install/control/lib/control
[3.548s] Installing desired_velocity_test script to /home/ovsj/Code/AutonomousBlueye/install/control/lib/control
[3.553s] writing list of installed files to '/home/ovsj/Code/AutonomousBlueye/build/control/install.log'
[3.635s] Invoked command in '/home/ovsj/Code/AutonomousBlueye/src/control' returned '0': PYTHONPATH=/home/ovsj/Code/AutonomousBlueye/build/control/prefix_override:/usr/lib/python3/dist-packages/colcon_core/task/python/colcon_distutils_commands:/home/ovsj/Code/AutonomousBlueye/install/control/lib/python3.10/site-packages:${PYTHONPATH} VIRTUAL_ENV_PROMPT=(.venv) /usr/bin/python3 -W ignore:setup.py install is deprecated -W ignore:easy_install command is deprecated setup.py egg_info --egg-base ../../build/control build --build-base /home/ovsj/Code/AutonomousBlueye/build/control/build install --record /home/ovsj/Code/AutonomousBlueye/build/control/install.log --single-version-externally-managed install_data
