running egg_info
writing ../../build/experimental/experimental.egg-info/PKG-INFO
writing dependency_links to ../../build/experimental/experimental.egg-info/dependency_links.txt
writing entry points to ../../build/experimental/experimental.egg-info/entry_points.txt
writing requirements to ../../build/experimental/experimental.egg-info/requires.txt
writing top-level names to ../../build/experimental/experimental.egg-info/top_level.txt
reading manifest file '../../build/experimental/experimental.egg-info/SOURCES.txt'
writing manifest file '../../build/experimental/experimental.egg-info/SOURCES.txt'
running build
running build_py
copying experimental/__init__.py -> /home/ovsj/Code/AutonomousBlueye/build/experimental/build/lib/experimental
copying experimental/Image_test.py -> /home/ovsj/Code/AutonomousBlueye/build/experimental/build/lib/experimental
copying experimental/Video_to_topic.py -> /home/ovsj/Code/AutonomousBlueye/build/experimental/build/lib/experimental
copying experimental/Video_to_topic_no_trackbar.py -> /home/ovsj/Code/AutonomousBlueye/build/experimental/build/lib/experimental
copying experimental/control_test.py -> /home/ovsj/Code/AutonomousBlueye/build/experimental/build/lib/experimental
running install
running install_lib
running install_data
copying resource/experimental -> /home/ovsj/Code/AutonomousBlueye/install/experimental/share/ament_index/resource_index/packages
copying package.xml -> /home/ovsj/Code/AutonomousBlueye/install/experimental/share/experimental
running install_egg_info
removing '/home/ovsj/Code/AutonomousBlueye/install/experimental/lib/python3.10/site-packages/experimental-0.0.0-py3.10.egg-info' (and everything under it)
Copying ../../build/experimental/experimental.egg-info to /home/ovsj/Code/AutonomousBlueye/install/experimental/lib/python3.10/site-packages/experimental-0.0.0-py3.10.egg-info
running install_scripts
Installing Video_to_topic script to /home/ovsj/Code/AutonomousBlueye/install/experimental/lib/experimental
Installing Video_to_topic_no_trackbar script to /home/ovsj/Code/AutonomousBlueye/install/experimental/lib/experimental
Installing control_test script to /home/ovsj/Code/AutonomousBlueye/install/experimental/lib/experimental
writing list of installed files to '/home/ovsj/Code/AutonomousBlueye/build/experimental/install.log'
