running egg_info
writing ../../build/control/control.egg-info/PKG-INFO
writing dependency_links to ../../build/control/control.egg-info/dependency_links.txt
writing entry points to ../../build/control/control.egg-info/entry_points.txt
writing requirements to ../../build/control/control.egg-info/requires.txt
writing top-level names to ../../build/control/control.egg-info/top_level.txt
reading manifest file '../../build/control/control.egg-info/SOURCES.txt'
writing manifest file '../../build/control/control.egg-info/SOURCES.txt'
running build
running build_py
copying control/__init__.py -> /home/ovsj/Code/AutonomousBlueye/build/control/build/lib/control
copying control/desired_velocity_test.py -> /home/ovsj/Code/AutonomousBlueye/build/control/build/lib/control
copying control/desired_velocity_spiral_surge.py -> /home/ovsj/Code/AutonomousBlueye/build/control/build/lib/control
copying control/desired_velocity.py -> /home/ovsj/Code/AutonomousBlueye/build/control/build/lib/control
copying control/desired_velocity_switch.py -> /home/ovsj/Code/AutonomousBlueye/build/control/build/lib/control
copying control/desired_velocity_compass.py -> /home/ovsj/Code/AutonomousBlueye/build/control/build/lib/control
copying control/control.py -> /home/ovsj/Code/AutonomousBlueye/build/control/build/lib/control
copying control/control_test.py -> /home/ovsj/Code/AutonomousBlueye/build/control/build/lib/control
running install
running install_lib
running install_data
copying resource/control -> /home/ovsj/Code/AutonomousBlueye/install/control/share/ament_index/resource_index/packages
copying package.xml -> /home/ovsj/Code/AutonomousBlueye/install/control/share/control
running install_egg_info
removing '/home/ovsj/Code/AutonomousBlueye/install/control/lib/python3.10/site-packages/control-0.0.0-py3.10.egg-info' (and everything under it)
Copying ../../build/control/control.egg-info to /home/ovsj/Code/AutonomousBlueye/install/control/lib/python3.10/site-packages/control-0.0.0-py3.10.egg-info
running install_scripts
Installing control script to /home/ovsj/Code/AutonomousBlueye/install/control/lib/control
Installing control_test script to /home/ovsj/Code/AutonomousBlueye/install/control/lib/control
Installing desired_velocity script to /home/ovsj/Code/AutonomousBlueye/install/control/lib/control
Installing desired_velocity_compass script to /home/ovsj/Code/AutonomousBlueye/install/control/lib/control
Installing desired_velocity_spiral_surge script to /home/ovsj/Code/AutonomousBlueye/install/control/lib/control
Installing desired_velocity_switch script to /home/ovsj/Code/AutonomousBlueye/install/control/lib/control
Installing desired_velocity_test script to /home/ovsj/Code/AutonomousBlueye/install/control/lib/control
writing list of installed files to '/home/ovsj/Code/AutonomousBlueye/build/control/install.log'
