[0.900s] Invoking command in '/home/ovsj/Code/AutonomousBlueye/build/octomap_server2': CMAKE_PREFIX_PATH=/home/ovsj/Code/AutonomousBlueye/install/pcl_msgs:/home/ovsj/Code/AutonomousBlueye/install/octomap_msgs:/home/ovsj/Code/AutonomousBlueye/install/robot_interfaces:/home/ovsj/Code/AutonomousBlueye/install/octomap_server2:/home/ovsj/Code/AutonomousBlueye/install/bboxes_ex_msgs:/home/ovsj/Code/AutonomousBlueye/install/yolov5_ros:/home/ovsj/Code/AutonomousBlueye/install/drone_sensors:/home/ovsj/Code/AutonomousBlueye/install/real_blueye_launch:/home/ovsj/Code/AutonomousBlueye/install/image_prosessing:/home/ovsj/Code/AutonomousBlueye/install/experimental:/home/ovsj/Code/AutonomousBlueye/install/control:/opt/ros/humble LD_LIBRARY_PATH=/home/ovsj/Code/AutonomousBlueye/install/pcl_msgs/lib:/home/ovsj/Code/AutonomousBlueye/install/octomap_msgs/lib:/home/ovsj/Code/AutonomousBlueye/install/robot_interfaces/lib:/home/ovsj/Code/AutonomousBlueye/install/octomap_server2/lib:/home/ovsj/Code/AutonomousBlueye/install/bboxes_ex_msgs/lib:/opt/ros/humble/opt/rviz_ogre_vendor/lib:/opt/ros/humble/lib/aarch64-linux-gnu:/opt/ros/humble/lib VIRTUAL_ENV_PROMPT=(.venv) /usr/bin/cmake --build /home/ovsj/Code/AutonomousBlueye/build/octomap_server2 -- -j6 -l6
[1.070s] [ 33%] Built target octomap_server
[1.126s] [100%] Built target octomap_server2
[1.747s] Invoked command in '/home/ovsj/Code/AutonomousBlueye/build/octomap_server2' returned '0': CMAKE_PREFIX_PATH=/home/ovsj/Code/AutonomousBlueye/install/pcl_msgs:/home/ovsj/Code/AutonomousBlueye/install/octomap_msgs:/home/ovsj/Code/AutonomousBlueye/install/robot_interfaces:/home/ovsj/Code/AutonomousBlueye/install/octomap_server2:/home/ovsj/Code/AutonomousBlueye/install/bboxes_ex_msgs:/home/ovsj/Code/AutonomousBlueye/install/yolov5_ros:/home/ovsj/Code/AutonomousBlueye/install/drone_sensors:/home/ovsj/Code/AutonomousBlueye/install/real_blueye_launch:/home/ovsj/Code/AutonomousBlueye/install/image_prosessing:/home/ovsj/Code/AutonomousBlueye/install/experimental:/home/ovsj/Code/AutonomousBlueye/install/control:/opt/ros/humble LD_LIBRARY_PATH=/home/ovsj/Code/AutonomousBlueye/install/pcl_msgs/lib:/home/ovsj/Code/AutonomousBlueye/install/octomap_msgs/lib:/home/ovsj/Code/AutonomousBlueye/install/robot_interfaces/lib:/home/ovsj/Code/AutonomousBlueye/install/octomap_server2/lib:/home/ovsj/Code/AutonomousBlueye/install/bboxes_ex_msgs/lib:/opt/ros/humble/opt/rviz_ogre_vendor/lib:/opt/ros/humble/lib/aarch64-linux-gnu:/opt/ros/humble/lib VIRTUAL_ENV_PROMPT=(.venv) /usr/bin/cmake --build /home/ovsj/Code/AutonomousBlueye/build/octomap_server2 -- -j6 -l6
[1.749s] Invoking command in '/home/ovsj/Code/AutonomousBlueye/build/octomap_server2': CMAKE_PREFIX_PATH=/home/ovsj/Code/AutonomousBlueye/install/pcl_msgs:/home/ovsj/Code/AutonomousBlueye/install/octomap_msgs:/home/ovsj/Code/AutonomousBlueye/install/robot_interfaces:/home/ovsj/Code/AutonomousBlueye/install/octomap_server2:/home/ovsj/Code/AutonomousBlueye/install/bboxes_ex_msgs:/home/ovsj/Code/AutonomousBlueye/install/yolov5_ros:/home/ovsj/Code/AutonomousBlueye/install/drone_sensors:/home/ovsj/Code/AutonomousBlueye/install/real_blueye_launch:/home/ovsj/Code/AutonomousBlueye/install/image_prosessing:/home/ovsj/Code/AutonomousBlueye/install/experimental:/home/ovsj/Code/AutonomousBlueye/install/control:/opt/ros/humble LD_LIBRARY_PATH=/home/ovsj/Code/AutonomousBlueye/install/pcl_msgs/lib:/home/ovsj/Code/AutonomousBlueye/install/octomap_msgs/lib:/home/ovsj/Code/AutonomousBlueye/install/robot_interfaces/lib:/home/ovsj/Code/AutonomousBlueye/install/octomap_server2/lib:/home/ovsj/Code/AutonomousBlueye/install/bboxes_ex_msgs/lib:/opt/ros/humble/opt/rviz_ogre_vendor/lib:/opt/ros/humble/lib/aarch64-linux-gnu:/opt/ros/humble/lib VIRTUAL_ENV_PROMPT=(.venv) /usr/bin/cmake --install /home/ovsj/Code/AutonomousBlueye/build/octomap_server2
[1.797s] -- Install configuration: ""
[1.797s] -- Execute custom install script
[1.797s] -- Up-to-date symlink: /home/ovsj/Code/AutonomousBlueye/install/octomap_server2/lib/octomap_server2/octomap_server
[1.797s] -- Up-to-date symlink: /home/ovsj/Code/AutonomousBlueye/install/octomap_server2/lib/liboctomap_server2.so
[1.810s] -- Up-to-date symlink: /home/ovsj/Code/AutonomousBlueye/install/octomap_server2/share/octomap_server2//launch/octomap_server_launch.py
[1.810s] -- Up-to-date symlink: /home/ovsj/Code/AutonomousBlueye/install/octomap_server2/share/ament_index/resource_index/package_run_dependencies/octomap_server2
[1.812s] -- Up-to-date symlink: /home/ovsj/Code/AutonomousBlueye/install/octomap_server2/share/ament_index/resource_index/parent_prefix_path/octomap_server2
[1.812s] -- Up-to-date symlink: /home/ovsj/Code/AutonomousBlueye/install/octomap_server2/share/octomap_server2/environment/ament_prefix_path.sh
[1.812s] -- Up-to-date symlink: /home/ovsj/Code/AutonomousBlueye/install/octomap_server2/share/octomap_server2/environment/ament_prefix_path.dsv
[1.813s] -- Up-to-date symlink: /home/ovsj/Code/AutonomousBlueye/install/octomap_server2/share/octomap_server2/environment/path.sh
[1.813s] -- Up-to-date symlink: /home/ovsj/Code/AutonomousBlueye/install/octomap_server2/share/octomap_server2/environment/path.dsv
[1.813s] -- Up-to-date symlink: /home/ovsj/Code/AutonomousBlueye/install/octomap_server2/share/octomap_server2/local_setup.bash
[1.816s] -- Up-to-date symlink: /home/ovsj/Code/AutonomousBlueye/install/octomap_server2/share/octomap_server2/local_setup.sh
[1.820s] -- Up-to-date symlink: /home/ovsj/Code/AutonomousBlueye/install/octomap_server2/share/octomap_server2/local_setup.zsh
[1.821s] -- Up-to-date symlink: /home/ovsj/Code/AutonomousBlueye/install/octomap_server2/share/octomap_server2/local_setup.dsv
[1.821s] -- Symlinking: /home/ovsj/Code/AutonomousBlueye/install/octomap_server2/share/octomap_server2/package.dsv
[1.848s] -- Up-to-date symlink: /home/ovsj/Code/AutonomousBlueye/install/octomap_server2/share/ament_index/resource_index/packages/octomap_server2
[1.862s] -- Up-to-date symlink: /home/ovsj/Code/AutonomousBlueye/install/octomap_server2/share/ament_index/resource_index/rclcpp_components/octomap_server2
[1.862s] -- Up-to-date symlink: /home/ovsj/Code/AutonomousBlueye/install/octomap_server2/share/octomap_server2/cmake/octomap_server2Config.cmake
[1.862s] -- Up-to-date symlink: /home/ovsj/Code/AutonomousBlueye/install/octomap_server2/share/octomap_server2/cmake/octomap_server2Config-version.cmake
[1.862s] -- Up-to-date symlink: /home/ovsj/Code/AutonomousBlueye/install/octomap_server2/share/octomap_server2/package.xml
[1.862s] Invoked command in '/home/ovsj/Code/AutonomousBlueye/build/octomap_server2' returned '0': CMAKE_PREFIX_PATH=/home/ovsj/Code/AutonomousBlueye/install/pcl_msgs:/home/ovsj/Code/AutonomousBlueye/install/octomap_msgs:/home/ovsj/Code/AutonomousBlueye/install/robot_interfaces:/home/ovsj/Code/AutonomousBlueye/install/octomap_server2:/home/ovsj/Code/AutonomousBlueye/install/bboxes_ex_msgs:/home/ovsj/Code/AutonomousBlueye/install/yolov5_ros:/home/ovsj/Code/AutonomousBlueye/install/drone_sensors:/home/ovsj/Code/AutonomousBlueye/install/real_blueye_launch:/home/ovsj/Code/AutonomousBlueye/install/image_prosessing:/home/ovsj/Code/AutonomousBlueye/install/experimental:/home/ovsj/Code/AutonomousBlueye/install/control:/opt/ros/humble LD_LIBRARY_PATH=/home/ovsj/Code/AutonomousBlueye/install/pcl_msgs/lib:/home/ovsj/Code/AutonomousBlueye/install/octomap_msgs/lib:/home/ovsj/Code/AutonomousBlueye/install/robot_interfaces/lib:/home/ovsj/Code/AutonomousBlueye/install/octomap_server2/lib:/home/ovsj/Code/AutonomousBlueye/install/bboxes_ex_msgs/lib:/opt/ros/humble/opt/rviz_ogre_vendor/lib:/opt/ros/humble/lib/aarch64-linux-gnu:/opt/ros/humble/lib VIRTUAL_ENV_PROMPT=(.venv) /usr/bin/cmake --install /home/ovsj/Code/AutonomousBlueye/build/octomap_server2
