[1.742s] Invoking command in '/home/ovsj/Code/AutonomousBlueye/build/experimental': PYTHONPATH=/home/ovsj/Code/AutonomousBlueye/build/experimental/prefix_override:/usr/lib/python3/dist-packages/colcon_core/task/python/colcon_distutils_commands:/home/ovsj/Code/AutonomousBlueye/install/experimental/lib/python3.10/site-packages:${PYTHONPATH} VIRTUAL_ENV_PROMPT=(.venv) /usr/bin/python3 -W ignore:setup.py install is deprecated -W ignore:easy_install command is deprecated setup.py develop --editable --build-directory /home/ovsj/Code/AutonomousBlueye/build/experimental/build --no-deps symlink_data
[3.115s] running develop
[3.115s] running egg_info
[3.115s] creating experimental.egg-info
[3.115s] writing experimental.egg-info/PKG-INFO
[3.115s] writing dependency_links to experimental.egg-info/dependency_links.txt
[3.115s] writing entry points to experimental.egg-info/entry_points.txt
[3.115s] writing requirements to experimental.egg-info/requires.txt
[3.115s] writing top-level names to experimental.egg-info/top_level.txt
[3.116s] writing manifest file 'experimental.egg-info/SOURCES.txt'
[3.154s] reading manifest file 'experimental.egg-info/SOURCES.txt'
[3.154s] writing manifest file 'experimental.egg-info/SOURCES.txt'
[3.199s] running build_ext
[3.199s] Creating /home/ovsj/Code/AutonomousBlueye/install/experimental/lib/python3.10/site-packages/experimental.egg-link (link to .)
[3.202s] Installing Video_to_topic script to /home/ovsj/Code/AutonomousBlueye/install/experimental/lib/experimental
[3.204s] Installing Video_to_topic_no_trackbar script to /home/ovsj/Code/AutonomousBlueye/install/experimental/lib/experimental
[3.205s] Installing control_test script to /home/ovsj/Code/AutonomousBlueye/install/experimental/lib/experimental
[3.206s] 
[3.206s] Installed /home/ovsj/Code/AutonomousBlueye/build/experimental
[3.206s] running symlink_data
[3.206s] creating /home/ovsj/Code/AutonomousBlueye/install/experimental/share/ament_index/resource_index/packages
[3.206s] symbolically linking /home/ovsj/Code/AutonomousBlueye/build/experimental/resource/experimental -> /home/ovsj/Code/AutonomousBlueye/install/experimental/share/ament_index/resource_index/packages
[3.206s] symbolically linking /home/ovsj/Code/AutonomousBlueye/build/experimental/package.xml -> /home/ovsj/Code/AutonomousBlueye/install/experimental/share/experimental
