[2.176s] Invoking command in '/home/ovsj/Code/AutonomousBlueye/src/drone_sensors': PYTHONPATH=/home/ovsj/Code/AutonomousBlueye/build/drone_sensors/prefix_override:/usr/lib/python3/dist-packages/colcon_core/task/python/colcon_distutils_commands:/home/ovsj/Code/AutonomousBlueye/install/drone_sensors/lib/python3.10/site-packages:${PYTHONPATH} VIRTUAL_ENV_PROMPT=(.venv) /usr/bin/python3 -W ignore:setup.py install is deprecated -W ignore:easy_install command is deprecated setup.py egg_info --egg-base ../../build/drone_sensors build --build-base /home/ovsj/Code/AutonomousBlueye/build/drone_sensors/build install --record /home/ovsj/Code/AutonomousBlueye/build/drone_sensors/install.log --single-version-externally-managed install_data
[3.019s] running egg_info
[3.053s] writing ../../build/drone_sensors/drone_sensors.egg-info/PKG-INFO
[3.069s] writing dependency_links to ../../build/drone_sensors/drone_sensors.egg-info/dependency_links.txt
[3.070s] writing entry points to ../../build/drone_sensors/drone_sensors.egg-info/entry_points.txt
[3.071s] writing requirements to ../../build/drone_sensors/drone_sensors.egg-info/requires.txt
[3.071s] writing top-level names to ../../build/drone_sensors/drone_sensors.egg-info/top_level.txt
[3.126s] reading manifest file '../../build/drone_sensors/drone_sensors.egg-info/SOURCES.txt'
[3.131s] writing manifest file '../../build/drone_sensors/drone_sensors.egg-info/SOURCES.txt'
[3.136s] running build
[3.136s] running build_py
[3.137s] copying drone_sensors/BluEye_Pose.py -> /home/ovsj/Code/AutonomousBlueye/build/drone_sensors/build/lib/drone_sensors
[3.139s] copying drone_sensors/__init__.py -> /home/ovsj/Code/AutonomousBlueye/build/drone_sensors/build/lib/drone_sensors
[3.139s] copying drone_sensors/IMU_to_ros2.py -> /home/ovsj/Code/AutonomousBlueye/build/drone_sensors/build/lib/drone_sensors
[3.147s] copying drone_sensors/Video_to_ros2.py -> /home/ovsj/Code/AutonomousBlueye/build/drone_sensors/build/lib/drone_sensors
[3.147s] copying drone_sensors/chain_pos_controller.py -> /home/ovsj/Code/AutonomousBlueye/build/drone_sensors/build/lib/drone_sensors
[3.149s] copying drone_sensors/laptop_camera.py -> /home/ovsj/Code/AutonomousBlueye/build/drone_sensors/build/lib/drone_sensors
[3.150s] copying drone_sensors/BluEye_Force.py -> /home/ovsj/Code/AutonomousBlueye/build/drone_sensors/build/lib/drone_sensors
[3.151s] running install
[3.161s] running install_lib
[3.200s] running install_data
[3.201s] copying resource/drone_sensors -> /home/ovsj/Code/AutonomousBlueye/install/drone_sensors/share/ament_index/resource_index/packages
[3.201s] copying package.xml -> /home/ovsj/Code/AutonomousBlueye/install/drone_sensors/share/drone_sensors
[3.201s] running install_egg_info
[3.212s] removing '/home/ovsj/Code/AutonomousBlueye/install/drone_sensors/lib/python3.10/site-packages/drone_sensors-0.0.0-py3.10.egg-info' (and everything under it)
[3.212s] Copying ../../build/drone_sensors/drone_sensors.egg-info to /home/ovsj/Code/AutonomousBlueye/install/drone_sensors/lib/python3.10/site-packages/drone_sensors-0.0.0-py3.10.egg-info
[3.213s] running install_scripts
[3.534s] Installing BluEye_Force script to /home/ovsj/Code/AutonomousBlueye/install/drone_sensors/lib/drone_sensors
[3.534s] Installing BluEye_Pose script to /home/ovsj/Code/AutonomousBlueye/install/drone_sensors/lib/drone_sensors
[3.536s] Installing IMU_to_ros2 script to /home/ovsj/Code/AutonomousBlueye/install/drone_sensors/lib/drone_sensors
[3.536s] Installing Video_to_ros2 script to /home/ovsj/Code/AutonomousBlueye/install/drone_sensors/lib/drone_sensors
[3.537s] Installing blueye_image_simple script to /home/ovsj/Code/AutonomousBlueye/install/drone_sensors/lib/drone_sensors
[3.543s] Installing laptop_camera script to /home/ovsj/Code/AutonomousBlueye/install/drone_sensors/lib/drone_sensors
[3.546s] writing list of installed files to '/home/ovsj/Code/AutonomousBlueye/build/drone_sensors/install.log'
[3.607s] Invoked command in '/home/ovsj/Code/AutonomousBlueye/src/drone_sensors' returned '0': PYTHONPATH=/home/ovsj/Code/AutonomousBlueye/build/drone_sensors/prefix_override:/usr/lib/python3/dist-packages/colcon_core/task/python/colcon_distutils_commands:/home/ovsj/Code/AutonomousBlueye/install/drone_sensors/lib/python3.10/site-packages:${PYTHONPATH} VIRTUAL_ENV_PROMPT=(.venv) /usr/bin/python3 -W ignore:setup.py install is deprecated -W ignore:easy_install command is deprecated setup.py egg_info --egg-base ../../build/drone_sensors build --build-base /home/ovsj/Code/AutonomousBlueye/build/drone_sensors/build install --record /home/ovsj/Code/AutonomousBlueye/build/drone_sensors/install.log --single-version-externally-managed install_data
