[2.240s] Invoking command in '/home/ovsj/Code/AutonomousBlueye/src/control': PYTHONPATH=/home/ovsj/Code/AutonomousBlueye/build/control/prefix_override:/usr/lib/python3/dist-packages/colcon_core/task/python/colcon_distutils_commands:/home/ovsj/Code/AutonomousBlueye/install/control/lib/python3.10/site-packages:${PYTHONPATH} VIRTUAL_ENV_PROMPT=(.venv) /usr/bin/python3 -W ignore:setup.py install is deprecated -W ignore:easy_install command is deprecated setup.py egg_info --egg-base ../../build/control build --build-base /home/ovsj/Code/AutonomousBlueye/build/control/build install --record /home/ovsj/Code/AutonomousBlueye/build/control/install.log --single-version-externally-managed install_data
[2.716s] running egg_info
[2.745s] writing ../../build/control/control.egg-info/PKG-INFO
[2.745s] writing dependency_links to ../../build/control/control.egg-info/dependency_links.txt
[2.745s] writing entry points to ../../build/control/control.egg-info/entry_points.txt
[2.746s] writing requirements to ../../build/control/control.egg-info/requires.txt
[2.746s] writing top-level names to ../../build/control/control.egg-info/top_level.txt
[2.826s] reading manifest file '../../build/control/control.egg-info/SOURCES.txt'
[2.831s] writing manifest file '../../build/control/control.egg-info/SOURCES.txt'
[2.831s] running build
[2.831s] running build_py
[2.831s] copying control/__init__.py -> /home/ovsj/Code/AutonomousBlueye/build/control/build/lib/control
[2.831s] copying control/desired_velocity_test.py -> /home/ovsj/Code/AutonomousBlueye/build/control/build/lib/control
[2.833s] copying control/desired_velocity_spiral_surge.py -> /home/ovsj/Code/AutonomousBlueye/build/control/build/lib/control
[2.833s] copying control/desired_velocity.py -> /home/ovsj/Code/AutonomousBlueye/build/control/build/lib/control
[2.834s] copying control/desired_velocity_switch.py -> /home/ovsj/Code/AutonomousBlueye/build/control/build/lib/control
[2.834s] copying control/desired_velocity_compass.py -> /home/ovsj/Code/AutonomousBlueye/build/control/build/lib/control
[2.834s] copying control/control.py -> /home/ovsj/Code/AutonomousBlueye/build/control/build/lib/control
[2.834s] copying control/control_test.py -> /home/ovsj/Code/AutonomousBlueye/build/control/build/lib/control
[2.835s] running install
[2.840s] running install_lib
[2.895s] running install_data
[2.896s] copying resource/control -> /home/ovsj/Code/AutonomousBlueye/install/control/share/ament_index/resource_index/packages
[2.899s] copying package.xml -> /home/ovsj/Code/AutonomousBlueye/install/control/share/control
[2.900s] running install_egg_info
[2.935s] removing '/home/ovsj/Code/AutonomousBlueye/install/control/lib/python3.10/site-packages/control-0.0.0-py3.10.egg-info' (and everything under it)
[2.935s] Copying ../../build/control/control.egg-info to /home/ovsj/Code/AutonomousBlueye/install/control/lib/python3.10/site-packages/control-0.0.0-py3.10.egg-info
[2.935s] running install_scripts
[3.047s] Installing control script to /home/ovsj/Code/AutonomousBlueye/install/control/lib/control
[3.047s] Installing control_test script to /home/ovsj/Code/AutonomousBlueye/install/control/lib/control
[3.047s] Installing desired_velocity script to /home/ovsj/Code/AutonomousBlueye/install/control/lib/control
[3.047s] Installing desired_velocity_compass script to /home/ovsj/Code/AutonomousBlueye/install/control/lib/control
[3.048s] Installing desired_velocity_spiral_surge script to /home/ovsj/Code/AutonomousBlueye/install/control/lib/control
[3.048s] Installing desired_velocity_switch script to /home/ovsj/Code/AutonomousBlueye/install/control/lib/control
[3.049s] Installing desired_velocity_test script to /home/ovsj/Code/AutonomousBlueye/install/control/lib/control
[3.049s] writing list of installed files to '/home/ovsj/Code/AutonomousBlueye/build/control/install.log'
[3.197s] Invoked command in '/home/ovsj/Code/AutonomousBlueye/src/control' returned '0': PYTHONPATH=/home/ovsj/Code/AutonomousBlueye/build/control/prefix_override:/usr/lib/python3/dist-packages/colcon_core/task/python/colcon_distutils_commands:/home/ovsj/Code/AutonomousBlueye/install/control/lib/python3.10/site-packages:${PYTHONPATH} VIRTUAL_ENV_PROMPT=(.venv) /usr/bin/python3 -W ignore:setup.py install is deprecated -W ignore:easy_install command is deprecated setup.py egg_info --egg-base ../../build/control build --build-base /home/ovsj/Code/AutonomousBlueye/build/control/build install --record /home/ovsj/Code/AutonomousBlueye/build/control/install.log --single-version-externally-managed install_data
