[1.893s] Invoking command in '/home/ovsj/Code/AutonomousBlueye/src/experimental': PYTHONPATH=/home/ovsj/Code/AutonomousBlueye/build/experimental/prefix_override:/usr/lib/python3/dist-packages/colcon_core/task/python/colcon_distutils_commands:/home/ovsj/Code/AutonomousBlueye/install/experimental/lib/python3.10/site-packages:${PYTHONPATH} VIRTUAL_ENV_PROMPT=(.venv) /usr/bin/python3 -W ignore:setup.py install is deprecated -W ignore:easy_install command is deprecated setup.py egg_info --egg-base ../../build/experimental build --build-base /home/ovsj/Code/AutonomousBlueye/build/experimental/build install --record /home/ovsj/Code/AutonomousBlueye/build/experimental/install.log --single-version-externally-managed install_data
[2.165s] running egg_info
[2.176s] writing ../../build/experimental/experimental.egg-info/PKG-INFO
[2.176s] writing dependency_links to ../../build/experimental/experimental.egg-info/dependency_links.txt
[2.177s] writing entry points to ../../build/experimental/experimental.egg-info/entry_points.txt
[2.177s] writing requirements to ../../build/experimental/experimental.egg-info/requires.txt
[2.177s] writing top-level names to ../../build/experimental/experimental.egg-info/top_level.txt
[2.209s] reading manifest file '../../build/experimental/experimental.egg-info/SOURCES.txt'
[2.212s] writing manifest file '../../build/experimental/experimental.egg-info/SOURCES.txt'
[2.212s] running build
[2.213s] running build_py
[2.216s] copying experimental/__init__.py -> /home/ovsj/Code/AutonomousBlueye/build/experimental/build/lib/experimental
[2.217s] copying experimental/Image_test.py -> /home/ovsj/Code/AutonomousBlueye/build/experimental/build/lib/experimental
[2.217s] copying experimental/Video_to_topic.py -> /home/ovsj/Code/AutonomousBlueye/build/experimental/build/lib/experimental
[2.217s] copying experimental/Video_to_topic_no_trackbar.py -> /home/ovsj/Code/AutonomousBlueye/build/experimental/build/lib/experimental
[2.218s] copying experimental/control_test.py -> /home/ovsj/Code/AutonomousBlueye/build/experimental/build/lib/experimental
[2.219s] running install
[2.225s] running install_lib
[2.242s] running install_data
[2.243s] copying resource/experimental -> /home/ovsj/Code/AutonomousBlueye/install/experimental/share/ament_index/resource_index/packages
[2.244s] copying package.xml -> /home/ovsj/Code/AutonomousBlueye/install/experimental/share/experimental
[2.244s] running install_egg_info
[2.264s] removing '/home/ovsj/Code/AutonomousBlueye/install/experimental/lib/python3.10/site-packages/experimental-0.0.0-py3.10.egg-info' (and everything under it)
[2.276s] Copying ../../build/experimental/experimental.egg-info to /home/ovsj/Code/AutonomousBlueye/install/experimental/lib/python3.10/site-packages/experimental-0.0.0-py3.10.egg-info
[2.278s] running install_scripts
[2.417s] Installing Video_to_topic script to /home/ovsj/Code/AutonomousBlueye/install/experimental/lib/experimental
[2.418s] Installing Video_to_topic_no_trackbar script to /home/ovsj/Code/AutonomousBlueye/install/experimental/lib/experimental
[2.419s] Installing control_test script to /home/ovsj/Code/AutonomousBlueye/install/experimental/lib/experimental
[2.422s] writing list of installed files to '/home/ovsj/Code/AutonomousBlueye/build/experimental/install.log'
[2.836s] Invoked command in '/home/ovsj/Code/AutonomousBlueye/src/experimental' returned '0': PYTHONPATH=/home/ovsj/Code/AutonomousBlueye/build/experimental/prefix_override:/usr/lib/python3/dist-packages/colcon_core/task/python/colcon_distutils_commands:/home/ovsj/Code/AutonomousBlueye/install/experimental/lib/python3.10/site-packages:${PYTHONPATH} VIRTUAL_ENV_PROMPT=(.venv) /usr/bin/python3 -W ignore:setup.py install is deprecated -W ignore:easy_install command is deprecated setup.py egg_info --egg-base ../../build/experimental build --build-base /home/ovsj/Code/AutonomousBlueye/build/experimental/build install --record /home/ovsj/Code/AutonomousBlueye/build/experimental/install.log --single-version-externally-managed install_data
