[  1%] [34m[1mGenerating C code for ROS interfaces[0m
[  3%] [34m[1mGenerating C++ code for ROS interfaces[0m
[  3%] Built target ament_cmake_python_symlink_pcl_msgs
running egg_info
creating pcl_msgs.egg-info
writing pcl_msgs.egg-info/PKG-INFO
writing dependency_links to pcl_msgs.egg-info/dependency_links.txt
writing top-level names to pcl_msgs.egg-info/top_level.txt
writing manifest file 'pcl_msgs.egg-info/SOURCES.txt'
reading manifest file 'pcl_msgs.egg-info/SOURCES.txt'
writing manifest file 'pcl_msgs.egg-info/SOURCES.txt'
[  3%] Built target ament_cmake_python_build_pcl_msgs_egg
[  3%] Built target pcl_msgs__cpp
[  4%] [34m[1mGenerating C++ introspection for ROS interfaces[0m
[  6%] [34m[1mGenerating C++ type support for eProsima Fast-RTPS[0m
[  7%] [34m[1mGenerating C++ type support dispatch for ROS interfaces[0m
[  9%] [32mBuilding C object CMakeFiles/pcl_msgs__rosidl_generator_c.dir/rosidl_generator_c/pcl_msgs/msg/detail/model_coefficients__functions.c.o[0m
[ 11%] [32mBuilding C object CMakeFiles/pcl_msgs__rosidl_generator_c.dir/rosidl_generator_c/pcl_msgs/msg/detail/polygon_mesh__functions.c.o[0m
[ 12%] [32mBuilding C object CMakeFiles/pcl_msgs__rosidl_generator_c.dir/rosidl_generator_c/pcl_msgs/msg/detail/point_indices__functions.c.o[0m
[ 14%] [32mBuilding C object CMakeFiles/pcl_msgs__rosidl_generator_c.dir/rosidl_generator_c/pcl_msgs/msg/detail/vertices__functions.c.o[0m
[ 15%] [32mBuilding C object CMakeFiles/pcl_msgs__rosidl_generator_c.dir/rosidl_generator_c/pcl_msgs/srv/detail/update_filename__functions.c.o[0m
[ 17%] [32m[1mLinking C shared library libpcl_msgs__rosidl_generator_c.so[0m
[ 17%] Built target pcl_msgs__rosidl_generator_c
[ 19%] [34m[1mGenerating C introspection for ROS interfaces[0m
[ 20%] [34m[1mGenerating C type support for eProsima Fast-RTPS[0m
[ 22%] [34m[1mGenerating C type support dispatch for ROS interfaces[0m
[ 23%] [32mBuilding CXX object CMakeFiles/pcl_msgs__rosidl_typesupport_cpp.dir/rosidl_typesupport_cpp/pcl_msgs/msg/model_coefficients__type_support.cpp.o[0m
[ 25%] [32mBuilding CXX object CMakeFiles/pcl_msgs__rosidl_typesupport_fastrtps_cpp.dir/rosidl_typesupport_fastrtps_cpp/pcl_msgs/msg/detail/dds_fastrtps/model_coefficients__type_support.cpp.o[0m
[ 26%] [32mBuilding CXX object CMakeFiles/pcl_msgs__rosidl_typesupport_introspection_cpp.dir/rosidl_typesupport_introspection_cpp/pcl_msgs/msg/detail/model_coefficients__type_support.cpp.o[0m
[ 28%] [32mBuilding CXX object CMakeFiles/pcl_msgs__rosidl_typesupport_cpp.dir/rosidl_typesupport_cpp/pcl_msgs/msg/point_indices__type_support.cpp.o[0m
[ 30%] [32mBuilding CXX object CMakeFiles/pcl_msgs__rosidl_typesupport_c.dir/rosidl_typesupport_c/pcl_msgs/msg/model_coefficients__type_support.cpp.o[0m
[ 31%] [32mBuilding CXX object CMakeFiles/pcl_msgs__rosidl_typesupport_fastrtps_c.dir/rosidl_typesupport_fastrtps_c/pcl_msgs/msg/detail/model_coefficients__type_support_c.cpp.o[0m
[ 33%] [32mBuilding CXX object CMakeFiles/pcl_msgs__rosidl_typesupport_c.dir/rosidl_typesupport_c/pcl_msgs/msg/point_indices__type_support.cpp.o[0m
[ 34%] [32mBuilding C object CMakeFiles/pcl_msgs__rosidl_typesupport_introspection_c.dir/rosidl_typesupport_introspection_c/pcl_msgs/msg/detail/model_coefficients__type_support.c.o[0m
[ 36%] [32mBuilding CXX object CMakeFiles/pcl_msgs__rosidl_typesupport_c.dir/rosidl_typesupport_c/pcl_msgs/msg/polygon_mesh__type_support.cpp.o[0m
[ 38%] [32mBuilding C object CMakeFiles/pcl_msgs__rosidl_typesupport_introspection_c.dir/rosidl_typesupport_introspection_c/pcl_msgs/msg/detail/point_indices__type_support.c.o[0m
[ 39%] [32mBuilding CXX object CMakeFiles/pcl_msgs__rosidl_typesupport_introspection_cpp.dir/rosidl_typesupport_introspection_cpp/pcl_msgs/msg/detail/point_indices__type_support.cpp.o[0m
[ 41%] [32mBuilding CXX object CMakeFiles/pcl_msgs__rosidl_typesupport_cpp.dir/rosidl_typesupport_cpp/pcl_msgs/msg/polygon_mesh__type_support.cpp.o[0m
[ 42%] [32mBuilding CXX object CMakeFiles/pcl_msgs__rosidl_typesupport_c.dir/rosidl_typesupport_c/pcl_msgs/msg/vertices__type_support.cpp.o[0m
[ 44%] [32mBuilding C object CMakeFiles/pcl_msgs__rosidl_typesupport_introspection_c.dir/rosidl_typesupport_introspection_c/pcl_msgs/msg/detail/polygon_mesh__type_support.c.o[0m
[ 46%] [32mBuilding CXX object CMakeFiles/pcl_msgs__rosidl_typesupport_c.dir/rosidl_typesupport_c/pcl_msgs/srv/update_filename__type_support.cpp.o[0m
[ 47%] [32mBuilding CXX object CMakeFiles/pcl_msgs__rosidl_typesupport_fastrtps_cpp.dir/rosidl_typesupport_fastrtps_cpp/pcl_msgs/msg/detail/dds_fastrtps/point_indices__type_support.cpp.o[0m
[ 49%] [32m[1mLinking CXX shared library libpcl_msgs__rosidl_typesupport_c.so[0m
[ 50%] [32mBuilding C object CMakeFiles/pcl_msgs__rosidl_typesupport_introspection_c.dir/rosidl_typesupport_introspection_c/pcl_msgs/msg/detail/vertices__type_support.c.o[0m
[ 52%] [32mBuilding C object CMakeFiles/pcl_msgs__rosidl_typesupport_introspection_c.dir/rosidl_typesupport_introspection_c/pcl_msgs/srv/detail/update_filename__type_support.c.o[0m
[ 52%] Built target pcl_msgs__rosidl_typesupport_c
[ 53%] [32mBuilding CXX object CMakeFiles/pcl_msgs__rosidl_typesupport_fastrtps_cpp.dir/rosidl_typesupport_fastrtps_cpp/pcl_msgs/msg/detail/dds_fastrtps/polygon_mesh__type_support.cpp.o[0m
[ 55%] [32m[1mLinking C shared library libpcl_msgs__rosidl_typesupport_introspection_c.so[0m
[ 57%] [32mBuilding CXX object CMakeFiles/pcl_msgs__rosidl_typesupport_fastrtps_c.dir/rosidl_typesupport_fastrtps_c/pcl_msgs/msg/detail/point_indices__type_support_c.cpp.o[0m
[ 58%] [32mBuilding CXX object CMakeFiles/pcl_msgs__rosidl_typesupport_cpp.dir/rosidl_typesupport_cpp/pcl_msgs/msg/vertices__type_support.cpp.o[0m
[ 58%] Built target pcl_msgs__rosidl_typesupport_introspection_c
[ 60%] [32mBuilding CXX object CMakeFiles/pcl_msgs__rosidl_typesupport_cpp.dir/rosidl_typesupport_cpp/pcl_msgs/srv/update_filename__type_support.cpp.o[0m
[ 61%] [32mBuilding CXX object CMakeFiles/pcl_msgs__rosidl_typesupport_introspection_cpp.dir/rosidl_typesupport_introspection_cpp/pcl_msgs/msg/detail/polygon_mesh__type_support.cpp.o[0m
[ 63%] [32mBuilding CXX object CMakeFiles/pcl_msgs__rosidl_typesupport_introspection_cpp.dir/rosidl_typesupport_introspection_cpp/pcl_msgs/msg/detail/vertices__type_support.cpp.o[0m
[ 65%] [32m[1mLinking CXX shared library libpcl_msgs__rosidl_typesupport_cpp.so[0m
[ 66%] [32mBuilding CXX object CMakeFiles/pcl_msgs__rosidl_typesupport_fastrtps_c.dir/rosidl_typesupport_fastrtps_c/pcl_msgs/msg/detail/polygon_mesh__type_support_c.cpp.o[0m
[ 68%] [32mBuilding CXX object CMakeFiles/pcl_msgs__rosidl_typesupport_fastrtps_cpp.dir/rosidl_typesupport_fastrtps_cpp/pcl_msgs/msg/detail/dds_fastrtps/vertices__type_support.cpp.o[0m
[ 69%] [32mBuilding CXX object CMakeFiles/pcl_msgs__rosidl_typesupport_fastrtps_cpp.dir/rosidl_typesupport_fastrtps_cpp/pcl_msgs/srv/detail/dds_fastrtps/update_filename__type_support.cpp.o[0m
[ 69%] Built target pcl_msgs__rosidl_typesupport_cpp
[ 71%] [32mBuilding CXX object CMakeFiles/pcl_msgs__rosidl_typesupport_fastrtps_c.dir/rosidl_typesupport_fastrtps_c/pcl_msgs/msg/detail/vertices__type_support_c.cpp.o[0m
[ 73%] [32mBuilding CXX object CMakeFiles/pcl_msgs__rosidl_typesupport_introspection_cpp.dir/rosidl_typesupport_introspection_cpp/pcl_msgs/srv/detail/update_filename__type_support.cpp.o[0m
[ 74%] [32mBuilding CXX object CMakeFiles/pcl_msgs__rosidl_typesupport_fastrtps_c.dir/rosidl_typesupport_fastrtps_c/pcl_msgs/srv/detail/update_filename__type_support_c.cpp.o[0m
[ 76%] [32m[1mLinking CXX shared library libpcl_msgs__rosidl_typesupport_fastrtps_cpp.so[0m
[ 77%] [32m[1mLinking CXX shared library libpcl_msgs__rosidl_typesupport_fastrtps_c.so[0m
[ 79%] [32m[1mLinking CXX shared library libpcl_msgs__rosidl_typesupport_introspection_cpp.so[0m
[ 79%] Built target pcl_msgs__rosidl_typesupport_fastrtps_cpp
[ 79%] Built target pcl_msgs__rosidl_typesupport_introspection_cpp
[ 79%] Built target pcl_msgs__rosidl_typesupport_fastrtps_c
[ 79%] Built target pcl_msgs
[ 80%] [34m[1mGenerating Python code for ROS interfaces[0m
[ 80%] Built target pcl_msgs__py
[ 82%] [32mBuilding C object CMakeFiles/pcl_msgs__rosidl_generator_py.dir/rosidl_generator_py/pcl_msgs/msg/_model_coefficients_s.c.o[0m
[ 84%] [32mBuilding C object CMakeFiles/pcl_msgs__rosidl_generator_py.dir/rosidl_generator_py/pcl_msgs/msg/_point_indices_s.c.o[0m
[ 85%] [32mBuilding C object CMakeFiles/pcl_msgs__rosidl_generator_py.dir/rosidl_generator_py/pcl_msgs/srv/_update_filename_s.c.o[0m
[ 87%] [32mBuilding C object CMakeFiles/pcl_msgs__rosidl_generator_py.dir/rosidl_generator_py/pcl_msgs/msg/_vertices_s.c.o[0m
[ 88%] [32mBuilding C object CMakeFiles/pcl_msgs__rosidl_generator_py.dir/rosidl_generator_py/pcl_msgs/msg/_polygon_mesh_s.c.o[0m
[ 90%] [32m[1mLinking C shared library rosidl_generator_py/pcl_msgs/libpcl_msgs__rosidl_generator_py.so[0m
[ 90%] Built target pcl_msgs__rosidl_generator_py
[ 92%] [32mBuilding C object CMakeFiles/pcl_msgs__rosidl_typesupport_fastrtps_c__pyext.dir/rosidl_generator_py/pcl_msgs/_pcl_msgs_s.ep.rosidl_typesupport_fastrtps_c.c.o[0m
[ 93%] [32m[1mLinking C shared library rosidl_generator_py/pcl_msgs/pcl_msgs_s__rosidl_typesupport_fastrtps_c.cpython-310-aarch64-linux-gnu.so[0m
[ 93%] Built target pcl_msgs__rosidl_typesupport_fastrtps_c__pyext
[ 95%] [32mBuilding C object CMakeFiles/pcl_msgs__rosidl_typesupport_c__pyext.dir/rosidl_generator_py/pcl_msgs/_pcl_msgs_s.ep.rosidl_typesupport_c.c.o[0m
[ 96%] [32m[1mLinking C shared library rosidl_generator_py/pcl_msgs/pcl_msgs_s__rosidl_typesupport_c.cpython-310-aarch64-linux-gnu.so[0m
[ 96%] Built target pcl_msgs__rosidl_typesupport_c__pyext
[ 98%] [32mBuilding C object CMakeFiles/pcl_msgs__rosidl_typesupport_introspection_c__pyext.dir/rosidl_generator_py/pcl_msgs/_pcl_msgs_s.ep.rosidl_typesupport_introspection_c.c.o[0m
[100%] [32m[1mLinking C shared library rosidl_generator_py/pcl_msgs/pcl_msgs_s__rosidl_typesupport_introspection_c.cpython-310-aarch64-linux-gnu.so[0m
[100%] Built target pcl_msgs__rosidl_typesupport_introspection_c__pyext
-- Install configuration: ""
-- Execute custom install script
-- Symlinking: /home/ovsj/Code/AutonomousBlueye/install/pcl_msgs/share/ament_index/resource_index/rosidl_interfaces/pcl_msgs
-- Symlinking: /home/ovsj/Code/AutonomousBlueye/install/pcl_msgs/include/pcl_msgs/pcl_msgs/msg/detail/model_coefficients__functions.h
-- Symlinking: /home/ovsj/Code/AutonomousBlueye/install/pcl_msgs/include/pcl_msgs/pcl_msgs/msg/detail/model_coefficients__struct.h
-- Symlinking: /home/ovsj/Code/AutonomousBlueye/install/pcl_msgs/include/pcl_msgs/pcl_msgs/msg/detail/model_coefficients__type_support.h
-- Symlinking: /home/ovsj/Code/AutonomousBlueye/install/pcl_msgs/include/pcl_msgs/pcl_msgs/msg/detail/point_indices__functions.h
-- Symlinking: /home/ovsj/Code/AutonomousBlueye/install/pcl_msgs/include/pcl_msgs/pcl_msgs/msg/detail/point_indices__struct.h
-- Symlinking: /home/ovsj/Code/AutonomousBlueye/install/pcl_msgs/include/pcl_msgs/pcl_msgs/msg/detail/point_indices__type_support.h
-- Symlinking: /home/ovsj/Code/AutonomousBlueye/install/pcl_msgs/include/pcl_msgs/pcl_msgs/msg/detail/polygon_mesh__functions.h
-- Symlinking: /home/ovsj/Code/AutonomousBlueye/install/pcl_msgs/include/pcl_msgs/pcl_msgs/msg/detail/polygon_mesh__struct.h
-- Symlinking: /home/ovsj/Code/AutonomousBlueye/install/pcl_msgs/include/pcl_msgs/pcl_msgs/msg/detail/polygon_mesh__type_support.h
-- Symlinking: /home/ovsj/Code/AutonomousBlueye/install/pcl_msgs/include/pcl_msgs/pcl_msgs/msg/detail/vertices__functions.h
-- Symlinking: /home/ovsj/Code/AutonomousBlueye/install/pcl_msgs/include/pcl_msgs/pcl_msgs/msg/detail/vertices__struct.h
-- Symlinking: /home/ovsj/Code/AutonomousBlueye/install/pcl_msgs/include/pcl_msgs/pcl_msgs/msg/detail/vertices__type_support.h
-- Symlinking: /home/ovsj/Code/AutonomousBlueye/install/pcl_msgs/include/pcl_msgs/pcl_msgs/msg/model_coefficients.h
-- Symlinking: /home/ovsj/Code/AutonomousBlueye/install/pcl_msgs/include/pcl_msgs/pcl_msgs/msg/point_indices.h
-- Symlinking: /home/ovsj/Code/AutonomousBlueye/install/pcl_msgs/include/pcl_msgs/pcl_msgs/msg/polygon_mesh.h
-- Symlinking: /home/ovsj/Code/AutonomousBlueye/install/pcl_msgs/include/pcl_msgs/pcl_msgs/msg/rosidl_generator_c__visibility_control.h
-- Symlinking: /home/ovsj/Code/AutonomousBlueye/install/pcl_msgs/include/pcl_msgs/pcl_msgs/msg/vertices.h
-- Symlinking: /home/ovsj/Code/AutonomousBlueye/install/pcl_msgs/include/pcl_msgs/pcl_msgs/srv/detail/update_filename__functions.h
-- Symlinking: /home/ovsj/Code/AutonomousBlueye/install/pcl_msgs/include/pcl_msgs/pcl_msgs/srv/detail/update_filename__struct.h
-- Symlinking: /home/ovsj/Code/AutonomousBlueye/install/pcl_msgs/include/pcl_msgs/pcl_msgs/srv/detail/update_filename__type_support.h
-- Symlinking: /home/ovsj/Code/AutonomousBlueye/install/pcl_msgs/include/pcl_msgs/pcl_msgs/srv/update_filename.h
-- Symlinking: /home/ovsj/Code/AutonomousBlueye/install/pcl_msgs/share/pcl_msgs/environment/library_path.sh
-- Symlinking: /home/ovsj/Code/AutonomousBlueye/install/pcl_msgs/share/pcl_msgs/environment/library_path.dsv
-- Symlinking: /home/ovsj/Code/AutonomousBlueye/install/pcl_msgs/include/pcl_msgs/pcl_msgs/msg/detail/model_coefficients__rosidl_typesupport_fastrtps_c.h
-- Symlinking: /home/ovsj/Code/AutonomousBlueye/install/pcl_msgs/include/pcl_msgs/pcl_msgs/msg/detail/point_indices__rosidl_typesupport_fastrtps_c.h
-- Symlinking: /home/ovsj/Code/AutonomousBlueye/install/pcl_msgs/include/pcl_msgs/pcl_msgs/msg/detail/polygon_mesh__rosidl_typesupport_fastrtps_c.h
-- Symlinking: /home/ovsj/Code/AutonomousBlueye/install/pcl_msgs/include/pcl_msgs/pcl_msgs/msg/detail/vertices__rosidl_typesupport_fastrtps_c.h
-- Symlinking: /home/ovsj/Code/AutonomousBlueye/install/pcl_msgs/include/pcl_msgs/pcl_msgs/msg/rosidl_typesupport_fastrtps_c__visibility_control.h
-- Symlinking: /home/ovsj/Code/AutonomousBlueye/install/pcl_msgs/include/pcl_msgs/pcl_msgs/srv/detail/update_filename__rosidl_typesupport_fastrtps_c.h
-- Symlinking: /home/ovsj/Code/AutonomousBlueye/install/pcl_msgs/include/pcl_msgs/pcl_msgs/msg/detail/model_coefficients__rosidl_typesupport_introspection_c.h
-- Symlinking: /home/ovsj/Code/AutonomousBlueye/install/pcl_msgs/include/pcl_msgs/pcl_msgs/msg/detail/point_indices__rosidl_typesupport_introspection_c.h
-- Symlinking: /home/ovsj/Code/AutonomousBlueye/install/pcl_msgs/include/pcl_msgs/pcl_msgs/msg/detail/polygon_mesh__rosidl_typesupport_introspection_c.h
-- Symlinking: /home/ovsj/Code/AutonomousBlueye/install/pcl_msgs/include/pcl_msgs/pcl_msgs/msg/detail/vertices__rosidl_typesupport_introspection_c.h
-- Symlinking: /home/ovsj/Code/AutonomousBlueye/install/pcl_msgs/include/pcl_msgs/pcl_msgs/msg/rosidl_typesupport_introspection_c__visibility_control.h
-- Symlinking: /home/ovsj/Code/AutonomousBlueye/install/pcl_msgs/include/pcl_msgs/pcl_msgs/srv/detail/update_filename__rosidl_typesupport_introspection_c.h
-- Symlinking: /home/ovsj/Code/AutonomousBlueye/install/pcl_msgs/include/pcl_msgs/pcl_msgs/msg/detail/model_coefficients__builder.hpp
-- Symlinking: /home/ovsj/Code/AutonomousBlueye/install/pcl_msgs/include/pcl_msgs/pcl_msgs/msg/detail/model_coefficients__struct.hpp
-- Symlinking: /home/ovsj/Code/AutonomousBlueye/install/pcl_msgs/include/pcl_msgs/pcl_msgs/msg/detail/model_coefficients__traits.hpp
-- Symlinking: /home/ovsj/Code/AutonomousBlueye/install/pcl_msgs/include/pcl_msgs/pcl_msgs/msg/detail/model_coefficients__type_support.hpp
-- Symlinking: /home/ovsj/Code/AutonomousBlueye/install/pcl_msgs/include/pcl_msgs/pcl_msgs/msg/detail/point_indices__builder.hpp
-- Symlinking: /home/ovsj/Code/AutonomousBlueye/install/pcl_msgs/include/pcl_msgs/pcl_msgs/msg/detail/point_indices__struct.hpp
-- Symlinking: /home/ovsj/Code/AutonomousBlueye/install/pcl_msgs/include/pcl_msgs/pcl_msgs/msg/detail/point_indices__traits.hpp
-- Symlinking: /home/ovsj/Code/AutonomousBlueye/install/pcl_msgs/include/pcl_msgs/pcl_msgs/msg/detail/point_indices__type_support.hpp
-- Symlinking: /home/ovsj/Code/AutonomousBlueye/install/pcl_msgs/include/pcl_msgs/pcl_msgs/msg/detail/polygon_mesh__builder.hpp
-- Symlinking: /home/ovsj/Code/AutonomousBlueye/install/pcl_msgs/include/pcl_msgs/pcl_msgs/msg/detail/polygon_mesh__struct.hpp
-- Symlinking: /home/ovsj/Code/AutonomousBlueye/install/pcl_msgs/include/pcl_msgs/pcl_msgs/msg/detail/polygon_mesh__traits.hpp
-- Symlinking: /home/ovsj/Code/AutonomousBlueye/install/pcl_msgs/include/pcl_msgs/pcl_msgs/msg/detail/polygon_mesh__type_support.hpp
-- Symlinking: /home/ovsj/Code/AutonomousBlueye/install/pcl_msgs/include/pcl_msgs/pcl_msgs/msg/detail/vertices__builder.hpp
-- Symlinking: /home/ovsj/Code/AutonomousBlueye/install/pcl_msgs/include/pcl_msgs/pcl_msgs/msg/detail/vertices__struct.hpp
-- Symlinking: /home/ovsj/Code/AutonomousBlueye/install/pcl_msgs/include/pcl_msgs/pcl_msgs/msg/detail/vertices__traits.hpp
-- Symlinking: /home/ovsj/Code/AutonomousBlueye/install/pcl_msgs/include/pcl_msgs/pcl_msgs/msg/detail/vertices__type_support.hpp
-- Symlinking: /home/ovsj/Code/AutonomousBlueye/install/pcl_msgs/include/pcl_msgs/pcl_msgs/msg/model_coefficients.hpp
-- Symlinking: /home/ovsj/Code/AutonomousBlueye/install/pcl_msgs/include/pcl_msgs/pcl_msgs/msg/point_indices.hpp
-- Symlinking: /home/ovsj/Code/AutonomousBlueye/install/pcl_msgs/include/pcl_msgs/pcl_msgs/msg/polygon_mesh.hpp
-- Symlinking: /home/ovsj/Code/AutonomousBlueye/install/pcl_msgs/include/pcl_msgs/pcl_msgs/msg/rosidl_generator_cpp__visibility_control.hpp
-- Symlinking: /home/ovsj/Code/AutonomousBlueye/install/pcl_msgs/include/pcl_msgs/pcl_msgs/msg/vertices.hpp
-- Symlinking: /home/ovsj/Code/AutonomousBlueye/install/pcl_msgs/include/pcl_msgs/pcl_msgs/srv/detail/update_filename__builder.hpp
-- Symlinking: /home/ovsj/Code/AutonomousBlueye/install/pcl_msgs/include/pcl_msgs/pcl_msgs/srv/detail/update_filename__struct.hpp
-- Symlinking: /home/ovsj/Code/AutonomousBlueye/install/pcl_msgs/include/pcl_msgs/pcl_msgs/srv/detail/update_filename__traits.hpp
-- Symlinking: /home/ovsj/Code/AutonomousBlueye/install/pcl_msgs/include/pcl_msgs/pcl_msgs/srv/detail/update_filename__type_support.hpp
-- Symlinking: /home/ovsj/Code/AutonomousBlueye/install/pcl_msgs/include/pcl_msgs/pcl_msgs/srv/update_filename.hpp
-- Symlinking: /home/ovsj/Code/AutonomousBlueye/install/pcl_msgs/include/pcl_msgs/pcl_msgs/msg/detail/model_coefficients__rosidl_typesupport_fastrtps_cpp.hpp
-- Symlinking: /home/ovsj/Code/AutonomousBlueye/install/pcl_msgs/include/pcl_msgs/pcl_msgs/msg/detail/point_indices__rosidl_typesupport_fastrtps_cpp.hpp
-- Symlinking: /home/ovsj/Code/AutonomousBlueye/install/pcl_msgs/include/pcl_msgs/pcl_msgs/msg/detail/polygon_mesh__rosidl_typesupport_fastrtps_cpp.hpp
-- Symlinking: /home/ovsj/Code/AutonomousBlueye/install/pcl_msgs/include/pcl_msgs/pcl_msgs/msg/detail/vertices__rosidl_typesupport_fastrtps_cpp.hpp
-- Symlinking: /home/ovsj/Code/AutonomousBlueye/install/pcl_msgs/include/pcl_msgs/pcl_msgs/msg/rosidl_typesupport_fastrtps_cpp__visibility_control.h
-- Symlinking: /home/ovsj/Code/AutonomousBlueye/install/pcl_msgs/include/pcl_msgs/pcl_msgs/srv/detail/update_filename__rosidl_typesupport_fastrtps_cpp.hpp
-- Symlinking: /home/ovsj/Code/AutonomousBlueye/install/pcl_msgs/include/pcl_msgs/pcl_msgs/msg/detail/model_coefficients__rosidl_typesupport_introspection_cpp.hpp
-- Symlinking: /home/ovsj/Code/AutonomousBlueye/install/pcl_msgs/include/pcl_msgs/pcl_msgs/msg/detail/point_indices__rosidl_typesupport_introspection_cpp.hpp
-- Symlinking: /home/ovsj/Code/AutonomousBlueye/install/pcl_msgs/include/pcl_msgs/pcl_msgs/msg/detail/polygon_mesh__rosidl_typesupport_introspection_cpp.hpp
-- Symlinking: /home/ovsj/Code/AutonomousBlueye/install/pcl_msgs/include/pcl_msgs/pcl_msgs/msg/detail/vertices__rosidl_typesupport_introspection_cpp.hpp
-- Symlinking: /home/ovsj/Code/AutonomousBlueye/install/pcl_msgs/include/pcl_msgs/pcl_msgs/srv/detail/update_filename__rosidl_typesupport_introspection_cpp.hpp
-- Symlinking: /home/ovsj/Code/AutonomousBlueye/install/pcl_msgs/share/pcl_msgs/environment/pythonpath.sh
-- Symlinking: /home/ovsj/Code/AutonomousBlueye/install/pcl_msgs/share/pcl_msgs/environment/pythonpath.dsv
-- Symlinking: /home/ovsj/Code/AutonomousBlueye/install/pcl_msgs/local/lib/python3.10/dist-packages/pcl_msgs-1.0.0-py3.10.egg-info/PKG-INFO
-- Symlinking: /home/ovsj/Code/AutonomousBlueye/install/pcl_msgs/local/lib/python3.10/dist-packages/pcl_msgs-1.0.0-py3.10.egg-info/SOURCES.txt
-- Symlinking: /home/ovsj/Code/AutonomousBlueye/install/pcl_msgs/local/lib/python3.10/dist-packages/pcl_msgs-1.0.0-py3.10.egg-info/dependency_links.txt
-- Symlinking: /home/ovsj/Code/AutonomousBlueye/install/pcl_msgs/local/lib/python3.10/dist-packages/pcl_msgs-1.0.0-py3.10.egg-info/top_level.txt
-- Symlinking: /home/ovsj/Code/AutonomousBlueye/install/pcl_msgs/local/lib/python3.10/dist-packages/pcl_msgs/__init__.py
-- Symlinking: /home/ovsj/Code/AutonomousBlueye/install/pcl_msgs/local/lib/python3.10/dist-packages/pcl_msgs/_pcl_msgs_s.ep.rosidl_typesupport_c.c
-- Symlinking: /home/ovsj/Code/AutonomousBlueye/install/pcl_msgs/local/lib/python3.10/dist-packages/pcl_msgs/_pcl_msgs_s.ep.rosidl_typesupport_fastrtps_c.c
-- Symlinking: /home/ovsj/Code/AutonomousBlueye/install/pcl_msgs/local/lib/python3.10/dist-packages/pcl_msgs/_pcl_msgs_s.ep.rosidl_typesupport_introspection_c.c
-- Symlinking: /home/ovsj/Code/AutonomousBlueye/install/pcl_msgs/local/lib/python3.10/dist-packages/pcl_msgs/libpcl_msgs__rosidl_generator_py.so
-- Symlinking: /home/ovsj/Code/AutonomousBlueye/install/pcl_msgs/local/lib/python3.10/dist-packages/pcl_msgs/msg/__init__.py
-- Symlinking: /home/ovsj/Code/AutonomousBlueye/install/pcl_msgs/local/lib/python3.10/dist-packages/pcl_msgs/msg/_model_coefficients.py
-- Symlinking: /home/ovsj/Code/AutonomousBlueye/install/pcl_msgs/local/lib/python3.10/dist-packages/pcl_msgs/msg/_model_coefficients_s.c
-- Symlinking: /home/ovsj/Code/AutonomousBlueye/install/pcl_msgs/local/lib/python3.10/dist-packages/pcl_msgs/msg/_point_indices.py
-- Symlinking: /home/ovsj/Code/AutonomousBlueye/install/pcl_msgs/local/lib/python3.10/dist-packages/pcl_msgs/msg/_point_indices_s.c
-- Symlinking: /home/ovsj/Code/AutonomousBlueye/install/pcl_msgs/local/lib/python3.10/dist-packages/pcl_msgs/msg/_polygon_mesh.py
-- Symlinking: /home/ovsj/Code/AutonomousBlueye/install/pcl_msgs/local/lib/python3.10/dist-packages/pcl_msgs/msg/_polygon_mesh_s.c
-- Symlinking: /home/ovsj/Code/AutonomousBlueye/install/pcl_msgs/local/lib/python3.10/dist-packages/pcl_msgs/msg/_vertices.py
-- Symlinking: /home/ovsj/Code/AutonomousBlueye/install/pcl_msgs/local/lib/python3.10/dist-packages/pcl_msgs/msg/_vertices_s.c
-- Symlinking: /home/ovsj/Code/AutonomousBlueye/install/pcl_msgs/local/lib/python3.10/dist-packages/pcl_msgs/pcl_msgs_s__rosidl_typesupport_c.cpython-310-aarch64-linux-gnu.so
-- Symlinking: /home/ovsj/Code/AutonomousBlueye/install/pcl_msgs/local/lib/python3.10/dist-packages/pcl_msgs/pcl_msgs_s__rosidl_typesupport_fastrtps_c.cpython-310-aarch64-linux-gnu.so
-- Symlinking: /home/ovsj/Code/AutonomousBlueye/install/pcl_msgs/local/lib/python3.10/dist-packages/pcl_msgs/pcl_msgs_s__rosidl_typesupport_introspection_c.cpython-310-aarch64-linux-gnu.so
-- Symlinking: /home/ovsj/Code/AutonomousBlueye/install/pcl_msgs/local/lib/python3.10/dist-packages/pcl_msgs/srv/__init__.py
-- Symlinking: /home/ovsj/Code/AutonomousBlueye/install/pcl_msgs/local/lib/python3.10/dist-packages/pcl_msgs/srv/_update_filename.py
-- Symlinking: /home/ovsj/Code/AutonomousBlueye/install/pcl_msgs/local/lib/python3.10/dist-packages/pcl_msgs/srv/_update_filename_s.c
-- Up-to-date symlink: /home/ovsj/Code/AutonomousBlueye/install/pcl_msgs/local/lib/python3.10/dist-packages/pcl_msgs/pcl_msgs_s__rosidl_typesupport_fastrtps_c.cpython-310-aarch64-linux-gnu.so
-- Up-to-date symlink: /home/ovsj/Code/AutonomousBlueye/install/pcl_msgs/local/lib/python3.10/dist-packages/pcl_msgs/pcl_msgs_s__rosidl_typesupport_introspection_c.cpython-310-aarch64-linux-gnu.so
-- Up-to-date symlink: /home/ovsj/Code/AutonomousBlueye/install/pcl_msgs/local/lib/python3.10/dist-packages/pcl_msgs/pcl_msgs_s__rosidl_typesupport_c.cpython-310-aarch64-linux-gnu.so
-- Symlinking: /home/ovsj/Code/AutonomousBlueye/install/pcl_msgs/share/pcl_msgs/msg/ModelCoefficients.idl
-- Symlinking: /home/ovsj/Code/AutonomousBlueye/install/pcl_msgs/share/pcl_msgs/msg/PointIndices.idl
-- Symlinking: /home/ovsj/Code/AutonomousBlueye/install/pcl_msgs/share/pcl_msgs/msg/PolygonMesh.idl
-- Symlinking: /home/ovsj/Code/AutonomousBlueye/install/pcl_msgs/share/pcl_msgs/msg/Vertices.idl
-- Symlinking: /home/ovsj/Code/AutonomousBlueye/install/pcl_msgs/share/pcl_msgs/srv/UpdateFilename.idl
-- Symlinking: /home/ovsj/Code/AutonomousBlueye/install/pcl_msgs/share/pcl_msgs/msg/ModelCoefficients.msg
-- Symlinking: /home/ovsj/Code/AutonomousBlueye/install/pcl_msgs/share/pcl_msgs/msg/PointIndices.msg
-- Symlinking: /home/ovsj/Code/AutonomousBlueye/install/pcl_msgs/share/pcl_msgs/msg/PolygonMesh.msg
-- Symlinking: /home/ovsj/Code/AutonomousBlueye/install/pcl_msgs/share/pcl_msgs/msg/Vertices.msg
-- Symlinking: /home/ovsj/Code/AutonomousBlueye/install/pcl_msgs/share/pcl_msgs/srv/UpdateFilename.srv
-- Symlinking: /home/ovsj/Code/AutonomousBlueye/install/pcl_msgs/share/pcl_msgs/srv/UpdateFilename_Request.msg
-- Symlinking: /home/ovsj/Code/AutonomousBlueye/install/pcl_msgs/share/pcl_msgs/srv/UpdateFilename_Response.msg
-- Symlinking: /home/ovsj/Code/AutonomousBlueye/install/pcl_msgs/share/ament_index/resource_index/package_run_dependencies/pcl_msgs
-- Symlinking: /home/ovsj/Code/AutonomousBlueye/install/pcl_msgs/share/ament_index/resource_index/parent_prefix_path/pcl_msgs
-- Symlinking: /home/ovsj/Code/AutonomousBlueye/install/pcl_msgs/share/pcl_msgs/environment/ament_prefix_path.sh
-- Symlinking: /home/ovsj/Code/AutonomousBlueye/install/pcl_msgs/share/pcl_msgs/environment/ament_prefix_path.dsv
-- Symlinking: /home/ovsj/Code/AutonomousBlueye/install/pcl_msgs/share/pcl_msgs/environment/path.sh
-- Symlinking: /home/ovsj/Code/AutonomousBlueye/install/pcl_msgs/share/pcl_msgs/environment/path.dsv
-- Symlinking: /home/ovsj/Code/AutonomousBlueye/install/pcl_msgs/share/pcl_msgs/local_setup.bash
-- Symlinking: /home/ovsj/Code/AutonomousBlueye/install/pcl_msgs/share/pcl_msgs/local_setup.sh
-- Symlinking: /home/ovsj/Code/AutonomousBlueye/install/pcl_msgs/share/pcl_msgs/local_setup.zsh
-- Symlinking: /home/ovsj/Code/AutonomousBlueye/install/pcl_msgs/share/pcl_msgs/local_setup.dsv
-- Symlinking: /home/ovsj/Code/AutonomousBlueye/install/pcl_msgs/share/pcl_msgs/package.dsv
-- Symlinking: /home/ovsj/Code/AutonomousBlueye/install/pcl_msgs/share/ament_index/resource_index/packages/pcl_msgs
-- Symlinking: /home/ovsj/Code/AutonomousBlueye/install/pcl_msgs/share/pcl_msgs/cmake/rosidl_cmake-extras.cmake
-- Symlinking: /home/ovsj/Code/AutonomousBlueye/install/pcl_msgs/share/pcl_msgs/cmake/ament_cmake_export_dependencies-extras.cmake
-- Symlinking: /home/ovsj/Code/AutonomousBlueye/install/pcl_msgs/share/pcl_msgs/cmake/ament_cmake_export_include_directories-extras.cmake
-- Symlinking: /home/ovsj/Code/AutonomousBlueye/install/pcl_msgs/share/pcl_msgs/cmake/ament_cmake_export_libraries-extras.cmake
-- Symlinking: /home/ovsj/Code/AutonomousBlueye/install/pcl_msgs/share/pcl_msgs/cmake/ament_cmake_export_targets-extras.cmake
-- Symlinking: /home/ovsj/Code/AutonomousBlueye/install/pcl_msgs/share/pcl_msgs/cmake/rosidl_cmake_export_typesupport_targets-extras.cmake
-- Symlinking: /home/ovsj/Code/AutonomousBlueye/install/pcl_msgs/share/pcl_msgs/cmake/rosidl_cmake_export_typesupport_libraries-extras.cmake
-- Symlinking: /home/ovsj/Code/AutonomousBlueye/install/pcl_msgs/share/pcl_msgs/cmake/pcl_msgsConfig.cmake
-- Symlinking: /home/ovsj/Code/AutonomousBlueye/install/pcl_msgs/share/pcl_msgs/cmake/pcl_msgsConfig-version.cmake
-- Symlinking: /home/ovsj/Code/AutonomousBlueye/install/pcl_msgs/share/pcl_msgs/package.xml
-- Installing: /home/ovsj/Code/AutonomousBlueye/install/pcl_msgs/lib/libpcl_msgs__rosidl_generator_c.so
-- Set runtime path of "/home/ovsj/Code/AutonomousBlueye/install/pcl_msgs/lib/libpcl_msgs__rosidl_generator_c.so" to ""
-- Installing: /home/ovsj/Code/AutonomousBlueye/install/pcl_msgs/lib/libpcl_msgs__rosidl_typesupport_fastrtps_c.so
-- Set runtime path of "/home/ovsj/Code/AutonomousBlueye/install/pcl_msgs/lib/libpcl_msgs__rosidl_typesupport_fastrtps_c.so" to ""
-- Installing: /home/ovsj/Code/AutonomousBlueye/install/pcl_msgs/lib/libpcl_msgs__rosidl_typesupport_introspection_c.so
-- Set runtime path of "/home/ovsj/Code/AutonomousBlueye/install/pcl_msgs/lib/libpcl_msgs__rosidl_typesupport_introspection_c.so" to ""
-- Installing: /home/ovsj/Code/AutonomousBlueye/install/pcl_msgs/lib/libpcl_msgs__rosidl_typesupport_c.so
-- Set runtime path of "/home/ovsj/Code/AutonomousBlueye/install/pcl_msgs/lib/libpcl_msgs__rosidl_typesupport_c.so" to ""
-- Installing: /home/ovsj/Code/AutonomousBlueye/install/pcl_msgs/lib/libpcl_msgs__rosidl_typesupport_fastrtps_cpp.so
-- Set runtime path of "/home/ovsj/Code/AutonomousBlueye/install/pcl_msgs/lib/libpcl_msgs__rosidl_typesupport_fastrtps_cpp.so" to ""
-- Installing: /home/ovsj/Code/AutonomousBlueye/install/pcl_msgs/lib/libpcl_msgs__rosidl_typesupport_introspection_cpp.so
-- Set runtime path of "/home/ovsj/Code/AutonomousBlueye/install/pcl_msgs/lib/libpcl_msgs__rosidl_typesupport_introspection_cpp.so" to ""
-- Installing: /home/ovsj/Code/AutonomousBlueye/install/pcl_msgs/lib/libpcl_msgs__rosidl_typesupport_cpp.so
-- Set runtime path of "/home/ovsj/Code/AutonomousBlueye/install/pcl_msgs/lib/libpcl_msgs__rosidl_typesupport_cpp.so" to ""
Listing '/home/ovsj/Code/AutonomousBlueye/install/pcl_msgs/local/lib/python3.10/dist-packages/pcl_msgs'...
Compiling '/home/ovsj/Code/AutonomousBlueye/install/pcl_msgs/local/lib/python3.10/dist-packages/pcl_msgs/__init__.py'...
Listing '/home/ovsj/Code/AutonomousBlueye/install/pcl_msgs/local/lib/python3.10/dist-packages/pcl_msgs/msg'...
Compiling '/home/ovsj/Code/AutonomousBlueye/install/pcl_msgs/local/lib/python3.10/dist-packages/pcl_msgs/msg/__init__.py'...
Compiling '/home/ovsj/Code/AutonomousBlueye/install/pcl_msgs/local/lib/python3.10/dist-packages/pcl_msgs/msg/_model_coefficients.py'...
Compiling '/home/ovsj/Code/AutonomousBlueye/install/pcl_msgs/local/lib/python3.10/dist-packages/pcl_msgs/msg/_point_indices.py'...
Compiling '/home/ovsj/Code/AutonomousBlueye/install/pcl_msgs/local/lib/python3.10/dist-packages/pcl_msgs/msg/_polygon_mesh.py'...
Compiling '/home/ovsj/Code/AutonomousBlueye/install/pcl_msgs/local/lib/python3.10/dist-packages/pcl_msgs/msg/_vertices.py'...
Listing '/home/ovsj/Code/AutonomousBlueye/install/pcl_msgs/local/lib/python3.10/dist-packages/pcl_msgs/srv'...
Compiling '/home/ovsj/Code/AutonomousBlueye/install/pcl_msgs/local/lib/python3.10/dist-packages/pcl_msgs/srv/__init__.py'...
Compiling '/home/ovsj/Code/AutonomousBlueye/install/pcl_msgs/local/lib/python3.10/dist-packages/pcl_msgs/srv/_update_filename.py'...
-- Installing: /home/ovsj/Code/AutonomousBlueye/install/pcl_msgs/lib/libpcl_msgs__rosidl_generator_py.so
-- Set runtime path of "/home/ovsj/Code/AutonomousBlueye/install/pcl_msgs/lib/libpcl_msgs__rosidl_generator_py.so" to ""
-- Installing: /home/ovsj/Code/AutonomousBlueye/install/pcl_msgs/share/pcl_msgs/cmake/export_pcl_msgs__rosidl_generator_cExport.cmake
-- Installing: /home/ovsj/Code/AutonomousBlueye/install/pcl_msgs/share/pcl_msgs/cmake/export_pcl_msgs__rosidl_generator_cExport-noconfig.cmake
-- Installing: /home/ovsj/Code/AutonomousBlueye/install/pcl_msgs/share/pcl_msgs/cmake/export_pcl_msgs__rosidl_typesupport_fastrtps_cExport.cmake
-- Installing: /home/ovsj/Code/AutonomousBlueye/install/pcl_msgs/share/pcl_msgs/cmake/export_pcl_msgs__rosidl_typesupport_fastrtps_cExport-noconfig.cmake
-- Installing: /home/ovsj/Code/AutonomousBlueye/install/pcl_msgs/share/pcl_msgs/cmake/pcl_msgs__rosidl_typesupport_introspection_cExport.cmake
-- Installing: /home/ovsj/Code/AutonomousBlueye/install/pcl_msgs/share/pcl_msgs/cmake/pcl_msgs__rosidl_typesupport_introspection_cExport-noconfig.cmake
-- Installing: /home/ovsj/Code/AutonomousBlueye/install/pcl_msgs/share/pcl_msgs/cmake/pcl_msgs__rosidl_typesupport_cExport.cmake
-- Installing: /home/ovsj/Code/AutonomousBlueye/install/pcl_msgs/share/pcl_msgs/cmake/pcl_msgs__rosidl_typesupport_cExport-noconfig.cmake
-- Installing: /home/ovsj/Code/AutonomousBlueye/install/pcl_msgs/share/pcl_msgs/cmake/export_pcl_msgs__rosidl_generator_cppExport.cmake
-- Installing: /home/ovsj/Code/AutonomousBlueye/install/pcl_msgs/share/pcl_msgs/cmake/export_pcl_msgs__rosidl_typesupport_fastrtps_cppExport.cmake
-- Installing: /home/ovsj/Code/AutonomousBlueye/install/pcl_msgs/share/pcl_msgs/cmake/export_pcl_msgs__rosidl_typesupport_fastrtps_cppExport-noconfig.cmake
-- Installing: /home/ovsj/Code/AutonomousBlueye/install/pcl_msgs/share/pcl_msgs/cmake/pcl_msgs__rosidl_typesupport_introspection_cppExport.cmake
-- Installing: /home/ovsj/Code/AutonomousBlueye/install/pcl_msgs/share/pcl_msgs/cmake/pcl_msgs__rosidl_typesupport_introspection_cppExport-noconfig.cmake
-- Installing: /home/ovsj/Code/AutonomousBlueye/install/pcl_msgs/share/pcl_msgs/cmake/pcl_msgs__rosidl_typesupport_cppExport.cmake
-- Installing: /home/ovsj/Code/AutonomousBlueye/install/pcl_msgs/share/pcl_msgs/cmake/pcl_msgs__rosidl_typesupport_cppExport-noconfig.cmake
-- Installing: /home/ovsj/Code/AutonomousBlueye/install/pcl_msgs/share/pcl_msgs/cmake/export_pcl_msgs__rosidl_generator_pyExport.cmake
-- Installing: /home/ovsj/Code/AutonomousBlueye/install/pcl_msgs/share/pcl_msgs/cmake/export_pcl_msgs__rosidl_generator_pyExport-noconfig.cmake
