[0.046s] Invoking command in '/home/ovsj/Code/AutonomousBlueye/build/robot_interfaces': CMAKE_PREFIX_PATH=${CMAKE_PREFIX_PATH}:/home/ovsj/Code/AutonomousBlueye/install/yolov5_ros:/home/ovsj/Code/AutonomousBlueye/install/drone_sensors:/home/ovsj/Code/AutonomousBlueye/install/real_blueye_launch:/home/ovsj/Code/AutonomousBlueye/install/image_prosessing:/home/ovsj/Code/AutonomousBlueye/install/experimental:/home/ovsj/Code/AutonomousBlueye/install/control:/opt/ros/humble VIRTUAL_ENV_PROMPT=(.venv) /usr/bin/cmake --build /home/ovsj/Code/AutonomousBlueye/build/robot_interfaces -- -j6 -l6
[0.560s] [  0%] Built target ament_cmake_python_symlink_robot_interfaces
[0.560s] [ 12%] Built target robot_interfaces__rosidl_generator_c
[0.560s] [ 12%] Built target robot_interfaces__cpp
[0.560s] [ 34%] Built target robot_interfaces__rosidl_typesupport_c
[0.560s] [ 37%] Built target robot_interfaces__rosidl_typesupport_introspection_c
[0.560s] [ 48%] Built target robot_interfaces__rosidl_typesupport_fastrtps_c
[0.560s] [ 60%] Built target robot_interfaces__rosidl_typesupport_cpp
[0.560s] [ 72%] Built target robot_interfaces__rosidl_typesupport_fastrtps_cpp
[0.560s] [ 84%] Built target robot_interfaces__rosidl_typesupport_introspection_cpp
[0.561s] [ 84%] Built target robot_interfaces
[0.611s] [ 85%] Built target robot_interfaces__py
[0.640s] running egg_info
[0.651s] writing robot_interfaces.egg-info/PKG-INFO
[0.652s] writing dependency_links to robot_interfaces.egg-info/dependency_links.txt
[0.653s] writing top-level names to robot_interfaces.egg-info/top_level.txt
[0.722s] reading manifest file 'robot_interfaces.egg-info/SOURCES.txt'
[0.724s] [ 96%] Built target robot_interfaces__rosidl_generator_py
[0.727s] writing manifest file 'robot_interfaces.egg-info/SOURCES.txt'
[0.837s] [ 97%] Built target robot_interfaces__rosidl_typesupport_fastrtps_c__pyext
[0.843s] [ 97%] Built target ament_cmake_python_build_robot_interfaces_egg
[0.847s] [ 99%] Built target robot_interfaces__rosidl_typesupport_introspection_c__pyext
[0.859s] [100%] Built target robot_interfaces__rosidl_typesupport_c__pyext
[0.963s] Invoked command in '/home/ovsj/Code/AutonomousBlueye/build/robot_interfaces' returned '0': CMAKE_PREFIX_PATH=${CMAKE_PREFIX_PATH}:/home/ovsj/Code/AutonomousBlueye/install/yolov5_ros:/home/ovsj/Code/AutonomousBlueye/install/drone_sensors:/home/ovsj/Code/AutonomousBlueye/install/real_blueye_launch:/home/ovsj/Code/AutonomousBlueye/install/image_prosessing:/home/ovsj/Code/AutonomousBlueye/install/experimental:/home/ovsj/Code/AutonomousBlueye/install/control:/opt/ros/humble VIRTUAL_ENV_PROMPT=(.venv) /usr/bin/cmake --build /home/ovsj/Code/AutonomousBlueye/build/robot_interfaces -- -j6 -l6
[0.983s] Invoking command in '/home/ovsj/Code/AutonomousBlueye/build/robot_interfaces': CMAKE_PREFIX_PATH=${CMAKE_PREFIX_PATH}:/home/ovsj/Code/AutonomousBlueye/install/yolov5_ros:/home/ovsj/Code/AutonomousBlueye/install/drone_sensors:/home/ovsj/Code/AutonomousBlueye/install/real_blueye_launch:/home/ovsj/Code/AutonomousBlueye/install/image_prosessing:/home/ovsj/Code/AutonomousBlueye/install/experimental:/home/ovsj/Code/AutonomousBlueye/install/control:/opt/ros/humble VIRTUAL_ENV_PROMPT=(.venv) /usr/bin/cmake --install /home/ovsj/Code/AutonomousBlueye/build/robot_interfaces
[0.999s] -- Install configuration: ""
[0.999s] -- Execute custom install script
[0.999s] -- Up-to-date symlink: /home/ovsj/Code/AutonomousBlueye/install/robot_interfaces/share/ament_index/resource_index/rosidl_interfaces/robot_interfaces
[0.999s] -- Up-to-date symlink: /home/ovsj/Code/AutonomousBlueye/install/robot_interfaces/include/robot_interfaces/robot_interfaces/msg/canny_chain_pos.h
[0.999s] -- Up-to-date symlink: /home/ovsj/Code/AutonomousBlueye/install/robot_interfaces/include/robot_interfaces/robot_interfaces/msg/chain_pos.h
[0.999s] -- Up-to-date symlink: /home/ovsj/Code/AutonomousBlueye/install/robot_interfaces/include/robot_interfaces/robot_interfaces/msg/desired_forces.h
[0.999s] -- Up-to-date symlink: /home/ovsj/Code/AutonomousBlueye/install/robot_interfaces/include/robot_interfaces/robot_interfaces/msg/desired_velocity.h
[1.000s] -- Up-to-date symlink: /home/ovsj/Code/AutonomousBlueye/install/robot_interfaces/include/robot_interfaces/robot_interfaces/msg/detail/canny_chain_pos__functions.h
[1.000s] -- Up-to-date symlink: /home/ovsj/Code/AutonomousBlueye/install/robot_interfaces/include/robot_interfaces/robot_interfaces/msg/detail/canny_chain_pos__struct.h
[1.000s] -- Up-to-date symlink: /home/ovsj/Code/AutonomousBlueye/install/robot_interfaces/include/robot_interfaces/robot_interfaces/msg/detail/canny_chain_pos__type_support.h
[1.000s] -- Up-to-date symlink: /home/ovsj/Code/AutonomousBlueye/install/robot_interfaces/include/robot_interfaces/robot_interfaces/msg/detail/chain_pos__functions.h
[1.000s] -- Up-to-date symlink: /home/ovsj/Code/AutonomousBlueye/install/robot_interfaces/include/robot_interfaces/robot_interfaces/msg/detail/chain_pos__struct.h
[1.000s] -- Up-to-date symlink: /home/ovsj/Code/AutonomousBlueye/install/robot_interfaces/include/robot_interfaces/robot_interfaces/msg/detail/chain_pos__type_support.h
[1.000s] -- Up-to-date symlink: /home/ovsj/Code/AutonomousBlueye/install/robot_interfaces/include/robot_interfaces/robot_interfaces/msg/detail/desired_forces__functions.h
[1.000s] -- Up-to-date symlink: /home/ovsj/Code/AutonomousBlueye/install/robot_interfaces/include/robot_interfaces/robot_interfaces/msg/detail/desired_forces__struct.h
[1.007s] -- Up-to-date symlink: /home/ovsj/Code/AutonomousBlueye/install/robot_interfaces/include/robot_interfaces/robot_interfaces/msg/detail/desired_forces__type_support.h
[1.012s] -- Up-to-date symlink: /home/ovsj/Code/AutonomousBlueye/install/robot_interfaces/include/robot_interfaces/robot_interfaces/msg/detail/desired_velocity__functions.h
[1.012s] -- Up-to-date symlink: /home/ovsj/Code/AutonomousBlueye/install/robot_interfaces/include/robot_interfaces/robot_interfaces/msg/detail/desired_velocity__struct.h
[1.012s] -- Up-to-date symlink: /home/ovsj/Code/AutonomousBlueye/install/robot_interfaces/include/robot_interfaces/robot_interfaces/msg/detail/desired_velocity__type_support.h
[1.012s] -- Up-to-date symlink: /home/ovsj/Code/AutonomousBlueye/install/robot_interfaces/include/robot_interfaces/robot_interfaces/msg/detail/dvl__functions.h
[1.012s] -- Up-to-date symlink: /home/ovsj/Code/AutonomousBlueye/install/robot_interfaces/include/robot_interfaces/robot_interfaces/msg/detail/dvl__struct.h
[1.012s] -- Up-to-date symlink: /home/ovsj/Code/AutonomousBlueye/install/robot_interfaces/include/robot_interfaces/robot_interfaces/msg/detail/dvl__type_support.h
[1.022s] -- Up-to-date symlink: /home/ovsj/Code/AutonomousBlueye/install/robot_interfaces/include/robot_interfaces/robot_interfaces/msg/detail/median_chain_pos__functions.h
[1.022s] -- Up-to-date symlink: /home/ovsj/Code/AutonomousBlueye/install/robot_interfaces/include/robot_interfaces/robot_interfaces/msg/detail/median_chain_pos__struct.h
[1.022s] -- Up-to-date symlink: /home/ovsj/Code/AutonomousBlueye/install/robot_interfaces/include/robot_interfaces/robot_interfaces/msg/detail/median_chain_pos__type_support.h
[1.022s] -- Up-to-date symlink: /home/ovsj/Code/AutonomousBlueye/install/robot_interfaces/include/robot_interfaces/robot_interfaces/msg/detail/thresh_chain_pos__functions.h
[1.022s] -- Up-to-date symlink: /home/ovsj/Code/AutonomousBlueye/install/robot_interfaces/include/robot_interfaces/robot_interfaces/msg/detail/thresh_chain_pos__struct.h
[1.022s] -- Up-to-date symlink: /home/ovsj/Code/AutonomousBlueye/install/robot_interfaces/include/robot_interfaces/robot_interfaces/msg/detail/thresh_chain_pos__type_support.h
[1.022s] -- Up-to-date symlink: /home/ovsj/Code/AutonomousBlueye/install/robot_interfaces/include/robot_interfaces/robot_interfaces/msg/detail/yolo_box__functions.h
[1.023s] -- Up-to-date symlink: /home/ovsj/Code/AutonomousBlueye/install/robot_interfaces/include/robot_interfaces/robot_interfaces/msg/detail/yolo_box__struct.h
[1.023s] -- Up-to-date symlink: /home/ovsj/Code/AutonomousBlueye/install/robot_interfaces/include/robot_interfaces/robot_interfaces/msg/detail/yolo_box__type_support.h
[1.023s] -- Up-to-date symlink: /home/ovsj/Code/AutonomousBlueye/install/robot_interfaces/include/robot_interfaces/robot_interfaces/msg/detail/yolo_canny_chain_pose__functions.h
[1.023s] -- Up-to-date symlink: /home/ovsj/Code/AutonomousBlueye/install/robot_interfaces/include/robot_interfaces/robot_interfaces/msg/detail/yolo_canny_chain_pose__struct.h
[1.023s] -- Up-to-date symlink: /home/ovsj/Code/AutonomousBlueye/install/robot_interfaces/include/robot_interfaces/robot_interfaces/msg/detail/yolo_canny_chain_pose__type_support.h
[1.023s] -- Up-to-date symlink: /home/ovsj/Code/AutonomousBlueye/install/robot_interfaces/include/robot_interfaces/robot_interfaces/msg/detail/yolo_chain_pose__functions.h
[1.023s] -- Up-to-date symlink: /home/ovsj/Code/AutonomousBlueye/install/robot_interfaces/include/robot_interfaces/robot_interfaces/msg/detail/yolo_chain_pose__struct.h
[1.023s] -- Up-to-date symlink: /home/ovsj/Code/AutonomousBlueye/install/robot_interfaces/include/robot_interfaces/robot_interfaces/msg/detail/yolo_chain_pose__type_support.h
[1.023s] -- Up-to-date symlink: /home/ovsj/Code/AutonomousBlueye/install/robot_interfaces/include/robot_interfaces/robot_interfaces/msg/detail/yolo_median_chain_pose__functions.h
[1.023s] -- Up-to-date symlink: /home/ovsj/Code/AutonomousBlueye/install/robot_interfaces/include/robot_interfaces/robot_interfaces/msg/detail/yolo_median_chain_pose__struct.h
[1.024s] -- Up-to-date symlink: /home/ovsj/Code/AutonomousBlueye/install/robot_interfaces/include/robot_interfaces/robot_interfaces/msg/detail/yolo_median_chain_pose__type_support.h
[1.024s] -- Up-to-date symlink: /home/ovsj/Code/AutonomousBlueye/install/robot_interfaces/include/robot_interfaces/robot_interfaces/msg/detail/yolo_thresh_chain_pose__functions.h
[1.024s] -- Up-to-date symlink: /home/ovsj/Code/AutonomousBlueye/install/robot_interfaces/include/robot_interfaces/robot_interfaces/msg/detail/yolo_thresh_chain_pose__struct.h
[1.024s] -- Up-to-date symlink: /home/ovsj/Code/AutonomousBlueye/install/robot_interfaces/include/robot_interfaces/robot_interfaces/msg/detail/yolo_thresh_chain_pose__type_support.h
[1.025s] -- Up-to-date symlink: /home/ovsj/Code/AutonomousBlueye/install/robot_interfaces/include/robot_interfaces/robot_interfaces/msg/dvl.h
[1.025s] -- Up-to-date symlink: /home/ovsj/Code/AutonomousBlueye/install/robot_interfaces/include/robot_interfaces/robot_interfaces/msg/median_chain_pos.h
[1.025s] -- Up-to-date symlink: /home/ovsj/Code/AutonomousBlueye/install/robot_interfaces/include/robot_interfaces/robot_interfaces/msg/rosidl_generator_c__visibility_control.h
[1.025s] -- Up-to-date symlink: /home/ovsj/Code/AutonomousBlueye/install/robot_interfaces/include/robot_interfaces/robot_interfaces/msg/thresh_chain_pos.h
[1.026s] -- Up-to-date symlink: /home/ovsj/Code/AutonomousBlueye/install/robot_interfaces/include/robot_interfaces/robot_interfaces/msg/yolo_box.h
[1.026s] -- Up-to-date symlink: /home/ovsj/Code/AutonomousBlueye/install/robot_interfaces/include/robot_interfaces/robot_interfaces/msg/yolo_canny_chain_pose.h
[1.031s] -- Up-to-date symlink: /home/ovsj/Code/AutonomousBlueye/install/robot_interfaces/include/robot_interfaces/robot_interfaces/msg/yolo_chain_pose.h
[1.031s] -- Up-to-date symlink: /home/ovsj/Code/AutonomousBlueye/install/robot_interfaces/include/robot_interfaces/robot_interfaces/msg/yolo_median_chain_pose.h
[1.031s] -- Up-to-date symlink: /home/ovsj/Code/AutonomousBlueye/install/robot_interfaces/include/robot_interfaces/robot_interfaces/msg/yolo_thresh_chain_pose.h
[1.031s] -- Up-to-date symlink: /home/ovsj/Code/AutonomousBlueye/install/robot_interfaces/include/robot_interfaces/robot_interfaces/srv/add_waypoint.h
[1.031s] -- Up-to-date symlink: /home/ovsj/Code/AutonomousBlueye/install/robot_interfaces/include/robot_interfaces/robot_interfaces/srv/clear_waypoints.h
[1.031s] -- Up-to-date symlink: /home/ovsj/Code/AutonomousBlueye/install/robot_interfaces/include/robot_interfaces/robot_interfaces/srv/detail/add_waypoint__functions.h
[1.031s] -- Up-to-date symlink: /home/ovsj/Code/AutonomousBlueye/install/robot_interfaces/include/robot_interfaces/robot_interfaces/srv/detail/add_waypoint__struct.h
[1.031s] -- Up-to-date symlink: /home/ovsj/Code/AutonomousBlueye/install/robot_interfaces/include/robot_interfaces/robot_interfaces/srv/detail/add_waypoint__type_support.h
[1.031s] -- Up-to-date symlink: /home/ovsj/Code/AutonomousBlueye/install/robot_interfaces/include/robot_interfaces/robot_interfaces/srv/detail/clear_waypoints__functions.h
[1.032s] -- Up-to-date symlink: /home/ovsj/Code/AutonomousBlueye/install/robot_interfaces/include/robot_interfaces/robot_interfaces/srv/detail/clear_waypoints__struct.h
[1.033s] -- Up-to-date symlink: /home/ovsj/Code/AutonomousBlueye/install/robot_interfaces/include/robot_interfaces/robot_interfaces/srv/detail/clear_waypoints__type_support.h
[1.033s] -- Up-to-date symlink: /home/ovsj/Code/AutonomousBlueye/install/robot_interfaces/include/robot_interfaces/robot_interfaces/srv/detail/print_waypoints__functions.h
[1.033s] -- Up-to-date symlink: /home/ovsj/Code/AutonomousBlueye/install/robot_interfaces/include/robot_interfaces/robot_interfaces/srv/detail/print_waypoints__struct.h
[1.043s] -- Up-to-date symlink: /home/ovsj/Code/AutonomousBlueye/install/robot_interfaces/include/robot_interfaces/robot_interfaces/srv/detail/print_waypoints__type_support.h
[1.044s] -- Up-to-date symlink: /home/ovsj/Code/AutonomousBlueye/install/robot_interfaces/include/robot_interfaces/robot_interfaces/srv/detail/remove_waypoint__functions.h
[1.046s] -- Up-to-date symlink: /home/ovsj/Code/AutonomousBlueye/install/robot_interfaces/include/robot_interfaces/robot_interfaces/srv/detail/remove_waypoint__struct.h
[1.048s] -- Up-to-date symlink: /home/ovsj/Code/AutonomousBlueye/install/robot_interfaces/include/robot_interfaces/robot_interfaces/srv/detail/remove_waypoint__type_support.h
[1.049s] -- Up-to-date symlink: /home/ovsj/Code/AutonomousBlueye/install/robot_interfaces/include/robot_interfaces/robot_interfaces/srv/detail/set_state__functions.h
[1.053s] -- Up-to-date symlink: /home/ovsj/Code/AutonomousBlueye/install/robot_interfaces/include/robot_interfaces/robot_interfaces/srv/detail/set_state__struct.h
[1.053s] -- Up-to-date symlink: /home/ovsj/Code/AutonomousBlueye/install/robot_interfaces/include/robot_interfaces/robot_interfaces/srv/detail/set_state__type_support.h
[1.053s] -- Up-to-date symlink: /home/ovsj/Code/AutonomousBlueye/install/robot_interfaces/include/robot_interfaces/robot_interfaces/srv/print_waypoints.h
[1.053s] -- Up-to-date symlink: /home/ovsj/Code/AutonomousBlueye/install/robot_interfaces/include/robot_interfaces/robot_interfaces/srv/remove_waypoint.h
[1.053s] -- Up-to-date symlink: /home/ovsj/Code/AutonomousBlueye/install/robot_interfaces/include/robot_interfaces/robot_interfaces/srv/set_state.h
[1.053s] -- Up-to-date symlink: /home/ovsj/Code/AutonomousBlueye/install/robot_interfaces/share/robot_interfaces/environment/library_path.sh
[1.053s] -- Up-to-date symlink: /home/ovsj/Code/AutonomousBlueye/install/robot_interfaces/share/robot_interfaces/environment/library_path.dsv
[1.053s] -- Up-to-date symlink: /home/ovsj/Code/AutonomousBlueye/install/robot_interfaces/include/robot_interfaces/robot_interfaces/msg/detail/canny_chain_pos__rosidl_typesupport_fastrtps_c.h
[1.053s] -- Up-to-date symlink: /home/ovsj/Code/AutonomousBlueye/install/robot_interfaces/include/robot_interfaces/robot_interfaces/msg/detail/chain_pos__rosidl_typesupport_fastrtps_c.h
[1.053s] -- Up-to-date symlink: /home/ovsj/Code/AutonomousBlueye/install/robot_interfaces/include/robot_interfaces/robot_interfaces/msg/detail/desired_forces__rosidl_typesupport_fastrtps_c.h
[1.053s] -- Up-to-date symlink: /home/ovsj/Code/AutonomousBlueye/install/robot_interfaces/include/robot_interfaces/robot_interfaces/msg/detail/desired_velocity__rosidl_typesupport_fastrtps_c.h
[1.054s] -- Up-to-date symlink: /home/ovsj/Code/AutonomousBlueye/install/robot_interfaces/include/robot_interfaces/robot_interfaces/msg/detail/dvl__rosidl_typesupport_fastrtps_c.h
[1.054s] -- Up-to-date symlink: /home/ovsj/Code/AutonomousBlueye/install/robot_interfaces/include/robot_interfaces/robot_interfaces/msg/detail/median_chain_pos__rosidl_typesupport_fastrtps_c.h
[1.054s] -- Up-to-date symlink: /home/ovsj/Code/AutonomousBlueye/install/robot_interfaces/include/robot_interfaces/robot_interfaces/msg/detail/thresh_chain_pos__rosidl_typesupport_fastrtps_c.h
[1.054s] -- Up-to-date symlink: /home/ovsj/Code/AutonomousBlueye/install/robot_interfaces/include/robot_interfaces/robot_interfaces/msg/detail/yolo_box__rosidl_typesupport_fastrtps_c.h
[1.055s] -- Up-to-date symlink: /home/ovsj/Code/AutonomousBlueye/install/robot_interfaces/include/robot_interfaces/robot_interfaces/msg/detail/yolo_canny_chain_pose__rosidl_typesupport_fastrtps_c.h
[1.080s] -- Up-to-date symlink: /home/ovsj/Code/AutonomousBlueye/install/robot_interfaces/include/robot_interfaces/robot_interfaces/msg/detail/yolo_chain_pose__rosidl_typesupport_fastrtps_c.h
[1.080s] -- Up-to-date symlink: /home/ovsj/Code/AutonomousBlueye/install/robot_interfaces/include/robot_interfaces/robot_interfaces/msg/detail/yolo_median_chain_pose__rosidl_typesupport_fastrtps_c.h
[1.080s] -- Up-to-date symlink: /home/ovsj/Code/AutonomousBlueye/install/robot_interfaces/include/robot_interfaces/robot_interfaces/msg/detail/yolo_thresh_chain_pose__rosidl_typesupport_fastrtps_c.h
[1.080s] -- Up-to-date symlink: /home/ovsj/Code/AutonomousBlueye/install/robot_interfaces/include/robot_interfaces/robot_interfaces/msg/rosidl_typesupport_fastrtps_c__visibility_control.h
[1.080s] -- Up-to-date symlink: /home/ovsj/Code/AutonomousBlueye/install/robot_interfaces/include/robot_interfaces/robot_interfaces/srv/detail/add_waypoint__rosidl_typesupport_fastrtps_c.h
[1.080s] -- Up-to-date symlink: /home/ovsj/Code/AutonomousBlueye/install/robot_interfaces/include/robot_interfaces/robot_interfaces/srv/detail/clear_waypoints__rosidl_typesupport_fastrtps_c.h
[1.080s] -- Up-to-date symlink: /home/ovsj/Code/AutonomousBlueye/install/robot_interfaces/include/robot_interfaces/robot_interfaces/srv/detail/print_waypoints__rosidl_typesupport_fastrtps_c.h
[1.080s] -- Up-to-date symlink: /home/ovsj/Code/AutonomousBlueye/install/robot_interfaces/include/robot_interfaces/robot_interfaces/srv/detail/remove_waypoint__rosidl_typesupport_fastrtps_c.h
[1.080s] -- Up-to-date symlink: /home/ovsj/Code/AutonomousBlueye/install/robot_interfaces/include/robot_interfaces/robot_interfaces/srv/detail/set_state__rosidl_typesupport_fastrtps_c.h
[1.080s] -- Up-to-date symlink: /home/ovsj/Code/AutonomousBlueye/install/robot_interfaces/include/robot_interfaces/robot_interfaces/msg/canny_chain_pos.hpp
[1.080s] -- Up-to-date symlink: /home/ovsj/Code/AutonomousBlueye/install/robot_interfaces/include/robot_interfaces/robot_interfaces/msg/chain_pos.hpp
[1.081s] -- Up-to-date symlink: /home/ovsj/Code/AutonomousBlueye/install/robot_interfaces/include/robot_interfaces/robot_interfaces/msg/desired_forces.hpp
[1.081s] -- Up-to-date symlink: /home/ovsj/Code/AutonomousBlueye/install/robot_interfaces/include/robot_interfaces/robot_interfaces/msg/desired_velocity.hpp
[1.081s] -- Up-to-date symlink: /home/ovsj/Code/AutonomousBlueye/install/robot_interfaces/include/robot_interfaces/robot_interfaces/msg/detail/canny_chain_pos__builder.hpp
[1.081s] -- Up-to-date symlink: /home/ovsj/Code/AutonomousBlueye/install/robot_interfaces/include/robot_interfaces/robot_interfaces/msg/detail/canny_chain_pos__struct.hpp
[1.081s] -- Up-to-date symlink: /home/ovsj/Code/AutonomousBlueye/install/robot_interfaces/include/robot_interfaces/robot_interfaces/msg/detail/canny_chain_pos__traits.hpp
[1.081s] -- Up-to-date symlink: /home/ovsj/Code/AutonomousBlueye/install/robot_interfaces/include/robot_interfaces/robot_interfaces/msg/detail/canny_chain_pos__type_support.hpp
[1.081s] -- Up-to-date symlink: /home/ovsj/Code/AutonomousBlueye/install/robot_interfaces/include/robot_interfaces/robot_interfaces/msg/detail/chain_pos__builder.hpp
[1.081s] -- Up-to-date symlink: /home/ovsj/Code/AutonomousBlueye/install/robot_interfaces/include/robot_interfaces/robot_interfaces/msg/detail/chain_pos__struct.hpp
[1.081s] -- Up-to-date symlink: /home/ovsj/Code/AutonomousBlueye/install/robot_interfaces/include/robot_interfaces/robot_interfaces/msg/detail/chain_pos__traits.hpp
[1.081s] -- Up-to-date symlink: /home/ovsj/Code/AutonomousBlueye/install/robot_interfaces/include/robot_interfaces/robot_interfaces/msg/detail/chain_pos__type_support.hpp
[1.081s] -- Up-to-date symlink: /home/ovsj/Code/AutonomousBlueye/install/robot_interfaces/include/robot_interfaces/robot_interfaces/msg/detail/desired_forces__builder.hpp
[1.081s] -- Up-to-date symlink: /home/ovsj/Code/AutonomousBlueye/install/robot_interfaces/include/robot_interfaces/robot_interfaces/msg/detail/desired_forces__struct.hpp
[1.081s] -- Up-to-date symlink: /home/ovsj/Code/AutonomousBlueye/install/robot_interfaces/include/robot_interfaces/robot_interfaces/msg/detail/desired_forces__traits.hpp
[1.081s] -- Up-to-date symlink: /home/ovsj/Code/AutonomousBlueye/install/robot_interfaces/include/robot_interfaces/robot_interfaces/msg/detail/desired_forces__type_support.hpp
[1.081s] -- Up-to-date symlink: /home/ovsj/Code/AutonomousBlueye/install/robot_interfaces/include/robot_interfaces/robot_interfaces/msg/detail/desired_velocity__builder.hpp
[1.081s] -- Up-to-date symlink: /home/ovsj/Code/AutonomousBlueye/install/robot_interfaces/include/robot_interfaces/robot_interfaces/msg/detail/desired_velocity__struct.hpp
[1.081s] -- Up-to-date symlink: /home/ovsj/Code/AutonomousBlueye/install/robot_interfaces/include/robot_interfaces/robot_interfaces/msg/detail/desired_velocity__traits.hpp
[1.081s] -- Up-to-date symlink: /home/ovsj/Code/AutonomousBlueye/install/robot_interfaces/include/robot_interfaces/robot_interfaces/msg/detail/desired_velocity__type_support.hpp
[1.081s] -- Up-to-date symlink: /home/ovsj/Code/AutonomousBlueye/install/robot_interfaces/include/robot_interfaces/robot_interfaces/msg/detail/dvl__builder.hpp
[1.081s] -- Up-to-date symlink: /home/ovsj/Code/AutonomousBlueye/install/robot_interfaces/include/robot_interfaces/robot_interfaces/msg/detail/dvl__struct.hpp
[1.081s] -- Up-to-date symlink: /home/ovsj/Code/AutonomousBlueye/install/robot_interfaces/include/robot_interfaces/robot_interfaces/msg/detail/dvl__traits.hpp
[1.081s] -- Up-to-date symlink: /home/ovsj/Code/AutonomousBlueye/install/robot_interfaces/include/robot_interfaces/robot_interfaces/msg/detail/dvl__type_support.hpp
[1.081s] -- Up-to-date symlink: /home/ovsj/Code/AutonomousBlueye/install/robot_interfaces/include/robot_interfaces/robot_interfaces/msg/detail/median_chain_pos__builder.hpp
[1.081s] -- Up-to-date symlink: /home/ovsj/Code/AutonomousBlueye/install/robot_interfaces/include/robot_interfaces/robot_interfaces/msg/detail/median_chain_pos__struct.hpp
[1.087s] -- Up-to-date symlink: /home/ovsj/Code/AutonomousBlueye/install/robot_interfaces/include/robot_interfaces/robot_interfaces/msg/detail/median_chain_pos__traits.hpp
[1.087s] -- Up-to-date symlink: /home/ovsj/Code/AutonomousBlueye/install/robot_interfaces/include/robot_interfaces/robot_interfaces/msg/detail/median_chain_pos__type_support.hpp
[1.087s] -- Up-to-date symlink: /home/ovsj/Code/AutonomousBlueye/install/robot_interfaces/include/robot_interfaces/robot_interfaces/msg/detail/thresh_chain_pos__builder.hpp
[1.087s] -- Up-to-date symlink: /home/ovsj/Code/AutonomousBlueye/install/robot_interfaces/include/robot_interfaces/robot_interfaces/msg/detail/thresh_chain_pos__struct.hpp
[1.087s] -- Up-to-date symlink: /home/ovsj/Code/AutonomousBlueye/install/robot_interfaces/include/robot_interfaces/robot_interfaces/msg/detail/thresh_chain_pos__traits.hpp
[1.087s] -- Up-to-date symlink: /home/ovsj/Code/AutonomousBlueye/install/robot_interfaces/include/robot_interfaces/robot_interfaces/msg/detail/thresh_chain_pos__type_support.hpp
[1.088s] -- Up-to-date symlink: /home/ovsj/Code/AutonomousBlueye/install/robot_interfaces/include/robot_interfaces/robot_interfaces/msg/detail/yolo_box__builder.hpp
[1.088s] -- Up-to-date symlink: /home/ovsj/Code/AutonomousBlueye/install/robot_interfaces/include/robot_interfaces/robot_interfaces/msg/detail/yolo_box__struct.hpp
[1.088s] -- Up-to-date symlink: /home/ovsj/Code/AutonomousBlueye/install/robot_interfaces/include/robot_interfaces/robot_interfaces/msg/detail/yolo_box__traits.hpp
[1.088s] -- Up-to-date symlink: /home/ovsj/Code/AutonomousBlueye/install/robot_interfaces/include/robot_interfaces/robot_interfaces/msg/detail/yolo_box__type_support.hpp
[1.088s] -- Up-to-date symlink: /home/ovsj/Code/AutonomousBlueye/install/robot_interfaces/include/robot_interfaces/robot_interfaces/msg/detail/yolo_canny_chain_pose__builder.hpp
[1.088s] -- Up-to-date symlink: /home/ovsj/Code/AutonomousBlueye/install/robot_interfaces/include/robot_interfaces/robot_interfaces/msg/detail/yolo_canny_chain_pose__struct.hpp
[1.088s] -- Up-to-date symlink: /home/ovsj/Code/AutonomousBlueye/install/robot_interfaces/include/robot_interfaces/robot_interfaces/msg/detail/yolo_canny_chain_pose__traits.hpp
[1.088s] -- Up-to-date symlink: /home/ovsj/Code/AutonomousBlueye/install/robot_interfaces/include/robot_interfaces/robot_interfaces/msg/detail/yolo_canny_chain_pose__type_support.hpp
[1.088s] -- Up-to-date symlink: /home/ovsj/Code/AutonomousBlueye/install/robot_interfaces/include/robot_interfaces/robot_interfaces/msg/detail/yolo_chain_pose__builder.hpp
[1.088s] -- Up-to-date symlink: /home/ovsj/Code/AutonomousBlueye/install/robot_interfaces/include/robot_interfaces/robot_interfaces/msg/detail/yolo_chain_pose__struct.hpp
[1.089s] -- Up-to-date symlink: /home/ovsj/Code/AutonomousBlueye/install/robot_interfaces/include/robot_interfaces/robot_interfaces/msg/detail/yolo_chain_pose__traits.hpp
[1.099s] -- Up-to-date symlink: /home/ovsj/Code/AutonomousBlueye/install/robot_interfaces/include/robot_interfaces/robot_interfaces/msg/detail/yolo_chain_pose__type_support.hpp
[1.100s] -- Up-to-date symlink: /home/ovsj/Code/AutonomousBlueye/install/robot_interfaces/include/robot_interfaces/robot_interfaces/msg/detail/yolo_median_chain_pose__builder.hpp
[1.101s] -- Up-to-date symlink: /home/ovsj/Code/AutonomousBlueye/install/robot_interfaces/include/robot_interfaces/robot_interfaces/msg/detail/yolo_median_chain_pose__struct.hpp
[1.104s] -- Up-to-date symlink: /home/ovsj/Code/AutonomousBlueye/install/robot_interfaces/include/robot_interfaces/robot_interfaces/msg/detail/yolo_median_chain_pose__traits.hpp
[1.104s] -- Up-to-date symlink: /home/ovsj/Code/AutonomousBlueye/install/robot_interfaces/include/robot_interfaces/robot_interfaces/msg/detail/yolo_median_chain_pose__type_support.hpp
[1.105s] -- Up-to-date symlink: /home/ovsj/Code/AutonomousBlueye/install/robot_interfaces/include/robot_interfaces/robot_interfaces/msg/detail/yolo_thresh_chain_pose__builder.hpp
[1.105s] -- Up-to-date symlink: /home/ovsj/Code/AutonomousBlueye/install/robot_interfaces/include/robot_interfaces/robot_interfaces/msg/detail/yolo_thresh_chain_pose__struct.hpp
[1.105s] -- Up-to-date symlink: /home/ovsj/Code/AutonomousBlueye/install/robot_interfaces/include/robot_interfaces/robot_interfaces/msg/detail/yolo_thresh_chain_pose__traits.hpp
[1.106s] -- Up-to-date symlink: /home/ovsj/Code/AutonomousBlueye/install/robot_interfaces/include/robot_interfaces/robot_interfaces/msg/detail/yolo_thresh_chain_pose__type_support.hpp
[1.106s] -- Up-to-date symlink: /home/ovsj/Code/AutonomousBlueye/install/robot_interfaces/include/robot_interfaces/robot_interfaces/msg/dvl.hpp
[1.106s] -- Up-to-date symlink: /home/ovsj/Code/AutonomousBlueye/install/robot_interfaces/include/robot_interfaces/robot_interfaces/msg/median_chain_pos.hpp
[1.106s] -- Up-to-date symlink: /home/ovsj/Code/AutonomousBlueye/install/robot_interfaces/include/robot_interfaces/robot_interfaces/msg/rosidl_generator_cpp__visibility_control.hpp
[1.106s] -- Up-to-date symlink: /home/ovsj/Code/AutonomousBlueye/install/robot_interfaces/include/robot_interfaces/robot_interfaces/msg/thresh_chain_pos.hpp
[1.107s] -- Up-to-date symlink: /home/ovsj/Code/AutonomousBlueye/install/robot_interfaces/include/robot_interfaces/robot_interfaces/msg/yolo_box.hpp
[1.107s] -- Up-to-date symlink: /home/ovsj/Code/AutonomousBlueye/install/robot_interfaces/include/robot_interfaces/robot_interfaces/msg/yolo_canny_chain_pose.hpp
[1.107s] -- Up-to-date symlink: /home/ovsj/Code/AutonomousBlueye/install/robot_interfaces/include/robot_interfaces/robot_interfaces/msg/yolo_chain_pose.hpp
[1.115s] -- Up-to-date symlink: /home/ovsj/Code/AutonomousBlueye/install/robot_interfaces/include/robot_interfaces/robot_interfaces/msg/yolo_median_chain_pose.hpp
[1.115s] -- Up-to-date symlink: /home/ovsj/Code/AutonomousBlueye/install/robot_interfaces/include/robot_interfaces/robot_interfaces/msg/yolo_thresh_chain_pose.hpp
[1.115s] -- Up-to-date symlink: /home/ovsj/Code/AutonomousBlueye/install/robot_interfaces/include/robot_interfaces/robot_interfaces/srv/add_waypoint.hpp
[1.115s] -- Up-to-date symlink: /home/ovsj/Code/AutonomousBlueye/install/robot_interfaces/include/robot_interfaces/robot_interfaces/srv/clear_waypoints.hpp
[1.115s] -- Up-to-date symlink: /home/ovsj/Code/AutonomousBlueye/install/robot_interfaces/include/robot_interfaces/robot_interfaces/srv/detail/add_waypoint__builder.hpp
[1.115s] -- Up-to-date symlink: /home/ovsj/Code/AutonomousBlueye/install/robot_interfaces/include/robot_interfaces/robot_interfaces/srv/detail/add_waypoint__struct.hpp
[1.115s] -- Up-to-date symlink: /home/ovsj/Code/AutonomousBlueye/install/robot_interfaces/include/robot_interfaces/robot_interfaces/srv/detail/add_waypoint__traits.hpp
[1.115s] -- Up-to-date symlink: /home/ovsj/Code/AutonomousBlueye/install/robot_interfaces/include/robot_interfaces/robot_interfaces/srv/detail/add_waypoint__type_support.hpp
[1.115s] -- Up-to-date symlink: /home/ovsj/Code/AutonomousBlueye/install/robot_interfaces/include/robot_interfaces/robot_interfaces/srv/detail/clear_waypoints__builder.hpp
[1.115s] -- Up-to-date symlink: /home/ovsj/Code/AutonomousBlueye/install/robot_interfaces/include/robot_interfaces/robot_interfaces/srv/detail/clear_waypoints__struct.hpp
[1.115s] -- Up-to-date symlink: /home/ovsj/Code/AutonomousBlueye/install/robot_interfaces/include/robot_interfaces/robot_interfaces/srv/detail/clear_waypoints__traits.hpp
[1.115s] -- Up-to-date symlink: /home/ovsj/Code/AutonomousBlueye/install/robot_interfaces/include/robot_interfaces/robot_interfaces/srv/detail/clear_waypoints__type_support.hpp
[1.115s] -- Up-to-date symlink: /home/ovsj/Code/AutonomousBlueye/install/robot_interfaces/include/robot_interfaces/robot_interfaces/srv/detail/print_waypoints__builder.hpp
[1.115s] -- Up-to-date symlink: /home/ovsj/Code/AutonomousBlueye/install/robot_interfaces/include/robot_interfaces/robot_interfaces/srv/detail/print_waypoints__struct.hpp
[1.115s] -- Up-to-date symlink: /home/ovsj/Code/AutonomousBlueye/install/robot_interfaces/include/robot_interfaces/robot_interfaces/srv/detail/print_waypoints__traits.hpp
[1.115s] -- Up-to-date symlink: /home/ovsj/Code/AutonomousBlueye/install/robot_interfaces/include/robot_interfaces/robot_interfaces/srv/detail/print_waypoints__type_support.hpp
[1.115s] -- Up-to-date symlink: /home/ovsj/Code/AutonomousBlueye/install/robot_interfaces/include/robot_interfaces/robot_interfaces/srv/detail/remove_waypoint__builder.hpp
[1.115s] -- Up-to-date symlink: /home/ovsj/Code/AutonomousBlueye/install/robot_interfaces/include/robot_interfaces/robot_interfaces/srv/detail/remove_waypoint__struct.hpp
[1.115s] -- Up-to-date symlink: /home/ovsj/Code/AutonomousBlueye/install/robot_interfaces/include/robot_interfaces/robot_interfaces/srv/detail/remove_waypoint__traits.hpp
[1.115s] -- Up-to-date symlink: /home/ovsj/Code/AutonomousBlueye/install/robot_interfaces/include/robot_interfaces/robot_interfaces/srv/detail/remove_waypoint__type_support.hpp
[1.115s] -- Up-to-date symlink: /home/ovsj/Code/AutonomousBlueye/install/robot_interfaces/include/robot_interfaces/robot_interfaces/srv/detail/set_state__builder.hpp
[1.115s] -- Up-to-date symlink: /home/ovsj/Code/AutonomousBlueye/install/robot_interfaces/include/robot_interfaces/robot_interfaces/srv/detail/set_state__struct.hpp
[1.115s] -- Up-to-date symlink: /home/ovsj/Code/AutonomousBlueye/install/robot_interfaces/include/robot_interfaces/robot_interfaces/srv/detail/set_state__traits.hpp
[1.115s] -- Up-to-date symlink: /home/ovsj/Code/AutonomousBlueye/install/robot_interfaces/include/robot_interfaces/robot_interfaces/srv/detail/set_state__type_support.hpp
[1.115s] -- Up-to-date symlink: /home/ovsj/Code/AutonomousBlueye/install/robot_interfaces/include/robot_interfaces/robot_interfaces/srv/print_waypoints.hpp
[1.115s] -- Up-to-date symlink: /home/ovsj/Code/AutonomousBlueye/install/robot_interfaces/include/robot_interfaces/robot_interfaces/srv/remove_waypoint.hpp
[1.115s] -- Up-to-date symlink: /home/ovsj/Code/AutonomousBlueye/install/robot_interfaces/include/robot_interfaces/robot_interfaces/srv/set_state.hpp
[1.116s] -- Up-to-date symlink: /home/ovsj/Code/AutonomousBlueye/install/robot_interfaces/include/robot_interfaces/robot_interfaces/msg/detail/canny_chain_pos__rosidl_typesupport_fastrtps_cpp.hpp
[1.116s] -- Up-to-date symlink: /home/ovsj/Code/AutonomousBlueye/install/robot_interfaces/include/robot_interfaces/robot_interfaces/msg/detail/chain_pos__rosidl_typesupport_fastrtps_cpp.hpp
[1.116s] -- Up-to-date symlink: /home/ovsj/Code/AutonomousBlueye/install/robot_interfaces/include/robot_interfaces/robot_interfaces/msg/detail/desired_forces__rosidl_typesupport_fastrtps_cpp.hpp
[1.116s] -- Up-to-date symlink: /home/ovsj/Code/AutonomousBlueye/install/robot_interfaces/include/robot_interfaces/robot_interfaces/msg/detail/desired_velocity__rosidl_typesupport_fastrtps_cpp.hpp
[1.116s] -- Up-to-date symlink: /home/ovsj/Code/AutonomousBlueye/install/robot_interfaces/include/robot_interfaces/robot_interfaces/msg/detail/dvl__rosidl_typesupport_fastrtps_cpp.hpp
[1.116s] -- Up-to-date symlink: /home/ovsj/Code/AutonomousBlueye/install/robot_interfaces/include/robot_interfaces/robot_interfaces/msg/detail/median_chain_pos__rosidl_typesupport_fastrtps_cpp.hpp
[1.116s] -- Up-to-date symlink: /home/ovsj/Code/AutonomousBlueye/install/robot_interfaces/include/robot_interfaces/robot_interfaces/msg/detail/thresh_chain_pos__rosidl_typesupport_fastrtps_cpp.hpp
[1.116s] -- Up-to-date symlink: /home/ovsj/Code/AutonomousBlueye/install/robot_interfaces/include/robot_interfaces/robot_interfaces/msg/detail/yolo_box__rosidl_typesupport_fastrtps_cpp.hpp
[1.116s] -- Up-to-date symlink: /home/ovsj/Code/AutonomousBlueye/install/robot_interfaces/include/robot_interfaces/robot_interfaces/msg/detail/yolo_canny_chain_pose__rosidl_typesupport_fastrtps_cpp.hpp
[1.116s] -- Up-to-date symlink: /home/ovsj/Code/AutonomousBlueye/install/robot_interfaces/include/robot_interfaces/robot_interfaces/msg/detail/yolo_chain_pose__rosidl_typesupport_fastrtps_cpp.hpp
[1.116s] -- Up-to-date symlink: /home/ovsj/Code/AutonomousBlueye/install/robot_interfaces/include/robot_interfaces/robot_interfaces/msg/detail/yolo_median_chain_pose__rosidl_typesupport_fastrtps_cpp.hpp
[1.116s] -- Up-to-date symlink: /home/ovsj/Code/AutonomousBlueye/install/robot_interfaces/include/robot_interfaces/robot_interfaces/msg/detail/yolo_thresh_chain_pose__rosidl_typesupport_fastrtps_cpp.hpp
[1.116s] -- Up-to-date symlink: /home/ovsj/Code/AutonomousBlueye/install/robot_interfaces/include/robot_interfaces/robot_interfaces/msg/rosidl_typesupport_fastrtps_cpp__visibility_control.h
[1.116s] -- Up-to-date symlink: /home/ovsj/Code/AutonomousBlueye/install/robot_interfaces/include/robot_interfaces/robot_interfaces/srv/detail/add_waypoint__rosidl_typesupport_fastrtps_cpp.hpp
[1.116s] -- Up-to-date symlink: /home/ovsj/Code/AutonomousBlueye/install/robot_interfaces/include/robot_interfaces/robot_interfaces/srv/detail/clear_waypoints__rosidl_typesupport_fastrtps_cpp.hpp
[1.116s] -- Up-to-date symlink: /home/ovsj/Code/AutonomousBlueye/install/robot_interfaces/include/robot_interfaces/robot_interfaces/srv/detail/print_waypoints__rosidl_typesupport_fastrtps_cpp.hpp
[1.116s] -- Up-to-date symlink: /home/ovsj/Code/AutonomousBlueye/install/robot_interfaces/include/robot_interfaces/robot_interfaces/srv/detail/remove_waypoint__rosidl_typesupport_fastrtps_cpp.hpp
[1.116s] -- Up-to-date symlink: /home/ovsj/Code/AutonomousBlueye/install/robot_interfaces/include/robot_interfaces/robot_interfaces/srv/detail/set_state__rosidl_typesupport_fastrtps_cpp.hpp
[1.116s] -- Up-to-date symlink: /home/ovsj/Code/AutonomousBlueye/install/robot_interfaces/include/robot_interfaces/robot_interfaces/msg/detail/canny_chain_pos__rosidl_typesupport_introspection_c.h
[1.116s] -- Up-to-date symlink: /home/ovsj/Code/AutonomousBlueye/install/robot_interfaces/include/robot_interfaces/robot_interfaces/msg/detail/chain_pos__rosidl_typesupport_introspection_c.h
[1.116s] -- Up-to-date symlink: /home/ovsj/Code/AutonomousBlueye/install/robot_interfaces/include/robot_interfaces/robot_interfaces/msg/detail/desired_forces__rosidl_typesupport_introspection_c.h
[1.116s] -- Up-to-date symlink: /home/ovsj/Code/AutonomousBlueye/install/robot_interfaces/include/robot_interfaces/robot_interfaces/msg/detail/desired_velocity__rosidl_typesupport_introspection_c.h
[1.116s] -- Up-to-date symlink: /home/ovsj/Code/AutonomousBlueye/install/robot_interfaces/include/robot_interfaces/robot_interfaces/msg/detail/dvl__rosidl_typesupport_introspection_c.h
[1.116s] -- Up-to-date symlink: /home/ovsj/Code/AutonomousBlueye/install/robot_interfaces/include/robot_interfaces/robot_interfaces/msg/detail/median_chain_pos__rosidl_typesupport_introspection_c.h
[1.116s] -- Up-to-date symlink: /home/ovsj/Code/AutonomousBlueye/install/robot_interfaces/include/robot_interfaces/robot_interfaces/msg/detail/thresh_chain_pos__rosidl_typesupport_introspection_c.h
[1.116s] -- Up-to-date symlink: /home/ovsj/Code/AutonomousBlueye/install/robot_interfaces/include/robot_interfaces/robot_interfaces/msg/detail/yolo_box__rosidl_typesupport_introspection_c.h
[1.116s] -- Up-to-date symlink: /home/ovsj/Code/AutonomousBlueye/install/robot_interfaces/include/robot_interfaces/robot_interfaces/msg/detail/yolo_canny_chain_pose__rosidl_typesupport_introspection_c.h
[1.116s] -- Up-to-date symlink: /home/ovsj/Code/AutonomousBlueye/install/robot_interfaces/include/robot_interfaces/robot_interfaces/msg/detail/yolo_chain_pose__rosidl_typesupport_introspection_c.h
[1.116s] -- Up-to-date symlink: /home/ovsj/Code/AutonomousBlueye/install/robot_interfaces/include/robot_interfaces/robot_interfaces/msg/detail/yolo_median_chain_pose__rosidl_typesupport_introspection_c.h
[1.116s] -- Up-to-date symlink: /home/ovsj/Code/AutonomousBlueye/install/robot_interfaces/include/robot_interfaces/robot_interfaces/msg/detail/yolo_thresh_chain_pose__rosidl_typesupport_introspection_c.h
[1.116s] -- Up-to-date symlink: /home/ovsj/Code/AutonomousBlueye/install/robot_interfaces/include/robot_interfaces/robot_interfaces/msg/rosidl_typesupport_introspection_c__visibility_control.h
[1.116s] -- Up-to-date symlink: /home/ovsj/Code/AutonomousBlueye/install/robot_interfaces/include/robot_interfaces/robot_interfaces/srv/detail/add_waypoint__rosidl_typesupport_introspection_c.h
[1.116s] -- Up-to-date symlink: /home/ovsj/Code/AutonomousBlueye/install/robot_interfaces/include/robot_interfaces/robot_interfaces/srv/detail/clear_waypoints__rosidl_typesupport_introspection_c.h
[1.116s] -- Up-to-date symlink: /home/ovsj/Code/AutonomousBlueye/install/robot_interfaces/include/robot_interfaces/robot_interfaces/srv/detail/print_waypoints__rosidl_typesupport_introspection_c.h
[1.116s] -- Up-to-date symlink: /home/ovsj/Code/AutonomousBlueye/install/robot_interfaces/include/robot_interfaces/robot_interfaces/srv/detail/remove_waypoint__rosidl_typesupport_introspection_c.h
[1.117s] -- Up-to-date symlink: /home/ovsj/Code/AutonomousBlueye/install/robot_interfaces/include/robot_interfaces/robot_interfaces/srv/detail/set_state__rosidl_typesupport_introspection_c.h
[1.117s] -- Up-to-date symlink: /home/ovsj/Code/AutonomousBlueye/install/robot_interfaces/include/robot_interfaces/robot_interfaces/msg/detail/canny_chain_pos__rosidl_typesupport_introspection_cpp.hpp
[1.131s] -- Up-to-date symlink: /home/ovsj/Code/AutonomousBlueye/install/robot_interfaces/include/robot_interfaces/robot_interfaces/msg/detail/chain_pos__rosidl_typesupport_introspection_cpp.hpp
[1.140s] -- Up-to-date symlink: /home/ovsj/Code/AutonomousBlueye/install/robot_interfaces/include/robot_interfaces/robot_interfaces/msg/detail/desired_forces__rosidl_typesupport_introspection_cpp.hpp
[1.140s] -- Up-to-date symlink: /home/ovsj/Code/AutonomousBlueye/install/robot_interfaces/include/robot_interfaces/robot_interfaces/msg/detail/desired_velocity__rosidl_typesupport_introspection_cpp.hpp
[1.140s] -- Up-to-date symlink: /home/ovsj/Code/AutonomousBlueye/install/robot_interfaces/include/robot_interfaces/robot_interfaces/msg/detail/dvl__rosidl_typesupport_introspection_cpp.hpp
[1.140s] -- Up-to-date symlink: /home/ovsj/Code/AutonomousBlueye/install/robot_interfaces/include/robot_interfaces/robot_interfaces/msg/detail/median_chain_pos__rosidl_typesupport_introspection_cpp.hpp
[1.140s] -- Up-to-date symlink: /home/ovsj/Code/AutonomousBlueye/install/robot_interfaces/include/robot_interfaces/robot_interfaces/msg/detail/thresh_chain_pos__rosidl_typesupport_introspection_cpp.hpp
[1.140s] -- Up-to-date symlink: /home/ovsj/Code/AutonomousBlueye/install/robot_interfaces/include/robot_interfaces/robot_interfaces/msg/detail/yolo_box__rosidl_typesupport_introspection_cpp.hpp
[1.140s] -- Up-to-date symlink: /home/ovsj/Code/AutonomousBlueye/install/robot_interfaces/include/robot_interfaces/robot_interfaces/msg/detail/yolo_canny_chain_pose__rosidl_typesupport_introspection_cpp.hpp
[1.140s] -- Up-to-date symlink: /home/ovsj/Code/AutonomousBlueye/install/robot_interfaces/include/robot_interfaces/robot_interfaces/msg/detail/yolo_chain_pose__rosidl_typesupport_introspection_cpp.hpp
[1.140s] -- Up-to-date symlink: /home/ovsj/Code/AutonomousBlueye/install/robot_interfaces/include/robot_interfaces/robot_interfaces/msg/detail/yolo_median_chain_pose__rosidl_typesupport_introspection_cpp.hpp
[1.140s] -- Up-to-date symlink: /home/ovsj/Code/AutonomousBlueye/install/robot_interfaces/include/robot_interfaces/robot_interfaces/msg/detail/yolo_thresh_chain_pose__rosidl_typesupport_introspection_cpp.hpp
[1.140s] -- Up-to-date symlink: /home/ovsj/Code/AutonomousBlueye/install/robot_interfaces/include/robot_interfaces/robot_interfaces/srv/detail/add_waypoint__rosidl_typesupport_introspection_cpp.hpp
[1.140s] -- Up-to-date symlink: /home/ovsj/Code/AutonomousBlueye/install/robot_interfaces/include/robot_interfaces/robot_interfaces/srv/detail/clear_waypoints__rosidl_typesupport_introspection_cpp.hpp
[1.140s] -- Up-to-date symlink: /home/ovsj/Code/AutonomousBlueye/install/robot_interfaces/include/robot_interfaces/robot_interfaces/srv/detail/print_waypoints__rosidl_typesupport_introspection_cpp.hpp
[1.140s] -- Up-to-date symlink: /home/ovsj/Code/AutonomousBlueye/install/robot_interfaces/include/robot_interfaces/robot_interfaces/srv/detail/remove_waypoint__rosidl_typesupport_introspection_cpp.hpp
[1.140s] -- Up-to-date symlink: /home/ovsj/Code/AutonomousBlueye/install/robot_interfaces/include/robot_interfaces/robot_interfaces/srv/detail/set_state__rosidl_typesupport_introspection_cpp.hpp
[1.140s] -- Up-to-date symlink: /home/ovsj/Code/AutonomousBlueye/install/robot_interfaces/share/robot_interfaces/environment/pythonpath.sh
[1.144s] -- Up-to-date symlink: /home/ovsj/Code/AutonomousBlueye/install/robot_interfaces/share/robot_interfaces/environment/pythonpath.dsv
[1.145s] -- Up-to-date symlink: /home/ovsj/Code/AutonomousBlueye/install/robot_interfaces/local/lib/python3.10/dist-packages/robot_interfaces-0.0.0-py3.10.egg-info/PKG-INFO
[1.145s] -- Up-to-date symlink: /home/ovsj/Code/AutonomousBlueye/install/robot_interfaces/local/lib/python3.10/dist-packages/robot_interfaces-0.0.0-py3.10.egg-info/SOURCES.txt
[1.145s] -- Up-to-date symlink: /home/ovsj/Code/AutonomousBlueye/install/robot_interfaces/local/lib/python3.10/dist-packages/robot_interfaces-0.0.0-py3.10.egg-info/dependency_links.txt
[1.146s] -- Up-to-date symlink: /home/ovsj/Code/AutonomousBlueye/install/robot_interfaces/local/lib/python3.10/dist-packages/robot_interfaces-0.0.0-py3.10.egg-info/top_level.txt
[1.148s] -- Up-to-date symlink: /home/ovsj/Code/AutonomousBlueye/install/robot_interfaces/local/lib/python3.10/dist-packages/robot_interfaces/__init__.py
[1.148s] -- Up-to-date symlink: /home/ovsj/Code/AutonomousBlueye/install/robot_interfaces/local/lib/python3.10/dist-packages/robot_interfaces/_robot_interfaces_s.ep.rosidl_typesupport_c.c
[1.148s] -- Up-to-date symlink: /home/ovsj/Code/AutonomousBlueye/install/robot_interfaces/local/lib/python3.10/dist-packages/robot_interfaces/_robot_interfaces_s.ep.rosidl_typesupport_fastrtps_c.c
[1.148s] -- Up-to-date symlink: /home/ovsj/Code/AutonomousBlueye/install/robot_interfaces/local/lib/python3.10/dist-packages/robot_interfaces/_robot_interfaces_s.ep.rosidl_typesupport_introspection_c.c
[1.148s] -- Up-to-date symlink: /home/ovsj/Code/AutonomousBlueye/install/robot_interfaces/local/lib/python3.10/dist-packages/robot_interfaces/librobot_interfaces__rosidl_generator_py.so
[1.148s] -- Up-to-date symlink: /home/ovsj/Code/AutonomousBlueye/install/robot_interfaces/local/lib/python3.10/dist-packages/robot_interfaces/msg/__init__.py
[1.148s] -- Up-to-date symlink: /home/ovsj/Code/AutonomousBlueye/install/robot_interfaces/local/lib/python3.10/dist-packages/robot_interfaces/msg/_canny_chain_pos.py
[1.148s] -- Up-to-date symlink: /home/ovsj/Code/AutonomousBlueye/install/robot_interfaces/local/lib/python3.10/dist-packages/robot_interfaces/msg/_canny_chain_pos_s.c
[1.148s] -- Up-to-date symlink: /home/ovsj/Code/AutonomousBlueye/install/robot_interfaces/local/lib/python3.10/dist-packages/robot_interfaces/msg/_chain_pos.py
[1.148s] -- Up-to-date symlink: /home/ovsj/Code/AutonomousBlueye/install/robot_interfaces/local/lib/python3.10/dist-packages/robot_interfaces/msg/_chain_pos_s.c
[1.149s] -- Up-to-date symlink: /home/ovsj/Code/AutonomousBlueye/install/robot_interfaces/local/lib/python3.10/dist-packages/robot_interfaces/msg/_desired_forces.py
[1.149s] -- Up-to-date symlink: /home/ovsj/Code/AutonomousBlueye/install/robot_interfaces/local/lib/python3.10/dist-packages/robot_interfaces/msg/_desired_forces_s.c
[1.149s] -- Up-to-date symlink: /home/ovsj/Code/AutonomousBlueye/install/robot_interfaces/local/lib/python3.10/dist-packages/robot_interfaces/msg/_desired_velocity.py
[1.150s] -- Up-to-date symlink: /home/ovsj/Code/AutonomousBlueye/install/robot_interfaces/local/lib/python3.10/dist-packages/robot_interfaces/msg/_desired_velocity_s.c
[1.150s] -- Up-to-date symlink: /home/ovsj/Code/AutonomousBlueye/install/robot_interfaces/local/lib/python3.10/dist-packages/robot_interfaces/msg/_dvl.py
[1.174s] -- Up-to-date symlink: /home/ovsj/Code/AutonomousBlueye/install/robot_interfaces/local/lib/python3.10/dist-packages/robot_interfaces/msg/_dvl_s.c
[1.175s] -- Up-to-date symlink: /home/ovsj/Code/AutonomousBlueye/install/robot_interfaces/local/lib/python3.10/dist-packages/robot_interfaces/msg/_median_chain_pos.py
[1.175s] -- Up-to-date symlink: /home/ovsj/Code/AutonomousBlueye/install/robot_interfaces/local/lib/python3.10/dist-packages/robot_interfaces/msg/_median_chain_pos_s.c
[1.175s] -- Up-to-date symlink: /home/ovsj/Code/AutonomousBlueye/install/robot_interfaces/local/lib/python3.10/dist-packages/robot_interfaces/msg/_thresh_chain_pos.py
[1.175s] -- Up-to-date symlink: /home/ovsj/Code/AutonomousBlueye/install/robot_interfaces/local/lib/python3.10/dist-packages/robot_interfaces/msg/_thresh_chain_pos_s.c
[1.175s] -- Up-to-date symlink: /home/ovsj/Code/AutonomousBlueye/install/robot_interfaces/local/lib/python3.10/dist-packages/robot_interfaces/msg/_yolo_box.py
[1.175s] -- Up-to-date symlink: /home/ovsj/Code/AutonomousBlueye/install/robot_interfaces/local/lib/python3.10/dist-packages/robot_interfaces/msg/_yolo_box_s.c
[1.175s] -- Up-to-date symlink: /home/ovsj/Code/AutonomousBlueye/install/robot_interfaces/local/lib/python3.10/dist-packages/robot_interfaces/msg/_yolo_canny_chain_pose.py
[1.175s] -- Up-to-date symlink: /home/ovsj/Code/AutonomousBlueye/install/robot_interfaces/local/lib/python3.10/dist-packages/robot_interfaces/msg/_yolo_canny_chain_pose_s.c
[1.175s] -- Up-to-date symlink: /home/ovsj/Code/AutonomousBlueye/install/robot_interfaces/local/lib/python3.10/dist-packages/robot_interfaces/msg/_yolo_chain_pose.py
[1.175s] -- Up-to-date symlink: /home/ovsj/Code/AutonomousBlueye/install/robot_interfaces/local/lib/python3.10/dist-packages/robot_interfaces/msg/_yolo_chain_pose_s.c
[1.175s] -- Up-to-date symlink: /home/ovsj/Code/AutonomousBlueye/install/robot_interfaces/local/lib/python3.10/dist-packages/robot_interfaces/msg/_yolo_median_chain_pose.py
[1.175s] -- Up-to-date symlink: /home/ovsj/Code/AutonomousBlueye/install/robot_interfaces/local/lib/python3.10/dist-packages/robot_interfaces/msg/_yolo_median_chain_pose_s.c
[1.175s] -- Up-to-date symlink: /home/ovsj/Code/AutonomousBlueye/install/robot_interfaces/local/lib/python3.10/dist-packages/robot_interfaces/msg/_yolo_thresh_chain_pose.py
[1.175s] -- Up-to-date symlink: /home/ovsj/Code/AutonomousBlueye/install/robot_interfaces/local/lib/python3.10/dist-packages/robot_interfaces/msg/_yolo_thresh_chain_pose_s.c
[1.175s] -- Up-to-date symlink: /home/ovsj/Code/AutonomousBlueye/install/robot_interfaces/local/lib/python3.10/dist-packages/robot_interfaces/robot_interfaces_s__rosidl_typesupport_c.cpython-310-aarch64-linux-gnu.so
[1.181s] -- Up-to-date symlink: /home/ovsj/Code/AutonomousBlueye/install/robot_interfaces/local/lib/python3.10/dist-packages/robot_interfaces/robot_interfaces_s__rosidl_typesupport_fastrtps_c.cpython-310-aarch64-linux-gnu.so
[1.182s] -- Up-to-date symlink: /home/ovsj/Code/AutonomousBlueye/install/robot_interfaces/local/lib/python3.10/dist-packages/robot_interfaces/robot_interfaces_s__rosidl_typesupport_introspection_c.cpython-310-aarch64-linux-gnu.so
[1.182s] -- Up-to-date symlink: /home/ovsj/Code/AutonomousBlueye/install/robot_interfaces/local/lib/python3.10/dist-packages/robot_interfaces/srv/__init__.py
[1.182s] -- Up-to-date symlink: /home/ovsj/Code/AutonomousBlueye/install/robot_interfaces/local/lib/python3.10/dist-packages/robot_interfaces/srv/_add_waypoint.py
[1.182s] -- Up-to-date symlink: /home/ovsj/Code/AutonomousBlueye/install/robot_interfaces/local/lib/python3.10/dist-packages/robot_interfaces/srv/_add_waypoint_s.c
[1.182s] -- Up-to-date symlink: /home/ovsj/Code/AutonomousBlueye/install/robot_interfaces/local/lib/python3.10/dist-packages/robot_interfaces/srv/_clear_waypoints.py
[1.183s] -- Up-to-date symlink: /home/ovsj/Code/AutonomousBlueye/install/robot_interfaces/local/lib/python3.10/dist-packages/robot_interfaces/srv/_clear_waypoints_s.c
[1.183s] -- Up-to-date symlink: /home/ovsj/Code/AutonomousBlueye/install/robot_interfaces/local/lib/python3.10/dist-packages/robot_interfaces/srv/_print_waypoints.py
[1.183s] -- Up-to-date symlink: /home/ovsj/Code/AutonomousBlueye/install/robot_interfaces/local/lib/python3.10/dist-packages/robot_interfaces/srv/_print_waypoints_s.c
[1.183s] -- Up-to-date symlink: /home/ovsj/Code/AutonomousBlueye/install/robot_interfaces/local/lib/python3.10/dist-packages/robot_interfaces/srv/_remove_waypoint.py
[1.183s] -- Up-to-date symlink: /home/ovsj/Code/AutonomousBlueye/install/robot_interfaces/local/lib/python3.10/dist-packages/robot_interfaces/srv/_remove_waypoint_s.c
[1.183s] -- Up-to-date symlink: /home/ovsj/Code/AutonomousBlueye/install/robot_interfaces/local/lib/python3.10/dist-packages/robot_interfaces/srv/_set_state.py
[1.183s] -- Up-to-date symlink: /home/ovsj/Code/AutonomousBlueye/install/robot_interfaces/local/lib/python3.10/dist-packages/robot_interfaces/srv/_set_state_s.c
[1.201s] -- Up-to-date symlink: /home/ovsj/Code/AutonomousBlueye/install/robot_interfaces/local/lib/python3.10/dist-packages/robot_interfaces/robot_interfaces_s__rosidl_typesupport_fastrtps_c.cpython-310-aarch64-linux-gnu.so
[1.201s] -- Up-to-date symlink: /home/ovsj/Code/AutonomousBlueye/install/robot_interfaces/local/lib/python3.10/dist-packages/robot_interfaces/robot_interfaces_s__rosidl_typesupport_introspection_c.cpython-310-aarch64-linux-gnu.so
[1.202s] -- Up-to-date symlink: /home/ovsj/Code/AutonomousBlueye/install/robot_interfaces/local/lib/python3.10/dist-packages/robot_interfaces/robot_interfaces_s__rosidl_typesupport_c.cpython-310-aarch64-linux-gnu.so
[1.202s] -- Up-to-date symlink: /home/ovsj/Code/AutonomousBlueye/install/robot_interfaces/share/robot_interfaces/msg/DVL.idl
[1.202s] -- Up-to-date symlink: /home/ovsj/Code/AutonomousBlueye/install/robot_interfaces/share/robot_interfaces/msg/DesiredVelocity.idl
[1.202s] -- Up-to-date symlink: /home/ovsj/Code/AutonomousBlueye/install/robot_interfaces/share/robot_interfaces/msg/ChainPos.idl
[1.202s] -- Up-to-date symlink: /home/ovsj/Code/AutonomousBlueye/install/robot_interfaces/share/robot_interfaces/msg/YoloChainPose.idl
[1.202s] -- Up-to-date symlink: /home/ovsj/Code/AutonomousBlueye/install/robot_interfaces/share/robot_interfaces/msg/YoloBox.idl
[1.202s] -- Up-to-date symlink: /home/ovsj/Code/AutonomousBlueye/install/robot_interfaces/share/robot_interfaces/msg/YoloCannyChainPose.idl
[1.202s] -- Up-to-date symlink: /home/ovsj/Code/AutonomousBlueye/install/robot_interfaces/share/robot_interfaces/msg/YoloThreshChainPose.idl
[1.202s] -- Up-to-date symlink: /home/ovsj/Code/AutonomousBlueye/install/robot_interfaces/share/robot_interfaces/msg/YoloMedianChainPose.idl
[1.202s] -- Up-to-date symlink: /home/ovsj/Code/AutonomousBlueye/install/robot_interfaces/share/robot_interfaces/msg/ThreshChainPos.idl
[1.202s] -- Up-to-date symlink: /home/ovsj/Code/AutonomousBlueye/install/robot_interfaces/share/robot_interfaces/msg/MedianChainPos.idl
[1.202s] -- Up-to-date symlink: /home/ovsj/Code/AutonomousBlueye/install/robot_interfaces/share/robot_interfaces/msg/CannyChainPos.idl
[1.202s] -- Up-to-date symlink: /home/ovsj/Code/AutonomousBlueye/install/robot_interfaces/share/robot_interfaces/msg/DesiredForces.idl
[1.202s] -- Up-to-date symlink: /home/ovsj/Code/AutonomousBlueye/install/robot_interfaces/share/robot_interfaces/srv/AddWaypoint.idl
[1.203s] -- Up-to-date symlink: /home/ovsj/Code/AutonomousBlueye/install/robot_interfaces/share/robot_interfaces/srv/ClearWaypoints.idl
[1.203s] -- Up-to-date symlink: /home/ovsj/Code/AutonomousBlueye/install/robot_interfaces/share/robot_interfaces/srv/PrintWaypoints.idl
[1.203s] -- Up-to-date symlink: /home/ovsj/Code/AutonomousBlueye/install/robot_interfaces/share/robot_interfaces/srv/RemoveWaypoint.idl
[1.203s] -- Up-to-date symlink: /home/ovsj/Code/AutonomousBlueye/install/robot_interfaces/share/robot_interfaces/srv/SetState.idl
[1.203s] -- Up-to-date symlink: /home/ovsj/Code/AutonomousBlueye/install/robot_interfaces/share/robot_interfaces/msg/DVL.msg
[1.203s] -- Up-to-date symlink: /home/ovsj/Code/AutonomousBlueye/install/robot_interfaces/share/robot_interfaces/msg/DesiredVelocity.msg
[1.203s] -- Up-to-date symlink: /home/ovsj/Code/AutonomousBlueye/install/robot_interfaces/share/robot_interfaces/msg/ChainPos.msg
[1.203s] -- Up-to-date symlink: /home/ovsj/Code/AutonomousBlueye/install/robot_interfaces/share/robot_interfaces/msg/YoloChainPose.msg
[1.203s] -- Up-to-date symlink: /home/ovsj/Code/AutonomousBlueye/install/robot_interfaces/share/robot_interfaces/msg/YoloBox.msg
[1.203s] -- Up-to-date symlink: /home/ovsj/Code/AutonomousBlueye/install/robot_interfaces/share/robot_interfaces/msg/YoloCannyChainPose.msg
[1.203s] -- Up-to-date symlink: /home/ovsj/Code/AutonomousBlueye/install/robot_interfaces/share/robot_interfaces/msg/YoloThreshChainPose.msg
[1.203s] -- Up-to-date symlink: /home/ovsj/Code/AutonomousBlueye/install/robot_interfaces/share/robot_interfaces/msg/YoloMedianChainPose.msg
[1.203s] -- Up-to-date symlink: /home/ovsj/Code/AutonomousBlueye/install/robot_interfaces/share/robot_interfaces/msg/ThreshChainPos.msg
[1.203s] -- Up-to-date symlink: /home/ovsj/Code/AutonomousBlueye/install/robot_interfaces/share/robot_interfaces/msg/MedianChainPos.msg
[1.203s] -- Up-to-date symlink: /home/ovsj/Code/AutonomousBlueye/install/robot_interfaces/share/robot_interfaces/msg/CannyChainPos.msg
[1.203s] -- Up-to-date symlink: /home/ovsj/Code/AutonomousBlueye/install/robot_interfaces/share/robot_interfaces/msg/DesiredForces.msg
[1.203s] -- Up-to-date symlink: /home/ovsj/Code/AutonomousBlueye/install/robot_interfaces/share/robot_interfaces/srv/AddWaypoint.srv
[1.203s] -- Up-to-date symlink: /home/ovsj/Code/AutonomousBlueye/install/robot_interfaces/share/robot_interfaces/srv/AddWaypoint_Request.msg
[1.203s] -- Up-to-date symlink: /home/ovsj/Code/AutonomousBlueye/install/robot_interfaces/share/robot_interfaces/srv/AddWaypoint_Response.msg
[1.203s] -- Up-to-date symlink: /home/ovsj/Code/AutonomousBlueye/install/robot_interfaces/share/robot_interfaces/srv/ClearWaypoints.srv
[1.203s] -- Up-to-date symlink: /home/ovsj/Code/AutonomousBlueye/install/robot_interfaces/share/robot_interfaces/srv/ClearWaypoints_Request.msg
[1.203s] -- Up-to-date symlink: /home/ovsj/Code/AutonomousBlueye/install/robot_interfaces/share/robot_interfaces/srv/ClearWaypoints_Response.msg
[1.203s] -- Up-to-date symlink: /home/ovsj/Code/AutonomousBlueye/install/robot_interfaces/share/robot_interfaces/srv/PrintWaypoints.srv
[1.203s] -- Up-to-date symlink: /home/ovsj/Code/AutonomousBlueye/install/robot_interfaces/share/robot_interfaces/srv/PrintWaypoints_Request.msg
[1.203s] -- Up-to-date symlink: /home/ovsj/Code/AutonomousBlueye/install/robot_interfaces/share/robot_interfaces/srv/PrintWaypoints_Response.msg
[1.203s] -- Up-to-date symlink: /home/ovsj/Code/AutonomousBlueye/install/robot_interfaces/share/robot_interfaces/srv/RemoveWaypoint.srv
[1.203s] -- Up-to-date symlink: /home/ovsj/Code/AutonomousBlueye/install/robot_interfaces/share/robot_interfaces/srv/RemoveWaypoint_Request.msg
[1.203s] -- Up-to-date symlink: /home/ovsj/Code/AutonomousBlueye/install/robot_interfaces/share/robot_interfaces/srv/RemoveWaypoint_Response.msg
[1.203s] -- Up-to-date symlink: /home/ovsj/Code/AutonomousBlueye/install/robot_interfaces/share/robot_interfaces/srv/SetState.srv
[1.204s] -- Up-to-date symlink: /home/ovsj/Code/AutonomousBlueye/install/robot_interfaces/share/robot_interfaces/srv/SetState_Request.msg
[1.204s] -- Up-to-date symlink: /home/ovsj/Code/AutonomousBlueye/install/robot_interfaces/share/robot_interfaces/srv/SetState_Response.msg
[1.204s] -- Up-to-date symlink: /home/ovsj/Code/AutonomousBlueye/install/robot_interfaces/share/ament_index/resource_index/package_run_dependencies/robot_interfaces
[1.204s] -- Up-to-date symlink: /home/ovsj/Code/AutonomousBlueye/install/robot_interfaces/share/ament_index/resource_index/parent_prefix_path/robot_interfaces
[1.204s] -- Up-to-date symlink: /home/ovsj/Code/AutonomousBlueye/install/robot_interfaces/share/robot_interfaces/environment/ament_prefix_path.sh
[1.204s] -- Up-to-date symlink: /home/ovsj/Code/AutonomousBlueye/install/robot_interfaces/share/robot_interfaces/environment/ament_prefix_path.dsv
[1.204s] -- Up-to-date symlink: /home/ovsj/Code/AutonomousBlueye/install/robot_interfaces/share/robot_interfaces/environment/path.sh
[1.204s] -- Up-to-date symlink: /home/ovsj/Code/AutonomousBlueye/install/robot_interfaces/share/robot_interfaces/environment/path.dsv
[1.204s] -- Up-to-date symlink: /home/ovsj/Code/AutonomousBlueye/install/robot_interfaces/share/robot_interfaces/local_setup.bash
[1.204s] -- Up-to-date symlink: /home/ovsj/Code/AutonomousBlueye/install/robot_interfaces/share/robot_interfaces/local_setup.sh
[1.204s] -- Up-to-date symlink: /home/ovsj/Code/AutonomousBlueye/install/robot_interfaces/share/robot_interfaces/local_setup.zsh
[1.204s] -- Up-to-date symlink: /home/ovsj/Code/AutonomousBlueye/install/robot_interfaces/share/robot_interfaces/local_setup.dsv
[1.204s] -- Symlinking: /home/ovsj/Code/AutonomousBlueye/install/robot_interfaces/share/robot_interfaces/package.dsv
[1.214s] -- Up-to-date symlink: /home/ovsj/Code/AutonomousBlueye/install/robot_interfaces/share/ament_index/resource_index/packages/robot_interfaces
[1.214s] -- Up-to-date symlink: /home/ovsj/Code/AutonomousBlueye/install/robot_interfaces/share/robot_interfaces/cmake/rosidl_cmake-extras.cmake
[1.214s] -- Up-to-date symlink: /home/ovsj/Code/AutonomousBlueye/install/robot_interfaces/share/robot_interfaces/cmake/ament_cmake_export_dependencies-extras.cmake
[1.214s] -- Up-to-date symlink: /home/ovsj/Code/AutonomousBlueye/install/robot_interfaces/share/robot_interfaces/cmake/ament_cmake_export_include_directories-extras.cmake
[1.214s] -- Up-to-date symlink: /home/ovsj/Code/AutonomousBlueye/install/robot_interfaces/share/robot_interfaces/cmake/ament_cmake_export_libraries-extras.cmake
[1.214s] -- Up-to-date symlink: /home/ovsj/Code/AutonomousBlueye/install/robot_interfaces/share/robot_interfaces/cmake/ament_cmake_export_targets-extras.cmake
[1.214s] -- Up-to-date symlink: /home/ovsj/Code/AutonomousBlueye/install/robot_interfaces/share/robot_interfaces/cmake/rosidl_cmake_export_typesupport_targets-extras.cmake
[1.214s] -- Up-to-date symlink: /home/ovsj/Code/AutonomousBlueye/install/robot_interfaces/share/robot_interfaces/cmake/rosidl_cmake_export_typesupport_libraries-extras.cmake
[1.214s] -- Up-to-date symlink: /home/ovsj/Code/AutonomousBlueye/install/robot_interfaces/share/robot_interfaces/cmake/robot_interfacesConfig.cmake
[1.214s] -- Up-to-date symlink: /home/ovsj/Code/AutonomousBlueye/install/robot_interfaces/share/robot_interfaces/cmake/robot_interfacesConfig-version.cmake
[1.214s] -- Up-to-date symlink: /home/ovsj/Code/AutonomousBlueye/install/robot_interfaces/share/robot_interfaces/package.xml
[1.214s] -- Up-to-date: /home/ovsj/Code/AutonomousBlueye/install/robot_interfaces/lib/librobot_interfaces__rosidl_generator_c.so
[1.214s] -- Up-to-date: /home/ovsj/Code/AutonomousBlueye/install/robot_interfaces/lib/librobot_interfaces__rosidl_typesupport_fastrtps_c.so
[1.214s] -- Up-to-date: /home/ovsj/Code/AutonomousBlueye/install/robot_interfaces/lib/librobot_interfaces__rosidl_typesupport_fastrtps_cpp.so
[1.214s] -- Up-to-date: /home/ovsj/Code/AutonomousBlueye/install/robot_interfaces/lib/librobot_interfaces__rosidl_typesupport_introspection_c.so
[1.215s] -- Up-to-date: /home/ovsj/Code/AutonomousBlueye/install/robot_interfaces/lib/librobot_interfaces__rosidl_typesupport_c.so
[1.215s] -- Up-to-date: /home/ovsj/Code/AutonomousBlueye/install/robot_interfaces/lib/librobot_interfaces__rosidl_typesupport_introspection_cpp.so
[1.215s] -- Up-to-date: /home/ovsj/Code/AutonomousBlueye/install/robot_interfaces/lib/librobot_interfaces__rosidl_typesupport_cpp.so
[1.273s] Listing '/home/ovsj/Code/AutonomousBlueye/install/robot_interfaces/local/lib/python3.10/dist-packages/robot_interfaces'...
[1.274s] Listing '/home/ovsj/Code/AutonomousBlueye/install/robot_interfaces/local/lib/python3.10/dist-packages/robot_interfaces/msg'...
[1.274s] Listing '/home/ovsj/Code/AutonomousBlueye/install/robot_interfaces/local/lib/python3.10/dist-packages/robot_interfaces/srv'...
[1.288s] -- Up-to-date: /home/ovsj/Code/AutonomousBlueye/install/robot_interfaces/lib/librobot_interfaces__rosidl_generator_py.so
[1.288s] -- Up-to-date: /home/ovsj/Code/AutonomousBlueye/install/robot_interfaces/share/robot_interfaces/cmake/export_robot_interfaces__rosidl_generator_cExport.cmake
[1.288s] -- Up-to-date: /home/ovsj/Code/AutonomousBlueye/install/robot_interfaces/share/robot_interfaces/cmake/export_robot_interfaces__rosidl_generator_cExport-noconfig.cmake
[1.288s] -- Up-to-date: /home/ovsj/Code/AutonomousBlueye/install/robot_interfaces/share/robot_interfaces/cmake/export_robot_interfaces__rosidl_typesupport_fastrtps_cExport.cmake
[1.288s] -- Up-to-date: /home/ovsj/Code/AutonomousBlueye/install/robot_interfaces/share/robot_interfaces/cmake/export_robot_interfaces__rosidl_typesupport_fastrtps_cExport-noconfig.cmake
[1.288s] -- Up-to-date: /home/ovsj/Code/AutonomousBlueye/install/robot_interfaces/share/robot_interfaces/cmake/export_robot_interfaces__rosidl_generator_cppExport.cmake
[1.288s] -- Up-to-date: /home/ovsj/Code/AutonomousBlueye/install/robot_interfaces/share/robot_interfaces/cmake/export_robot_interfaces__rosidl_typesupport_fastrtps_cppExport.cmake
[1.288s] -- Up-to-date: /home/ovsj/Code/AutonomousBlueye/install/robot_interfaces/share/robot_interfaces/cmake/export_robot_interfaces__rosidl_typesupport_fastrtps_cppExport-noconfig.cmake
[1.288s] -- Up-to-date: /home/ovsj/Code/AutonomousBlueye/install/robot_interfaces/share/robot_interfaces/cmake/robot_interfaces__rosidl_typesupport_introspection_cExport.cmake
[1.288s] -- Up-to-date: /home/ovsj/Code/AutonomousBlueye/install/robot_interfaces/share/robot_interfaces/cmake/robot_interfaces__rosidl_typesupport_introspection_cExport-noconfig.cmake
[1.288s] -- Up-to-date: /home/ovsj/Code/AutonomousBlueye/install/robot_interfaces/share/robot_interfaces/cmake/robot_interfaces__rosidl_typesupport_cExport.cmake
[1.288s] -- Up-to-date: /home/ovsj/Code/AutonomousBlueye/install/robot_interfaces/share/robot_interfaces/cmake/robot_interfaces__rosidl_typesupport_cExport-noconfig.cmake
[1.288s] -- Up-to-date: /home/ovsj/Code/AutonomousBlueye/install/robot_interfaces/share/robot_interfaces/cmake/robot_interfaces__rosidl_typesupport_introspection_cppExport.cmake
[1.288s] -- Up-to-date: /home/ovsj/Code/AutonomousBlueye/install/robot_interfaces/share/robot_interfaces/cmake/robot_interfaces__rosidl_typesupport_introspection_cppExport-noconfig.cmake
[1.289s] -- Up-to-date: /home/ovsj/Code/AutonomousBlueye/install/robot_interfaces/share/robot_interfaces/cmake/robot_interfaces__rosidl_typesupport_cppExport.cmake
[1.289s] -- Up-to-date: /home/ovsj/Code/AutonomousBlueye/install/robot_interfaces/share/robot_interfaces/cmake/robot_interfaces__rosidl_typesupport_cppExport-noconfig.cmake
[1.289s] -- Up-to-date: /home/ovsj/Code/AutonomousBlueye/install/robot_interfaces/share/robot_interfaces/cmake/export_robot_interfaces__rosidl_generator_pyExport.cmake
[1.289s] -- Up-to-date: /home/ovsj/Code/AutonomousBlueye/install/robot_interfaces/share/robot_interfaces/cmake/export_robot_interfaces__rosidl_generator_pyExport-noconfig.cmake
[1.736s] Invoked command in '/home/ovsj/Code/AutonomousBlueye/build/robot_interfaces' returned '0': CMAKE_PREFIX_PATH=${CMAKE_PREFIX_PATH}:/home/ovsj/Code/AutonomousBlueye/install/yolov5_ros:/home/ovsj/Code/AutonomousBlueye/install/drone_sensors:/home/ovsj/Code/AutonomousBlueye/install/real_blueye_launch:/home/ovsj/Code/AutonomousBlueye/install/image_prosessing:/home/ovsj/Code/AutonomousBlueye/install/experimental:/home/ovsj/Code/AutonomousBlueye/install/control:/opt/ros/humble VIRTUAL_ENV_PROMPT=(.venv) /usr/bin/cmake --install /home/ovsj/Code/AutonomousBlueye/build/robot_interfaces
