[1.442s] Invoking command in '/home/ovsj/Code/AutonomousBlueye/src/image_prosessing': PYTHONPATH=/home/ovsj/Code/AutonomousBlueye/build/image_prosessing/prefix_override:/usr/lib/python3/dist-packages/colcon_core/task/python/colcon_distutils_commands:/home/ovsj/Code/AutonomousBlueye/install/image_prosessing/lib/python3.10/site-packages:${PYTHONPATH} VIRTUAL_ENV_PROMPT=(.venv) /usr/bin/python3 -W ignore:setup.py install is deprecated -W ignore:easy_install command is deprecated setup.py egg_info --egg-base ../../build/image_prosessing build --build-base /home/ovsj/Code/AutonomousBlueye/build/image_prosessing/build install --record /home/ovsj/Code/AutonomousBlueye/build/image_prosessing/install.log --single-version-externally-managed install_data
[1.981s] running egg_info
[2.016s] writing ../../build/image_prosessing/image_prosessing.egg-info/PKG-INFO
[2.020s] writing dependency_links to ../../build/image_prosessing/image_prosessing.egg-info/dependency_links.txt
[2.024s] writing entry points to ../../build/image_prosessing/image_prosessing.egg-info/entry_points.txt
[2.024s] writing requirements to ../../build/image_prosessing/image_prosessing.egg-info/requires.txt
[2.024s] writing top-level names to ../../build/image_prosessing/image_prosessing.egg-info/top_level.txt
[2.124s] reading manifest file '../../build/image_prosessing/image_prosessing.egg-info/SOURCES.txt'
[2.125s] writing manifest file '../../build/image_prosessing/image_prosessing.egg-info/SOURCES.txt'
[2.125s] running build
[2.125s] running build_py
[2.125s] copying image_prosessing/__init__.py -> /home/ovsj/Code/AutonomousBlueye/build/image_prosessing/build/lib/image_prosessing
[2.128s] copying image_prosessing/blueye_image_simple.py -> /home/ovsj/Code/AutonomousBlueye/build/image_prosessing/build/lib/image_prosessing
[2.128s] copying image_prosessing/Image_test.py -> /home/ovsj/Code/AutonomousBlueye/build/image_prosessing/build/lib/image_prosessing
[2.128s] copying image_prosessing/yolo_chain_value.py -> /home/ovsj/Code/AutonomousBlueye/build/image_prosessing/build/lib/image_prosessing
[2.128s] copying image_prosessing/canny_with_box_original.py -> /home/ovsj/Code/AutonomousBlueye/build/image_prosessing/build/lib/image_prosessing
[2.128s] copying image_prosessing/threshold_with_box.py -> /home/ovsj/Code/AutonomousBlueye/build/image_prosessing/build/lib/image_prosessing
[2.129s] copying image_prosessing/Median_inside_yolo.py -> /home/ovsj/Code/AutonomousBlueye/build/image_prosessing/build/lib/image_prosessing
[2.129s] copying image_prosessing/blueye_image_yolo.py -> /home/ovsj/Code/AutonomousBlueye/build/image_prosessing/build/lib/image_prosessing
[2.129s] copying image_prosessing/Thresh_inside_yolo.py -> /home/ovsj/Code/AutonomousBlueye/build/image_prosessing/build/lib/image_prosessing
[2.129s] copying image_prosessing/threshold_median_mean.py -> /home/ovsj/Code/AutonomousBlueye/build/image_prosessing/build/lib/image_prosessing
[2.129s] copying image_prosessing/Canny_inside_yolo.py -> /home/ovsj/Code/AutonomousBlueye/build/image_prosessing/build/lib/image_prosessing
[2.129s] copying image_prosessing/Adaptive_thresholding.py -> /home/ovsj/Code/AutonomousBlueye/build/image_prosessing/build/lib/image_prosessing
[2.129s] copying image_prosessing/canny_with_box.py -> /home/ovsj/Code/AutonomousBlueye/build/image_prosessing/build/lib/image_prosessing
[2.129s] running install
[2.135s] running install_lib
[2.182s] running install_data
[2.182s] copying resource/image_prosessing -> /home/ovsj/Code/AutonomousBlueye/install/image_prosessing/share/ament_index/resource_index/packages
[2.182s] copying package.xml -> /home/ovsj/Code/AutonomousBlueye/install/image_prosessing/share/image_prosessing
[2.182s] running install_egg_info
[2.230s] removing '/home/ovsj/Code/AutonomousBlueye/install/image_prosessing/lib/python3.10/site-packages/image_prosessing-0.0.0-py3.10.egg-info' (and everything under it)
[2.231s] Copying ../../build/image_prosessing/image_prosessing.egg-info to /home/ovsj/Code/AutonomousBlueye/install/image_prosessing/lib/python3.10/site-packages/image_prosessing-0.0.0-py3.10.egg-info
[2.235s] running install_scripts
[2.446s] Installing Adaptive_threshold script to /home/ovsj/Code/AutonomousBlueye/install/image_prosessing/lib/image_prosessing
[2.452s] Installing Canny_inside_yolo script to /home/ovsj/Code/AutonomousBlueye/install/image_prosessing/lib/image_prosessing
[2.452s] Installing Image_test script to /home/ovsj/Code/AutonomousBlueye/install/image_prosessing/lib/image_prosessing
[2.453s] Installing Median_inside_yolo script to /home/ovsj/Code/AutonomousBlueye/install/image_prosessing/lib/image_prosessing
[2.453s] Installing Thresh_inside_yolo script to /home/ovsj/Code/AutonomousBlueye/install/image_prosessing/lib/image_prosessing
[2.456s] Installing blueye_image_yolo script to /home/ovsj/Code/AutonomousBlueye/install/image_prosessing/lib/image_prosessing
[2.457s] Installing canny_with_box script to /home/ovsj/Code/AutonomousBlueye/install/image_prosessing/lib/image_prosessing
[2.458s] Installing canny_with_box_original script to /home/ovsj/Code/AutonomousBlueye/install/image_prosessing/lib/image_prosessing
[2.459s] Installing threshold_median_mean script to /home/ovsj/Code/AutonomousBlueye/install/image_prosessing/lib/image_prosessing
[2.460s] Installing threshold_with_box script to /home/ovsj/Code/AutonomousBlueye/install/image_prosessing/lib/image_prosessing
[2.461s] Installing yolo_chain_value script to /home/ovsj/Code/AutonomousBlueye/install/image_prosessing/lib/image_prosessing
[2.463s] writing list of installed files to '/home/ovsj/Code/AutonomousBlueye/build/image_prosessing/install.log'
[2.546s] Invoked command in '/home/ovsj/Code/AutonomousBlueye/src/image_prosessing' returned '0': PYTHONPATH=/home/ovsj/Code/AutonomousBlueye/build/image_prosessing/prefix_override:/usr/lib/python3/dist-packages/colcon_core/task/python/colcon_distutils_commands:/home/ovsj/Code/AutonomousBlueye/install/image_prosessing/lib/python3.10/site-packages:${PYTHONPATH} VIRTUAL_ENV_PROMPT=(.venv) /usr/bin/python3 -W ignore:setup.py install is deprecated -W ignore:easy_install command is deprecated setup.py egg_info --egg-base ../../build/image_prosessing build --build-base /home/ovsj/Code/AutonomousBlueye/build/image_prosessing/build install --record /home/ovsj/Code/AutonomousBlueye/build/image_prosessing/install.log --single-version-externally-managed install_data
