[1.703s] Invoking command in '/home/ovsj/Code/AutonomousBlueye/build/control': PYTHONPATH=/home/ovsj/Code/AutonomousBlueye/build/control/prefix_override:/usr/lib/python3/dist-packages/colcon_core/task/python/colcon_distutils_commands:/home/ovsj/Code/AutonomousBlueye/install/control/lib/python3.10/site-packages:${PYTHONPATH} VIRTUAL_ENV_PROMPT=(.venv) /usr/bin/python3 -W ignore:setup.py install is deprecated -W ignore:easy_install command is deprecated setup.py develop --editable --build-directory /home/ovsj/Code/AutonomousBlueye/build/control/build --no-deps symlink_data
[2.519s] running develop
[2.876s] running egg_info
[2.914s] creating control.egg-info
[2.915s] writing control.egg-info/PKG-INFO
[2.916s] writing dependency_links to control.egg-info/dependency_links.txt
[2.917s] writing entry points to control.egg-info/entry_points.txt
[2.917s] writing requirements to control.egg-info/requires.txt
[2.918s] writing top-level names to control.egg-info/top_level.txt
[2.918s] writing manifest file 'control.egg-info/SOURCES.txt'
[2.961s] reading manifest file 'control.egg-info/SOURCES.txt'
[2.964s] writing manifest file 'control.egg-info/SOURCES.txt'
[3.039s] running build_ext
[3.039s] Creating /home/ovsj/Code/AutonomousBlueye/install/control/lib/python3.10/site-packages/control.egg-link (link to .)
[3.040s] Installing control script to /home/ovsj/Code/AutonomousBlueye/install/control/lib/control
[3.040s] Installing control_test script to /home/ovsj/Code/AutonomousBlueye/install/control/lib/control
[3.041s] Installing desired_velocity script to /home/ovsj/Code/AutonomousBlueye/install/control/lib/control
[3.041s] Installing desired_velocity_compass script to /home/ovsj/Code/AutonomousBlueye/install/control/lib/control
[3.042s] Installing desired_velocity_spiral_surge script to /home/ovsj/Code/AutonomousBlueye/install/control/lib/control
[3.042s] Installing desired_velocity_switch script to /home/ovsj/Code/AutonomousBlueye/install/control/lib/control
[3.042s] Installing desired_velocity_test script to /home/ovsj/Code/AutonomousBlueye/install/control/lib/control
[3.043s] 
[3.043s] Installed /home/ovsj/Code/AutonomousBlueye/build/control
[3.043s] running symlink_data
[3.043s] creating /home/ovsj/Code/AutonomousBlueye/install/control/share/ament_index/resource_index/packages
[3.044s] symbolically linking /home/ovsj/Code/AutonomousBlueye/build/control/resource/control -> /home/ovsj/Code/AutonomousBlueye/install/control/share/ament_index/resource_index/packages
[3.044s] symbolically linking /home/ovsj/Code/AutonomousBlueye/build/control/package.xml -> /home/ovsj/Code/AutonomousBlueye/install/control/share/control
[3.125s] Invoked command in '/home/ovsj/Code/AutonomousBlueye/build/control' returned '0': PYTHONPATH=/home/ovsj/Code/AutonomousBlueye/build/control/prefix_override:/usr/lib/python3/dist-packages/colcon_core/task/python/colcon_distutils_commands:/home/ovsj/Code/AutonomousBlueye/install/control/lib/python3.10/site-packages:${PYTHONPATH} VIRTUAL_ENV_PROMPT=(.venv) /usr/bin/python3 -W ignore:setup.py install is deprecated -W ignore:easy_install command is deprecated setup.py develop --editable --build-directory /home/ovsj/Code/AutonomousBlueye/build/control/build --no-deps symlink_data
