running develop
running egg_info
creating drone_sensors.egg-info
writing drone_sensors.egg-info/PKG-INFO
writing dependency_links to drone_sensors.egg-info/dependency_links.txt
writing entry points to drone_sensors.egg-info/entry_points.txt
writing requirements to drone_sensors.egg-info/requires.txt
writing top-level names to drone_sensors.egg-info/top_level.txt
writing manifest file 'drone_sensors.egg-info/SOURCES.txt'
reading manifest file 'drone_sensors.egg-info/SOURCES.txt'
writing manifest file 'drone_sensors.egg-info/SOURCES.txt'
running build_ext
Creating /home/ovsj/Code/AutonomousBlueye/install/drone_sensors/lib/python3.10/site-packages/drone-sensors.egg-link (link to .)
Installing BluEye_Force script to /home/ovsj/Code/AutonomousBlueye/install/drone_sensors/lib/drone_sensors
Installing BluEye_Pose script to /home/ovsj/Code/AutonomousBlueye/install/drone_sensors/lib/drone_sensors
Installing IMU_to_ros2 script to /home/ovsj/Code/AutonomousBlueye/install/drone_sensors/lib/drone_sensors
Installing Video_to_ros2 script to /home/ovsj/Code/AutonomousBlueye/install/drone_sensors/lib/drone_sensors
Installing blueye_image_simple script to /home/ovsj/Code/AutonomousBlueye/install/drone_sensors/lib/drone_sensors
Installing laptop_camera script to /home/ovsj/Code/AutonomousBlueye/install/drone_sensors/lib/drone_sensors

Installed /home/ovsj/Code/AutonomousBlueye/build/drone_sensors
running symlink_data
creating /home/ovsj/Code/AutonomousBlueye/install/drone_sensors/share/ament_index/resource_index/packages
symbolically linking /home/ovsj/Code/AutonomousBlueye/build/drone_sensors/resource/drone_sensors -> /home/ovsj/Code/AutonomousBlueye/install/drone_sensors/share/ament_index/resource_index/packages
symbolically linking /home/ovsj/Code/AutonomousBlueye/build/drone_sensors/package.xml -> /home/ovsj/Code/AutonomousBlueye/install/drone_sensors/share/drone_sensors
