[1.430s] Invoking command in '/home/ovsj/Code/AutonomousBlueye/build/drone_sensors': PYTHONPATH=/home/ovsj/Code/AutonomousBlueye/build/drone_sensors/prefix_override:/usr/lib/python3/dist-packages/colcon_core/task/python/colcon_distutils_commands:/home/ovsj/Code/AutonomousBlueye/install/drone_sensors/lib/python3.10/site-packages:${PYTHONPATH} VIRTUAL_ENV_PROMPT=(.venv) /usr/bin/python3 -W ignore:setup.py install is deprecated -W ignore:easy_install command is deprecated setup.py develop --editable --build-directory /home/ovsj/Code/AutonomousBlueye/build/drone_sensors/build --no-deps symlink_data
[1.938s] running develop
[2.163s] running egg_info
[2.175s] creating drone_sensors.egg-info
[2.175s] writing drone_sensors.egg-info/PKG-INFO
[2.178s] writing dependency_links to drone_sensors.egg-info/dependency_links.txt
[2.178s] writing entry points to drone_sensors.egg-info/entry_points.txt
[2.178s] writing requirements to drone_sensors.egg-info/requires.txt
[2.178s] writing top-level names to drone_sensors.egg-info/top_level.txt
[2.178s] writing manifest file 'drone_sensors.egg-info/SOURCES.txt'
[2.202s] reading manifest file 'drone_sensors.egg-info/SOURCES.txt'
[2.202s] writing manifest file 'drone_sensors.egg-info/SOURCES.txt'
[2.220s] running build_ext
[2.220s] Creating /home/ovsj/Code/AutonomousBlueye/install/drone_sensors/lib/python3.10/site-packages/drone-sensors.egg-link (link to .)
[2.220s] Installing BluEye_Force script to /home/ovsj/Code/AutonomousBlueye/install/drone_sensors/lib/drone_sensors
[2.220s] Installing BluEye_Pose script to /home/ovsj/Code/AutonomousBlueye/install/drone_sensors/lib/drone_sensors
[2.220s] Installing IMU_to_ros2 script to /home/ovsj/Code/AutonomousBlueye/install/drone_sensors/lib/drone_sensors
[2.220s] Installing Video_to_ros2 script to /home/ovsj/Code/AutonomousBlueye/install/drone_sensors/lib/drone_sensors
[2.221s] Installing blueye_image_simple script to /home/ovsj/Code/AutonomousBlueye/install/drone_sensors/lib/drone_sensors
[2.221s] Installing laptop_camera script to /home/ovsj/Code/AutonomousBlueye/install/drone_sensors/lib/drone_sensors
[2.221s] 
[2.221s] Installed /home/ovsj/Code/AutonomousBlueye/build/drone_sensors
[2.221s] running symlink_data
[2.221s] creating /home/ovsj/Code/AutonomousBlueye/install/drone_sensors/share/ament_index/resource_index/packages
[2.221s] symbolically linking /home/ovsj/Code/AutonomousBlueye/build/drone_sensors/resource/drone_sensors -> /home/ovsj/Code/AutonomousBlueye/install/drone_sensors/share/ament_index/resource_index/packages
[2.221s] symbolically linking /home/ovsj/Code/AutonomousBlueye/build/drone_sensors/package.xml -> /home/ovsj/Code/AutonomousBlueye/install/drone_sensors/share/drone_sensors
[2.267s] Invoked command in '/home/ovsj/Code/AutonomousBlueye/build/drone_sensors' returned '0': PYTHONPATH=/home/ovsj/Code/AutonomousBlueye/build/drone_sensors/prefix_override:/usr/lib/python3/dist-packages/colcon_core/task/python/colcon_distutils_commands:/home/ovsj/Code/AutonomousBlueye/install/drone_sensors/lib/python3.10/site-packages:${PYTHONPATH} VIRTUAL_ENV_PROMPT=(.venv) /usr/bin/python3 -W ignore:setup.py install is deprecated -W ignore:easy_install command is deprecated setup.py develop --editable --build-directory /home/ovsj/Code/AutonomousBlueye/build/drone_sensors/build --no-deps symlink_data
