[0.043s] Invoking command in '/home/ovsj/Code/AutonomousBlueye/build/pcl_msgs': CMAKE_PREFIX_PATH=${CMAKE_PREFIX_PATH}:/home/ovsj/Code/AutonomousBlueye/install/yolov5_ros:/home/ovsj/Code/AutonomousBlueye/install/drone_sensors:/home/ovsj/Code/AutonomousBlueye/install/real_blueye_launch:/home/ovsj/Code/AutonomousBlueye/install/image_prosessing:/home/ovsj/Code/AutonomousBlueye/install/experimental:/home/ovsj/Code/AutonomousBlueye/install/control:/opt/ros/humble VIRTUAL_ENV_PROMPT=(.venv) /usr/bin/cmake --build /home/ovsj/Code/AutonomousBlueye/build/pcl_msgs -- -j6 -l6
[0.549s] [  1%] Built target pcl_msgs__cpp
[0.549s] [ 14%] Built target pcl_msgs__rosidl_generator_c
[0.549s] [ 23%] Built target pcl_msgs__rosidl_typesupport_cpp
[0.549s] [ 23%] Built target ament_cmake_python_symlink_pcl_msgs
[0.549s] [ 34%] Built target pcl_msgs__rosidl_typesupport_fastrtps_cpp
[0.550s] [ 46%] Built target pcl_msgs__rosidl_typesupport_c
[0.550s] [ 60%] Built target pcl_msgs__rosidl_typesupport_fastrtps_c
[0.550s] [ 68%] Built target pcl_msgs__rosidl_typesupport_introspection_cpp
[0.550s] [ 79%] Built target pcl_msgs__rosidl_typesupport_introspection_c
[0.555s] [ 79%] Built target pcl_msgs
[0.702s] [ 80%] Built target pcl_msgs__py
[0.736s] running egg_info
[0.757s] writing pcl_msgs.egg-info/PKG-INFO
[0.759s] writing dependency_links to pcl_msgs.egg-info/dependency_links.txt
[0.766s] writing top-level names to pcl_msgs.egg-info/top_level.txt
[0.818s] [ 90%] Built target pcl_msgs__rosidl_generator_py
[0.871s] reading manifest file 'pcl_msgs.egg-info/SOURCES.txt'
[0.878s] writing manifest file 'pcl_msgs.egg-info/SOURCES.txt'
[0.899s] [ 93%] Built target pcl_msgs__rosidl_typesupport_fastrtps_c__pyext
[0.909s] [ 96%] Built target pcl_msgs__rosidl_typesupport_introspection_c__pyext
[0.913s] [100%] Built target pcl_msgs__rosidl_typesupport_c__pyext
[0.933s] [100%] Built target ament_cmake_python_build_pcl_msgs_egg
[1.003s] Invoked command in '/home/ovsj/Code/AutonomousBlueye/build/pcl_msgs' returned '0': CMAKE_PREFIX_PATH=${CMAKE_PREFIX_PATH}:/home/ovsj/Code/AutonomousBlueye/install/yolov5_ros:/home/ovsj/Code/AutonomousBlueye/install/drone_sensors:/home/ovsj/Code/AutonomousBlueye/install/real_blueye_launch:/home/ovsj/Code/AutonomousBlueye/install/image_prosessing:/home/ovsj/Code/AutonomousBlueye/install/experimental:/home/ovsj/Code/AutonomousBlueye/install/control:/opt/ros/humble VIRTUAL_ENV_PROMPT=(.venv) /usr/bin/cmake --build /home/ovsj/Code/AutonomousBlueye/build/pcl_msgs -- -j6 -l6
[1.005s] Invoking command in '/home/ovsj/Code/AutonomousBlueye/build/pcl_msgs': CMAKE_PREFIX_PATH=${CMAKE_PREFIX_PATH}:/home/ovsj/Code/AutonomousBlueye/install/yolov5_ros:/home/ovsj/Code/AutonomousBlueye/install/drone_sensors:/home/ovsj/Code/AutonomousBlueye/install/real_blueye_launch:/home/ovsj/Code/AutonomousBlueye/install/image_prosessing:/home/ovsj/Code/AutonomousBlueye/install/experimental:/home/ovsj/Code/AutonomousBlueye/install/control:/opt/ros/humble VIRTUAL_ENV_PROMPT=(.venv) /usr/bin/cmake --install /home/ovsj/Code/AutonomousBlueye/build/pcl_msgs
[1.060s] -- Install configuration: ""
[1.060s] -- Execute custom install script
[1.060s] -- Up-to-date symlink: /home/ovsj/Code/AutonomousBlueye/install/pcl_msgs/share/ament_index/resource_index/rosidl_interfaces/pcl_msgs
[1.060s] -- Up-to-date symlink: /home/ovsj/Code/AutonomousBlueye/install/pcl_msgs/include/pcl_msgs/pcl_msgs/msg/detail/model_coefficients__functions.h
[1.060s] -- Up-to-date symlink: /home/ovsj/Code/AutonomousBlueye/install/pcl_msgs/include/pcl_msgs/pcl_msgs/msg/detail/model_coefficients__struct.h
[1.060s] -- Up-to-date symlink: /home/ovsj/Code/AutonomousBlueye/install/pcl_msgs/include/pcl_msgs/pcl_msgs/msg/detail/model_coefficients__type_support.h
[1.060s] -- Up-to-date symlink: /home/ovsj/Code/AutonomousBlueye/install/pcl_msgs/include/pcl_msgs/pcl_msgs/msg/detail/point_indices__functions.h
[1.060s] -- Up-to-date symlink: /home/ovsj/Code/AutonomousBlueye/install/pcl_msgs/include/pcl_msgs/pcl_msgs/msg/detail/point_indices__struct.h
[1.060s] -- Up-to-date symlink: /home/ovsj/Code/AutonomousBlueye/install/pcl_msgs/include/pcl_msgs/pcl_msgs/msg/detail/point_indices__type_support.h
[1.060s] -- Up-to-date symlink: /home/ovsj/Code/AutonomousBlueye/install/pcl_msgs/include/pcl_msgs/pcl_msgs/msg/detail/polygon_mesh__functions.h
[1.060s] -- Up-to-date symlink: /home/ovsj/Code/AutonomousBlueye/install/pcl_msgs/include/pcl_msgs/pcl_msgs/msg/detail/polygon_mesh__struct.h
[1.061s] -- Up-to-date symlink: /home/ovsj/Code/AutonomousBlueye/install/pcl_msgs/include/pcl_msgs/pcl_msgs/msg/detail/polygon_mesh__type_support.h
[1.061s] -- Up-to-date symlink: /home/ovsj/Code/AutonomousBlueye/install/pcl_msgs/include/pcl_msgs/pcl_msgs/msg/detail/vertices__functions.h
[1.062s] -- Up-to-date symlink: /home/ovsj/Code/AutonomousBlueye/install/pcl_msgs/include/pcl_msgs/pcl_msgs/msg/detail/vertices__struct.h
[1.062s] -- Up-to-date symlink: /home/ovsj/Code/AutonomousBlueye/install/pcl_msgs/include/pcl_msgs/pcl_msgs/msg/detail/vertices__type_support.h
[1.066s] -- Up-to-date symlink: /home/ovsj/Code/AutonomousBlueye/install/pcl_msgs/include/pcl_msgs/pcl_msgs/msg/model_coefficients.h
[1.066s] -- Up-to-date symlink: /home/ovsj/Code/AutonomousBlueye/install/pcl_msgs/include/pcl_msgs/pcl_msgs/msg/point_indices.h
[1.066s] -- Up-to-date symlink: /home/ovsj/Code/AutonomousBlueye/install/pcl_msgs/include/pcl_msgs/pcl_msgs/msg/polygon_mesh.h
[1.069s] -- Up-to-date symlink: /home/ovsj/Code/AutonomousBlueye/install/pcl_msgs/include/pcl_msgs/pcl_msgs/msg/rosidl_generator_c__visibility_control.h
[1.072s] -- Up-to-date symlink: /home/ovsj/Code/AutonomousBlueye/install/pcl_msgs/include/pcl_msgs/pcl_msgs/msg/vertices.h
[1.072s] -- Up-to-date symlink: /home/ovsj/Code/AutonomousBlueye/install/pcl_msgs/include/pcl_msgs/pcl_msgs/srv/detail/update_filename__functions.h
[1.072s] -- Up-to-date symlink: /home/ovsj/Code/AutonomousBlueye/install/pcl_msgs/include/pcl_msgs/pcl_msgs/srv/detail/update_filename__struct.h
[1.072s] -- Up-to-date symlink: /home/ovsj/Code/AutonomousBlueye/install/pcl_msgs/include/pcl_msgs/pcl_msgs/srv/detail/update_filename__type_support.h
[1.072s] -- Up-to-date symlink: /home/ovsj/Code/AutonomousBlueye/install/pcl_msgs/include/pcl_msgs/pcl_msgs/srv/update_filename.h
[1.072s] -- Up-to-date symlink: /home/ovsj/Code/AutonomousBlueye/install/pcl_msgs/share/pcl_msgs/environment/library_path.sh
[1.072s] -- Up-to-date symlink: /home/ovsj/Code/AutonomousBlueye/install/pcl_msgs/share/pcl_msgs/environment/library_path.dsv
[1.072s] -- Up-to-date symlink: /home/ovsj/Code/AutonomousBlueye/install/pcl_msgs/include/pcl_msgs/pcl_msgs/msg/detail/model_coefficients__rosidl_typesupport_fastrtps_c.h
[1.072s] -- Up-to-date symlink: /home/ovsj/Code/AutonomousBlueye/install/pcl_msgs/include/pcl_msgs/pcl_msgs/msg/detail/point_indices__rosidl_typesupport_fastrtps_c.h
[1.072s] -- Up-to-date symlink: /home/ovsj/Code/AutonomousBlueye/install/pcl_msgs/include/pcl_msgs/pcl_msgs/msg/detail/polygon_mesh__rosidl_typesupport_fastrtps_c.h
[1.072s] -- Up-to-date symlink: /home/ovsj/Code/AutonomousBlueye/install/pcl_msgs/include/pcl_msgs/pcl_msgs/msg/detail/vertices__rosidl_typesupport_fastrtps_c.h
[1.072s] -- Up-to-date symlink: /home/ovsj/Code/AutonomousBlueye/install/pcl_msgs/include/pcl_msgs/pcl_msgs/msg/rosidl_typesupport_fastrtps_c__visibility_control.h
[1.072s] -- Up-to-date symlink: /home/ovsj/Code/AutonomousBlueye/install/pcl_msgs/include/pcl_msgs/pcl_msgs/srv/detail/update_filename__rosidl_typesupport_fastrtps_c.h
[1.072s] -- Up-to-date symlink: /home/ovsj/Code/AutonomousBlueye/install/pcl_msgs/include/pcl_msgs/pcl_msgs/msg/detail/model_coefficients__rosidl_typesupport_introspection_c.h
[1.072s] -- Up-to-date symlink: /home/ovsj/Code/AutonomousBlueye/install/pcl_msgs/include/pcl_msgs/pcl_msgs/msg/detail/point_indices__rosidl_typesupport_introspection_c.h
[1.072s] -- Up-to-date symlink: /home/ovsj/Code/AutonomousBlueye/install/pcl_msgs/include/pcl_msgs/pcl_msgs/msg/detail/polygon_mesh__rosidl_typesupport_introspection_c.h
[1.072s] -- Up-to-date symlink: /home/ovsj/Code/AutonomousBlueye/install/pcl_msgs/include/pcl_msgs/pcl_msgs/msg/detail/vertices__rosidl_typesupport_introspection_c.h
[1.072s] -- Up-to-date symlink: /home/ovsj/Code/AutonomousBlueye/install/pcl_msgs/include/pcl_msgs/pcl_msgs/msg/rosidl_typesupport_introspection_c__visibility_control.h
[1.072s] -- Up-to-date symlink: /home/ovsj/Code/AutonomousBlueye/install/pcl_msgs/include/pcl_msgs/pcl_msgs/srv/detail/update_filename__rosidl_typesupport_introspection_c.h
[1.072s] -- Up-to-date symlink: /home/ovsj/Code/AutonomousBlueye/install/pcl_msgs/include/pcl_msgs/pcl_msgs/msg/detail/model_coefficients__builder.hpp
[1.072s] -- Up-to-date symlink: /home/ovsj/Code/AutonomousBlueye/install/pcl_msgs/include/pcl_msgs/pcl_msgs/msg/detail/model_coefficients__struct.hpp
[1.072s] -- Up-to-date symlink: /home/ovsj/Code/AutonomousBlueye/install/pcl_msgs/include/pcl_msgs/pcl_msgs/msg/detail/model_coefficients__traits.hpp
[1.072s] -- Up-to-date symlink: /home/ovsj/Code/AutonomousBlueye/install/pcl_msgs/include/pcl_msgs/pcl_msgs/msg/detail/model_coefficients__type_support.hpp
[1.072s] -- Up-to-date symlink: /home/ovsj/Code/AutonomousBlueye/install/pcl_msgs/include/pcl_msgs/pcl_msgs/msg/detail/point_indices__builder.hpp
[1.073s] -- Up-to-date symlink: /home/ovsj/Code/AutonomousBlueye/install/pcl_msgs/include/pcl_msgs/pcl_msgs/msg/detail/point_indices__struct.hpp
[1.073s] -- Up-to-date symlink: /home/ovsj/Code/AutonomousBlueye/install/pcl_msgs/include/pcl_msgs/pcl_msgs/msg/detail/point_indices__traits.hpp
[1.083s] -- Up-to-date symlink: /home/ovsj/Code/AutonomousBlueye/install/pcl_msgs/include/pcl_msgs/pcl_msgs/msg/detail/point_indices__type_support.hpp
[1.083s] -- Up-to-date symlink: /home/ovsj/Code/AutonomousBlueye/install/pcl_msgs/include/pcl_msgs/pcl_msgs/msg/detail/polygon_mesh__builder.hpp
[1.083s] -- Up-to-date symlink: /home/ovsj/Code/AutonomousBlueye/install/pcl_msgs/include/pcl_msgs/pcl_msgs/msg/detail/polygon_mesh__struct.hpp
[1.083s] -- Up-to-date symlink: /home/ovsj/Code/AutonomousBlueye/install/pcl_msgs/include/pcl_msgs/pcl_msgs/msg/detail/polygon_mesh__traits.hpp
[1.084s] -- Up-to-date symlink: /home/ovsj/Code/AutonomousBlueye/install/pcl_msgs/include/pcl_msgs/pcl_msgs/msg/detail/polygon_mesh__type_support.hpp
[1.084s] -- Up-to-date symlink: /home/ovsj/Code/AutonomousBlueye/install/pcl_msgs/include/pcl_msgs/pcl_msgs/msg/detail/vertices__builder.hpp
[1.084s] -- Up-to-date symlink: /home/ovsj/Code/AutonomousBlueye/install/pcl_msgs/include/pcl_msgs/pcl_msgs/msg/detail/vertices__struct.hpp
[1.084s] -- Up-to-date symlink: /home/ovsj/Code/AutonomousBlueye/install/pcl_msgs/include/pcl_msgs/pcl_msgs/msg/detail/vertices__traits.hpp
[1.084s] -- Up-to-date symlink: /home/ovsj/Code/AutonomousBlueye/install/pcl_msgs/include/pcl_msgs/pcl_msgs/msg/detail/vertices__type_support.hpp
[1.084s] -- Up-to-date symlink: /home/ovsj/Code/AutonomousBlueye/install/pcl_msgs/include/pcl_msgs/pcl_msgs/msg/model_coefficients.hpp
[1.084s] -- Up-to-date symlink: /home/ovsj/Code/AutonomousBlueye/install/pcl_msgs/include/pcl_msgs/pcl_msgs/msg/point_indices.hpp
[1.084s] -- Up-to-date symlink: /home/ovsj/Code/AutonomousBlueye/install/pcl_msgs/include/pcl_msgs/pcl_msgs/msg/polygon_mesh.hpp
[1.084s] -- Up-to-date symlink: /home/ovsj/Code/AutonomousBlueye/install/pcl_msgs/include/pcl_msgs/pcl_msgs/msg/rosidl_generator_cpp__visibility_control.hpp
[1.084s] -- Up-to-date symlink: /home/ovsj/Code/AutonomousBlueye/install/pcl_msgs/include/pcl_msgs/pcl_msgs/msg/vertices.hpp
[1.084s] -- Up-to-date symlink: /home/ovsj/Code/AutonomousBlueye/install/pcl_msgs/include/pcl_msgs/pcl_msgs/srv/detail/update_filename__builder.hpp
[1.084s] -- Up-to-date symlink: /home/ovsj/Code/AutonomousBlueye/install/pcl_msgs/include/pcl_msgs/pcl_msgs/srv/detail/update_filename__struct.hpp
[1.084s] -- Up-to-date symlink: /home/ovsj/Code/AutonomousBlueye/install/pcl_msgs/include/pcl_msgs/pcl_msgs/srv/detail/update_filename__traits.hpp
[1.084s] -- Up-to-date symlink: /home/ovsj/Code/AutonomousBlueye/install/pcl_msgs/include/pcl_msgs/pcl_msgs/srv/detail/update_filename__type_support.hpp
[1.084s] -- Up-to-date symlink: /home/ovsj/Code/AutonomousBlueye/install/pcl_msgs/include/pcl_msgs/pcl_msgs/srv/update_filename.hpp
[1.084s] -- Up-to-date symlink: /home/ovsj/Code/AutonomousBlueye/install/pcl_msgs/include/pcl_msgs/pcl_msgs/msg/detail/model_coefficients__rosidl_typesupport_fastrtps_cpp.hpp
[1.084s] -- Up-to-date symlink: /home/ovsj/Code/AutonomousBlueye/install/pcl_msgs/include/pcl_msgs/pcl_msgs/msg/detail/point_indices__rosidl_typesupport_fastrtps_cpp.hpp
[1.084s] -- Up-to-date symlink: /home/ovsj/Code/AutonomousBlueye/install/pcl_msgs/include/pcl_msgs/pcl_msgs/msg/detail/polygon_mesh__rosidl_typesupport_fastrtps_cpp.hpp
[1.084s] -- Up-to-date symlink: /home/ovsj/Code/AutonomousBlueye/install/pcl_msgs/include/pcl_msgs/pcl_msgs/msg/detail/vertices__rosidl_typesupport_fastrtps_cpp.hpp
[1.084s] -- Up-to-date symlink: /home/ovsj/Code/AutonomousBlueye/install/pcl_msgs/include/pcl_msgs/pcl_msgs/msg/rosidl_typesupport_fastrtps_cpp__visibility_control.h
[1.085s] -- Up-to-date symlink: /home/ovsj/Code/AutonomousBlueye/install/pcl_msgs/include/pcl_msgs/pcl_msgs/srv/detail/update_filename__rosidl_typesupport_fastrtps_cpp.hpp
[1.085s] -- Up-to-date symlink: /home/ovsj/Code/AutonomousBlueye/install/pcl_msgs/include/pcl_msgs/pcl_msgs/msg/detail/model_coefficients__rosidl_typesupport_introspection_cpp.hpp
[1.085s] -- Up-to-date symlink: /home/ovsj/Code/AutonomousBlueye/install/pcl_msgs/include/pcl_msgs/pcl_msgs/msg/detail/point_indices__rosidl_typesupport_introspection_cpp.hpp
[1.085s] -- Up-to-date symlink: /home/ovsj/Code/AutonomousBlueye/install/pcl_msgs/include/pcl_msgs/pcl_msgs/msg/detail/polygon_mesh__rosidl_typesupport_introspection_cpp.hpp
[1.085s] -- Up-to-date symlink: /home/ovsj/Code/AutonomousBlueye/install/pcl_msgs/include/pcl_msgs/pcl_msgs/msg/detail/vertices__rosidl_typesupport_introspection_cpp.hpp
[1.085s] -- Up-to-date symlink: /home/ovsj/Code/AutonomousBlueye/install/pcl_msgs/include/pcl_msgs/pcl_msgs/srv/detail/update_filename__rosidl_typesupport_introspection_cpp.hpp
[1.085s] -- Up-to-date symlink: /home/ovsj/Code/AutonomousBlueye/install/pcl_msgs/share/pcl_msgs/environment/pythonpath.sh
[1.086s] -- Up-to-date symlink: /home/ovsj/Code/AutonomousBlueye/install/pcl_msgs/share/pcl_msgs/environment/pythonpath.dsv
[1.086s] -- Up-to-date symlink: /home/ovsj/Code/AutonomousBlueye/install/pcl_msgs/local/lib/python3.10/dist-packages/pcl_msgs-1.0.0-py3.10.egg-info/PKG-INFO
[1.086s] -- Up-to-date symlink: /home/ovsj/Code/AutonomousBlueye/install/pcl_msgs/local/lib/python3.10/dist-packages/pcl_msgs-1.0.0-py3.10.egg-info/SOURCES.txt
[1.086s] -- Up-to-date symlink: /home/ovsj/Code/AutonomousBlueye/install/pcl_msgs/local/lib/python3.10/dist-packages/pcl_msgs-1.0.0-py3.10.egg-info/dependency_links.txt
[1.087s] -- Up-to-date symlink: /home/ovsj/Code/AutonomousBlueye/install/pcl_msgs/local/lib/python3.10/dist-packages/pcl_msgs-1.0.0-py3.10.egg-info/top_level.txt
[1.087s] -- Up-to-date symlink: /home/ovsj/Code/AutonomousBlueye/install/pcl_msgs/local/lib/python3.10/dist-packages/pcl_msgs/__init__.py
[1.087s] -- Up-to-date symlink: /home/ovsj/Code/AutonomousBlueye/install/pcl_msgs/local/lib/python3.10/dist-packages/pcl_msgs/_pcl_msgs_s.ep.rosidl_typesupport_c.c
[1.087s] -- Up-to-date symlink: /home/ovsj/Code/AutonomousBlueye/install/pcl_msgs/local/lib/python3.10/dist-packages/pcl_msgs/_pcl_msgs_s.ep.rosidl_typesupport_fastrtps_c.c
[1.087s] -- Up-to-date symlink: /home/ovsj/Code/AutonomousBlueye/install/pcl_msgs/local/lib/python3.10/dist-packages/pcl_msgs/_pcl_msgs_s.ep.rosidl_typesupport_introspection_c.c
[1.087s] -- Up-to-date symlink: /home/ovsj/Code/AutonomousBlueye/install/pcl_msgs/local/lib/python3.10/dist-packages/pcl_msgs/libpcl_msgs__rosidl_generator_py.so
[1.087s] -- Up-to-date symlink: /home/ovsj/Code/AutonomousBlueye/install/pcl_msgs/local/lib/python3.10/dist-packages/pcl_msgs/msg/__init__.py
[1.088s] -- Up-to-date symlink: /home/ovsj/Code/AutonomousBlueye/install/pcl_msgs/local/lib/python3.10/dist-packages/pcl_msgs/msg/_model_coefficients.py
[1.088s] -- Up-to-date symlink: /home/ovsj/Code/AutonomousBlueye/install/pcl_msgs/local/lib/python3.10/dist-packages/pcl_msgs/msg/_model_coefficients_s.c
[1.088s] -- Up-to-date symlink: /home/ovsj/Code/AutonomousBlueye/install/pcl_msgs/local/lib/python3.10/dist-packages/pcl_msgs/msg/_point_indices.py
[1.088s] -- Up-to-date symlink: /home/ovsj/Code/AutonomousBlueye/install/pcl_msgs/local/lib/python3.10/dist-packages/pcl_msgs/msg/_point_indices_s.c
[1.089s] -- Up-to-date symlink: /home/ovsj/Code/AutonomousBlueye/install/pcl_msgs/local/lib/python3.10/dist-packages/pcl_msgs/msg/_polygon_mesh.py
[1.089s] -- Up-to-date symlink: /home/ovsj/Code/AutonomousBlueye/install/pcl_msgs/local/lib/python3.10/dist-packages/pcl_msgs/msg/_polygon_mesh_s.c
[1.089s] -- Up-to-date symlink: /home/ovsj/Code/AutonomousBlueye/install/pcl_msgs/local/lib/python3.10/dist-packages/pcl_msgs/msg/_vertices.py
[1.089s] -- Up-to-date symlink: /home/ovsj/Code/AutonomousBlueye/install/pcl_msgs/local/lib/python3.10/dist-packages/pcl_msgs/msg/_vertices_s.c
[1.089s] -- Up-to-date symlink: /home/ovsj/Code/AutonomousBlueye/install/pcl_msgs/local/lib/python3.10/dist-packages/pcl_msgs/pcl_msgs_s__rosidl_typesupport_c.cpython-310-aarch64-linux-gnu.so
[1.089s] -- Up-to-date symlink: /home/ovsj/Code/AutonomousBlueye/install/pcl_msgs/local/lib/python3.10/dist-packages/pcl_msgs/pcl_msgs_s__rosidl_typesupport_fastrtps_c.cpython-310-aarch64-linux-gnu.so
[1.089s] -- Up-to-date symlink: /home/ovsj/Code/AutonomousBlueye/install/pcl_msgs/local/lib/python3.10/dist-packages/pcl_msgs/pcl_msgs_s__rosidl_typesupport_introspection_c.cpython-310-aarch64-linux-gnu.so
[1.089s] -- Up-to-date symlink: /home/ovsj/Code/AutonomousBlueye/install/pcl_msgs/local/lib/python3.10/dist-packages/pcl_msgs/srv/__init__.py
[1.089s] -- Up-to-date symlink: /home/ovsj/Code/AutonomousBlueye/install/pcl_msgs/local/lib/python3.10/dist-packages/pcl_msgs/srv/_update_filename.py
[1.089s] -- Up-to-date symlink: /home/ovsj/Code/AutonomousBlueye/install/pcl_msgs/local/lib/python3.10/dist-packages/pcl_msgs/srv/_update_filename_s.c
[1.089s] -- Up-to-date symlink: /home/ovsj/Code/AutonomousBlueye/install/pcl_msgs/local/lib/python3.10/dist-packages/pcl_msgs/pcl_msgs_s__rosidl_typesupport_fastrtps_c.cpython-310-aarch64-linux-gnu.so
[1.089s] -- Up-to-date symlink: /home/ovsj/Code/AutonomousBlueye/install/pcl_msgs/local/lib/python3.10/dist-packages/pcl_msgs/pcl_msgs_s__rosidl_typesupport_introspection_c.cpython-310-aarch64-linux-gnu.so
[1.090s] -- Up-to-date symlink: /home/ovsj/Code/AutonomousBlueye/install/pcl_msgs/local/lib/python3.10/dist-packages/pcl_msgs/pcl_msgs_s__rosidl_typesupport_c.cpython-310-aarch64-linux-gnu.so
[1.090s] -- Up-to-date symlink: /home/ovsj/Code/AutonomousBlueye/install/pcl_msgs/share/pcl_msgs/msg/ModelCoefficients.idl
[1.090s] -- Up-to-date symlink: /home/ovsj/Code/AutonomousBlueye/install/pcl_msgs/share/pcl_msgs/msg/PointIndices.idl
[1.090s] -- Up-to-date symlink: /home/ovsj/Code/AutonomousBlueye/install/pcl_msgs/share/pcl_msgs/msg/PolygonMesh.idl
[1.091s] -- Up-to-date symlink: /home/ovsj/Code/AutonomousBlueye/install/pcl_msgs/share/pcl_msgs/msg/Vertices.idl
[1.111s] -- Up-to-date symlink: /home/ovsj/Code/AutonomousBlueye/install/pcl_msgs/share/pcl_msgs/srv/UpdateFilename.idl
[1.119s] -- Up-to-date symlink: /home/ovsj/Code/AutonomousBlueye/install/pcl_msgs/share/pcl_msgs/msg/ModelCoefficients.msg
[1.119s] -- Up-to-date symlink: /home/ovsj/Code/AutonomousBlueye/install/pcl_msgs/share/pcl_msgs/msg/PointIndices.msg
[1.121s] -- Up-to-date symlink: /home/ovsj/Code/AutonomousBlueye/install/pcl_msgs/share/pcl_msgs/msg/PolygonMesh.msg
[1.121s] -- Up-to-date symlink: /home/ovsj/Code/AutonomousBlueye/install/pcl_msgs/share/pcl_msgs/msg/Vertices.msg
[1.121s] -- Up-to-date symlink: /home/ovsj/Code/AutonomousBlueye/install/pcl_msgs/share/pcl_msgs/srv/UpdateFilename.srv
[1.121s] -- Up-to-date symlink: /home/ovsj/Code/AutonomousBlueye/install/pcl_msgs/share/pcl_msgs/srv/UpdateFilename_Request.msg
[1.121s] -- Up-to-date symlink: /home/ovsj/Code/AutonomousBlueye/install/pcl_msgs/share/pcl_msgs/srv/UpdateFilename_Response.msg
[1.121s] -- Up-to-date symlink: /home/ovsj/Code/AutonomousBlueye/install/pcl_msgs/share/ament_index/resource_index/package_run_dependencies/pcl_msgs
[1.121s] -- Up-to-date symlink: /home/ovsj/Code/AutonomousBlueye/install/pcl_msgs/share/ament_index/resource_index/parent_prefix_path/pcl_msgs
[1.121s] -- Up-to-date symlink: /home/ovsj/Code/AutonomousBlueye/install/pcl_msgs/share/pcl_msgs/environment/ament_prefix_path.sh
[1.121s] -- Up-to-date symlink: /home/ovsj/Code/AutonomousBlueye/install/pcl_msgs/share/pcl_msgs/environment/ament_prefix_path.dsv
[1.121s] -- Up-to-date symlink: /home/ovsj/Code/AutonomousBlueye/install/pcl_msgs/share/pcl_msgs/environment/path.sh
[1.131s] -- Up-to-date symlink: /home/ovsj/Code/AutonomousBlueye/install/pcl_msgs/share/pcl_msgs/environment/path.dsv
[1.131s] -- Up-to-date symlink: /home/ovsj/Code/AutonomousBlueye/install/pcl_msgs/share/pcl_msgs/local_setup.bash
[1.131s] -- Up-to-date symlink: /home/ovsj/Code/AutonomousBlueye/install/pcl_msgs/share/pcl_msgs/local_setup.sh
[1.132s] -- Up-to-date symlink: /home/ovsj/Code/AutonomousBlueye/install/pcl_msgs/share/pcl_msgs/local_setup.zsh
[1.132s] -- Up-to-date symlink: /home/ovsj/Code/AutonomousBlueye/install/pcl_msgs/share/pcl_msgs/local_setup.dsv
[1.132s] -- Symlinking: /home/ovsj/Code/AutonomousBlueye/install/pcl_msgs/share/pcl_msgs/package.dsv
[1.206s] -- Up-to-date symlink: /home/ovsj/Code/AutonomousBlueye/install/pcl_msgs/share/ament_index/resource_index/packages/pcl_msgs
[1.206s] -- Up-to-date symlink: /home/ovsj/Code/AutonomousBlueye/install/pcl_msgs/share/pcl_msgs/cmake/rosidl_cmake-extras.cmake
[1.206s] -- Up-to-date symlink: /home/ovsj/Code/AutonomousBlueye/install/pcl_msgs/share/pcl_msgs/cmake/ament_cmake_export_dependencies-extras.cmake
[1.206s] -- Up-to-date symlink: /home/ovsj/Code/AutonomousBlueye/install/pcl_msgs/share/pcl_msgs/cmake/ament_cmake_export_include_directories-extras.cmake
[1.206s] -- Up-to-date symlink: /home/ovsj/Code/AutonomousBlueye/install/pcl_msgs/share/pcl_msgs/cmake/ament_cmake_export_libraries-extras.cmake
[1.206s] -- Up-to-date symlink: /home/ovsj/Code/AutonomousBlueye/install/pcl_msgs/share/pcl_msgs/cmake/ament_cmake_export_targets-extras.cmake
[1.206s] -- Up-to-date symlink: /home/ovsj/Code/AutonomousBlueye/install/pcl_msgs/share/pcl_msgs/cmake/rosidl_cmake_export_typesupport_targets-extras.cmake
[1.206s] -- Up-to-date symlink: /home/ovsj/Code/AutonomousBlueye/install/pcl_msgs/share/pcl_msgs/cmake/rosidl_cmake_export_typesupport_libraries-extras.cmake
[1.206s] -- Up-to-date symlink: /home/ovsj/Code/AutonomousBlueye/install/pcl_msgs/share/pcl_msgs/cmake/pcl_msgsConfig.cmake
[1.207s] -- Up-to-date symlink: /home/ovsj/Code/AutonomousBlueye/install/pcl_msgs/share/pcl_msgs/cmake/pcl_msgsConfig-version.cmake
[1.207s] -- Up-to-date symlink: /home/ovsj/Code/AutonomousBlueye/install/pcl_msgs/share/pcl_msgs/package.xml
[1.207s] -- Up-to-date: /home/ovsj/Code/AutonomousBlueye/install/pcl_msgs/lib/libpcl_msgs__rosidl_generator_c.so
[1.207s] -- Up-to-date: /home/ovsj/Code/AutonomousBlueye/install/pcl_msgs/lib/libpcl_msgs__rosidl_typesupport_fastrtps_c.so
[1.207s] -- Up-to-date: /home/ovsj/Code/AutonomousBlueye/install/pcl_msgs/lib/libpcl_msgs__rosidl_typesupport_introspection_c.so
[1.207s] -- Up-to-date: /home/ovsj/Code/AutonomousBlueye/install/pcl_msgs/lib/libpcl_msgs__rosidl_typesupport_c.so
[1.207s] -- Up-to-date: /home/ovsj/Code/AutonomousBlueye/install/pcl_msgs/lib/libpcl_msgs__rosidl_typesupport_fastrtps_cpp.so
[1.207s] -- Up-to-date: /home/ovsj/Code/AutonomousBlueye/install/pcl_msgs/lib/libpcl_msgs__rosidl_typesupport_introspection_cpp.so
[1.207s] -- Up-to-date: /home/ovsj/Code/AutonomousBlueye/install/pcl_msgs/lib/libpcl_msgs__rosidl_typesupport_cpp.so
[1.252s] Listing '/home/ovsj/Code/AutonomousBlueye/install/pcl_msgs/local/lib/python3.10/dist-packages/pcl_msgs'...
[1.252s] Listing '/home/ovsj/Code/AutonomousBlueye/install/pcl_msgs/local/lib/python3.10/dist-packages/pcl_msgs/msg'...
[1.253s] Listing '/home/ovsj/Code/AutonomousBlueye/install/pcl_msgs/local/lib/python3.10/dist-packages/pcl_msgs/srv'...
[1.287s] -- Up-to-date: /home/ovsj/Code/AutonomousBlueye/install/pcl_msgs/lib/libpcl_msgs__rosidl_generator_py.so
[1.288s] -- Up-to-date: /home/ovsj/Code/AutonomousBlueye/install/pcl_msgs/share/pcl_msgs/cmake/export_pcl_msgs__rosidl_generator_cExport.cmake
[1.288s] -- Up-to-date: /home/ovsj/Code/AutonomousBlueye/install/pcl_msgs/share/pcl_msgs/cmake/export_pcl_msgs__rosidl_generator_cExport-noconfig.cmake
[1.288s] -- Up-to-date: /home/ovsj/Code/AutonomousBlueye/install/pcl_msgs/share/pcl_msgs/cmake/export_pcl_msgs__rosidl_typesupport_fastrtps_cExport.cmake
[1.288s] -- Up-to-date: /home/ovsj/Code/AutonomousBlueye/install/pcl_msgs/share/pcl_msgs/cmake/export_pcl_msgs__rosidl_typesupport_fastrtps_cExport-noconfig.cmake
[1.288s] -- Up-to-date: /home/ovsj/Code/AutonomousBlueye/install/pcl_msgs/share/pcl_msgs/cmake/pcl_msgs__rosidl_typesupport_introspection_cExport.cmake
[1.288s] -- Up-to-date: /home/ovsj/Code/AutonomousBlueye/install/pcl_msgs/share/pcl_msgs/cmake/pcl_msgs__rosidl_typesupport_introspection_cExport-noconfig.cmake
[1.288s] -- Up-to-date: /home/ovsj/Code/AutonomousBlueye/install/pcl_msgs/share/pcl_msgs/cmake/pcl_msgs__rosidl_typesupport_cExport.cmake
[1.289s] -- Up-to-date: /home/ovsj/Code/AutonomousBlueye/install/pcl_msgs/share/pcl_msgs/cmake/pcl_msgs__rosidl_typesupport_cExport-noconfig.cmake
[1.289s] -- Up-to-date: /home/ovsj/Code/AutonomousBlueye/install/pcl_msgs/share/pcl_msgs/cmake/export_pcl_msgs__rosidl_generator_cppExport.cmake
[1.289s] -- Up-to-date: /home/ovsj/Code/AutonomousBlueye/install/pcl_msgs/share/pcl_msgs/cmake/export_pcl_msgs__rosidl_typesupport_fastrtps_cppExport.cmake
[1.289s] -- Up-to-date: /home/ovsj/Code/AutonomousBlueye/install/pcl_msgs/share/pcl_msgs/cmake/export_pcl_msgs__rosidl_typesupport_fastrtps_cppExport-noconfig.cmake
[1.289s] -- Up-to-date: /home/ovsj/Code/AutonomousBlueye/install/pcl_msgs/share/pcl_msgs/cmake/pcl_msgs__rosidl_typesupport_introspection_cppExport.cmake
[1.292s] -- Up-to-date: /home/ovsj/Code/AutonomousBlueye/install/pcl_msgs/share/pcl_msgs/cmake/pcl_msgs__rosidl_typesupport_introspection_cppExport-noconfig.cmake
[1.292s] -- Up-to-date: /home/ovsj/Code/AutonomousBlueye/install/pcl_msgs/share/pcl_msgs/cmake/pcl_msgs__rosidl_typesupport_cppExport.cmake
[1.292s] -- Up-to-date: /home/ovsj/Code/AutonomousBlueye/install/pcl_msgs/share/pcl_msgs/cmake/pcl_msgs__rosidl_typesupport_cppExport-noconfig.cmake
[1.292s] -- Up-to-date: /home/ovsj/Code/AutonomousBlueye/install/pcl_msgs/share/pcl_msgs/cmake/export_pcl_msgs__rosidl_generator_pyExport.cmake
[1.292s] -- Up-to-date: /home/ovsj/Code/AutonomousBlueye/install/pcl_msgs/share/pcl_msgs/cmake/export_pcl_msgs__rosidl_generator_pyExport-noconfig.cmake
[1.696s] Invoked command in '/home/ovsj/Code/AutonomousBlueye/build/pcl_msgs' returned '0': CMAKE_PREFIX_PATH=${CMAKE_PREFIX_PATH}:/home/ovsj/Code/AutonomousBlueye/install/yolov5_ros:/home/ovsj/Code/AutonomousBlueye/install/drone_sensors:/home/ovsj/Code/AutonomousBlueye/install/real_blueye_launch:/home/ovsj/Code/AutonomousBlueye/install/image_prosessing:/home/ovsj/Code/AutonomousBlueye/install/experimental:/home/ovsj/Code/AutonomousBlueye/install/control:/opt/ros/humble VIRTUAL_ENV_PROMPT=(.venv) /usr/bin/cmake --install /home/ovsj/Code/AutonomousBlueye/build/pcl_msgs
