/home/ovsj/Code/AutonomousBlueye/install/drone_sensors/lib/python3.10/site-packages/drone_sensors/BluEye_Pose.py
/home/ovsj/Code/AutonomousBlueye/install/drone_sensors/lib/python3.10/site-packages/drone_sensors/__init__.py
/home/ovsj/Code/AutonomousBlueye/install/drone_sensors/lib/python3.10/site-packages/drone_sensors/IMU_to_ros2.py
/home/ovsj/Code/AutonomousBlueye/install/drone_sensors/lib/python3.10/site-packages/drone_sensors/Video_to_ros2.py
/home/ovsj/Code/AutonomousBlueye/install/drone_sensors/lib/python3.10/site-packages/drone_sensors/chain_pos_controller.py
/home/ovsj/Code/AutonomousBlueye/install/drone_sensors/lib/python3.10/site-packages/drone_sensors/laptop_camera.py
/home/ovsj/Code/AutonomousBlueye/install/drone_sensors/lib/python3.10/site-packages/drone_sensors/BluEye_Force.py
/home/ovsj/Code/AutonomousBlueye/install/drone_sensors/lib/python3.10/site-packages/drone_sensors/__pycache__/BluEye_Pose.cpython-310.pyc
/home/ovsj/Code/AutonomousBlueye/install/drone_sensors/lib/python3.10/site-packages/drone_sensors/__pycache__/__init__.cpython-310.pyc
/home/ovsj/Code/AutonomousBlueye/install/drone_sensors/lib/python3.10/site-packages/drone_sensors/__pycache__/IMU_to_ros2.cpython-310.pyc
/home/ovsj/Code/AutonomousBlueye/install/drone_sensors/lib/python3.10/site-packages/drone_sensors/__pycache__/Video_to_ros2.cpython-310.pyc
/home/ovsj/Code/AutonomousBlueye/install/drone_sensors/lib/python3.10/site-packages/drone_sensors/__pycache__/chain_pos_controller.cpython-310.pyc
/home/ovsj/Code/AutonomousBlueye/install/drone_sensors/lib/python3.10/site-packages/drone_sensors/__pycache__/laptop_camera.cpython-310.pyc
/home/ovsj/Code/AutonomousBlueye/install/drone_sensors/lib/python3.10/site-packages/drone_sensors/__pycache__/BluEye_Force.cpython-310.pyc
/home/ovsj/Code/AutonomousBlueye/install/drone_sensors/share/ament_index/resource_index/packages/drone_sensors
/home/ovsj/Code/AutonomousBlueye/install/drone_sensors/share/drone_sensors/package.xml
/home/ovsj/Code/AutonomousBlueye/install/drone_sensors/lib/python3.10/site-packages/drone_sensors-0.0.0-py3.10.egg-info/SOURCES.txt
/home/ovsj/Code/AutonomousBlueye/install/drone_sensors/lib/python3.10/site-packages/drone_sensors-0.0.0-py3.10.egg-info/entry_points.txt
/home/ovsj/Code/AutonomousBlueye/install/drone_sensors/lib/python3.10/site-packages/drone_sensors-0.0.0-py3.10.egg-info/zip-safe
/home/ovsj/Code/AutonomousBlueye/install/drone_sensors/lib/python3.10/site-packages/drone_sensors-0.0.0-py3.10.egg-info/top_level.txt
/home/ovsj/Code/AutonomousBlueye/install/drone_sensors/lib/python3.10/site-packages/drone_sensors-0.0.0-py3.10.egg-info/dependency_links.txt
/home/ovsj/Code/AutonomousBlueye/install/drone_sensors/lib/python3.10/site-packages/drone_sensors-0.0.0-py3.10.egg-info/PKG-INFO
/home/ovsj/Code/AutonomousBlueye/install/drone_sensors/lib/python3.10/site-packages/drone_sensors-0.0.0-py3.10.egg-info/requires.txt
/home/ovsj/Code/AutonomousBlueye/install/drone_sensors/lib/drone_sensors/BluEye_Force
/home/ovsj/Code/AutonomousBlueye/install/drone_sensors/lib/drone_sensors/BluEye_Pose
/home/ovsj/Code/AutonomousBlueye/install/drone_sensors/lib/drone_sensors/IMU_to_ros2
/home/ovsj/Code/AutonomousBlueye/install/drone_sensors/lib/drone_sensors/Video_to_ros2
/home/ovsj/Code/AutonomousBlueye/install/drone_sensors/lib/drone_sensors/blueye_image_simple
/home/ovsj/Code/AutonomousBlueye/install/drone_sensors/lib/drone_sensors/laptop_camera
