[2.784s] Invoking command in '/home/ovsj/Code/AutonomousBlueye/build/control': PYTHONPATH=/home/ovsj/Code/AutonomousBlueye/build/control/prefix_override:/usr/lib/python3/dist-packages/colcon_core/task/python/colcon_distutils_commands:/home/ovsj/Code/AutonomousBlueye/install/control/lib/python3.10/site-packages:${PYTHONPATH} VIRTUAL_ENV_PROMPT=(.venv) /usr/bin/python3 -W ignore:setup.py install is deprecated -W ignore:easy_install command is deprecated setup.py develop --editable --build-directory /home/ovsj/Code/AutonomousBlueye/build/control/build --no-deps symlink_data
[3.582s] running develop
[4.234s] running egg_info
[4.298s] writing control.egg-info/PKG-INFO
[4.309s] writing dependency_links to control.egg-info/dependency_links.txt
[4.313s] writing entry points to control.egg-info/entry_points.txt
[4.316s] writing requirements to control.egg-info/requires.txt
[4.322s] writing top-level names to control.egg-info/top_level.txt
[4.377s] reading manifest file 'control.egg-info/SOURCES.txt'
[4.380s] writing manifest file 'control.egg-info/SOURCES.txt'
[4.435s] running build_ext
[4.435s] Creating /home/ovsj/Code/AutonomousBlueye/install/control/lib/python3.10/site-packages/control.egg-link (link to .)
[4.436s] Installing control script to /home/ovsj/Code/AutonomousBlueye/install/control/lib/control
[4.444s] Installing control_test script to /home/ovsj/Code/AutonomousBlueye/install/control/lib/control
[4.445s] Installing desired_velocity script to /home/ovsj/Code/AutonomousBlueye/install/control/lib/control
[4.448s] Installing desired_velocity_compass script to /home/ovsj/Code/AutonomousBlueye/install/control/lib/control
[4.449s] Installing desired_velocity_spiral_surge script to /home/ovsj/Code/AutonomousBlueye/install/control/lib/control
[4.450s] Installing desired_velocity_switch script to /home/ovsj/Code/AutonomousBlueye/install/control/lib/control
[4.451s] Installing desired_velocity_test script to /home/ovsj/Code/AutonomousBlueye/install/control/lib/control
[4.452s] 
[4.453s] Installed /home/ovsj/Code/AutonomousBlueye/build/control
[4.453s] running symlink_data
[4.515s] Invoked command in '/home/ovsj/Code/AutonomousBlueye/build/control' returned '0': PYTHONPATH=/home/ovsj/Code/AutonomousBlueye/build/control/prefix_override:/usr/lib/python3/dist-packages/colcon_core/task/python/colcon_distutils_commands:/home/ovsj/Code/AutonomousBlueye/install/control/lib/python3.10/site-packages:${PYTHONPATH} VIRTUAL_ENV_PROMPT=(.venv) /usr/bin/python3 -W ignore:setup.py install is deprecated -W ignore:easy_install command is deprecated setup.py develop --editable --build-directory /home/ovsj/Code/AutonomousBlueye/build/control/build --no-deps symlink_data
