[1.745s] Invoking command in '/home/ovsj/Code/AutonomousBlueye/build/yolov5_ros': CMAKE_PREFIX_PATH=/home/ovsj/Code/AutonomousBlueye/install/bboxes_ex_msgs:/home/ovsj/Code/AutonomousBlueye/install/robot_interfaces:/home/ovsj/Code/AutonomousBlueye/install/octomap_server2:/home/ovsj/Code/AutonomousBlueye/install/pcl_msgs:/home/ovsj/Code/AutonomousBlueye/install/octomap_msgs LD_LIBRARY_PATH=/home/ovsj/Code/AutonomousBlueye/install/bboxes_ex_msgs/lib:/home/ovsj/Code/AutonomousBlueye/install/robot_interfaces/lib:/home/ovsj/Code/AutonomousBlueye/install/octomap_server2/lib:/home/ovsj/Code/AutonomousBlueye/install/pcl_msgs/lib:/home/ovsj/Code/AutonomousBlueye/install/octomap_msgs/lib:/opt/ros/humble/opt/rviz_ogre_vendor/lib:/opt/ros/humble/lib/aarch64-linux-gnu:/opt/ros/humble/lib PYTHONPATH=/home/ovsj/Code/AutonomousBlueye/build/yolov5_ros/prefix_override:/usr/lib/python3/dist-packages/colcon_core/task/python/colcon_distutils_commands:/home/ovsj/Code/AutonomousBlueye/install/yolov5_ros/lib/python3.10/site-packages:${PYTHONPATH} VIRTUAL_ENV_PROMPT=(.venv) /usr/bin/python3 -W ignore:setup.py install is deprecated -W ignore:easy_install command is deprecated setup.py develop --uninstall --editable --build-directory /home/ovsj/Code/AutonomousBlueye/build/yolov5_ros/build
[2.128s] /home/ovsj/.local/lib/python3.10/site-packages/setuptools/_distutils/dist.py:270: UserWarning: Unknown distribution option: 'tests_require'
[2.128s]   warnings.warn(msg)
[2.544s] running develop
[2.859s] Removing /home/ovsj/Code/AutonomousBlueye/install/yolov5_ros/lib/python3.10/site-packages/yolov5-ros.egg-link (link to .)
[2.912s] Invoked command in '/home/ovsj/Code/AutonomousBlueye/build/yolov5_ros' returned '0': CMAKE_PREFIX_PATH=/home/ovsj/Code/AutonomousBlueye/install/bboxes_ex_msgs:/home/ovsj/Code/AutonomousBlueye/install/robot_interfaces:/home/ovsj/Code/AutonomousBlueye/install/octomap_server2:/home/ovsj/Code/AutonomousBlueye/install/pcl_msgs:/home/ovsj/Code/AutonomousBlueye/install/octomap_msgs LD_LIBRARY_PATH=/home/ovsj/Code/AutonomousBlueye/install/bboxes_ex_msgs/lib:/home/ovsj/Code/AutonomousBlueye/install/robot_interfaces/lib:/home/ovsj/Code/AutonomousBlueye/install/octomap_server2/lib:/home/ovsj/Code/AutonomousBlueye/install/pcl_msgs/lib:/home/ovsj/Code/AutonomousBlueye/install/octomap_msgs/lib:/opt/ros/humble/opt/rviz_ogre_vendor/lib:/opt/ros/humble/lib/aarch64-linux-gnu:/opt/ros/humble/lib PYTHONPATH=/home/ovsj/Code/AutonomousBlueye/build/yolov5_ros/prefix_override:/usr/lib/python3/dist-packages/colcon_core/task/python/colcon_distutils_commands:/home/ovsj/Code/AutonomousBlueye/install/yolov5_ros/lib/python3.10/site-packages:${PYTHONPATH} VIRTUAL_ENV_PROMPT=(.venv) /usr/bin/python3 -W ignore:setup.py install is deprecated -W ignore:easy_install command is deprecated setup.py develop --uninstall --editable --build-directory /home/ovsj/Code/AutonomousBlueye/build/yolov5_ros/build
[2.912s] Invoking command in '/home/ovsj/Code/AutonomousBlueye/src/YOLOv5-ROS/yolov5_ros': CMAKE_PREFIX_PATH=/home/ovsj/Code/AutonomousBlueye/install/bboxes_ex_msgs:/home/ovsj/Code/AutonomousBlueye/install/robot_interfaces:/home/ovsj/Code/AutonomousBlueye/install/octomap_server2:/home/ovsj/Code/AutonomousBlueye/install/pcl_msgs:/home/ovsj/Code/AutonomousBlueye/install/octomap_msgs LD_LIBRARY_PATH=/home/ovsj/Code/AutonomousBlueye/install/bboxes_ex_msgs/lib:/home/ovsj/Code/AutonomousBlueye/install/robot_interfaces/lib:/home/ovsj/Code/AutonomousBlueye/install/octomap_server2/lib:/home/ovsj/Code/AutonomousBlueye/install/pcl_msgs/lib:/home/ovsj/Code/AutonomousBlueye/install/octomap_msgs/lib:/opt/ros/humble/opt/rviz_ogre_vendor/lib:/opt/ros/humble/lib/aarch64-linux-gnu:/opt/ros/humble/lib PYTHONPATH=/home/ovsj/Code/AutonomousBlueye/build/yolov5_ros/prefix_override:/usr/lib/python3/dist-packages/colcon_core/task/python/colcon_distutils_commands:/home/ovsj/Code/AutonomousBlueye/install/yolov5_ros/lib/python3.10/site-packages:${PYTHONPATH} VIRTUAL_ENV_PROMPT=(.venv) /usr/bin/python3 -W ignore:setup.py install is deprecated -W ignore:easy_install command is deprecated setup.py egg_info --egg-base ../../../build/yolov5_ros build --build-base /home/ovsj/Code/AutonomousBlueye/build/yolov5_ros/build install --record /home/ovsj/Code/AutonomousBlueye/build/yolov5_ros/install.log --single-version-externally-managed install_data --force
[3.178s] /home/ovsj/.local/lib/python3.10/site-packages/setuptools/_distutils/dist.py:270: UserWarning: Unknown distribution option: 'tests_require'
[3.178s]   warnings.warn(msg)
[3.368s] running egg_info
[3.402s] writing ../../../build/yolov5_ros/yolov5_ros.egg-info/PKG-INFO
[3.410s] writing dependency_links to ../../../build/yolov5_ros/yolov5_ros.egg-info/dependency_links.txt
[3.411s] writing entry points to ../../../build/yolov5_ros/yolov5_ros.egg-info/entry_points.txt
[3.411s] writing requirements to ../../../build/yolov5_ros/yolov5_ros.egg-info/requires.txt
[3.412s] writing top-level names to ../../../build/yolov5_ros/yolov5_ros.egg-info/top_level.txt
[3.495s] reading manifest file '../../../build/yolov5_ros/yolov5_ros.egg-info/SOURCES.txt'
[3.500s] writing manifest file '../../../build/yolov5_ros/yolov5_ros.egg-info/SOURCES.txt'
[3.510s] running build
[3.511s] running build_py
[3.514s] creating /home/ovsj/Code/AutonomousBlueye/build/yolov5_ros/build/lib/yolov5_ros
[3.520s] copying yolov5_ros/__init__.py -> /home/ovsj/Code/AutonomousBlueye/build/yolov5_ros/build/lib/yolov5_ros
[3.523s] copying yolov5_ros/export.py -> /home/ovsj/Code/AutonomousBlueye/build/yolov5_ros/build/lib/yolov5_ros
[3.527s] copying yolov5_ros/main.py -> /home/ovsj/Code/AutonomousBlueye/build/yolov5_ros/build/lib/yolov5_ros
[3.546s] creating /home/ovsj/Code/AutonomousBlueye/build/yolov5_ros/build/lib/yolov5_ros/utils
[3.546s] copying yolov5_ros/utils/metrics.py -> /home/ovsj/Code/AutonomousBlueye/build/yolov5_ros/build/lib/yolov5_ros/utils
[3.547s] copying yolov5_ros/utils/__init__.py -> /home/ovsj/Code/AutonomousBlueye/build/yolov5_ros/build/lib/yolov5_ros/utils
[3.547s] copying yolov5_ros/utils/torch_utils.py -> /home/ovsj/Code/AutonomousBlueye/build/yolov5_ros/build/lib/yolov5_ros/utils
[3.547s] copying yolov5_ros/utils/callbacks.py -> /home/ovsj/Code/AutonomousBlueye/build/yolov5_ros/build/lib/yolov5_ros/utils
[3.547s] copying yolov5_ros/utils/augmentations.py -> /home/ovsj/Code/AutonomousBlueye/build/yolov5_ros/build/lib/yolov5_ros/utils
[3.547s] copying yolov5_ros/utils/activations.py -> /home/ovsj/Code/AutonomousBlueye/build/yolov5_ros/build/lib/yolov5_ros/utils
[3.547s] copying yolov5_ros/utils/loss.py -> /home/ovsj/Code/AutonomousBlueye/build/yolov5_ros/build/lib/yolov5_ros/utils
[3.547s] copying yolov5_ros/utils/datasets.py -> /home/ovsj/Code/AutonomousBlueye/build/yolov5_ros/build/lib/yolov5_ros/utils
[3.547s] copying yolov5_ros/utils/downloads.py -> /home/ovsj/Code/AutonomousBlueye/build/yolov5_ros/build/lib/yolov5_ros/utils
[3.547s] copying yolov5_ros/utils/general.py -> /home/ovsj/Code/AutonomousBlueye/build/yolov5_ros/build/lib/yolov5_ros/utils
[3.547s] copying yolov5_ros/utils/benchmarks.py -> /home/ovsj/Code/AutonomousBlueye/build/yolov5_ros/build/lib/yolov5_ros/utils
[3.547s] copying yolov5_ros/utils/autobatch.py -> /home/ovsj/Code/AutonomousBlueye/build/yolov5_ros/build/lib/yolov5_ros/utils
[3.547s] copying yolov5_ros/utils/plots.py -> /home/ovsj/Code/AutonomousBlueye/build/yolov5_ros/build/lib/yolov5_ros/utils
[3.547s] copying yolov5_ros/utils/autoanchor.py -> /home/ovsj/Code/AutonomousBlueye/build/yolov5_ros/build/lib/yolov5_ros/utils
[3.548s] creating /home/ovsj/Code/AutonomousBlueye/build/yolov5_ros/build/lib/yolov5_ros/models
[3.548s] copying yolov5_ros/models/common.py -> /home/ovsj/Code/AutonomousBlueye/build/yolov5_ros/build/lib/yolov5_ros/models
[3.549s] copying yolov5_ros/models/__init__.py -> /home/ovsj/Code/AutonomousBlueye/build/yolov5_ros/build/lib/yolov5_ros/models
[3.549s] copying yolov5_ros/models/yolo.py -> /home/ovsj/Code/AutonomousBlueye/build/yolov5_ros/build/lib/yolov5_ros/models
[3.549s] copying yolov5_ros/models/experimental.py -> /home/ovsj/Code/AutonomousBlueye/build/yolov5_ros/build/lib/yolov5_ros/models
[3.549s] copying yolov5_ros/models/tf.py -> /home/ovsj/Code/AutonomousBlueye/build/yolov5_ros/build/lib/yolov5_ros/models
[3.549s] creating /home/ovsj/Code/AutonomousBlueye/build/yolov5_ros/build/lib/yolov5_ros/utils/loggers
[3.549s] copying yolov5_ros/utils/loggers/__init__.py -> /home/ovsj/Code/AutonomousBlueye/build/yolov5_ros/build/lib/yolov5_ros/utils/loggers
[3.549s] creating /home/ovsj/Code/AutonomousBlueye/build/yolov5_ros/build/lib/yolov5_ros/utils/aws
[3.549s] copying yolov5_ros/utils/aws/__init__.py -> /home/ovsj/Code/AutonomousBlueye/build/yolov5_ros/build/lib/yolov5_ros/utils/aws
[3.550s] copying yolov5_ros/utils/aws/resume.py -> /home/ovsj/Code/AutonomousBlueye/build/yolov5_ros/build/lib/yolov5_ros/utils/aws
[3.550s] creating /home/ovsj/Code/AutonomousBlueye/build/yolov5_ros/build/lib/yolov5_ros/utils/loggers/wandb
[3.550s] copying yolov5_ros/utils/loggers/wandb/__init__.py -> /home/ovsj/Code/AutonomousBlueye/build/yolov5_ros/build/lib/yolov5_ros/utils/loggers/wandb
[3.550s] copying yolov5_ros/utils/loggers/wandb/wandb_utils.py -> /home/ovsj/Code/AutonomousBlueye/build/yolov5_ros/build/lib/yolov5_ros/utils/loggers/wandb
[3.550s] copying yolov5_ros/utils/loggers/wandb/log_dataset.py -> /home/ovsj/Code/AutonomousBlueye/build/yolov5_ros/build/lib/yolov5_ros/utils/loggers/wandb
[3.550s] copying yolov5_ros/utils/loggers/wandb/sweep.py -> /home/ovsj/Code/AutonomousBlueye/build/yolov5_ros/build/lib/yolov5_ros/utils/loggers/wandb
[3.560s] running install
[3.564s] running install_lib
[3.606s] creating /home/ovsj/Code/AutonomousBlueye/install/yolov5_ros/lib/python3.10/site-packages/yolov5_ros
[3.606s] copying /home/ovsj/Code/AutonomousBlueye/build/yolov5_ros/build/lib/yolov5_ros/__init__.py -> /home/ovsj/Code/AutonomousBlueye/install/yolov5_ros/lib/python3.10/site-packages/yolov5_ros
[3.606s] creating /home/ovsj/Code/AutonomousBlueye/install/yolov5_ros/lib/python3.10/site-packages/yolov5_ros/utils
[3.606s] copying /home/ovsj/Code/AutonomousBlueye/build/yolov5_ros/build/lib/yolov5_ros/utils/metrics.py -> /home/ovsj/Code/AutonomousBlueye/install/yolov5_ros/lib/python3.10/site-packages/yolov5_ros/utils
[3.607s] copying /home/ovsj/Code/AutonomousBlueye/build/yolov5_ros/build/lib/yolov5_ros/utils/__init__.py -> /home/ovsj/Code/AutonomousBlueye/install/yolov5_ros/lib/python3.10/site-packages/yolov5_ros/utils
[3.607s] copying /home/ovsj/Code/AutonomousBlueye/build/yolov5_ros/build/lib/yolov5_ros/utils/torch_utils.py -> /home/ovsj/Code/AutonomousBlueye/install/yolov5_ros/lib/python3.10/site-packages/yolov5_ros/utils
[3.613s] copying /home/ovsj/Code/AutonomousBlueye/build/yolov5_ros/build/lib/yolov5_ros/utils/callbacks.py -> /home/ovsj/Code/AutonomousBlueye/install/yolov5_ros/lib/python3.10/site-packages/yolov5_ros/utils
[3.616s] copying /home/ovsj/Code/AutonomousBlueye/build/yolov5_ros/build/lib/yolov5_ros/utils/augmentations.py -> /home/ovsj/Code/AutonomousBlueye/install/yolov5_ros/lib/python3.10/site-packages/yolov5_ros/utils
[3.617s] copying /home/ovsj/Code/AutonomousBlueye/build/yolov5_ros/build/lib/yolov5_ros/utils/activations.py -> /home/ovsj/Code/AutonomousBlueye/install/yolov5_ros/lib/python3.10/site-packages/yolov5_ros/utils
[3.617s] creating /home/ovsj/Code/AutonomousBlueye/install/yolov5_ros/lib/python3.10/site-packages/yolov5_ros/utils/loggers
[3.617s] copying /home/ovsj/Code/AutonomousBlueye/build/yolov5_ros/build/lib/yolov5_ros/utils/loggers/__init__.py -> /home/ovsj/Code/AutonomousBlueye/install/yolov5_ros/lib/python3.10/site-packages/yolov5_ros/utils/loggers
[3.619s] creating /home/ovsj/Code/AutonomousBlueye/install/yolov5_ros/lib/python3.10/site-packages/yolov5_ros/utils/loggers/wandb
[3.621s] copying /home/ovsj/Code/AutonomousBlueye/build/yolov5_ros/build/lib/yolov5_ros/utils/loggers/wandb/__init__.py -> /home/ovsj/Code/AutonomousBlueye/install/yolov5_ros/lib/python3.10/site-packages/yolov5_ros/utils/loggers/wandb
[3.621s] copying /home/ovsj/Code/AutonomousBlueye/build/yolov5_ros/build/lib/yolov5_ros/utils/loggers/wandb/wandb_utils.py -> /home/ovsj/Code/AutonomousBlueye/install/yolov5_ros/lib/python3.10/site-packages/yolov5_ros/utils/loggers/wandb
[3.621s] copying /home/ovsj/Code/AutonomousBlueye/build/yolov5_ros/build/lib/yolov5_ros/utils/loggers/wandb/log_dataset.py -> /home/ovsj/Code/AutonomousBlueye/install/yolov5_ros/lib/python3.10/site-packages/yolov5_ros/utils/loggers/wandb
[3.621s] copying /home/ovsj/Code/AutonomousBlueye/build/yolov5_ros/build/lib/yolov5_ros/utils/loggers/wandb/sweep.py -> /home/ovsj/Code/AutonomousBlueye/install/yolov5_ros/lib/python3.10/site-packages/yolov5_ros/utils/loggers/wandb
[3.621s] copying /home/ovsj/Code/AutonomousBlueye/build/yolov5_ros/build/lib/yolov5_ros/utils/loss.py -> /home/ovsj/Code/AutonomousBlueye/install/yolov5_ros/lib/python3.10/site-packages/yolov5_ros/utils
[3.621s] copying /home/ovsj/Code/AutonomousBlueye/build/yolov5_ros/build/lib/yolov5_ros/utils/datasets.py -> /home/ovsj/Code/AutonomousBlueye/install/yolov5_ros/lib/python3.10/site-packages/yolov5_ros/utils
[3.621s] copying /home/ovsj/Code/AutonomousBlueye/build/yolov5_ros/build/lib/yolov5_ros/utils/downloads.py -> /home/ovsj/Code/AutonomousBlueye/install/yolov5_ros/lib/python3.10/site-packages/yolov5_ros/utils
[3.621s] copying /home/ovsj/Code/AutonomousBlueye/build/yolov5_ros/build/lib/yolov5_ros/utils/general.py -> /home/ovsj/Code/AutonomousBlueye/install/yolov5_ros/lib/python3.10/site-packages/yolov5_ros/utils
[3.621s] copying /home/ovsj/Code/AutonomousBlueye/build/yolov5_ros/build/lib/yolov5_ros/utils/benchmarks.py -> /home/ovsj/Code/AutonomousBlueye/install/yolov5_ros/lib/python3.10/site-packages/yolov5_ros/utils
[3.621s] copying /home/ovsj/Code/AutonomousBlueye/build/yolov5_ros/build/lib/yolov5_ros/utils/autobatch.py -> /home/ovsj/Code/AutonomousBlueye/install/yolov5_ros/lib/python3.10/site-packages/yolov5_ros/utils
[3.621s] copying /home/ovsj/Code/AutonomousBlueye/build/yolov5_ros/build/lib/yolov5_ros/utils/plots.py -> /home/ovsj/Code/AutonomousBlueye/install/yolov5_ros/lib/python3.10/site-packages/yolov5_ros/utils
[3.621s] creating /home/ovsj/Code/AutonomousBlueye/install/yolov5_ros/lib/python3.10/site-packages/yolov5_ros/utils/aws
[3.621s] copying /home/ovsj/Code/AutonomousBlueye/build/yolov5_ros/build/lib/yolov5_ros/utils/aws/__init__.py -> /home/ovsj/Code/AutonomousBlueye/install/yolov5_ros/lib/python3.10/site-packages/yolov5_ros/utils/aws
[3.621s] copying /home/ovsj/Code/AutonomousBlueye/build/yolov5_ros/build/lib/yolov5_ros/utils/aws/resume.py -> /home/ovsj/Code/AutonomousBlueye/install/yolov5_ros/lib/python3.10/site-packages/yolov5_ros/utils/aws
[3.622s] copying /home/ovsj/Code/AutonomousBlueye/build/yolov5_ros/build/lib/yolov5_ros/utils/autoanchor.py -> /home/ovsj/Code/AutonomousBlueye/install/yolov5_ros/lib/python3.10/site-packages/yolov5_ros/utils
[3.622s] creating /home/ovsj/Code/AutonomousBlueye/install/yolov5_ros/lib/python3.10/site-packages/yolov5_ros/models
[3.622s] copying /home/ovsj/Code/AutonomousBlueye/build/yolov5_ros/build/lib/yolov5_ros/models/common.py -> /home/ovsj/Code/AutonomousBlueye/install/yolov5_ros/lib/python3.10/site-packages/yolov5_ros/models
[3.622s] copying /home/ovsj/Code/AutonomousBlueye/build/yolov5_ros/build/lib/yolov5_ros/models/__init__.py -> /home/ovsj/Code/AutonomousBlueye/install/yolov5_ros/lib/python3.10/site-packages/yolov5_ros/models
[3.622s] copying /home/ovsj/Code/AutonomousBlueye/build/yolov5_ros/build/lib/yolov5_ros/models/yolo.py -> /home/ovsj/Code/AutonomousBlueye/install/yolov5_ros/lib/python3.10/site-packages/yolov5_ros/models
[3.622s] copying /home/ovsj/Code/AutonomousBlueye/build/yolov5_ros/build/lib/yolov5_ros/models/experimental.py -> /home/ovsj/Code/AutonomousBlueye/install/yolov5_ros/lib/python3.10/site-packages/yolov5_ros/models
[3.622s] copying /home/ovsj/Code/AutonomousBlueye/build/yolov5_ros/build/lib/yolov5_ros/models/tf.py -> /home/ovsj/Code/AutonomousBlueye/install/yolov5_ros/lib/python3.10/site-packages/yolov5_ros/models
[3.622s] copying /home/ovsj/Code/AutonomousBlueye/build/yolov5_ros/build/lib/yolov5_ros/export.py -> /home/ovsj/Code/AutonomousBlueye/install/yolov5_ros/lib/python3.10/site-packages/yolov5_ros
[3.622s] copying /home/ovsj/Code/AutonomousBlueye/build/yolov5_ros/build/lib/yolov5_ros/main.py -> /home/ovsj/Code/AutonomousBlueye/install/yolov5_ros/lib/python3.10/site-packages/yolov5_ros
[3.622s] byte-compiling /home/ovsj/Code/AutonomousBlueye/install/yolov5_ros/lib/python3.10/site-packages/yolov5_ros/__init__.py to __init__.cpython-310.pyc
[3.622s] byte-compiling /home/ovsj/Code/AutonomousBlueye/install/yolov5_ros/lib/python3.10/site-packages/yolov5_ros/utils/metrics.py to metrics.cpython-310.pyc
[3.639s] byte-compiling /home/ovsj/Code/AutonomousBlueye/install/yolov5_ros/lib/python3.10/site-packages/yolov5_ros/utils/__init__.py to __init__.cpython-310.pyc
[3.640s] byte-compiling /home/ovsj/Code/AutonomousBlueye/install/yolov5_ros/lib/python3.10/site-packages/yolov5_ros/utils/torch_utils.py to torch_utils.cpython-310.pyc
[3.642s] byte-compiling /home/ovsj/Code/AutonomousBlueye/install/yolov5_ros/lib/python3.10/site-packages/yolov5_ros/utils/callbacks.py to callbacks.cpython-310.pyc
[3.651s] byte-compiling /home/ovsj/Code/AutonomousBlueye/install/yolov5_ros/lib/python3.10/site-packages/yolov5_ros/utils/augmentations.py to augmentations.cpython-310.pyc
[3.655s] byte-compiling /home/ovsj/Code/AutonomousBlueye/install/yolov5_ros/lib/python3.10/site-packages/yolov5_ros/utils/activations.py to activations.cpython-310.pyc
[3.660s] byte-compiling /home/ovsj/Code/AutonomousBlueye/install/yolov5_ros/lib/python3.10/site-packages/yolov5_ros/utils/loggers/__init__.py to __init__.cpython-310.pyc
[3.663s] byte-compiling /home/ovsj/Code/AutonomousBlueye/install/yolov5_ros/lib/python3.10/site-packages/yolov5_ros/utils/loggers/wandb/__init__.py to __init__.cpython-310.pyc
[3.663s] byte-compiling /home/ovsj/Code/AutonomousBlueye/install/yolov5_ros/lib/python3.10/site-packages/yolov5_ros/utils/loggers/wandb/wandb_utils.py to wandb_utils.cpython-310.pyc
[3.671s] byte-compiling /home/ovsj/Code/AutonomousBlueye/install/yolov5_ros/lib/python3.10/site-packages/yolov5_ros/utils/loggers/wandb/log_dataset.py to log_dataset.cpython-310.pyc
[3.672s] byte-compiling /home/ovsj/Code/AutonomousBlueye/install/yolov5_ros/lib/python3.10/site-packages/yolov5_ros/utils/loggers/wandb/sweep.py to sweep.cpython-310.pyc
[3.682s] byte-compiling /home/ovsj/Code/AutonomousBlueye/install/yolov5_ros/lib/python3.10/site-packages/yolov5_ros/utils/loss.py to loss.cpython-310.pyc
[3.685s] byte-compiling /home/ovsj/Code/AutonomousBlueye/install/yolov5_ros/lib/python3.10/site-packages/yolov5_ros/utils/datasets.py to datasets.cpython-310.pyc
[3.688s] byte-compiling /home/ovsj/Code/AutonomousBlueye/install/yolov5_ros/lib/python3.10/site-packages/yolov5_ros/utils/downloads.py to downloads.cpython-310.pyc
[3.693s] byte-compiling /home/ovsj/Code/AutonomousBlueye/install/yolov5_ros/lib/python3.10/site-packages/yolov5_ros/utils/general.py to general.cpython-310.pyc
[3.724s] byte-compiling /home/ovsj/Code/AutonomousBlueye/install/yolov5_ros/lib/python3.10/site-packages/yolov5_ros/utils/benchmarks.py to benchmarks.cpython-310.pyc
[3.730s] byte-compiling /home/ovsj/Code/AutonomousBlueye/install/yolov5_ros/lib/python3.10/site-packages/yolov5_ros/utils/autobatch.py to autobatch.cpython-310.pyc
[3.731s] byte-compiling /home/ovsj/Code/AutonomousBlueye/install/yolov5_ros/lib/python3.10/site-packages/yolov5_ros/utils/plots.py to plots.cpython-310.pyc
[3.733s] byte-compiling /home/ovsj/Code/AutonomousBlueye/install/yolov5_ros/lib/python3.10/site-packages/yolov5_ros/utils/aws/__init__.py to __init__.cpython-310.pyc
[3.733s] byte-compiling /home/ovsj/Code/AutonomousBlueye/install/yolov5_ros/lib/python3.10/site-packages/yolov5_ros/utils/aws/resume.py to resume.cpython-310.pyc
[3.734s] byte-compiling /home/ovsj/Code/AutonomousBlueye/install/yolov5_ros/lib/python3.10/site-packages/yolov5_ros/utils/autoanchor.py to autoanchor.cpython-310.pyc
[3.736s] byte-compiling /home/ovsj/Code/AutonomousBlueye/install/yolov5_ros/lib/python3.10/site-packages/yolov5_ros/models/common.py to common.cpython-310.pyc
[3.772s] byte-compiling /home/ovsj/Code/AutonomousBlueye/install/yolov5_ros/lib/python3.10/site-packages/yolov5_ros/models/__init__.py to __init__.cpython-310.pyc
[3.775s] byte-compiling /home/ovsj/Code/AutonomousBlueye/install/yolov5_ros/lib/python3.10/site-packages/yolov5_ros/models/yolo.py to yolo.cpython-310.pyc
[3.780s] byte-compiling /home/ovsj/Code/AutonomousBlueye/install/yolov5_ros/lib/python3.10/site-packages/yolov5_ros/models/experimental.py to experimental.cpython-310.pyc
[3.780s] byte-compiling /home/ovsj/Code/AutonomousBlueye/install/yolov5_ros/lib/python3.10/site-packages/yolov5_ros/models/tf.py to tf.cpython-310.pyc
[3.792s] byte-compiling /home/ovsj/Code/AutonomousBlueye/install/yolov5_ros/lib/python3.10/site-packages/yolov5_ros/export.py to export.cpython-310.pyc
[3.808s] byte-compiling /home/ovsj/Code/AutonomousBlueye/install/yolov5_ros/lib/python3.10/site-packages/yolov5_ros/main.py to main.cpython-310.pyc
[3.813s] running install_data
[3.815s] copying resource/yolov5_ros -> /home/ovsj/Code/AutonomousBlueye/install/yolov5_ros/share/ament_index/resource_index/packages
[3.816s] copying package.xml -> /home/ovsj/Code/AutonomousBlueye/install/yolov5_ros/share/yolov5_ros
[3.822s] copying launch/yolov5s_simple.launch.py -> /home/ovsj/Code/AutonomousBlueye/install/yolov5_ros/share/yolov5_ros
[3.822s] running install_egg_info
[3.871s] Copying ../../../build/yolov5_ros/yolov5_ros.egg-info to /home/ovsj/Code/AutonomousBlueye/install/yolov5_ros/lib/python3.10/site-packages/yolov5_ros-0.2.0-py3.10.egg-info
[3.890s] running install_scripts
[4.212s] Installing yolov5_ros script to /home/ovsj/Code/AutonomousBlueye/install/yolov5_ros/lib/yolov5_ros
[4.214s] writing list of installed files to '/home/ovsj/Code/AutonomousBlueye/build/yolov5_ros/install.log'
[4.288s] Invoked command in '/home/ovsj/Code/AutonomousBlueye/src/YOLOv5-ROS/yolov5_ros' returned '0': CMAKE_PREFIX_PATH=/home/ovsj/Code/AutonomousBlueye/install/bboxes_ex_msgs:/home/ovsj/Code/AutonomousBlueye/install/robot_interfaces:/home/ovsj/Code/AutonomousBlueye/install/octomap_server2:/home/ovsj/Code/AutonomousBlueye/install/pcl_msgs:/home/ovsj/Code/AutonomousBlueye/install/octomap_msgs LD_LIBRARY_PATH=/home/ovsj/Code/AutonomousBlueye/install/bboxes_ex_msgs/lib:/home/ovsj/Code/AutonomousBlueye/install/robot_interfaces/lib:/home/ovsj/Code/AutonomousBlueye/install/octomap_server2/lib:/home/ovsj/Code/AutonomousBlueye/install/pcl_msgs/lib:/home/ovsj/Code/AutonomousBlueye/install/octomap_msgs/lib:/opt/ros/humble/opt/rviz_ogre_vendor/lib:/opt/ros/humble/lib/aarch64-linux-gnu:/opt/ros/humble/lib PYTHONPATH=/home/ovsj/Code/AutonomousBlueye/build/yolov5_ros/prefix_override:/usr/lib/python3/dist-packages/colcon_core/task/python/colcon_distutils_commands:/home/ovsj/Code/AutonomousBlueye/install/yolov5_ros/lib/python3.10/site-packages:${PYTHONPATH} VIRTUAL_ENV_PROMPT=(.venv) /usr/bin/python3 -W ignore:setup.py install is deprecated -W ignore:easy_install command is deprecated setup.py egg_info --egg-base ../../../build/yolov5_ros build --build-base /home/ovsj/Code/AutonomousBlueye/build/yolov5_ros/build install --record /home/ovsj/Code/AutonomousBlueye/build/yolov5_ros/install.log --single-version-externally-managed install_data --force
