[1.632s] Invoking command in '/home/ovsj/Code/AutonomousBlueye/src/drone_sensors': PYTHONPATH=/home/ovsj/Code/AutonomousBlueye/build/drone_sensors/prefix_override:/usr/lib/python3/dist-packages/colcon_core/task/python/colcon_distutils_commands:/home/ovsj/Code/AutonomousBlueye/install/drone_sensors/lib/python3.10/site-packages:${PYTHONPATH} VIRTUAL_ENV_PROMPT=(.venv) /usr/bin/python3 -W ignore:setup.py install is deprecated -W ignore:easy_install command is deprecated setup.py egg_info --egg-base ../../build/drone_sensors build --build-base /home/ovsj/Code/AutonomousBlueye/build/drone_sensors/build install --record /home/ovsj/Code/AutonomousBlueye/build/drone_sensors/install.log --single-version-externally-managed install_data
[1.922s] running egg_info
[1.931s] writing ../../build/drone_sensors/drone_sensors.egg-info/PKG-INFO
[1.932s] writing dependency_links to ../../build/drone_sensors/drone_sensors.egg-info/dependency_links.txt
[1.933s] writing entry points to ../../build/drone_sensors/drone_sensors.egg-info/entry_points.txt
[1.934s] writing requirements to ../../build/drone_sensors/drone_sensors.egg-info/requires.txt
[1.934s] writing top-level names to ../../build/drone_sensors/drone_sensors.egg-info/top_level.txt
[1.958s] reading manifest file '../../build/drone_sensors/drone_sensors.egg-info/SOURCES.txt'
[1.963s] writing manifest file '../../build/drone_sensors/drone_sensors.egg-info/SOURCES.txt'
[1.964s] running build
[1.966s] running build_py
[1.968s] copying drone_sensors/BluEye_Pose.py -> /home/ovsj/Code/AutonomousBlueye/build/drone_sensors/build/lib/drone_sensors
[1.972s] copying drone_sensors/__init__.py -> /home/ovsj/Code/AutonomousBlueye/build/drone_sensors/build/lib/drone_sensors
[1.973s] copying drone_sensors/IMU_to_ros2.py -> /home/ovsj/Code/AutonomousBlueye/build/drone_sensors/build/lib/drone_sensors
[1.973s] copying drone_sensors/Video_to_ros2.py -> /home/ovsj/Code/AutonomousBlueye/build/drone_sensors/build/lib/drone_sensors
[1.974s] copying drone_sensors/chain_pos_controller.py -> /home/ovsj/Code/AutonomousBlueye/build/drone_sensors/build/lib/drone_sensors
[1.975s] copying drone_sensors/laptop_camera.py -> /home/ovsj/Code/AutonomousBlueye/build/drone_sensors/build/lib/drone_sensors
[1.976s] copying drone_sensors/BluEye_Force.py -> /home/ovsj/Code/AutonomousBlueye/build/drone_sensors/build/lib/drone_sensors
[1.978s] running install
[1.984s] running install_lib
[1.998s] running install_data
[2.001s] copying resource/drone_sensors -> /home/ovsj/Code/AutonomousBlueye/install/drone_sensors/share/ament_index/resource_index/packages
[2.005s] copying package.xml -> /home/ovsj/Code/AutonomousBlueye/install/drone_sensors/share/drone_sensors
[2.005s] running install_egg_info
[2.021s] removing '/home/ovsj/Code/AutonomousBlueye/install/drone_sensors/lib/python3.10/site-packages/drone_sensors-0.0.0-py3.10.egg-info' (and everything under it)
[2.028s] Copying ../../build/drone_sensors/drone_sensors.egg-info to /home/ovsj/Code/AutonomousBlueye/install/drone_sensors/lib/python3.10/site-packages/drone_sensors-0.0.0-py3.10.egg-info
[2.042s] running install_scripts
[2.217s] Installing BluEye_Force script to /home/ovsj/Code/AutonomousBlueye/install/drone_sensors/lib/drone_sensors
[2.223s] Installing BluEye_Pose script to /home/ovsj/Code/AutonomousBlueye/install/drone_sensors/lib/drone_sensors
[2.225s] Installing IMU_to_ros2 script to /home/ovsj/Code/AutonomousBlueye/install/drone_sensors/lib/drone_sensors
[2.225s] Installing Video_to_ros2 script to /home/ovsj/Code/AutonomousBlueye/install/drone_sensors/lib/drone_sensors
[2.229s] Installing blueye_image_simple script to /home/ovsj/Code/AutonomousBlueye/install/drone_sensors/lib/drone_sensors
[2.231s] Installing laptop_camera script to /home/ovsj/Code/AutonomousBlueye/install/drone_sensors/lib/drone_sensors
[2.235s] writing list of installed files to '/home/ovsj/Code/AutonomousBlueye/build/drone_sensors/install.log'
[2.290s] Invoked command in '/home/ovsj/Code/AutonomousBlueye/src/drone_sensors' returned '0': PYTHONPATH=/home/ovsj/Code/AutonomousBlueye/build/drone_sensors/prefix_override:/usr/lib/python3/dist-packages/colcon_core/task/python/colcon_distutils_commands:/home/ovsj/Code/AutonomousBlueye/install/drone_sensors/lib/python3.10/site-packages:${PYTHONPATH} VIRTUAL_ENV_PROMPT=(.venv) /usr/bin/python3 -W ignore:setup.py install is deprecated -W ignore:easy_install command is deprecated setup.py egg_info --egg-base ../../build/drone_sensors build --build-base /home/ovsj/Code/AutonomousBlueye/build/drone_sensors/build install --record /home/ovsj/Code/AutonomousBlueye/build/drone_sensors/install.log --single-version-externally-managed install_data
