[0.075s] Invoking command in '/home/ovsj/Code/AutonomousBlueye/build/robot_interfaces': CMAKE_PREFIX_PATH=${CMAKE_PREFIX_PATH}:/home/ovsj/Code/AutonomousBlueye/install/yolov5_ros:/home/ovsj/Code/AutonomousBlueye/install/drone_sensors:/home/ovsj/Code/AutonomousBlueye/install/real_blueye_launch:/home/ovsj/Code/AutonomousBlueye/install/image_prosessing:/home/ovsj/Code/AutonomousBlueye/install/experimental:/home/ovsj/Code/AutonomousBlueye/install/control:/opt/ros/humble VIRTUAL_ENV_PROMPT=(.venv) /usr/bin/cmake /home/ovsj/Code/AutonomousBlueye/src/robot_interfaces -DCMAKE_INSTALL_PREFIX=/home/ovsj/Code/AutonomousBlueye/install/robot_interfaces
[0.431s] -- Found ament_cmake: 1.3.11 (/opt/ros/humble/share/ament_cmake/cmake)
[0.438s] -- Override CMake install command with custom implementation using symlinks instead of copying resources
[0.447s] -- Found builtin_interfaces: 1.2.1 (/opt/ros/humble/share/builtin_interfaces/cmake)
[0.505s] -- Found rosidl_generator_c: 3.1.6 (/opt/ros/humble/share/rosidl_generator_c/cmake)
[0.508s] -- Found rosidl_adapter: 3.1.6 (/opt/ros/humble/share/rosidl_adapter/cmake)
[0.527s] -- Found rosidl_generator_cpp: 3.1.6 (/opt/ros/humble/share/rosidl_generator_cpp/cmake)
[0.547s] -- Using all available rosidl_typesupport_c: rosidl_typesupport_fastrtps_c;rosidl_typesupport_introspection_c
[0.579s] -- Using all available rosidl_typesupport_cpp: rosidl_typesupport_fastrtps_cpp;rosidl_typesupport_introspection_cpp
[0.597s] -- Found std_msgs: 4.2.4 (/opt/ros/humble/share/std_msgs/cmake)
[0.614s] -- Found geometry_msgs: 4.2.4 (/opt/ros/humble/share/geometry_msgs/cmake)
[0.630s] -- Found rosidl_default_generators: 1.2.0 (/opt/ros/humble/share/rosidl_default_generators/cmake)
[1.371s] -- Found ament_cmake_ros: 0.10.0 (/opt/ros/humble/share/ament_cmake_ros/cmake)
[2.313s] -- Using all available rosidl_typesupport_c: rosidl_typesupport_fastrtps_c;rosidl_typesupport_introspection_c
[2.597s] -- Using all available rosidl_typesupport_cpp: rosidl_typesupport_fastrtps_cpp;rosidl_typesupport_introspection_cpp
[2.667s] -- Found python_cmake_module: 0.10.0 (/opt/ros/humble/share/python_cmake_module/cmake)
[2.764s] -- Using PYTHON_EXECUTABLE: /usr/bin/python3
[2.764s] -- Using PYTHON_INCLUDE_DIRS: /usr/include/python3.10
[2.765s] -- Using PYTHON_LIBRARIES: /usr/lib/aarch64-linux-gnu/libpython3.10.so
[2.888s] -- Configuring done
[3.193s] -- Generating done
[3.244s] -- Build files have been written to: /home/ovsj/Code/AutonomousBlueye/build/robot_interfaces
[3.276s] Invoked command in '/home/ovsj/Code/AutonomousBlueye/build/robot_interfaces' returned '0': CMAKE_PREFIX_PATH=${CMAKE_PREFIX_PATH}:/home/ovsj/Code/AutonomousBlueye/install/yolov5_ros:/home/ovsj/Code/AutonomousBlueye/install/drone_sensors:/home/ovsj/Code/AutonomousBlueye/install/real_blueye_launch:/home/ovsj/Code/AutonomousBlueye/install/image_prosessing:/home/ovsj/Code/AutonomousBlueye/install/experimental:/home/ovsj/Code/AutonomousBlueye/install/control:/opt/ros/humble VIRTUAL_ENV_PROMPT=(.venv) /usr/bin/cmake /home/ovsj/Code/AutonomousBlueye/src/robot_interfaces -DCMAKE_INSTALL_PREFIX=/home/ovsj/Code/AutonomousBlueye/install/robot_interfaces
[3.277s] Invoking command in '/home/ovsj/Code/AutonomousBlueye/build/robot_interfaces': CMAKE_PREFIX_PATH=${CMAKE_PREFIX_PATH}:/home/ovsj/Code/AutonomousBlueye/install/yolov5_ros:/home/ovsj/Code/AutonomousBlueye/install/drone_sensors:/home/ovsj/Code/AutonomousBlueye/install/real_blueye_launch:/home/ovsj/Code/AutonomousBlueye/install/image_prosessing:/home/ovsj/Code/AutonomousBlueye/install/experimental:/home/ovsj/Code/AutonomousBlueye/install/control:/opt/ros/humble VIRTUAL_ENV_PROMPT=(.venv) /usr/bin/cmake --build /home/ovsj/Code/AutonomousBlueye/build/robot_interfaces -- -j6 -l6
[3.449s] [  0%] Built target robot_interfaces__cpp
[3.452s] [35m[1mConsolidate compiler generated dependencies of target robot_interfaces__rosidl_generator_c[0m
[3.494s] [35m[1mConsolidate compiler generated dependencies of target robot_interfaces__rosidl_typesupport_cpp[0m
[3.504s] [35m[1mConsolidate compiler generated dependencies of target robot_interfaces__rosidl_typesupport_introspection_cpp[0m
[3.518s] [ 12%] Built target robot_interfaces__rosidl_generator_c
[3.529s] [35m[1mConsolidate compiler generated dependencies of target robot_interfaces__rosidl_typesupport_fastrtps_cpp[0m
[3.560s] [ 12%] Built target ament_cmake_python_symlink_robot_interfaces
[3.588s] [35m[1mConsolidate compiler generated dependencies of target robot_interfaces__rosidl_typesupport_introspection_c[0m
[3.592s] [35m[1mConsolidate compiler generated dependencies of target robot_interfaces__rosidl_typesupport_fastrtps_c[0m
[3.602s] [ 24%] Built target robot_interfaces__rosidl_typesupport_cpp
[3.634s] [ 36%] Built target robot_interfaces__rosidl_typesupport_introspection_cpp
[3.661s] [ 48%] Built target robot_interfaces__rosidl_typesupport_fastrtps_cpp
[3.668s] [ 60%] Built target robot_interfaces__rosidl_typesupport_introspection_c
[3.677s] [ 72%] Built target robot_interfaces__rosidl_typesupport_fastrtps_c
[3.728s] [35m[1mConsolidate compiler generated dependencies of target robot_interfaces__rosidl_typesupport_c[0m
[3.758s] [ 84%] Built target robot_interfaces__rosidl_typesupport_c
[3.792s] [ 84%] Built target robot_interfaces
[3.845s] [ 85%] Built target robot_interfaces__py
[3.863s] [35m[1mConsolidate compiler generated dependencies of target robot_interfaces__rosidl_generator_py[0m
[3.916s] [ 96%] Built target robot_interfaces__rosidl_generator_py
[3.933s] [35m[1mConsolidate compiler generated dependencies of target robot_interfaces__rosidl_typesupport_fastrtps_c__pyext[0m
[3.942s] [35m[1mConsolidate compiler generated dependencies of target robot_interfaces__rosidl_typesupport_c__pyext[0m
[3.958s] [35m[1mConsolidate compiler generated dependencies of target robot_interfaces__rosidl_typesupport_introspection_c__pyext[0m
[3.962s] [ 97%] Built target robot_interfaces__rosidl_typesupport_fastrtps_c__pyext
[3.973s] [ 99%] Built target robot_interfaces__rosidl_typesupport_introspection_c__pyext
[4.000s] [100%] Built target robot_interfaces__rosidl_typesupport_c__pyext
[4.133s] running egg_info
[4.185s] writing robot_interfaces.egg-info/PKG-INFO
[4.185s] writing dependency_links to robot_interfaces.egg-info/dependency_links.txt
[4.186s] writing top-level names to robot_interfaces.egg-info/top_level.txt
[4.289s] reading manifest file 'robot_interfaces.egg-info/SOURCES.txt'
[4.289s] writing manifest file 'robot_interfaces.egg-info/SOURCES.txt'
[4.329s] [100%] Built target ament_cmake_python_build_robot_interfaces_egg
[4.733s] Invoked command in '/home/ovsj/Code/AutonomousBlueye/build/robot_interfaces' returned '0': CMAKE_PREFIX_PATH=${CMAKE_PREFIX_PATH}:/home/ovsj/Code/AutonomousBlueye/install/yolov5_ros:/home/ovsj/Code/AutonomousBlueye/install/drone_sensors:/home/ovsj/Code/AutonomousBlueye/install/real_blueye_launch:/home/ovsj/Code/AutonomousBlueye/install/image_prosessing:/home/ovsj/Code/AutonomousBlueye/install/experimental:/home/ovsj/Code/AutonomousBlueye/install/control:/opt/ros/humble VIRTUAL_ENV_PROMPT=(.venv) /usr/bin/cmake --build /home/ovsj/Code/AutonomousBlueye/build/robot_interfaces -- -j6 -l6
[4.733s] Invoking command in '/home/ovsj/Code/AutonomousBlueye/build/robot_interfaces': CMAKE_PREFIX_PATH=${CMAKE_PREFIX_PATH}:/home/ovsj/Code/AutonomousBlueye/install/yolov5_ros:/home/ovsj/Code/AutonomousBlueye/install/drone_sensors:/home/ovsj/Code/AutonomousBlueye/install/real_blueye_launch:/home/ovsj/Code/AutonomousBlueye/install/image_prosessing:/home/ovsj/Code/AutonomousBlueye/install/experimental:/home/ovsj/Code/AutonomousBlueye/install/control:/opt/ros/humble VIRTUAL_ENV_PROMPT=(.venv) /usr/bin/cmake --install /home/ovsj/Code/AutonomousBlueye/build/robot_interfaces
[4.840s] -- Install configuration: ""
[4.840s] -- Execute custom install script
[4.840s] -- Up-to-date symlink: /home/ovsj/Code/AutonomousBlueye/install/robot_interfaces/share/ament_index/resource_index/rosidl_interfaces/robot_interfaces
[4.840s] -- Up-to-date symlink: /home/ovsj/Code/AutonomousBlueye/install/robot_interfaces/include/robot_interfaces/robot_interfaces/msg/canny_chain_pos.h
[4.840s] -- Up-to-date symlink: /home/ovsj/Code/AutonomousBlueye/install/robot_interfaces/include/robot_interfaces/robot_interfaces/msg/chain_pos.h
[4.840s] -- Up-to-date symlink: /home/ovsj/Code/AutonomousBlueye/install/robot_interfaces/include/robot_interfaces/robot_interfaces/msg/desired_forces.h
[4.840s] -- Up-to-date symlink: /home/ovsj/Code/AutonomousBlueye/install/robot_interfaces/include/robot_interfaces/robot_interfaces/msg/desired_velocity.h
[4.840s] -- Up-to-date symlink: /home/ovsj/Code/AutonomousBlueye/install/robot_interfaces/include/robot_interfaces/robot_interfaces/msg/detail/canny_chain_pos__functions.h
[4.840s] -- Up-to-date symlink: /home/ovsj/Code/AutonomousBlueye/install/robot_interfaces/include/robot_interfaces/robot_interfaces/msg/detail/canny_chain_pos__struct.h
[4.840s] -- Up-to-date symlink: /home/ovsj/Code/AutonomousBlueye/install/robot_interfaces/include/robot_interfaces/robot_interfaces/msg/detail/canny_chain_pos__type_support.h
[4.840s] -- Up-to-date symlink: /home/ovsj/Code/AutonomousBlueye/install/robot_interfaces/include/robot_interfaces/robot_interfaces/msg/detail/chain_pos__functions.h
[4.840s] -- Up-to-date symlink: /home/ovsj/Code/AutonomousBlueye/install/robot_interfaces/include/robot_interfaces/robot_interfaces/msg/detail/chain_pos__struct.h
[4.840s] -- Up-to-date symlink: /home/ovsj/Code/AutonomousBlueye/install/robot_interfaces/include/robot_interfaces/robot_interfaces/msg/detail/chain_pos__type_support.h
[4.840s] -- Up-to-date symlink: /home/ovsj/Code/AutonomousBlueye/install/robot_interfaces/include/robot_interfaces/robot_interfaces/msg/detail/desired_forces__functions.h
[4.840s] -- Up-to-date symlink: /home/ovsj/Code/AutonomousBlueye/install/robot_interfaces/include/robot_interfaces/robot_interfaces/msg/detail/desired_forces__struct.h
[4.840s] -- Up-to-date symlink: /home/ovsj/Code/AutonomousBlueye/install/robot_interfaces/include/robot_interfaces/robot_interfaces/msg/detail/desired_forces__type_support.h
[4.840s] -- Up-to-date symlink: /home/ovsj/Code/AutonomousBlueye/install/robot_interfaces/include/robot_interfaces/robot_interfaces/msg/detail/desired_velocity__functions.h
[4.840s] -- Up-to-date symlink: /home/ovsj/Code/AutonomousBlueye/install/robot_interfaces/include/robot_interfaces/robot_interfaces/msg/detail/desired_velocity__struct.h
[4.840s] -- Up-to-date symlink: /home/ovsj/Code/AutonomousBlueye/install/robot_interfaces/include/robot_interfaces/robot_interfaces/msg/detail/desired_velocity__type_support.h
[4.840s] -- Up-to-date symlink: /home/ovsj/Code/AutonomousBlueye/install/robot_interfaces/include/robot_interfaces/robot_interfaces/msg/detail/dvl__functions.h
[4.840s] -- Up-to-date symlink: /home/ovsj/Code/AutonomousBlueye/install/robot_interfaces/include/robot_interfaces/robot_interfaces/msg/detail/dvl__struct.h
[4.840s] -- Up-to-date symlink: /home/ovsj/Code/AutonomousBlueye/install/robot_interfaces/include/robot_interfaces/robot_interfaces/msg/detail/dvl__type_support.h
[4.840s] -- Up-to-date symlink: /home/ovsj/Code/AutonomousBlueye/install/robot_interfaces/include/robot_interfaces/robot_interfaces/msg/detail/median_chain_pos__functions.h
[4.841s] -- Up-to-date symlink: /home/ovsj/Code/AutonomousBlueye/install/robot_interfaces/include/robot_interfaces/robot_interfaces/msg/detail/median_chain_pos__struct.h
[4.841s] -- Up-to-date symlink: /home/ovsj/Code/AutonomousBlueye/install/robot_interfaces/include/robot_interfaces/robot_interfaces/msg/detail/median_chain_pos__type_support.h
[4.841s] -- Up-to-date symlink: /home/ovsj/Code/AutonomousBlueye/install/robot_interfaces/include/robot_interfaces/robot_interfaces/msg/detail/thresh_chain_pos__functions.h
[4.841s] -- Up-to-date symlink: /home/ovsj/Code/AutonomousBlueye/install/robot_interfaces/include/robot_interfaces/robot_interfaces/msg/detail/thresh_chain_pos__struct.h
[4.841s] -- Up-to-date symlink: /home/ovsj/Code/AutonomousBlueye/install/robot_interfaces/include/robot_interfaces/robot_interfaces/msg/detail/thresh_chain_pos__type_support.h
[4.841s] -- Up-to-date symlink: /home/ovsj/Code/AutonomousBlueye/install/robot_interfaces/include/robot_interfaces/robot_interfaces/msg/detail/yolo_box__functions.h
[4.841s] -- Up-to-date symlink: /home/ovsj/Code/AutonomousBlueye/install/robot_interfaces/include/robot_interfaces/robot_interfaces/msg/detail/yolo_box__struct.h
[4.841s] -- Up-to-date symlink: /home/ovsj/Code/AutonomousBlueye/install/robot_interfaces/include/robot_interfaces/robot_interfaces/msg/detail/yolo_box__type_support.h
[4.841s] -- Up-to-date symlink: /home/ovsj/Code/AutonomousBlueye/install/robot_interfaces/include/robot_interfaces/robot_interfaces/msg/detail/yolo_canny_chain_pose__functions.h
[4.841s] -- Up-to-date symlink: /home/ovsj/Code/AutonomousBlueye/install/robot_interfaces/include/robot_interfaces/robot_interfaces/msg/detail/yolo_canny_chain_pose__struct.h
[4.841s] -- Up-to-date symlink: /home/ovsj/Code/AutonomousBlueye/install/robot_interfaces/include/robot_interfaces/robot_interfaces/msg/detail/yolo_canny_chain_pose__type_support.h
[4.841s] -- Up-to-date symlink: /home/ovsj/Code/AutonomousBlueye/install/robot_interfaces/include/robot_interfaces/robot_interfaces/msg/detail/yolo_chain_pose__functions.h
[4.841s] -- Up-to-date symlink: /home/ovsj/Code/AutonomousBlueye/install/robot_interfaces/include/robot_interfaces/robot_interfaces/msg/detail/yolo_chain_pose__struct.h
[4.841s] -- Up-to-date symlink: /home/ovsj/Code/AutonomousBlueye/install/robot_interfaces/include/robot_interfaces/robot_interfaces/msg/detail/yolo_chain_pose__type_support.h
[4.841s] -- Up-to-date symlink: /home/ovsj/Code/AutonomousBlueye/install/robot_interfaces/include/robot_interfaces/robot_interfaces/msg/detail/yolo_median_chain_pose__functions.h
[4.841s] -- Up-to-date symlink: /home/ovsj/Code/AutonomousBlueye/install/robot_interfaces/include/robot_interfaces/robot_interfaces/msg/detail/yolo_median_chain_pose__struct.h
[4.841s] -- Up-to-date symlink: /home/ovsj/Code/AutonomousBlueye/install/robot_interfaces/include/robot_interfaces/robot_interfaces/msg/detail/yolo_median_chain_pose__type_support.h
[4.841s] -- Up-to-date symlink: /home/ovsj/Code/AutonomousBlueye/install/robot_interfaces/include/robot_interfaces/robot_interfaces/msg/detail/yolo_thresh_chain_pose__functions.h
[4.841s] -- Up-to-date symlink: /home/ovsj/Code/AutonomousBlueye/install/robot_interfaces/include/robot_interfaces/robot_interfaces/msg/detail/yolo_thresh_chain_pose__struct.h
[4.841s] -- Up-to-date symlink: /home/ovsj/Code/AutonomousBlueye/install/robot_interfaces/include/robot_interfaces/robot_interfaces/msg/detail/yolo_thresh_chain_pose__type_support.h
[4.841s] -- Up-to-date symlink: /home/ovsj/Code/AutonomousBlueye/install/robot_interfaces/include/robot_interfaces/robot_interfaces/msg/dvl.h
[4.841s] -- Up-to-date symlink: /home/ovsj/Code/AutonomousBlueye/install/robot_interfaces/include/robot_interfaces/robot_interfaces/msg/median_chain_pos.h
[4.841s] -- Up-to-date symlink: /home/ovsj/Code/AutonomousBlueye/install/robot_interfaces/include/robot_interfaces/robot_interfaces/msg/rosidl_generator_c__visibility_control.h
[4.841s] -- Up-to-date symlink: /home/ovsj/Code/AutonomousBlueye/install/robot_interfaces/include/robot_interfaces/robot_interfaces/msg/thresh_chain_pos.h
[4.841s] -- Up-to-date symlink: /home/ovsj/Code/AutonomousBlueye/install/robot_interfaces/include/robot_interfaces/robot_interfaces/msg/yolo_box.h
[4.841s] -- Up-to-date symlink: /home/ovsj/Code/AutonomousBlueye/install/robot_interfaces/include/robot_interfaces/robot_interfaces/msg/yolo_canny_chain_pose.h
[4.841s] -- Up-to-date symlink: /home/ovsj/Code/AutonomousBlueye/install/robot_interfaces/include/robot_interfaces/robot_interfaces/msg/yolo_chain_pose.h
[4.841s] -- Up-to-date symlink: /home/ovsj/Code/AutonomousBlueye/install/robot_interfaces/include/robot_interfaces/robot_interfaces/msg/yolo_median_chain_pose.h
[4.841s] -- Up-to-date symlink: /home/ovsj/Code/AutonomousBlueye/install/robot_interfaces/include/robot_interfaces/robot_interfaces/msg/yolo_thresh_chain_pose.h
[4.841s] -- Up-to-date symlink: /home/ovsj/Code/AutonomousBlueye/install/robot_interfaces/include/robot_interfaces/robot_interfaces/srv/add_waypoint.h
[4.841s] -- Up-to-date symlink: /home/ovsj/Code/AutonomousBlueye/install/robot_interfaces/include/robot_interfaces/robot_interfaces/srv/clear_waypoints.h
[4.841s] -- Up-to-date symlink: /home/ovsj/Code/AutonomousBlueye/install/robot_interfaces/include/robot_interfaces/robot_interfaces/srv/detail/add_waypoint__functions.h
[4.841s] -- Up-to-date symlink: /home/ovsj/Code/AutonomousBlueye/install/robot_interfaces/include/robot_interfaces/robot_interfaces/srv/detail/add_waypoint__struct.h
[4.841s] -- Up-to-date symlink: /home/ovsj/Code/AutonomousBlueye/install/robot_interfaces/include/robot_interfaces/robot_interfaces/srv/detail/add_waypoint__type_support.h
[4.841s] -- Up-to-date symlink: /home/ovsj/Code/AutonomousBlueye/install/robot_interfaces/include/robot_interfaces/robot_interfaces/srv/detail/clear_waypoints__functions.h
[4.841s] -- Up-to-date symlink: /home/ovsj/Code/AutonomousBlueye/install/robot_interfaces/include/robot_interfaces/robot_interfaces/srv/detail/clear_waypoints__struct.h
[4.841s] -- Up-to-date symlink: /home/ovsj/Code/AutonomousBlueye/install/robot_interfaces/include/robot_interfaces/robot_interfaces/srv/detail/clear_waypoints__type_support.h
[4.842s] -- Up-to-date symlink: /home/ovsj/Code/AutonomousBlueye/install/robot_interfaces/include/robot_interfaces/robot_interfaces/srv/detail/print_waypoints__functions.h
[4.842s] -- Up-to-date symlink: /home/ovsj/Code/AutonomousBlueye/install/robot_interfaces/include/robot_interfaces/robot_interfaces/srv/detail/print_waypoints__struct.h
[4.842s] -- Up-to-date symlink: /home/ovsj/Code/AutonomousBlueye/install/robot_interfaces/include/robot_interfaces/robot_interfaces/srv/detail/print_waypoints__type_support.h
[4.842s] -- Up-to-date symlink: /home/ovsj/Code/AutonomousBlueye/install/robot_interfaces/include/robot_interfaces/robot_interfaces/srv/detail/remove_waypoint__functions.h
[4.842s] -- Up-to-date symlink: /home/ovsj/Code/AutonomousBlueye/install/robot_interfaces/include/robot_interfaces/robot_interfaces/srv/detail/remove_waypoint__struct.h
[4.842s] -- Up-to-date symlink: /home/ovsj/Code/AutonomousBlueye/install/robot_interfaces/include/robot_interfaces/robot_interfaces/srv/detail/remove_waypoint__type_support.h
[4.842s] -- Up-to-date symlink: /home/ovsj/Code/AutonomousBlueye/install/robot_interfaces/include/robot_interfaces/robot_interfaces/srv/detail/set_state__functions.h
[4.842s] -- Up-to-date symlink: /home/ovsj/Code/AutonomousBlueye/install/robot_interfaces/include/robot_interfaces/robot_interfaces/srv/detail/set_state__struct.h
[4.842s] -- Up-to-date symlink: /home/ovsj/Code/AutonomousBlueye/install/robot_interfaces/include/robot_interfaces/robot_interfaces/srv/detail/set_state__type_support.h
[4.842s] -- Up-to-date symlink: /home/ovsj/Code/AutonomousBlueye/install/robot_interfaces/include/robot_interfaces/robot_interfaces/srv/print_waypoints.h
[4.842s] -- Up-to-date symlink: /home/ovsj/Code/AutonomousBlueye/install/robot_interfaces/include/robot_interfaces/robot_interfaces/srv/remove_waypoint.h
[4.842s] -- Up-to-date symlink: /home/ovsj/Code/AutonomousBlueye/install/robot_interfaces/include/robot_interfaces/robot_interfaces/srv/set_state.h
[4.842s] -- Up-to-date symlink: /home/ovsj/Code/AutonomousBlueye/install/robot_interfaces/share/robot_interfaces/environment/library_path.sh
[4.842s] -- Up-to-date symlink: /home/ovsj/Code/AutonomousBlueye/install/robot_interfaces/share/robot_interfaces/environment/library_path.dsv
[4.842s] -- Up-to-date symlink: /home/ovsj/Code/AutonomousBlueye/install/robot_interfaces/include/robot_interfaces/robot_interfaces/msg/detail/canny_chain_pos__rosidl_typesupport_fastrtps_c.h
[4.842s] -- Up-to-date symlink: /home/ovsj/Code/AutonomousBlueye/install/robot_interfaces/include/robot_interfaces/robot_interfaces/msg/detail/chain_pos__rosidl_typesupport_fastrtps_c.h
[4.842s] -- Up-to-date symlink: /home/ovsj/Code/AutonomousBlueye/install/robot_interfaces/include/robot_interfaces/robot_interfaces/msg/detail/desired_forces__rosidl_typesupport_fastrtps_c.h
[4.842s] -- Up-to-date symlink: /home/ovsj/Code/AutonomousBlueye/install/robot_interfaces/include/robot_interfaces/robot_interfaces/msg/detail/desired_velocity__rosidl_typesupport_fastrtps_c.h
[4.842s] -- Up-to-date symlink: /home/ovsj/Code/AutonomousBlueye/install/robot_interfaces/include/robot_interfaces/robot_interfaces/msg/detail/dvl__rosidl_typesupport_fastrtps_c.h
[4.842s] -- Up-to-date symlink: /home/ovsj/Code/AutonomousBlueye/install/robot_interfaces/include/robot_interfaces/robot_interfaces/msg/detail/median_chain_pos__rosidl_typesupport_fastrtps_c.h
[4.842s] -- Up-to-date symlink: /home/ovsj/Code/AutonomousBlueye/install/robot_interfaces/include/robot_interfaces/robot_interfaces/msg/detail/thresh_chain_pos__rosidl_typesupport_fastrtps_c.h
[4.842s] -- Up-to-date symlink: /home/ovsj/Code/AutonomousBlueye/install/robot_interfaces/include/robot_interfaces/robot_interfaces/msg/detail/yolo_box__rosidl_typesupport_fastrtps_c.h
[4.842s] -- Up-to-date symlink: /home/ovsj/Code/AutonomousBlueye/install/robot_interfaces/include/robot_interfaces/robot_interfaces/msg/detail/yolo_canny_chain_pose__rosidl_typesupport_fastrtps_c.h
[4.842s] -- Up-to-date symlink: /home/ovsj/Code/AutonomousBlueye/install/robot_interfaces/include/robot_interfaces/robot_interfaces/msg/detail/yolo_chain_pose__rosidl_typesupport_fastrtps_c.h
[4.842s] -- Up-to-date symlink: /home/ovsj/Code/AutonomousBlueye/install/robot_interfaces/include/robot_interfaces/robot_interfaces/msg/detail/yolo_median_chain_pose__rosidl_typesupport_fastrtps_c.h
[4.842s] -- Up-to-date symlink: /home/ovsj/Code/AutonomousBlueye/install/robot_interfaces/include/robot_interfaces/robot_interfaces/msg/detail/yolo_thresh_chain_pose__rosidl_typesupport_fastrtps_c.h
[4.842s] -- Up-to-date symlink: /home/ovsj/Code/AutonomousBlueye/install/robot_interfaces/include/robot_interfaces/robot_interfaces/msg/rosidl_typesupport_fastrtps_c__visibility_control.h
[4.842s] -- Up-to-date symlink: /home/ovsj/Code/AutonomousBlueye/install/robot_interfaces/include/robot_interfaces/robot_interfaces/srv/detail/add_waypoint__rosidl_typesupport_fastrtps_c.h
[4.842s] -- Up-to-date symlink: /home/ovsj/Code/AutonomousBlueye/install/robot_interfaces/include/robot_interfaces/robot_interfaces/srv/detail/clear_waypoints__rosidl_typesupport_fastrtps_c.h
[4.842s] -- Up-to-date symlink: /home/ovsj/Code/AutonomousBlueye/install/robot_interfaces/include/robot_interfaces/robot_interfaces/srv/detail/print_waypoints__rosidl_typesupport_fastrtps_c.h
[4.843s] -- Up-to-date symlink: /home/ovsj/Code/AutonomousBlueye/install/robot_interfaces/include/robot_interfaces/robot_interfaces/srv/detail/remove_waypoint__rosidl_typesupport_fastrtps_c.h
[4.843s] -- Up-to-date symlink: /home/ovsj/Code/AutonomousBlueye/install/robot_interfaces/include/robot_interfaces/robot_interfaces/srv/detail/set_state__rosidl_typesupport_fastrtps_c.h
[4.843s] -- Up-to-date symlink: /home/ovsj/Code/AutonomousBlueye/install/robot_interfaces/include/robot_interfaces/robot_interfaces/msg/canny_chain_pos.hpp
[4.843s] -- Up-to-date symlink: /home/ovsj/Code/AutonomousBlueye/install/robot_interfaces/include/robot_interfaces/robot_interfaces/msg/chain_pos.hpp
[4.843s] -- Up-to-date symlink: /home/ovsj/Code/AutonomousBlueye/install/robot_interfaces/include/robot_interfaces/robot_interfaces/msg/desired_forces.hpp
[4.843s] -- Up-to-date symlink: /home/ovsj/Code/AutonomousBlueye/install/robot_interfaces/include/robot_interfaces/robot_interfaces/msg/desired_velocity.hpp
[4.843s] -- Up-to-date symlink: /home/ovsj/Code/AutonomousBlueye/install/robot_interfaces/include/robot_interfaces/robot_interfaces/msg/detail/canny_chain_pos__builder.hpp
[4.843s] -- Up-to-date symlink: /home/ovsj/Code/AutonomousBlueye/install/robot_interfaces/include/robot_interfaces/robot_interfaces/msg/detail/canny_chain_pos__struct.hpp
[4.843s] -- Up-to-date symlink: /home/ovsj/Code/AutonomousBlueye/install/robot_interfaces/include/robot_interfaces/robot_interfaces/msg/detail/canny_chain_pos__traits.hpp
[4.843s] -- Up-to-date symlink: /home/ovsj/Code/AutonomousBlueye/install/robot_interfaces/include/robot_interfaces/robot_interfaces/msg/detail/canny_chain_pos__type_support.hpp
[4.843s] -- Up-to-date symlink: /home/ovsj/Code/AutonomousBlueye/install/robot_interfaces/include/robot_interfaces/robot_interfaces/msg/detail/chain_pos__builder.hpp
[4.843s] -- Up-to-date symlink: /home/ovsj/Code/AutonomousBlueye/install/robot_interfaces/include/robot_interfaces/robot_interfaces/msg/detail/chain_pos__struct.hpp
[4.843s] -- Up-to-date symlink: /home/ovsj/Code/AutonomousBlueye/install/robot_interfaces/include/robot_interfaces/robot_interfaces/msg/detail/chain_pos__traits.hpp
[4.843s] -- Up-to-date symlink: /home/ovsj/Code/AutonomousBlueye/install/robot_interfaces/include/robot_interfaces/robot_interfaces/msg/detail/chain_pos__type_support.hpp
[4.843s] -- Up-to-date symlink: /home/ovsj/Code/AutonomousBlueye/install/robot_interfaces/include/robot_interfaces/robot_interfaces/msg/detail/desired_forces__builder.hpp
[4.843s] -- Up-to-date symlink: /home/ovsj/Code/AutonomousBlueye/install/robot_interfaces/include/robot_interfaces/robot_interfaces/msg/detail/desired_forces__struct.hpp
[4.843s] -- Up-to-date symlink: /home/ovsj/Code/AutonomousBlueye/install/robot_interfaces/include/robot_interfaces/robot_interfaces/msg/detail/desired_forces__traits.hpp
[4.843s] -- Up-to-date symlink: /home/ovsj/Code/AutonomousBlueye/install/robot_interfaces/include/robot_interfaces/robot_interfaces/msg/detail/desired_forces__type_support.hpp
[4.843s] -- Up-to-date symlink: /home/ovsj/Code/AutonomousBlueye/install/robot_interfaces/include/robot_interfaces/robot_interfaces/msg/detail/desired_velocity__builder.hpp
[4.843s] -- Up-to-date symlink: /home/ovsj/Code/AutonomousBlueye/install/robot_interfaces/include/robot_interfaces/robot_interfaces/msg/detail/desired_velocity__struct.hpp
[4.843s] -- Up-to-date symlink: /home/ovsj/Code/AutonomousBlueye/install/robot_interfaces/include/robot_interfaces/robot_interfaces/msg/detail/desired_velocity__traits.hpp
[4.843s] -- Up-to-date symlink: /home/ovsj/Code/AutonomousBlueye/install/robot_interfaces/include/robot_interfaces/robot_interfaces/msg/detail/desired_velocity__type_support.hpp
[4.843s] -- Up-to-date symlink: /home/ovsj/Code/AutonomousBlueye/install/robot_interfaces/include/robot_interfaces/robot_interfaces/msg/detail/dvl__builder.hpp
[4.843s] -- Up-to-date symlink: /home/ovsj/Code/AutonomousBlueye/install/robot_interfaces/include/robot_interfaces/robot_interfaces/msg/detail/dvl__struct.hpp
[4.843s] -- Up-to-date symlink: /home/ovsj/Code/AutonomousBlueye/install/robot_interfaces/include/robot_interfaces/robot_interfaces/msg/detail/dvl__traits.hpp
[4.843s] -- Up-to-date symlink: /home/ovsj/Code/AutonomousBlueye/install/robot_interfaces/include/robot_interfaces/robot_interfaces/msg/detail/dvl__type_support.hpp
[4.843s] -- Up-to-date symlink: /home/ovsj/Code/AutonomousBlueye/install/robot_interfaces/include/robot_interfaces/robot_interfaces/msg/detail/median_chain_pos__builder.hpp
[4.844s] -- Up-to-date symlink: /home/ovsj/Code/AutonomousBlueye/install/robot_interfaces/include/robot_interfaces/robot_interfaces/msg/detail/median_chain_pos__struct.hpp
[4.847s] -- Up-to-date symlink: /home/ovsj/Code/AutonomousBlueye/install/robot_interfaces/include/robot_interfaces/robot_interfaces/msg/detail/median_chain_pos__traits.hpp
[4.848s] -- Up-to-date symlink: /home/ovsj/Code/AutonomousBlueye/install/robot_interfaces/include/robot_interfaces/robot_interfaces/msg/detail/median_chain_pos__type_support.hpp
[4.849s] -- Up-to-date symlink: /home/ovsj/Code/AutonomousBlueye/install/robot_interfaces/include/robot_interfaces/robot_interfaces/msg/detail/thresh_chain_pos__builder.hpp
[4.858s] -- Up-to-date symlink: /home/ovsj/Code/AutonomousBlueye/install/robot_interfaces/include/robot_interfaces/robot_interfaces/msg/detail/thresh_chain_pos__struct.hpp
[4.858s] -- Up-to-date symlink: /home/ovsj/Code/AutonomousBlueye/install/robot_interfaces/include/robot_interfaces/robot_interfaces/msg/detail/thresh_chain_pos__traits.hpp
[4.858s] -- Up-to-date symlink: /home/ovsj/Code/AutonomousBlueye/install/robot_interfaces/include/robot_interfaces/robot_interfaces/msg/detail/thresh_chain_pos__type_support.hpp
[4.859s] -- Up-to-date symlink: /home/ovsj/Code/AutonomousBlueye/install/robot_interfaces/include/robot_interfaces/robot_interfaces/msg/detail/yolo_box__builder.hpp
[4.859s] -- Up-to-date symlink: /home/ovsj/Code/AutonomousBlueye/install/robot_interfaces/include/robot_interfaces/robot_interfaces/msg/detail/yolo_box__struct.hpp
[4.859s] -- Up-to-date symlink: /home/ovsj/Code/AutonomousBlueye/install/robot_interfaces/include/robot_interfaces/robot_interfaces/msg/detail/yolo_box__traits.hpp
[4.859s] -- Up-to-date symlink: /home/ovsj/Code/AutonomousBlueye/install/robot_interfaces/include/robot_interfaces/robot_interfaces/msg/detail/yolo_box__type_support.hpp
[4.859s] -- Up-to-date symlink: /home/ovsj/Code/AutonomousBlueye/install/robot_interfaces/include/robot_interfaces/robot_interfaces/msg/detail/yolo_canny_chain_pose__builder.hpp
[4.859s] -- Up-to-date symlink: /home/ovsj/Code/AutonomousBlueye/install/robot_interfaces/include/robot_interfaces/robot_interfaces/msg/detail/yolo_canny_chain_pose__struct.hpp
[4.859s] -- Up-to-date symlink: /home/ovsj/Code/AutonomousBlueye/install/robot_interfaces/include/robot_interfaces/robot_interfaces/msg/detail/yolo_canny_chain_pose__traits.hpp
[4.859s] -- Up-to-date symlink: /home/ovsj/Code/AutonomousBlueye/install/robot_interfaces/include/robot_interfaces/robot_interfaces/msg/detail/yolo_canny_chain_pose__type_support.hpp
[4.859s] -- Up-to-date symlink: /home/ovsj/Code/AutonomousBlueye/install/robot_interfaces/include/robot_interfaces/robot_interfaces/msg/detail/yolo_chain_pose__builder.hpp
[4.859s] -- Up-to-date symlink: /home/ovsj/Code/AutonomousBlueye/install/robot_interfaces/include/robot_interfaces/robot_interfaces/msg/detail/yolo_chain_pose__struct.hpp
[4.859s] -- Up-to-date symlink: /home/ovsj/Code/AutonomousBlueye/install/robot_interfaces/include/robot_interfaces/robot_interfaces/msg/detail/yolo_chain_pose__traits.hpp
[4.859s] -- Up-to-date symlink: /home/ovsj/Code/AutonomousBlueye/install/robot_interfaces/include/robot_interfaces/robot_interfaces/msg/detail/yolo_chain_pose__type_support.hpp
[4.860s] -- Up-to-date symlink: /home/ovsj/Code/AutonomousBlueye/install/robot_interfaces/include/robot_interfaces/robot_interfaces/msg/detail/yolo_median_chain_pose__builder.hpp
[4.860s] -- Up-to-date symlink: /home/ovsj/Code/AutonomousBlueye/install/robot_interfaces/include/robot_interfaces/robot_interfaces/msg/detail/yolo_median_chain_pose__struct.hpp
[4.860s] -- Up-to-date symlink: /home/ovsj/Code/AutonomousBlueye/install/robot_interfaces/include/robot_interfaces/robot_interfaces/msg/detail/yolo_median_chain_pose__traits.hpp
[4.860s] -- Up-to-date symlink: /home/ovsj/Code/AutonomousBlueye/install/robot_interfaces/include/robot_interfaces/robot_interfaces/msg/detail/yolo_median_chain_pose__type_support.hpp
[4.862s] -- Up-to-date symlink: /home/ovsj/Code/AutonomousBlueye/install/robot_interfaces/include/robot_interfaces/robot_interfaces/msg/detail/yolo_thresh_chain_pose__builder.hpp
[4.862s] -- Up-to-date symlink: /home/ovsj/Code/AutonomousBlueye/install/robot_interfaces/include/robot_interfaces/robot_interfaces/msg/detail/yolo_thresh_chain_pose__struct.hpp
[4.863s] -- Up-to-date symlink: /home/ovsj/Code/AutonomousBlueye/install/robot_interfaces/include/robot_interfaces/robot_interfaces/msg/detail/yolo_thresh_chain_pose__traits.hpp
[4.864s] -- Up-to-date symlink: /home/ovsj/Code/AutonomousBlueye/install/robot_interfaces/include/robot_interfaces/robot_interfaces/msg/detail/yolo_thresh_chain_pose__type_support.hpp
[4.864s] -- Up-to-date symlink: /home/ovsj/Code/AutonomousBlueye/install/robot_interfaces/include/robot_interfaces/robot_interfaces/msg/dvl.hpp
[4.865s] -- Up-to-date symlink: /home/ovsj/Code/AutonomousBlueye/install/robot_interfaces/include/robot_interfaces/robot_interfaces/msg/median_chain_pos.hpp
[4.865s] -- Up-to-date symlink: /home/ovsj/Code/AutonomousBlueye/install/robot_interfaces/include/robot_interfaces/robot_interfaces/msg/rosidl_generator_cpp__visibility_control.hpp
[4.865s] -- Up-to-date symlink: /home/ovsj/Code/AutonomousBlueye/install/robot_interfaces/include/robot_interfaces/robot_interfaces/msg/thresh_chain_pos.hpp
[4.865s] -- Up-to-date symlink: /home/ovsj/Code/AutonomousBlueye/install/robot_interfaces/include/robot_interfaces/robot_interfaces/msg/yolo_box.hpp
[4.865s] -- Up-to-date symlink: /home/ovsj/Code/AutonomousBlueye/install/robot_interfaces/include/robot_interfaces/robot_interfaces/msg/yolo_canny_chain_pose.hpp
[4.866s] -- Up-to-date symlink: /home/ovsj/Code/AutonomousBlueye/install/robot_interfaces/include/robot_interfaces/robot_interfaces/msg/yolo_chain_pose.hpp
[4.866s] -- Up-to-date symlink: /home/ovsj/Code/AutonomousBlueye/install/robot_interfaces/include/robot_interfaces/robot_interfaces/msg/yolo_median_chain_pose.hpp
[4.866s] -- Up-to-date symlink: /home/ovsj/Code/AutonomousBlueye/install/robot_interfaces/include/robot_interfaces/robot_interfaces/msg/yolo_thresh_chain_pose.hpp
[4.866s] -- Up-to-date symlink: /home/ovsj/Code/AutonomousBlueye/install/robot_interfaces/include/robot_interfaces/robot_interfaces/srv/add_waypoint.hpp
[4.867s] -- Up-to-date symlink: /home/ovsj/Code/AutonomousBlueye/install/robot_interfaces/include/robot_interfaces/robot_interfaces/srv/clear_waypoints.hpp
[4.868s] -- Up-to-date symlink: /home/ovsj/Code/AutonomousBlueye/install/robot_interfaces/include/robot_interfaces/robot_interfaces/srv/detail/add_waypoint__builder.hpp
[4.868s] -- Up-to-date symlink: /home/ovsj/Code/AutonomousBlueye/install/robot_interfaces/include/robot_interfaces/robot_interfaces/srv/detail/add_waypoint__struct.hpp
[4.869s] -- Up-to-date symlink: /home/ovsj/Code/AutonomousBlueye/install/robot_interfaces/include/robot_interfaces/robot_interfaces/srv/detail/add_waypoint__traits.hpp
[4.869s] -- Up-to-date symlink: /home/ovsj/Code/AutonomousBlueye/install/robot_interfaces/include/robot_interfaces/robot_interfaces/srv/detail/add_waypoint__type_support.hpp
[4.870s] -- Up-to-date symlink: /home/ovsj/Code/AutonomousBlueye/install/robot_interfaces/include/robot_interfaces/robot_interfaces/srv/detail/clear_waypoints__builder.hpp
[4.870s] -- Up-to-date symlink: /home/ovsj/Code/AutonomousBlueye/install/robot_interfaces/include/robot_interfaces/robot_interfaces/srv/detail/clear_waypoints__struct.hpp
[4.870s] -- Up-to-date symlink: /home/ovsj/Code/AutonomousBlueye/install/robot_interfaces/include/robot_interfaces/robot_interfaces/srv/detail/clear_waypoints__traits.hpp
[4.871s] -- Up-to-date symlink: /home/ovsj/Code/AutonomousBlueye/install/robot_interfaces/include/robot_interfaces/robot_interfaces/srv/detail/clear_waypoints__type_support.hpp
[4.901s] -- Up-to-date symlink: /home/ovsj/Code/AutonomousBlueye/install/robot_interfaces/include/robot_interfaces/robot_interfaces/srv/detail/print_waypoints__builder.hpp
[4.903s] -- Up-to-date symlink: /home/ovsj/Code/AutonomousBlueye/install/robot_interfaces/include/robot_interfaces/robot_interfaces/srv/detail/print_waypoints__struct.hpp
[4.903s] -- Up-to-date symlink: /home/ovsj/Code/AutonomousBlueye/install/robot_interfaces/include/robot_interfaces/robot_interfaces/srv/detail/print_waypoints__traits.hpp
[4.903s] -- Up-to-date symlink: /home/ovsj/Code/AutonomousBlueye/install/robot_interfaces/include/robot_interfaces/robot_interfaces/srv/detail/print_waypoints__type_support.hpp
[4.903s] -- Up-to-date symlink: /home/ovsj/Code/AutonomousBlueye/install/robot_interfaces/include/robot_interfaces/robot_interfaces/srv/detail/remove_waypoint__builder.hpp
[4.903s] -- Up-to-date symlink: /home/ovsj/Code/AutonomousBlueye/install/robot_interfaces/include/robot_interfaces/robot_interfaces/srv/detail/remove_waypoint__struct.hpp
[4.903s] -- Up-to-date symlink: /home/ovsj/Code/AutonomousBlueye/install/robot_interfaces/include/robot_interfaces/robot_interfaces/srv/detail/remove_waypoint__traits.hpp
[4.903s] -- Up-to-date symlink: /home/ovsj/Code/AutonomousBlueye/install/robot_interfaces/include/robot_interfaces/robot_interfaces/srv/detail/remove_waypoint__type_support.hpp
[4.903s] -- Up-to-date symlink: /home/ovsj/Code/AutonomousBlueye/install/robot_interfaces/include/robot_interfaces/robot_interfaces/srv/detail/set_state__builder.hpp
[4.903s] -- Up-to-date symlink: /home/ovsj/Code/AutonomousBlueye/install/robot_interfaces/include/robot_interfaces/robot_interfaces/srv/detail/set_state__struct.hpp
[4.903s] -- Up-to-date symlink: /home/ovsj/Code/AutonomousBlueye/install/robot_interfaces/include/robot_interfaces/robot_interfaces/srv/detail/set_state__traits.hpp
[4.903s] -- Up-to-date symlink: /home/ovsj/Code/AutonomousBlueye/install/robot_interfaces/include/robot_interfaces/robot_interfaces/srv/detail/set_state__type_support.hpp
[4.903s] -- Up-to-date symlink: /home/ovsj/Code/AutonomousBlueye/install/robot_interfaces/include/robot_interfaces/robot_interfaces/srv/print_waypoints.hpp
[4.903s] -- Up-to-date symlink: /home/ovsj/Code/AutonomousBlueye/install/robot_interfaces/include/robot_interfaces/robot_interfaces/srv/remove_waypoint.hpp
[4.903s] -- Up-to-date symlink: /home/ovsj/Code/AutonomousBlueye/install/robot_interfaces/include/robot_interfaces/robot_interfaces/srv/set_state.hpp
[4.903s] -- Up-to-date symlink: /home/ovsj/Code/AutonomousBlueye/install/robot_interfaces/include/robot_interfaces/robot_interfaces/msg/detail/canny_chain_pos__rosidl_typesupport_fastrtps_cpp.hpp
[4.903s] -- Up-to-date symlink: /home/ovsj/Code/AutonomousBlueye/install/robot_interfaces/include/robot_interfaces/robot_interfaces/msg/detail/chain_pos__rosidl_typesupport_fastrtps_cpp.hpp
[4.903s] -- Up-to-date symlink: /home/ovsj/Code/AutonomousBlueye/install/robot_interfaces/include/robot_interfaces/robot_interfaces/msg/detail/desired_forces__rosidl_typesupport_fastrtps_cpp.hpp
[4.903s] -- Up-to-date symlink: /home/ovsj/Code/AutonomousBlueye/install/robot_interfaces/include/robot_interfaces/robot_interfaces/msg/detail/desired_velocity__rosidl_typesupport_fastrtps_cpp.hpp
[4.903s] -- Up-to-date symlink: /home/ovsj/Code/AutonomousBlueye/install/robot_interfaces/include/robot_interfaces/robot_interfaces/msg/detail/dvl__rosidl_typesupport_fastrtps_cpp.hpp
[4.903s] -- Up-to-date symlink: /home/ovsj/Code/AutonomousBlueye/install/robot_interfaces/include/robot_interfaces/robot_interfaces/msg/detail/median_chain_pos__rosidl_typesupport_fastrtps_cpp.hpp
[4.903s] -- Up-to-date symlink: /home/ovsj/Code/AutonomousBlueye/install/robot_interfaces/include/robot_interfaces/robot_interfaces/msg/detail/thresh_chain_pos__rosidl_typesupport_fastrtps_cpp.hpp
[4.903s] -- Up-to-date symlink: /home/ovsj/Code/AutonomousBlueye/install/robot_interfaces/include/robot_interfaces/robot_interfaces/msg/detail/yolo_box__rosidl_typesupport_fastrtps_cpp.hpp
[4.903s] -- Up-to-date symlink: /home/ovsj/Code/AutonomousBlueye/install/robot_interfaces/include/robot_interfaces/robot_interfaces/msg/detail/yolo_canny_chain_pose__rosidl_typesupport_fastrtps_cpp.hpp
[4.903s] -- Up-to-date symlink: /home/ovsj/Code/AutonomousBlueye/install/robot_interfaces/include/robot_interfaces/robot_interfaces/msg/detail/yolo_chain_pose__rosidl_typesupport_fastrtps_cpp.hpp
[4.904s] -- Up-to-date symlink: /home/ovsj/Code/AutonomousBlueye/install/robot_interfaces/include/robot_interfaces/robot_interfaces/msg/detail/yolo_median_chain_pose__rosidl_typesupport_fastrtps_cpp.hpp
[4.904s] -- Up-to-date symlink: /home/ovsj/Code/AutonomousBlueye/install/robot_interfaces/include/robot_interfaces/robot_interfaces/msg/detail/yolo_thresh_chain_pose__rosidl_typesupport_fastrtps_cpp.hpp
[4.904s] -- Up-to-date symlink: /home/ovsj/Code/AutonomousBlueye/install/robot_interfaces/include/robot_interfaces/robot_interfaces/msg/rosidl_typesupport_fastrtps_cpp__visibility_control.h
[4.904s] -- Up-to-date symlink: /home/ovsj/Code/AutonomousBlueye/install/robot_interfaces/include/robot_interfaces/robot_interfaces/srv/detail/add_waypoint__rosidl_typesupport_fastrtps_cpp.hpp
[4.904s] -- Up-to-date symlink: /home/ovsj/Code/AutonomousBlueye/install/robot_interfaces/include/robot_interfaces/robot_interfaces/srv/detail/clear_waypoints__rosidl_typesupport_fastrtps_cpp.hpp
[4.904s] -- Up-to-date symlink: /home/ovsj/Code/AutonomousBlueye/install/robot_interfaces/include/robot_interfaces/robot_interfaces/srv/detail/print_waypoints__rosidl_typesupport_fastrtps_cpp.hpp
[4.905s] -- Up-to-date symlink: /home/ovsj/Code/AutonomousBlueye/install/robot_interfaces/include/robot_interfaces/robot_interfaces/srv/detail/remove_waypoint__rosidl_typesupport_fastrtps_cpp.hpp
[4.905s] -- Up-to-date symlink: /home/ovsj/Code/AutonomousBlueye/install/robot_interfaces/include/robot_interfaces/robot_interfaces/srv/detail/set_state__rosidl_typesupport_fastrtps_cpp.hpp
[4.945s] -- Up-to-date symlink: /home/ovsj/Code/AutonomousBlueye/install/robot_interfaces/include/robot_interfaces/robot_interfaces/msg/detail/canny_chain_pos__rosidl_typesupport_introspection_c.h
[4.945s] -- Up-to-date symlink: /home/ovsj/Code/AutonomousBlueye/install/robot_interfaces/include/robot_interfaces/robot_interfaces/msg/detail/chain_pos__rosidl_typesupport_introspection_c.h
[4.945s] -- Up-to-date symlink: /home/ovsj/Code/AutonomousBlueye/install/robot_interfaces/include/robot_interfaces/robot_interfaces/msg/detail/desired_forces__rosidl_typesupport_introspection_c.h
[4.945s] -- Up-to-date symlink: /home/ovsj/Code/AutonomousBlueye/install/robot_interfaces/include/robot_interfaces/robot_interfaces/msg/detail/desired_velocity__rosidl_typesupport_introspection_c.h
[4.945s] -- Up-to-date symlink: /home/ovsj/Code/AutonomousBlueye/install/robot_interfaces/include/robot_interfaces/robot_interfaces/msg/detail/dvl__rosidl_typesupport_introspection_c.h
[4.945s] -- Up-to-date symlink: /home/ovsj/Code/AutonomousBlueye/install/robot_interfaces/include/robot_interfaces/robot_interfaces/msg/detail/median_chain_pos__rosidl_typesupport_introspection_c.h
[4.945s] -- Up-to-date symlink: /home/ovsj/Code/AutonomousBlueye/install/robot_interfaces/include/robot_interfaces/robot_interfaces/msg/detail/thresh_chain_pos__rosidl_typesupport_introspection_c.h
[4.945s] -- Up-to-date symlink: /home/ovsj/Code/AutonomousBlueye/install/robot_interfaces/include/robot_interfaces/robot_interfaces/msg/detail/yolo_box__rosidl_typesupport_introspection_c.h
[4.945s] -- Up-to-date symlink: /home/ovsj/Code/AutonomousBlueye/install/robot_interfaces/include/robot_interfaces/robot_interfaces/msg/detail/yolo_canny_chain_pose__rosidl_typesupport_introspection_c.h
[4.945s] -- Up-to-date symlink: /home/ovsj/Code/AutonomousBlueye/install/robot_interfaces/include/robot_interfaces/robot_interfaces/msg/detail/yolo_chain_pose__rosidl_typesupport_introspection_c.h
[4.945s] -- Up-to-date symlink: /home/ovsj/Code/AutonomousBlueye/install/robot_interfaces/include/robot_interfaces/robot_interfaces/msg/detail/yolo_median_chain_pose__rosidl_typesupport_introspection_c.h
[4.945s] -- Up-to-date symlink: /home/ovsj/Code/AutonomousBlueye/install/robot_interfaces/include/robot_interfaces/robot_interfaces/msg/detail/yolo_thresh_chain_pose__rosidl_typesupport_introspection_c.h
[4.945s] -- Up-to-date symlink: /home/ovsj/Code/AutonomousBlueye/install/robot_interfaces/include/robot_interfaces/robot_interfaces/msg/rosidl_typesupport_introspection_c__visibility_control.h
[4.945s] -- Up-to-date symlink: /home/ovsj/Code/AutonomousBlueye/install/robot_interfaces/include/robot_interfaces/robot_interfaces/srv/detail/add_waypoint__rosidl_typesupport_introspection_c.h
[4.945s] -- Up-to-date symlink: /home/ovsj/Code/AutonomousBlueye/install/robot_interfaces/include/robot_interfaces/robot_interfaces/srv/detail/clear_waypoints__rosidl_typesupport_introspection_c.h
[4.945s] -- Up-to-date symlink: /home/ovsj/Code/AutonomousBlueye/install/robot_interfaces/include/robot_interfaces/robot_interfaces/srv/detail/print_waypoints__rosidl_typesupport_introspection_c.h
[4.945s] -- Up-to-date symlink: /home/ovsj/Code/AutonomousBlueye/install/robot_interfaces/include/robot_interfaces/robot_interfaces/srv/detail/remove_waypoint__rosidl_typesupport_introspection_c.h
[4.945s] -- Up-to-date symlink: /home/ovsj/Code/AutonomousBlueye/install/robot_interfaces/include/robot_interfaces/robot_interfaces/srv/detail/set_state__rosidl_typesupport_introspection_c.h
[4.945s] -- Up-to-date symlink: /home/ovsj/Code/AutonomousBlueye/install/robot_interfaces/include/robot_interfaces/robot_interfaces/msg/detail/canny_chain_pos__rosidl_typesupport_introspection_cpp.hpp
[4.946s] -- Up-to-date symlink: /home/ovsj/Code/AutonomousBlueye/install/robot_interfaces/include/robot_interfaces/robot_interfaces/msg/detail/chain_pos__rosidl_typesupport_introspection_cpp.hpp
[4.946s] -- Up-to-date symlink: /home/ovsj/Code/AutonomousBlueye/install/robot_interfaces/include/robot_interfaces/robot_interfaces/msg/detail/desired_forces__rosidl_typesupport_introspection_cpp.hpp
[4.946s] -- Up-to-date symlink: /home/ovsj/Code/AutonomousBlueye/install/robot_interfaces/include/robot_interfaces/robot_interfaces/msg/detail/desired_velocity__rosidl_typesupport_introspection_cpp.hpp
[4.946s] -- Up-to-date symlink: /home/ovsj/Code/AutonomousBlueye/install/robot_interfaces/include/robot_interfaces/robot_interfaces/msg/detail/dvl__rosidl_typesupport_introspection_cpp.hpp
[4.946s] -- Up-to-date symlink: /home/ovsj/Code/AutonomousBlueye/install/robot_interfaces/include/robot_interfaces/robot_interfaces/msg/detail/median_chain_pos__rosidl_typesupport_introspection_cpp.hpp
[4.946s] -- Up-to-date symlink: /home/ovsj/Code/AutonomousBlueye/install/robot_interfaces/include/robot_interfaces/robot_interfaces/msg/detail/thresh_chain_pos__rosidl_typesupport_introspection_cpp.hpp
[4.946s] -- Up-to-date symlink: /home/ovsj/Code/AutonomousBlueye/install/robot_interfaces/include/robot_interfaces/robot_interfaces/msg/detail/yolo_box__rosidl_typesupport_introspection_cpp.hpp
[4.946s] -- Up-to-date symlink: /home/ovsj/Code/AutonomousBlueye/install/robot_interfaces/include/robot_interfaces/robot_interfaces/msg/detail/yolo_canny_chain_pose__rosidl_typesupport_introspection_cpp.hpp
[4.946s] -- Up-to-date symlink: /home/ovsj/Code/AutonomousBlueye/install/robot_interfaces/include/robot_interfaces/robot_interfaces/msg/detail/yolo_chain_pose__rosidl_typesupport_introspection_cpp.hpp
[4.946s] -- Up-to-date symlink: /home/ovsj/Code/AutonomousBlueye/install/robot_interfaces/include/robot_interfaces/robot_interfaces/msg/detail/yolo_median_chain_pose__rosidl_typesupport_introspection_cpp.hpp
[4.946s] -- Up-to-date symlink: /home/ovsj/Code/AutonomousBlueye/install/robot_interfaces/include/robot_interfaces/robot_interfaces/msg/detail/yolo_thresh_chain_pose__rosidl_typesupport_introspection_cpp.hpp
[4.946s] -- Up-to-date symlink: /home/ovsj/Code/AutonomousBlueye/install/robot_interfaces/include/robot_interfaces/robot_interfaces/srv/detail/add_waypoint__rosidl_typesupport_introspection_cpp.hpp
[4.947s] -- Up-to-date symlink: /home/ovsj/Code/AutonomousBlueye/install/robot_interfaces/include/robot_interfaces/robot_interfaces/srv/detail/clear_waypoints__rosidl_typesupport_introspection_cpp.hpp
[4.947s] -- Up-to-date symlink: /home/ovsj/Code/AutonomousBlueye/install/robot_interfaces/include/robot_interfaces/robot_interfaces/srv/detail/print_waypoints__rosidl_typesupport_introspection_cpp.hpp
[4.947s] -- Up-to-date symlink: /home/ovsj/Code/AutonomousBlueye/install/robot_interfaces/include/robot_interfaces/robot_interfaces/srv/detail/remove_waypoint__rosidl_typesupport_introspection_cpp.hpp
[4.947s] -- Up-to-date symlink: /home/ovsj/Code/AutonomousBlueye/install/robot_interfaces/include/robot_interfaces/robot_interfaces/srv/detail/set_state__rosidl_typesupport_introspection_cpp.hpp
[4.947s] -- Up-to-date symlink: /home/ovsj/Code/AutonomousBlueye/install/robot_interfaces/share/robot_interfaces/environment/pythonpath.sh
[4.947s] -- Up-to-date symlink: /home/ovsj/Code/AutonomousBlueye/install/robot_interfaces/share/robot_interfaces/environment/pythonpath.dsv
[4.947s] -- Up-to-date symlink: /home/ovsj/Code/AutonomousBlueye/install/robot_interfaces/local/lib/python3.10/dist-packages/robot_interfaces-0.0.0-py3.10.egg-info/PKG-INFO
[4.948s] -- Up-to-date symlink: /home/ovsj/Code/AutonomousBlueye/install/robot_interfaces/local/lib/python3.10/dist-packages/robot_interfaces-0.0.0-py3.10.egg-info/SOURCES.txt
[4.948s] -- Up-to-date symlink: /home/ovsj/Code/AutonomousBlueye/install/robot_interfaces/local/lib/python3.10/dist-packages/robot_interfaces-0.0.0-py3.10.egg-info/dependency_links.txt
[4.948s] -- Up-to-date symlink: /home/ovsj/Code/AutonomousBlueye/install/robot_interfaces/local/lib/python3.10/dist-packages/robot_interfaces-0.0.0-py3.10.egg-info/top_level.txt
[4.948s] -- Up-to-date symlink: /home/ovsj/Code/AutonomousBlueye/install/robot_interfaces/local/lib/python3.10/dist-packages/robot_interfaces/__init__.py
[4.948s] -- Up-to-date symlink: /home/ovsj/Code/AutonomousBlueye/install/robot_interfaces/local/lib/python3.10/dist-packages/robot_interfaces/_robot_interfaces_s.ep.rosidl_typesupport_c.c
[4.948s] -- Up-to-date symlink: /home/ovsj/Code/AutonomousBlueye/install/robot_interfaces/local/lib/python3.10/dist-packages/robot_interfaces/_robot_interfaces_s.ep.rosidl_typesupport_fastrtps_c.c
[4.948s] -- Up-to-date symlink: /home/ovsj/Code/AutonomousBlueye/install/robot_interfaces/local/lib/python3.10/dist-packages/robot_interfaces/_robot_interfaces_s.ep.rosidl_typesupport_introspection_c.c
[4.948s] -- Up-to-date symlink: /home/ovsj/Code/AutonomousBlueye/install/robot_interfaces/local/lib/python3.10/dist-packages/robot_interfaces/librobot_interfaces__rosidl_generator_py.so
[4.948s] -- Up-to-date symlink: /home/ovsj/Code/AutonomousBlueye/install/robot_interfaces/local/lib/python3.10/dist-packages/robot_interfaces/msg/__init__.py
[4.949s] -- Up-to-date symlink: /home/ovsj/Code/AutonomousBlueye/install/robot_interfaces/local/lib/python3.10/dist-packages/robot_interfaces/msg/_canny_chain_pos.py
[4.949s] -- Up-to-date symlink: /home/ovsj/Code/AutonomousBlueye/install/robot_interfaces/local/lib/python3.10/dist-packages/robot_interfaces/msg/_canny_chain_pos_s.c
[4.950s] -- Up-to-date symlink: /home/ovsj/Code/AutonomousBlueye/install/robot_interfaces/local/lib/python3.10/dist-packages/robot_interfaces/msg/_chain_pos.py
[4.951s] -- Up-to-date symlink: /home/ovsj/Code/AutonomousBlueye/install/robot_interfaces/local/lib/python3.10/dist-packages/robot_interfaces/msg/_chain_pos_s.c
[4.951s] -- Up-to-date symlink: /home/ovsj/Code/AutonomousBlueye/install/robot_interfaces/local/lib/python3.10/dist-packages/robot_interfaces/msg/_desired_forces.py
[4.951s] -- Up-to-date symlink: /home/ovsj/Code/AutonomousBlueye/install/robot_interfaces/local/lib/python3.10/dist-packages/robot_interfaces/msg/_desired_forces_s.c
[4.951s] -- Up-to-date symlink: /home/ovsj/Code/AutonomousBlueye/install/robot_interfaces/local/lib/python3.10/dist-packages/robot_interfaces/msg/_desired_velocity.py
[4.952s] -- Up-to-date symlink: /home/ovsj/Code/AutonomousBlueye/install/robot_interfaces/local/lib/python3.10/dist-packages/robot_interfaces/msg/_desired_velocity_s.c
[4.952s] -- Up-to-date symlink: /home/ovsj/Code/AutonomousBlueye/install/robot_interfaces/local/lib/python3.10/dist-packages/robot_interfaces/msg/_dvl.py
[4.952s] -- Up-to-date symlink: /home/ovsj/Code/AutonomousBlueye/install/robot_interfaces/local/lib/python3.10/dist-packages/robot_interfaces/msg/_dvl_s.c
[4.952s] -- Up-to-date symlink: /home/ovsj/Code/AutonomousBlueye/install/robot_interfaces/local/lib/python3.10/dist-packages/robot_interfaces/msg/_median_chain_pos.py
[4.952s] -- Up-to-date symlink: /home/ovsj/Code/AutonomousBlueye/install/robot_interfaces/local/lib/python3.10/dist-packages/robot_interfaces/msg/_median_chain_pos_s.c
[4.952s] -- Up-to-date symlink: /home/ovsj/Code/AutonomousBlueye/install/robot_interfaces/local/lib/python3.10/dist-packages/robot_interfaces/msg/_thresh_chain_pos.py
[4.952s] -- Up-to-date symlink: /home/ovsj/Code/AutonomousBlueye/install/robot_interfaces/local/lib/python3.10/dist-packages/robot_interfaces/msg/_thresh_chain_pos_s.c
[4.952s] -- Up-to-date symlink: /home/ovsj/Code/AutonomousBlueye/install/robot_interfaces/local/lib/python3.10/dist-packages/robot_interfaces/msg/_yolo_box.py
[4.952s] -- Up-to-date symlink: /home/ovsj/Code/AutonomousBlueye/install/robot_interfaces/local/lib/python3.10/dist-packages/robot_interfaces/msg/_yolo_box_s.c
[4.952s] -- Up-to-date symlink: /home/ovsj/Code/AutonomousBlueye/install/robot_interfaces/local/lib/python3.10/dist-packages/robot_interfaces/msg/_yolo_canny_chain_pose.py
[4.952s] -- Up-to-date symlink: /home/ovsj/Code/AutonomousBlueye/install/robot_interfaces/local/lib/python3.10/dist-packages/robot_interfaces/msg/_yolo_canny_chain_pose_s.c
[4.952s] -- Up-to-date symlink: /home/ovsj/Code/AutonomousBlueye/install/robot_interfaces/local/lib/python3.10/dist-packages/robot_interfaces/msg/_yolo_chain_pose.py
[4.952s] -- Up-to-date symlink: /home/ovsj/Code/AutonomousBlueye/install/robot_interfaces/local/lib/python3.10/dist-packages/robot_interfaces/msg/_yolo_chain_pose_s.c
[4.952s] -- Up-to-date symlink: /home/ovsj/Code/AutonomousBlueye/install/robot_interfaces/local/lib/python3.10/dist-packages/robot_interfaces/msg/_yolo_median_chain_pose.py
[4.952s] -- Up-to-date symlink: /home/ovsj/Code/AutonomousBlueye/install/robot_interfaces/local/lib/python3.10/dist-packages/robot_interfaces/msg/_yolo_median_chain_pose_s.c
[4.953s] -- Up-to-date symlink: /home/ovsj/Code/AutonomousBlueye/install/robot_interfaces/local/lib/python3.10/dist-packages/robot_interfaces/msg/_yolo_thresh_chain_pose.py
[4.953s] -- Up-to-date symlink: /home/ovsj/Code/AutonomousBlueye/install/robot_interfaces/local/lib/python3.10/dist-packages/robot_interfaces/msg/_yolo_thresh_chain_pose_s.c
[4.953s] -- Up-to-date symlink: /home/ovsj/Code/AutonomousBlueye/install/robot_interfaces/local/lib/python3.10/dist-packages/robot_interfaces/robot_interfaces_s__rosidl_typesupport_c.cpython-310-aarch64-linux-gnu.so
[4.953s] -- Up-to-date symlink: /home/ovsj/Code/AutonomousBlueye/install/robot_interfaces/local/lib/python3.10/dist-packages/robot_interfaces/robot_interfaces_s__rosidl_typesupport_fastrtps_c.cpython-310-aarch64-linux-gnu.so
[4.953s] -- Up-to-date symlink: /home/ovsj/Code/AutonomousBlueye/install/robot_interfaces/local/lib/python3.10/dist-packages/robot_interfaces/robot_interfaces_s__rosidl_typesupport_introspection_c.cpython-310-aarch64-linux-gnu.so
[4.953s] -- Up-to-date symlink: /home/ovsj/Code/AutonomousBlueye/install/robot_interfaces/local/lib/python3.10/dist-packages/robot_interfaces/srv/__init__.py
[4.953s] -- Up-to-date symlink: /home/ovsj/Code/AutonomousBlueye/install/robot_interfaces/local/lib/python3.10/dist-packages/robot_interfaces/srv/_add_waypoint.py
[4.954s] -- Up-to-date symlink: /home/ovsj/Code/AutonomousBlueye/install/robot_interfaces/local/lib/python3.10/dist-packages/robot_interfaces/srv/_add_waypoint_s.c
[4.954s] -- Up-to-date symlink: /home/ovsj/Code/AutonomousBlueye/install/robot_interfaces/local/lib/python3.10/dist-packages/robot_interfaces/srv/_clear_waypoints.py
[4.954s] -- Up-to-date symlink: /home/ovsj/Code/AutonomousBlueye/install/robot_interfaces/local/lib/python3.10/dist-packages/robot_interfaces/srv/_clear_waypoints_s.c
[4.954s] -- Up-to-date symlink: /home/ovsj/Code/AutonomousBlueye/install/robot_interfaces/local/lib/python3.10/dist-packages/robot_interfaces/srv/_print_waypoints.py
[4.954s] -- Up-to-date symlink: /home/ovsj/Code/AutonomousBlueye/install/robot_interfaces/local/lib/python3.10/dist-packages/robot_interfaces/srv/_print_waypoints_s.c
[4.954s] -- Up-to-date symlink: /home/ovsj/Code/AutonomousBlueye/install/robot_interfaces/local/lib/python3.10/dist-packages/robot_interfaces/srv/_remove_waypoint.py
[4.954s] -- Up-to-date symlink: /home/ovsj/Code/AutonomousBlueye/install/robot_interfaces/local/lib/python3.10/dist-packages/robot_interfaces/srv/_remove_waypoint_s.c
[4.954s] -- Up-to-date symlink: /home/ovsj/Code/AutonomousBlueye/install/robot_interfaces/local/lib/python3.10/dist-packages/robot_interfaces/srv/_set_state.py
[4.954s] -- Up-to-date symlink: /home/ovsj/Code/AutonomousBlueye/install/robot_interfaces/local/lib/python3.10/dist-packages/robot_interfaces/srv/_set_state_s.c
[4.954s] -- Up-to-date symlink: /home/ovsj/Code/AutonomousBlueye/install/robot_interfaces/local/lib/python3.10/dist-packages/robot_interfaces/robot_interfaces_s__rosidl_typesupport_fastrtps_c.cpython-310-aarch64-linux-gnu.so
[4.954s] -- Up-to-date symlink: /home/ovsj/Code/AutonomousBlueye/install/robot_interfaces/local/lib/python3.10/dist-packages/robot_interfaces/robot_interfaces_s__rosidl_typesupport_introspection_c.cpython-310-aarch64-linux-gnu.so
[4.954s] -- Up-to-date symlink: /home/ovsj/Code/AutonomousBlueye/install/robot_interfaces/local/lib/python3.10/dist-packages/robot_interfaces/robot_interfaces_s__rosidl_typesupport_c.cpython-310-aarch64-linux-gnu.so
[4.954s] -- Up-to-date symlink: /home/ovsj/Code/AutonomousBlueye/install/robot_interfaces/share/robot_interfaces/msg/DVL.idl
[4.954s] -- Up-to-date symlink: /home/ovsj/Code/AutonomousBlueye/install/robot_interfaces/share/robot_interfaces/msg/DesiredVelocity.idl
[4.954s] -- Up-to-date symlink: /home/ovsj/Code/AutonomousBlueye/install/robot_interfaces/share/robot_interfaces/msg/ChainPos.idl
[4.955s] -- Up-to-date symlink: /home/ovsj/Code/AutonomousBlueye/install/robot_interfaces/share/robot_interfaces/msg/YoloChainPose.idl
[4.955s] -- Up-to-date symlink: /home/ovsj/Code/AutonomousBlueye/install/robot_interfaces/share/robot_interfaces/msg/YoloBox.idl
[4.955s] -- Up-to-date symlink: /home/ovsj/Code/AutonomousBlueye/install/robot_interfaces/share/robot_interfaces/msg/YoloCannyChainPose.idl
[4.955s] -- Up-to-date symlink: /home/ovsj/Code/AutonomousBlueye/install/robot_interfaces/share/robot_interfaces/msg/YoloThreshChainPose.idl
[4.955s] -- Up-to-date symlink: /home/ovsj/Code/AutonomousBlueye/install/robot_interfaces/share/robot_interfaces/msg/YoloMedianChainPose.idl
[4.955s] -- Up-to-date symlink: /home/ovsj/Code/AutonomousBlueye/install/robot_interfaces/share/robot_interfaces/msg/ThreshChainPos.idl
[4.955s] -- Up-to-date symlink: /home/ovsj/Code/AutonomousBlueye/install/robot_interfaces/share/robot_interfaces/msg/MedianChainPos.idl
[4.955s] -- Up-to-date symlink: /home/ovsj/Code/AutonomousBlueye/install/robot_interfaces/share/robot_interfaces/msg/CannyChainPos.idl
[4.955s] -- Up-to-date symlink: /home/ovsj/Code/AutonomousBlueye/install/robot_interfaces/share/robot_interfaces/msg/DesiredForces.idl
[4.955s] -- Up-to-date symlink: /home/ovsj/Code/AutonomousBlueye/install/robot_interfaces/share/robot_interfaces/srv/AddWaypoint.idl
[4.955s] -- Up-to-date symlink: /home/ovsj/Code/AutonomousBlueye/install/robot_interfaces/share/robot_interfaces/srv/ClearWaypoints.idl
[4.955s] -- Up-to-date symlink: /home/ovsj/Code/AutonomousBlueye/install/robot_interfaces/share/robot_interfaces/srv/PrintWaypoints.idl
[4.955s] -- Up-to-date symlink: /home/ovsj/Code/AutonomousBlueye/install/robot_interfaces/share/robot_interfaces/srv/RemoveWaypoint.idl
[4.955s] -- Up-to-date symlink: /home/ovsj/Code/AutonomousBlueye/install/robot_interfaces/share/robot_interfaces/srv/SetState.idl
[4.955s] -- Up-to-date symlink: /home/ovsj/Code/AutonomousBlueye/install/robot_interfaces/share/robot_interfaces/msg/DVL.msg
[4.955s] -- Up-to-date symlink: /home/ovsj/Code/AutonomousBlueye/install/robot_interfaces/share/robot_interfaces/msg/DesiredVelocity.msg
[4.955s] -- Up-to-date symlink: /home/ovsj/Code/AutonomousBlueye/install/robot_interfaces/share/robot_interfaces/msg/ChainPos.msg
[4.955s] -- Up-to-date symlink: /home/ovsj/Code/AutonomousBlueye/install/robot_interfaces/share/robot_interfaces/msg/YoloChainPose.msg
[4.955s] -- Up-to-date symlink: /home/ovsj/Code/AutonomousBlueye/install/robot_interfaces/share/robot_interfaces/msg/YoloBox.msg
[4.955s] -- Up-to-date symlink: /home/ovsj/Code/AutonomousBlueye/install/robot_interfaces/share/robot_interfaces/msg/YoloCannyChainPose.msg
[4.955s] -- Up-to-date symlink: /home/ovsj/Code/AutonomousBlueye/install/robot_interfaces/share/robot_interfaces/msg/YoloThreshChainPose.msg
[4.955s] -- Up-to-date symlink: /home/ovsj/Code/AutonomousBlueye/install/robot_interfaces/share/robot_interfaces/msg/YoloMedianChainPose.msg
[4.955s] -- Up-to-date symlink: /home/ovsj/Code/AutonomousBlueye/install/robot_interfaces/share/robot_interfaces/msg/ThreshChainPos.msg
[4.955s] -- Up-to-date symlink: /home/ovsj/Code/AutonomousBlueye/install/robot_interfaces/share/robot_interfaces/msg/MedianChainPos.msg
[4.955s] -- Up-to-date symlink: /home/ovsj/Code/AutonomousBlueye/install/robot_interfaces/share/robot_interfaces/msg/CannyChainPos.msg
[4.955s] -- Up-to-date symlink: /home/ovsj/Code/AutonomousBlueye/install/robot_interfaces/share/robot_interfaces/msg/DesiredForces.msg
[4.955s] -- Up-to-date symlink: /home/ovsj/Code/AutonomousBlueye/install/robot_interfaces/share/robot_interfaces/srv/AddWaypoint.srv
[4.955s] -- Up-to-date symlink: /home/ovsj/Code/AutonomousBlueye/install/robot_interfaces/share/robot_interfaces/srv/AddWaypoint_Request.msg
[4.955s] -- Up-to-date symlink: /home/ovsj/Code/AutonomousBlueye/install/robot_interfaces/share/robot_interfaces/srv/AddWaypoint_Response.msg
[4.955s] -- Up-to-date symlink: /home/ovsj/Code/AutonomousBlueye/install/robot_interfaces/share/robot_interfaces/srv/ClearWaypoints.srv
[4.955s] -- Up-to-date symlink: /home/ovsj/Code/AutonomousBlueye/install/robot_interfaces/share/robot_interfaces/srv/ClearWaypoints_Request.msg
[4.955s] -- Up-to-date symlink: /home/ovsj/Code/AutonomousBlueye/install/robot_interfaces/share/robot_interfaces/srv/ClearWaypoints_Response.msg
[4.955s] -- Up-to-date symlink: /home/ovsj/Code/AutonomousBlueye/install/robot_interfaces/share/robot_interfaces/srv/PrintWaypoints.srv
[4.955s] -- Up-to-date symlink: /home/ovsj/Code/AutonomousBlueye/install/robot_interfaces/share/robot_interfaces/srv/PrintWaypoints_Request.msg
[4.955s] -- Up-to-date symlink: /home/ovsj/Code/AutonomousBlueye/install/robot_interfaces/share/robot_interfaces/srv/PrintWaypoints_Response.msg
[4.955s] -- Up-to-date symlink: /home/ovsj/Code/AutonomousBlueye/install/robot_interfaces/share/robot_interfaces/srv/RemoveWaypoint.srv
[4.955s] -- Up-to-date symlink: /home/ovsj/Code/AutonomousBlueye/install/robot_interfaces/share/robot_interfaces/srv/RemoveWaypoint_Request.msg
[4.955s] -- Up-to-date symlink: /home/ovsj/Code/AutonomousBlueye/install/robot_interfaces/share/robot_interfaces/srv/RemoveWaypoint_Response.msg
[4.956s] -- Up-to-date symlink: /home/ovsj/Code/AutonomousBlueye/install/robot_interfaces/share/robot_interfaces/srv/SetState.srv
[4.956s] -- Up-to-date symlink: /home/ovsj/Code/AutonomousBlueye/install/robot_interfaces/share/robot_interfaces/srv/SetState_Request.msg
[4.956s] -- Up-to-date symlink: /home/ovsj/Code/AutonomousBlueye/install/robot_interfaces/share/robot_interfaces/srv/SetState_Response.msg
[4.956s] -- Up-to-date symlink: /home/ovsj/Code/AutonomousBlueye/install/robot_interfaces/share/ament_index/resource_index/package_run_dependencies/robot_interfaces
[4.956s] -- Up-to-date symlink: /home/ovsj/Code/AutonomousBlueye/install/robot_interfaces/share/ament_index/resource_index/parent_prefix_path/robot_interfaces
[4.956s] -- Up-to-date symlink: /home/ovsj/Code/AutonomousBlueye/install/robot_interfaces/share/robot_interfaces/environment/ament_prefix_path.sh
[4.956s] -- Up-to-date symlink: /home/ovsj/Code/AutonomousBlueye/install/robot_interfaces/share/robot_interfaces/environment/ament_prefix_path.dsv
[4.956s] -- Up-to-date symlink: /home/ovsj/Code/AutonomousBlueye/install/robot_interfaces/share/robot_interfaces/environment/path.sh
[4.956s] -- Up-to-date symlink: /home/ovsj/Code/AutonomousBlueye/install/robot_interfaces/share/robot_interfaces/environment/path.dsv
[4.956s] -- Up-to-date symlink: /home/ovsj/Code/AutonomousBlueye/install/robot_interfaces/share/robot_interfaces/local_setup.bash
[4.956s] -- Up-to-date symlink: /home/ovsj/Code/AutonomousBlueye/install/robot_interfaces/share/robot_interfaces/local_setup.sh
[4.956s] -- Up-to-date symlink: /home/ovsj/Code/AutonomousBlueye/install/robot_interfaces/share/robot_interfaces/local_setup.zsh
[4.956s] -- Up-to-date symlink: /home/ovsj/Code/AutonomousBlueye/install/robot_interfaces/share/robot_interfaces/local_setup.dsv
[4.957s] -- Symlinking: /home/ovsj/Code/AutonomousBlueye/install/robot_interfaces/share/robot_interfaces/package.dsv
[4.957s] -- Up-to-date symlink: /home/ovsj/Code/AutonomousBlueye/install/robot_interfaces/share/ament_index/resource_index/packages/robot_interfaces
[4.957s] -- Up-to-date symlink: /home/ovsj/Code/AutonomousBlueye/install/robot_interfaces/share/robot_interfaces/cmake/rosidl_cmake-extras.cmake
[4.957s] -- Up-to-date symlink: /home/ovsj/Code/AutonomousBlueye/install/robot_interfaces/share/robot_interfaces/cmake/ament_cmake_export_dependencies-extras.cmake
[4.958s] -- Up-to-date symlink: /home/ovsj/Code/AutonomousBlueye/install/robot_interfaces/share/robot_interfaces/cmake/ament_cmake_export_include_directories-extras.cmake
[4.958s] -- Up-to-date symlink: /home/ovsj/Code/AutonomousBlueye/install/robot_interfaces/share/robot_interfaces/cmake/ament_cmake_export_libraries-extras.cmake
[4.958s] -- Up-to-date symlink: /home/ovsj/Code/AutonomousBlueye/install/robot_interfaces/share/robot_interfaces/cmake/ament_cmake_export_targets-extras.cmake
[4.958s] -- Up-to-date symlink: /home/ovsj/Code/AutonomousBlueye/install/robot_interfaces/share/robot_interfaces/cmake/rosidl_cmake_export_typesupport_targets-extras.cmake
[4.958s] -- Up-to-date symlink: /home/ovsj/Code/AutonomousBlueye/install/robot_interfaces/share/robot_interfaces/cmake/rosidl_cmake_export_typesupport_libraries-extras.cmake
[4.958s] -- Up-to-date symlink: /home/ovsj/Code/AutonomousBlueye/install/robot_interfaces/share/robot_interfaces/cmake/robot_interfacesConfig.cmake
[4.976s] -- Up-to-date symlink: /home/ovsj/Code/AutonomousBlueye/install/robot_interfaces/share/robot_interfaces/cmake/robot_interfacesConfig-version.cmake
[4.976s] -- Up-to-date symlink: /home/ovsj/Code/AutonomousBlueye/install/robot_interfaces/share/robot_interfaces/package.xml
[4.976s] -- Up-to-date: /home/ovsj/Code/AutonomousBlueye/install/robot_interfaces/lib/librobot_interfaces__rosidl_generator_c.so
[4.976s] -- Up-to-date: /home/ovsj/Code/AutonomousBlueye/install/robot_interfaces/lib/librobot_interfaces__rosidl_typesupport_fastrtps_c.so
[4.977s] -- Up-to-date: /home/ovsj/Code/AutonomousBlueye/install/robot_interfaces/lib/librobot_interfaces__rosidl_typesupport_fastrtps_cpp.so
[4.977s] -- Up-to-date: /home/ovsj/Code/AutonomousBlueye/install/robot_interfaces/lib/librobot_interfaces__rosidl_typesupport_introspection_c.so
[4.977s] -- Up-to-date: /home/ovsj/Code/AutonomousBlueye/install/robot_interfaces/lib/librobot_interfaces__rosidl_typesupport_c.so
[4.977s] -- Up-to-date: /home/ovsj/Code/AutonomousBlueye/install/robot_interfaces/lib/librobot_interfaces__rosidl_typesupport_introspection_cpp.so
[4.977s] -- Up-to-date: /home/ovsj/Code/AutonomousBlueye/install/robot_interfaces/lib/librobot_interfaces__rosidl_typesupport_cpp.so
[5.081s] Listing '/home/ovsj/Code/AutonomousBlueye/install/robot_interfaces/local/lib/python3.10/dist-packages/robot_interfaces'...
[5.081s] Compiling '/home/ovsj/Code/AutonomousBlueye/install/robot_interfaces/local/lib/python3.10/dist-packages/robot_interfaces/__init__.py'...
[5.081s] Listing '/home/ovsj/Code/AutonomousBlueye/install/robot_interfaces/local/lib/python3.10/dist-packages/robot_interfaces/msg'...
[5.081s] Listing '/home/ovsj/Code/AutonomousBlueye/install/robot_interfaces/local/lib/python3.10/dist-packages/robot_interfaces/srv'...
[5.100s] -- Up-to-date: /home/ovsj/Code/AutonomousBlueye/install/robot_interfaces/lib/librobot_interfaces__rosidl_generator_py.so
[5.101s] -- Up-to-date: /home/ovsj/Code/AutonomousBlueye/install/robot_interfaces/share/robot_interfaces/cmake/export_robot_interfaces__rosidl_generator_cExport.cmake
[5.101s] -- Up-to-date: /home/ovsj/Code/AutonomousBlueye/install/robot_interfaces/share/robot_interfaces/cmake/export_robot_interfaces__rosidl_generator_cExport-noconfig.cmake
[5.101s] -- Up-to-date: /home/ovsj/Code/AutonomousBlueye/install/robot_interfaces/share/robot_interfaces/cmake/export_robot_interfaces__rosidl_typesupport_fastrtps_cExport.cmake
[5.101s] -- Up-to-date: /home/ovsj/Code/AutonomousBlueye/install/robot_interfaces/share/robot_interfaces/cmake/export_robot_interfaces__rosidl_typesupport_fastrtps_cExport-noconfig.cmake
[5.101s] -- Up-to-date: /home/ovsj/Code/AutonomousBlueye/install/robot_interfaces/share/robot_interfaces/cmake/export_robot_interfaces__rosidl_generator_cppExport.cmake
[5.101s] -- Up-to-date: /home/ovsj/Code/AutonomousBlueye/install/robot_interfaces/share/robot_interfaces/cmake/export_robot_interfaces__rosidl_typesupport_fastrtps_cppExport.cmake
[5.101s] -- Up-to-date: /home/ovsj/Code/AutonomousBlueye/install/robot_interfaces/share/robot_interfaces/cmake/export_robot_interfaces__rosidl_typesupport_fastrtps_cppExport-noconfig.cmake
[5.101s] -- Up-to-date: /home/ovsj/Code/AutonomousBlueye/install/robot_interfaces/share/robot_interfaces/cmake/robot_interfaces__rosidl_typesupport_introspection_cExport.cmake
[5.101s] -- Up-to-date: /home/ovsj/Code/AutonomousBlueye/install/robot_interfaces/share/robot_interfaces/cmake/robot_interfaces__rosidl_typesupport_introspection_cExport-noconfig.cmake
[5.102s] -- Up-to-date: /home/ovsj/Code/AutonomousBlueye/install/robot_interfaces/share/robot_interfaces/cmake/robot_interfaces__rosidl_typesupport_cExport.cmake
[5.102s] -- Up-to-date: /home/ovsj/Code/AutonomousBlueye/install/robot_interfaces/share/robot_interfaces/cmake/robot_interfaces__rosidl_typesupport_cExport-noconfig.cmake
[5.102s] -- Up-to-date: /home/ovsj/Code/AutonomousBlueye/install/robot_interfaces/share/robot_interfaces/cmake/robot_interfaces__rosidl_typesupport_introspection_cppExport.cmake
[5.102s] -- Up-to-date: /home/ovsj/Code/AutonomousBlueye/install/robot_interfaces/share/robot_interfaces/cmake/robot_interfaces__rosidl_typesupport_introspection_cppExport-noconfig.cmake
[5.102s] -- Up-to-date: /home/ovsj/Code/AutonomousBlueye/install/robot_interfaces/share/robot_interfaces/cmake/robot_interfaces__rosidl_typesupport_cppExport.cmake
[5.102s] -- Up-to-date: /home/ovsj/Code/AutonomousBlueye/install/robot_interfaces/share/robot_interfaces/cmake/robot_interfaces__rosidl_typesupport_cppExport-noconfig.cmake
[5.102s] -- Up-to-date: /home/ovsj/Code/AutonomousBlueye/install/robot_interfaces/share/robot_interfaces/cmake/export_robot_interfaces__rosidl_generator_pyExport.cmake
[5.102s] -- Up-to-date: /home/ovsj/Code/AutonomousBlueye/install/robot_interfaces/share/robot_interfaces/cmake/export_robot_interfaces__rosidl_generator_pyExport-noconfig.cmake
[5.399s] Invoked command in '/home/ovsj/Code/AutonomousBlueye/build/robot_interfaces' returned '0': CMAKE_PREFIX_PATH=${CMAKE_PREFIX_PATH}:/home/ovsj/Code/AutonomousBlueye/install/yolov5_ros:/home/ovsj/Code/AutonomousBlueye/install/drone_sensors:/home/ovsj/Code/AutonomousBlueye/install/real_blueye_launch:/home/ovsj/Code/AutonomousBlueye/install/image_prosessing:/home/ovsj/Code/AutonomousBlueye/install/experimental:/home/ovsj/Code/AutonomousBlueye/install/control:/opt/ros/humble VIRTUAL_ENV_PROMPT=(.venv) /usr/bin/cmake --install /home/ovsj/Code/AutonomousBlueye/build/robot_interfaces
