[  1%] Built target pcl_msgs__cpp
[  7%] Built target ament_cmake_python_symlink_pcl_msgs
[ 12%] Built target pcl_msgs__rosidl_generator_c
[ 23%] Built target pcl_msgs__rosidl_typesupport_cpp
[ 41%] Built target pcl_msgs__rosidl_typesupport_introspection_cpp
[ 46%] Built target pcl_msgs__rosidl_typesupport_fastrtps_cpp
[ 57%] Built target pcl_msgs__rosidl_typesupport_c
[ 73%] Built target pcl_msgs__rosidl_typesupport_introspection_c
[ 79%] Built target pcl_msgs__rosidl_typesupport_fastrtps_c
[ 79%] Built target pcl_msgs
[ 80%] Built target pcl_msgs__py
[ 90%] Built target pcl_msgs__rosidl_generator_py
[ 93%] Built target pcl_msgs__rosidl_typesupport_fastrtps_c__pyext
[ 96%] Built target pcl_msgs__rosidl_typesupport_c__pyext
[100%] Built target pcl_msgs__rosidl_typesupport_introspection_c__pyext
running egg_info
writing pcl_msgs.egg-info/PKG-INFO
writing dependency_links to pcl_msgs.egg-info/dependency_links.txt
writing top-level names to pcl_msgs.egg-info/top_level.txt
reading manifest file 'pcl_msgs.egg-info/SOURCES.txt'
writing manifest file 'pcl_msgs.egg-info/SOURCES.txt'
[100%] Built target ament_cmake_python_build_pcl_msgs_egg
-- Install configuration: ""
-- Execute custom install script
-- Up-to-date symlink: /home/ovsj/Code/AutonomousBlueye/install/pcl_msgs/share/ament_index/resource_index/rosidl_interfaces/pcl_msgs
-- Up-to-date symlink: /home/ovsj/Code/AutonomousBlueye/install/pcl_msgs/include/pcl_msgs/pcl_msgs/msg/detail/model_coefficients__functions.h
-- Up-to-date symlink: /home/ovsj/Code/AutonomousBlueye/install/pcl_msgs/include/pcl_msgs/pcl_msgs/msg/detail/model_coefficients__struct.h
-- Up-to-date symlink: /home/ovsj/Code/AutonomousBlueye/install/pcl_msgs/include/pcl_msgs/pcl_msgs/msg/detail/model_coefficients__type_support.h
-- Up-to-date symlink: /home/ovsj/Code/AutonomousBlueye/install/pcl_msgs/include/pcl_msgs/pcl_msgs/msg/detail/point_indices__functions.h
-- Up-to-date symlink: /home/ovsj/Code/AutonomousBlueye/install/pcl_msgs/include/pcl_msgs/pcl_msgs/msg/detail/point_indices__struct.h
-- Up-to-date symlink: /home/ovsj/Code/AutonomousBlueye/install/pcl_msgs/include/pcl_msgs/pcl_msgs/msg/detail/point_indices__type_support.h
-- Up-to-date symlink: /home/ovsj/Code/AutonomousBlueye/install/pcl_msgs/include/pcl_msgs/pcl_msgs/msg/detail/polygon_mesh__functions.h
-- Up-to-date symlink: /home/ovsj/Code/AutonomousBlueye/install/pcl_msgs/include/pcl_msgs/pcl_msgs/msg/detail/polygon_mesh__struct.h
-- Up-to-date symlink: /home/ovsj/Code/AutonomousBlueye/install/pcl_msgs/include/pcl_msgs/pcl_msgs/msg/detail/polygon_mesh__type_support.h
-- Up-to-date symlink: /home/ovsj/Code/AutonomousBlueye/install/pcl_msgs/include/pcl_msgs/pcl_msgs/msg/detail/vertices__functions.h
-- Up-to-date symlink: /home/ovsj/Code/AutonomousBlueye/install/pcl_msgs/include/pcl_msgs/pcl_msgs/msg/detail/vertices__struct.h
-- Up-to-date symlink: /home/ovsj/Code/AutonomousBlueye/install/pcl_msgs/include/pcl_msgs/pcl_msgs/msg/detail/vertices__type_support.h
-- Up-to-date symlink: /home/ovsj/Code/AutonomousBlueye/install/pcl_msgs/include/pcl_msgs/pcl_msgs/msg/model_coefficients.h
-- Up-to-date symlink: /home/ovsj/Code/AutonomousBlueye/install/pcl_msgs/include/pcl_msgs/pcl_msgs/msg/point_indices.h
-- Up-to-date symlink: /home/ovsj/Code/AutonomousBlueye/install/pcl_msgs/include/pcl_msgs/pcl_msgs/msg/polygon_mesh.h
-- Up-to-date symlink: /home/ovsj/Code/AutonomousBlueye/install/pcl_msgs/include/pcl_msgs/pcl_msgs/msg/rosidl_generator_c__visibility_control.h
-- Up-to-date symlink: /home/ovsj/Code/AutonomousBlueye/install/pcl_msgs/include/pcl_msgs/pcl_msgs/msg/vertices.h
-- Up-to-date symlink: /home/ovsj/Code/AutonomousBlueye/install/pcl_msgs/include/pcl_msgs/pcl_msgs/srv/detail/update_filename__functions.h
-- Up-to-date symlink: /home/ovsj/Code/AutonomousBlueye/install/pcl_msgs/include/pcl_msgs/pcl_msgs/srv/detail/update_filename__struct.h
-- Up-to-date symlink: /home/ovsj/Code/AutonomousBlueye/install/pcl_msgs/include/pcl_msgs/pcl_msgs/srv/detail/update_filename__type_support.h
-- Up-to-date symlink: /home/ovsj/Code/AutonomousBlueye/install/pcl_msgs/include/pcl_msgs/pcl_msgs/srv/update_filename.h
-- Up-to-date symlink: /home/ovsj/Code/AutonomousBlueye/install/pcl_msgs/share/pcl_msgs/environment/library_path.sh
-- Up-to-date symlink: /home/ovsj/Code/AutonomousBlueye/install/pcl_msgs/share/pcl_msgs/environment/library_path.dsv
-- Up-to-date symlink: /home/ovsj/Code/AutonomousBlueye/install/pcl_msgs/include/pcl_msgs/pcl_msgs/msg/detail/model_coefficients__rosidl_typesupport_fastrtps_c.h
-- Up-to-date symlink: /home/ovsj/Code/AutonomousBlueye/install/pcl_msgs/include/pcl_msgs/pcl_msgs/msg/detail/point_indices__rosidl_typesupport_fastrtps_c.h
-- Up-to-date symlink: /home/ovsj/Code/AutonomousBlueye/install/pcl_msgs/include/pcl_msgs/pcl_msgs/msg/detail/polygon_mesh__rosidl_typesupport_fastrtps_c.h
-- Up-to-date symlink: /home/ovsj/Code/AutonomousBlueye/install/pcl_msgs/include/pcl_msgs/pcl_msgs/msg/detail/vertices__rosidl_typesupport_fastrtps_c.h
-- Up-to-date symlink: /home/ovsj/Code/AutonomousBlueye/install/pcl_msgs/include/pcl_msgs/pcl_msgs/msg/rosidl_typesupport_fastrtps_c__visibility_control.h
-- Up-to-date symlink: /home/ovsj/Code/AutonomousBlueye/install/pcl_msgs/include/pcl_msgs/pcl_msgs/srv/detail/update_filename__rosidl_typesupport_fastrtps_c.h
-- Up-to-date symlink: /home/ovsj/Code/AutonomousBlueye/install/pcl_msgs/include/pcl_msgs/pcl_msgs/msg/detail/model_coefficients__rosidl_typesupport_introspection_c.h
-- Up-to-date symlink: /home/ovsj/Code/AutonomousBlueye/install/pcl_msgs/include/pcl_msgs/pcl_msgs/msg/detail/point_indices__rosidl_typesupport_introspection_c.h
-- Up-to-date symlink: /home/ovsj/Code/AutonomousBlueye/install/pcl_msgs/include/pcl_msgs/pcl_msgs/msg/detail/polygon_mesh__rosidl_typesupport_introspection_c.h
-- Up-to-date symlink: /home/ovsj/Code/AutonomousBlueye/install/pcl_msgs/include/pcl_msgs/pcl_msgs/msg/detail/vertices__rosidl_typesupport_introspection_c.h
-- Up-to-date symlink: /home/ovsj/Code/AutonomousBlueye/install/pcl_msgs/include/pcl_msgs/pcl_msgs/msg/rosidl_typesupport_introspection_c__visibility_control.h
-- Up-to-date symlink: /home/ovsj/Code/AutonomousBlueye/install/pcl_msgs/include/pcl_msgs/pcl_msgs/srv/detail/update_filename__rosidl_typesupport_introspection_c.h
-- Up-to-date symlink: /home/ovsj/Code/AutonomousBlueye/install/pcl_msgs/include/pcl_msgs/pcl_msgs/msg/detail/model_coefficients__builder.hpp
-- Up-to-date symlink: /home/ovsj/Code/AutonomousBlueye/install/pcl_msgs/include/pcl_msgs/pcl_msgs/msg/detail/model_coefficients__struct.hpp
-- Up-to-date symlink: /home/ovsj/Code/AutonomousBlueye/install/pcl_msgs/include/pcl_msgs/pcl_msgs/msg/detail/model_coefficients__traits.hpp
-- Up-to-date symlink: /home/ovsj/Code/AutonomousBlueye/install/pcl_msgs/include/pcl_msgs/pcl_msgs/msg/detail/model_coefficients__type_support.hpp
-- Up-to-date symlink: /home/ovsj/Code/AutonomousBlueye/install/pcl_msgs/include/pcl_msgs/pcl_msgs/msg/detail/point_indices__builder.hpp
-- Up-to-date symlink: /home/ovsj/Code/AutonomousBlueye/install/pcl_msgs/include/pcl_msgs/pcl_msgs/msg/detail/point_indices__struct.hpp
-- Up-to-date symlink: /home/ovsj/Code/AutonomousBlueye/install/pcl_msgs/include/pcl_msgs/pcl_msgs/msg/detail/point_indices__traits.hpp
-- Up-to-date symlink: /home/ovsj/Code/AutonomousBlueye/install/pcl_msgs/include/pcl_msgs/pcl_msgs/msg/detail/point_indices__type_support.hpp
-- Up-to-date symlink: /home/ovsj/Code/AutonomousBlueye/install/pcl_msgs/include/pcl_msgs/pcl_msgs/msg/detail/polygon_mesh__builder.hpp
-- Up-to-date symlink: /home/ovsj/Code/AutonomousBlueye/install/pcl_msgs/include/pcl_msgs/pcl_msgs/msg/detail/polygon_mesh__struct.hpp
-- Up-to-date symlink: /home/ovsj/Code/AutonomousBlueye/install/pcl_msgs/include/pcl_msgs/pcl_msgs/msg/detail/polygon_mesh__traits.hpp
-- Up-to-date symlink: /home/ovsj/Code/AutonomousBlueye/install/pcl_msgs/include/pcl_msgs/pcl_msgs/msg/detail/polygon_mesh__type_support.hpp
-- Up-to-date symlink: /home/ovsj/Code/AutonomousBlueye/install/pcl_msgs/include/pcl_msgs/pcl_msgs/msg/detail/vertices__builder.hpp
-- Up-to-date symlink: /home/ovsj/Code/AutonomousBlueye/install/pcl_msgs/include/pcl_msgs/pcl_msgs/msg/detail/vertices__struct.hpp
-- Up-to-date symlink: /home/ovsj/Code/AutonomousBlueye/install/pcl_msgs/include/pcl_msgs/pcl_msgs/msg/detail/vertices__traits.hpp
-- Up-to-date symlink: /home/ovsj/Code/AutonomousBlueye/install/pcl_msgs/include/pcl_msgs/pcl_msgs/msg/detail/vertices__type_support.hpp
-- Up-to-date symlink: /home/ovsj/Code/AutonomousBlueye/install/pcl_msgs/include/pcl_msgs/pcl_msgs/msg/model_coefficients.hpp
-- Up-to-date symlink: /home/ovsj/Code/AutonomousBlueye/install/pcl_msgs/include/pcl_msgs/pcl_msgs/msg/point_indices.hpp
-- Up-to-date symlink: /home/ovsj/Code/AutonomousBlueye/install/pcl_msgs/include/pcl_msgs/pcl_msgs/msg/polygon_mesh.hpp
-- Up-to-date symlink: /home/ovsj/Code/AutonomousBlueye/install/pcl_msgs/include/pcl_msgs/pcl_msgs/msg/rosidl_generator_cpp__visibility_control.hpp
-- Up-to-date symlink: /home/ovsj/Code/AutonomousBlueye/install/pcl_msgs/include/pcl_msgs/pcl_msgs/msg/vertices.hpp
-- Up-to-date symlink: /home/ovsj/Code/AutonomousBlueye/install/pcl_msgs/include/pcl_msgs/pcl_msgs/srv/detail/update_filename__builder.hpp
-- Up-to-date symlink: /home/ovsj/Code/AutonomousBlueye/install/pcl_msgs/include/pcl_msgs/pcl_msgs/srv/detail/update_filename__struct.hpp
-- Up-to-date symlink: /home/ovsj/Code/AutonomousBlueye/install/pcl_msgs/include/pcl_msgs/pcl_msgs/srv/detail/update_filename__traits.hpp
-- Up-to-date symlink: /home/ovsj/Code/AutonomousBlueye/install/pcl_msgs/include/pcl_msgs/pcl_msgs/srv/detail/update_filename__type_support.hpp
-- Up-to-date symlink: /home/ovsj/Code/AutonomousBlueye/install/pcl_msgs/include/pcl_msgs/pcl_msgs/srv/update_filename.hpp
-- Up-to-date symlink: /home/ovsj/Code/AutonomousBlueye/install/pcl_msgs/include/pcl_msgs/pcl_msgs/msg/detail/model_coefficients__rosidl_typesupport_fastrtps_cpp.hpp
-- Up-to-date symlink: /home/ovsj/Code/AutonomousBlueye/install/pcl_msgs/include/pcl_msgs/pcl_msgs/msg/detail/point_indices__rosidl_typesupport_fastrtps_cpp.hpp
-- Up-to-date symlink: /home/ovsj/Code/AutonomousBlueye/install/pcl_msgs/include/pcl_msgs/pcl_msgs/msg/detail/polygon_mesh__rosidl_typesupport_fastrtps_cpp.hpp
-- Up-to-date symlink: /home/ovsj/Code/AutonomousBlueye/install/pcl_msgs/include/pcl_msgs/pcl_msgs/msg/detail/vertices__rosidl_typesupport_fastrtps_cpp.hpp
-- Up-to-date symlink: /home/ovsj/Code/AutonomousBlueye/install/pcl_msgs/include/pcl_msgs/pcl_msgs/msg/rosidl_typesupport_fastrtps_cpp__visibility_control.h
-- Up-to-date symlink: /home/ovsj/Code/AutonomousBlueye/install/pcl_msgs/include/pcl_msgs/pcl_msgs/srv/detail/update_filename__rosidl_typesupport_fastrtps_cpp.hpp
-- Up-to-date symlink: /home/ovsj/Code/AutonomousBlueye/install/pcl_msgs/include/pcl_msgs/pcl_msgs/msg/detail/model_coefficients__rosidl_typesupport_introspection_cpp.hpp
-- Up-to-date symlink: /home/ovsj/Code/AutonomousBlueye/install/pcl_msgs/include/pcl_msgs/pcl_msgs/msg/detail/point_indices__rosidl_typesupport_introspection_cpp.hpp
-- Up-to-date symlink: /home/ovsj/Code/AutonomousBlueye/install/pcl_msgs/include/pcl_msgs/pcl_msgs/msg/detail/polygon_mesh__rosidl_typesupport_introspection_cpp.hpp
-- Up-to-date symlink: /home/ovsj/Code/AutonomousBlueye/install/pcl_msgs/include/pcl_msgs/pcl_msgs/msg/detail/vertices__rosidl_typesupport_introspection_cpp.hpp
-- Up-to-date symlink: /home/ovsj/Code/AutonomousBlueye/install/pcl_msgs/include/pcl_msgs/pcl_msgs/srv/detail/update_filename__rosidl_typesupport_introspection_cpp.hpp
-- Up-to-date symlink: /home/ovsj/Code/AutonomousBlueye/install/pcl_msgs/share/pcl_msgs/environment/pythonpath.sh
-- Up-to-date symlink: /home/ovsj/Code/AutonomousBlueye/install/pcl_msgs/share/pcl_msgs/environment/pythonpath.dsv
-- Up-to-date symlink: /home/ovsj/Code/AutonomousBlueye/install/pcl_msgs/local/lib/python3.10/dist-packages/pcl_msgs-1.0.0-py3.10.egg-info/PKG-INFO
-- Up-to-date symlink: /home/ovsj/Code/AutonomousBlueye/install/pcl_msgs/local/lib/python3.10/dist-packages/pcl_msgs-1.0.0-py3.10.egg-info/SOURCES.txt
-- Up-to-date symlink: /home/ovsj/Code/AutonomousBlueye/install/pcl_msgs/local/lib/python3.10/dist-packages/pcl_msgs-1.0.0-py3.10.egg-info/dependency_links.txt
-- Up-to-date symlink: /home/ovsj/Code/AutonomousBlueye/install/pcl_msgs/local/lib/python3.10/dist-packages/pcl_msgs-1.0.0-py3.10.egg-info/top_level.txt
-- Up-to-date symlink: /home/ovsj/Code/AutonomousBlueye/install/pcl_msgs/local/lib/python3.10/dist-packages/pcl_msgs/__init__.py
-- Up-to-date symlink: /home/ovsj/Code/AutonomousBlueye/install/pcl_msgs/local/lib/python3.10/dist-packages/pcl_msgs/_pcl_msgs_s.ep.rosidl_typesupport_c.c
-- Up-to-date symlink: /home/ovsj/Code/AutonomousBlueye/install/pcl_msgs/local/lib/python3.10/dist-packages/pcl_msgs/_pcl_msgs_s.ep.rosidl_typesupport_fastrtps_c.c
-- Up-to-date symlink: /home/ovsj/Code/AutonomousBlueye/install/pcl_msgs/local/lib/python3.10/dist-packages/pcl_msgs/_pcl_msgs_s.ep.rosidl_typesupport_introspection_c.c
-- Up-to-date symlink: /home/ovsj/Code/AutonomousBlueye/install/pcl_msgs/local/lib/python3.10/dist-packages/pcl_msgs/libpcl_msgs__rosidl_generator_py.so
-- Up-to-date symlink: /home/ovsj/Code/AutonomousBlueye/install/pcl_msgs/local/lib/python3.10/dist-packages/pcl_msgs/msg/__init__.py
-- Up-to-date symlink: /home/ovsj/Code/AutonomousBlueye/install/pcl_msgs/local/lib/python3.10/dist-packages/pcl_msgs/msg/_model_coefficients.py
-- Up-to-date symlink: /home/ovsj/Code/AutonomousBlueye/install/pcl_msgs/local/lib/python3.10/dist-packages/pcl_msgs/msg/_model_coefficients_s.c
-- Up-to-date symlink: /home/ovsj/Code/AutonomousBlueye/install/pcl_msgs/local/lib/python3.10/dist-packages/pcl_msgs/msg/_point_indices.py
-- Up-to-date symlink: /home/ovsj/Code/AutonomousBlueye/install/pcl_msgs/local/lib/python3.10/dist-packages/pcl_msgs/msg/_point_indices_s.c
-- Up-to-date symlink: /home/ovsj/Code/AutonomousBlueye/install/pcl_msgs/local/lib/python3.10/dist-packages/pcl_msgs/msg/_polygon_mesh.py
-- Up-to-date symlink: /home/ovsj/Code/AutonomousBlueye/install/pcl_msgs/local/lib/python3.10/dist-packages/pcl_msgs/msg/_polygon_mesh_s.c
-- Up-to-date symlink: /home/ovsj/Code/AutonomousBlueye/install/pcl_msgs/local/lib/python3.10/dist-packages/pcl_msgs/msg/_vertices.py
-- Up-to-date symlink: /home/ovsj/Code/AutonomousBlueye/install/pcl_msgs/local/lib/python3.10/dist-packages/pcl_msgs/msg/_vertices_s.c
-- Up-to-date symlink: /home/ovsj/Code/AutonomousBlueye/install/pcl_msgs/local/lib/python3.10/dist-packages/pcl_msgs/pcl_msgs_s__rosidl_typesupport_c.cpython-310-aarch64-linux-gnu.so
-- Up-to-date symlink: /home/ovsj/Code/AutonomousBlueye/install/pcl_msgs/local/lib/python3.10/dist-packages/pcl_msgs/pcl_msgs_s__rosidl_typesupport_fastrtps_c.cpython-310-aarch64-linux-gnu.so
-- Up-to-date symlink: /home/ovsj/Code/AutonomousBlueye/install/pcl_msgs/local/lib/python3.10/dist-packages/pcl_msgs/pcl_msgs_s__rosidl_typesupport_introspection_c.cpython-310-aarch64-linux-gnu.so
-- Up-to-date symlink: /home/ovsj/Code/AutonomousBlueye/install/pcl_msgs/local/lib/python3.10/dist-packages/pcl_msgs/srv/__init__.py
-- Up-to-date symlink: /home/ovsj/Code/AutonomousBlueye/install/pcl_msgs/local/lib/python3.10/dist-packages/pcl_msgs/srv/_update_filename.py
-- Up-to-date symlink: /home/ovsj/Code/AutonomousBlueye/install/pcl_msgs/local/lib/python3.10/dist-packages/pcl_msgs/srv/_update_filename_s.c
-- Up-to-date symlink: /home/ovsj/Code/AutonomousBlueye/install/pcl_msgs/local/lib/python3.10/dist-packages/pcl_msgs/pcl_msgs_s__rosidl_typesupport_fastrtps_c.cpython-310-aarch64-linux-gnu.so
-- Up-to-date symlink: /home/ovsj/Code/AutonomousBlueye/install/pcl_msgs/local/lib/python3.10/dist-packages/pcl_msgs/pcl_msgs_s__rosidl_typesupport_introspection_c.cpython-310-aarch64-linux-gnu.so
-- Up-to-date symlink: /home/ovsj/Code/AutonomousBlueye/install/pcl_msgs/local/lib/python3.10/dist-packages/pcl_msgs/pcl_msgs_s__rosidl_typesupport_c.cpython-310-aarch64-linux-gnu.so
-- Up-to-date symlink: /home/ovsj/Code/AutonomousBlueye/install/pcl_msgs/share/pcl_msgs/msg/ModelCoefficients.idl
-- Up-to-date symlink: /home/ovsj/Code/AutonomousBlueye/install/pcl_msgs/share/pcl_msgs/msg/PointIndices.idl
-- Up-to-date symlink: /home/ovsj/Code/AutonomousBlueye/install/pcl_msgs/share/pcl_msgs/msg/PolygonMesh.idl
-- Up-to-date symlink: /home/ovsj/Code/AutonomousBlueye/install/pcl_msgs/share/pcl_msgs/msg/Vertices.idl
-- Up-to-date symlink: /home/ovsj/Code/AutonomousBlueye/install/pcl_msgs/share/pcl_msgs/srv/UpdateFilename.idl
-- Up-to-date symlink: /home/ovsj/Code/AutonomousBlueye/install/pcl_msgs/share/pcl_msgs/msg/ModelCoefficients.msg
-- Up-to-date symlink: /home/ovsj/Code/AutonomousBlueye/install/pcl_msgs/share/pcl_msgs/msg/PointIndices.msg
-- Up-to-date symlink: /home/ovsj/Code/AutonomousBlueye/install/pcl_msgs/share/pcl_msgs/msg/PolygonMesh.msg
-- Up-to-date symlink: /home/ovsj/Code/AutonomousBlueye/install/pcl_msgs/share/pcl_msgs/msg/Vertices.msg
-- Up-to-date symlink: /home/ovsj/Code/AutonomousBlueye/install/pcl_msgs/share/pcl_msgs/srv/UpdateFilename.srv
-- Up-to-date symlink: /home/ovsj/Code/AutonomousBlueye/install/pcl_msgs/share/pcl_msgs/srv/UpdateFilename_Request.msg
-- Up-to-date symlink: /home/ovsj/Code/AutonomousBlueye/install/pcl_msgs/share/pcl_msgs/srv/UpdateFilename_Response.msg
-- Up-to-date symlink: /home/ovsj/Code/AutonomousBlueye/install/pcl_msgs/share/ament_index/resource_index/package_run_dependencies/pcl_msgs
-- Up-to-date symlink: /home/ovsj/Code/AutonomousBlueye/install/pcl_msgs/share/ament_index/resource_index/parent_prefix_path/pcl_msgs
-- Up-to-date symlink: /home/ovsj/Code/AutonomousBlueye/install/pcl_msgs/share/pcl_msgs/environment/ament_prefix_path.sh
-- Up-to-date symlink: /home/ovsj/Code/AutonomousBlueye/install/pcl_msgs/share/pcl_msgs/environment/ament_prefix_path.dsv
-- Up-to-date symlink: /home/ovsj/Code/AutonomousBlueye/install/pcl_msgs/share/pcl_msgs/environment/path.sh
-- Up-to-date symlink: /home/ovsj/Code/AutonomousBlueye/install/pcl_msgs/share/pcl_msgs/environment/path.dsv
-- Up-to-date symlink: /home/ovsj/Code/AutonomousBlueye/install/pcl_msgs/share/pcl_msgs/local_setup.bash
-- Up-to-date symlink: /home/ovsj/Code/AutonomousBlueye/install/pcl_msgs/share/pcl_msgs/local_setup.sh
-- Up-to-date symlink: /home/ovsj/Code/AutonomousBlueye/install/pcl_msgs/share/pcl_msgs/local_setup.zsh
-- Up-to-date symlink: /home/ovsj/Code/AutonomousBlueye/install/pcl_msgs/share/pcl_msgs/local_setup.dsv
-- Symlinking: /home/ovsj/Code/AutonomousBlueye/install/pcl_msgs/share/pcl_msgs/package.dsv
-- Up-to-date symlink: /home/ovsj/Code/AutonomousBlueye/install/pcl_msgs/share/ament_index/resource_index/packages/pcl_msgs
-- Up-to-date symlink: /home/ovsj/Code/AutonomousBlueye/install/pcl_msgs/share/pcl_msgs/cmake/rosidl_cmake-extras.cmake
-- Up-to-date symlink: /home/ovsj/Code/AutonomousBlueye/install/pcl_msgs/share/pcl_msgs/cmake/ament_cmake_export_dependencies-extras.cmake
-- Up-to-date symlink: /home/ovsj/Code/AutonomousBlueye/install/pcl_msgs/share/pcl_msgs/cmake/ament_cmake_export_include_directories-extras.cmake
-- Up-to-date symlink: /home/ovsj/Code/AutonomousBlueye/install/pcl_msgs/share/pcl_msgs/cmake/ament_cmake_export_libraries-extras.cmake
-- Up-to-date symlink: /home/ovsj/Code/AutonomousBlueye/install/pcl_msgs/share/pcl_msgs/cmake/ament_cmake_export_targets-extras.cmake
-- Up-to-date symlink: /home/ovsj/Code/AutonomousBlueye/install/pcl_msgs/share/pcl_msgs/cmake/rosidl_cmake_export_typesupport_targets-extras.cmake
-- Up-to-date symlink: /home/ovsj/Code/AutonomousBlueye/install/pcl_msgs/share/pcl_msgs/cmake/rosidl_cmake_export_typesupport_libraries-extras.cmake
-- Up-to-date symlink: /home/ovsj/Code/AutonomousBlueye/install/pcl_msgs/share/pcl_msgs/cmake/pcl_msgsConfig.cmake
-- Up-to-date symlink: /home/ovsj/Code/AutonomousBlueye/install/pcl_msgs/share/pcl_msgs/cmake/pcl_msgsConfig-version.cmake
-- Up-to-date symlink: /home/ovsj/Code/AutonomousBlueye/install/pcl_msgs/share/pcl_msgs/package.xml
-- Up-to-date: /home/ovsj/Code/AutonomousBlueye/install/pcl_msgs/lib/libpcl_msgs__rosidl_generator_c.so
-- Up-to-date: /home/ovsj/Code/AutonomousBlueye/install/pcl_msgs/lib/libpcl_msgs__rosidl_typesupport_fastrtps_c.so
-- Up-to-date: /home/ovsj/Code/AutonomousBlueye/install/pcl_msgs/lib/libpcl_msgs__rosidl_typesupport_introspection_c.so
-- Up-to-date: /home/ovsj/Code/AutonomousBlueye/install/pcl_msgs/lib/libpcl_msgs__rosidl_typesupport_c.so
-- Up-to-date: /home/ovsj/Code/AutonomousBlueye/install/pcl_msgs/lib/libpcl_msgs__rosidl_typesupport_fastrtps_cpp.so
-- Up-to-date: /home/ovsj/Code/AutonomousBlueye/install/pcl_msgs/lib/libpcl_msgs__rosidl_typesupport_introspection_cpp.so
-- Up-to-date: /home/ovsj/Code/AutonomousBlueye/install/pcl_msgs/lib/libpcl_msgs__rosidl_typesupport_cpp.so
Listing '/home/ovsj/Code/AutonomousBlueye/install/pcl_msgs/local/lib/python3.10/dist-packages/pcl_msgs'...
Listing '/home/ovsj/Code/AutonomousBlueye/install/pcl_msgs/local/lib/python3.10/dist-packages/pcl_msgs/msg'...
Listing '/home/ovsj/Code/AutonomousBlueye/install/pcl_msgs/local/lib/python3.10/dist-packages/pcl_msgs/srv'...
-- Up-to-date: /home/ovsj/Code/AutonomousBlueye/install/pcl_msgs/lib/libpcl_msgs__rosidl_generator_py.so
-- Up-to-date: /home/ovsj/Code/AutonomousBlueye/install/pcl_msgs/share/pcl_msgs/cmake/export_pcl_msgs__rosidl_generator_cExport.cmake
-- Up-to-date: /home/ovsj/Code/AutonomousBlueye/install/pcl_msgs/share/pcl_msgs/cmake/export_pcl_msgs__rosidl_generator_cExport-noconfig.cmake
-- Up-to-date: /home/ovsj/Code/AutonomousBlueye/install/pcl_msgs/share/pcl_msgs/cmake/export_pcl_msgs__rosidl_typesupport_fastrtps_cExport.cmake
-- Up-to-date: /home/ovsj/Code/AutonomousBlueye/install/pcl_msgs/share/pcl_msgs/cmake/export_pcl_msgs__rosidl_typesupport_fastrtps_cExport-noconfig.cmake
-- Up-to-date: /home/ovsj/Code/AutonomousBlueye/install/pcl_msgs/share/pcl_msgs/cmake/pcl_msgs__rosidl_typesupport_introspection_cExport.cmake
-- Up-to-date: /home/ovsj/Code/AutonomousBlueye/install/pcl_msgs/share/pcl_msgs/cmake/pcl_msgs__rosidl_typesupport_introspection_cExport-noconfig.cmake
-- Up-to-date: /home/ovsj/Code/AutonomousBlueye/install/pcl_msgs/share/pcl_msgs/cmake/pcl_msgs__rosidl_typesupport_cExport.cmake
-- Up-to-date: /home/ovsj/Code/AutonomousBlueye/install/pcl_msgs/share/pcl_msgs/cmake/pcl_msgs__rosidl_typesupport_cExport-noconfig.cmake
-- Up-to-date: /home/ovsj/Code/AutonomousBlueye/install/pcl_msgs/share/pcl_msgs/cmake/export_pcl_msgs__rosidl_generator_cppExport.cmake
-- Up-to-date: /home/ovsj/Code/AutonomousBlueye/install/pcl_msgs/share/pcl_msgs/cmake/export_pcl_msgs__rosidl_typesupport_fastrtps_cppExport.cmake
-- Up-to-date: /home/ovsj/Code/AutonomousBlueye/install/pcl_msgs/share/pcl_msgs/cmake/export_pcl_msgs__rosidl_typesupport_fastrtps_cppExport-noconfig.cmake
-- Up-to-date: /home/ovsj/Code/AutonomousBlueye/install/pcl_msgs/share/pcl_msgs/cmake/pcl_msgs__rosidl_typesupport_introspection_cppExport.cmake
-- Up-to-date: /home/ovsj/Code/AutonomousBlueye/install/pcl_msgs/share/pcl_msgs/cmake/pcl_msgs__rosidl_typesupport_introspection_cppExport-noconfig.cmake
-- Up-to-date: /home/ovsj/Code/AutonomousBlueye/install/pcl_msgs/share/pcl_msgs/cmake/pcl_msgs__rosidl_typesupport_cppExport.cmake
-- Up-to-date: /home/ovsj/Code/AutonomousBlueye/install/pcl_msgs/share/pcl_msgs/cmake/pcl_msgs__rosidl_typesupport_cppExport-noconfig.cmake
-- Up-to-date: /home/ovsj/Code/AutonomousBlueye/install/pcl_msgs/share/pcl_msgs/cmake/export_pcl_msgs__rosidl_generator_pyExport.cmake
-- Up-to-date: /home/ovsj/Code/AutonomousBlueye/install/pcl_msgs/share/pcl_msgs/cmake/export_pcl_msgs__rosidl_generator_pyExport-noconfig.cmake
