running egg_info
writing ../../build/drone_sensors/drone_sensors.egg-info/PKG-INFO
writing dependency_links to ../../build/drone_sensors/drone_sensors.egg-info/dependency_links.txt
writing entry points to ../../build/drone_sensors/drone_sensors.egg-info/entry_points.txt
writing requirements to ../../build/drone_sensors/drone_sensors.egg-info/requires.txt
writing top-level names to ../../build/drone_sensors/drone_sensors.egg-info/top_level.txt
reading manifest file '../../build/drone_sensors/drone_sensors.egg-info/SOURCES.txt'
writing manifest file '../../build/drone_sensors/drone_sensors.egg-info/SOURCES.txt'
running build
running build_py
copying drone_sensors/BluEye_Pose.py -> /home/ovsj/Code/AutonomousBlueye/build/drone_sensors/build/lib/drone_sensors
copying drone_sensors/__init__.py -> /home/ovsj/Code/AutonomousBlueye/build/drone_sensors/build/lib/drone_sensors
copying drone_sensors/IMU_to_ros2.py -> /home/ovsj/Code/AutonomousBlueye/build/drone_sensors/build/lib/drone_sensors
copying drone_sensors/Video_to_ros2.py -> /home/ovsj/Code/AutonomousBlueye/build/drone_sensors/build/lib/drone_sensors
copying drone_sensors/chain_pos_controller.py -> /home/ovsj/Code/AutonomousBlueye/build/drone_sensors/build/lib/drone_sensors
copying drone_sensors/laptop_camera.py -> /home/ovsj/Code/AutonomousBlueye/build/drone_sensors/build/lib/drone_sensors
copying drone_sensors/BluEye_Force.py -> /home/ovsj/Code/AutonomousBlueye/build/drone_sensors/build/lib/drone_sensors
running install
running install_lib
running install_data
copying resource/drone_sensors -> /home/ovsj/Code/AutonomousBlueye/install/drone_sensors/share/ament_index/resource_index/packages
copying package.xml -> /home/ovsj/Code/AutonomousBlueye/install/drone_sensors/share/drone_sensors
running install_egg_info
removing '/home/ovsj/Code/AutonomousBlueye/install/drone_sensors/lib/python3.10/site-packages/drone_sensors-0.0.0-py3.10.egg-info' (and everything under it)
Copying ../../build/drone_sensors/drone_sensors.egg-info to /home/ovsj/Code/AutonomousBlueye/install/drone_sensors/lib/python3.10/site-packages/drone_sensors-0.0.0-py3.10.egg-info
running install_scripts
Installing BluEye_Force script to /home/ovsj/Code/AutonomousBlueye/install/drone_sensors/lib/drone_sensors
Installing BluEye_Pose script to /home/ovsj/Code/AutonomousBlueye/install/drone_sensors/lib/drone_sensors
Installing IMU_to_ros2 script to /home/ovsj/Code/AutonomousBlueye/install/drone_sensors/lib/drone_sensors
Installing Video_to_ros2 script to /home/ovsj/Code/AutonomousBlueye/install/drone_sensors/lib/drone_sensors
Installing blueye_image_simple script to /home/ovsj/Code/AutonomousBlueye/install/drone_sensors/lib/drone_sensors
Installing laptop_camera script to /home/ovsj/Code/AutonomousBlueye/install/drone_sensors/lib/drone_sensors
writing list of installed files to '/home/ovsj/Code/AutonomousBlueye/build/drone_sensors/install.log'
