[1.619s] Invoking command in '/home/ovsj/Code/AutonomousBlueye/src/drone_sensors': PYTHONPATH=/home/ovsj/Code/AutonomousBlueye/build/drone_sensors/prefix_override:/usr/lib/python3/dist-packages/colcon_core/task/python/colcon_distutils_commands:/home/ovsj/Code/AutonomousBlueye/install/drone_sensors/lib/python3.10/site-packages:${PYTHONPATH} VIRTUAL_ENV_PROMPT=(.venv) /usr/bin/python3 -W ignore:setup.py install is deprecated -W ignore:easy_install command is deprecated setup.py egg_info --egg-base ../../build/drone_sensors build --build-base /home/ovsj/Code/AutonomousBlueye/build/drone_sensors/build install --record /home/ovsj/Code/AutonomousBlueye/build/drone_sensors/install.log --single-version-externally-managed install_data
[1.988s] running egg_info
[2.016s] writing ../../build/drone_sensors/drone_sensors.egg-info/PKG-INFO
[2.023s] writing dependency_links to ../../build/drone_sensors/drone_sensors.egg-info/dependency_links.txt
[2.024s] writing entry points to ../../build/drone_sensors/drone_sensors.egg-info/entry_points.txt
[2.027s] writing requirements to ../../build/drone_sensors/drone_sensors.egg-info/requires.txt
[2.029s] writing top-level names to ../../build/drone_sensors/drone_sensors.egg-info/top_level.txt
[2.102s] reading manifest file '../../build/drone_sensors/drone_sensors.egg-info/SOURCES.txt'
[2.104s] writing manifest file '../../build/drone_sensors/drone_sensors.egg-info/SOURCES.txt'
[2.105s] running build
[2.105s] running build_py
[2.110s] copying drone_sensors/BluEye_Pose.py -> /home/ovsj/Code/AutonomousBlueye/build/drone_sensors/build/lib/drone_sensors
[2.110s] copying drone_sensors/__init__.py -> /home/ovsj/Code/AutonomousBlueye/build/drone_sensors/build/lib/drone_sensors
[2.110s] copying drone_sensors/IMU_to_ros2.py -> /home/ovsj/Code/AutonomousBlueye/build/drone_sensors/build/lib/drone_sensors
[2.110s] copying drone_sensors/Video_to_ros2.py -> /home/ovsj/Code/AutonomousBlueye/build/drone_sensors/build/lib/drone_sensors
[2.110s] copying drone_sensors/chain_pos_controller.py -> /home/ovsj/Code/AutonomousBlueye/build/drone_sensors/build/lib/drone_sensors
[2.110s] copying drone_sensors/laptop_camera.py -> /home/ovsj/Code/AutonomousBlueye/build/drone_sensors/build/lib/drone_sensors
[2.111s] copying drone_sensors/BluEye_Force.py -> /home/ovsj/Code/AutonomousBlueye/build/drone_sensors/build/lib/drone_sensors
[2.111s] running install
[2.118s] running install_lib
[2.132s] running install_data
[2.132s] copying resource/drone_sensors -> /home/ovsj/Code/AutonomousBlueye/install/drone_sensors/share/ament_index/resource_index/packages
[2.132s] copying package.xml -> /home/ovsj/Code/AutonomousBlueye/install/drone_sensors/share/drone_sensors
[2.132s] running install_egg_info
[2.155s] removing '/home/ovsj/Code/AutonomousBlueye/install/drone_sensors/lib/python3.10/site-packages/drone_sensors-0.0.0-py3.10.egg-info' (and everything under it)
[2.171s] Copying ../../build/drone_sensors/drone_sensors.egg-info to /home/ovsj/Code/AutonomousBlueye/install/drone_sensors/lib/python3.10/site-packages/drone_sensors-0.0.0-py3.10.egg-info
[2.171s] running install_scripts
[2.320s] Installing BluEye_Force script to /home/ovsj/Code/AutonomousBlueye/install/drone_sensors/lib/drone_sensors
[2.320s] Installing BluEye_Pose script to /home/ovsj/Code/AutonomousBlueye/install/drone_sensors/lib/drone_sensors
[2.321s] Installing IMU_to_ros2 script to /home/ovsj/Code/AutonomousBlueye/install/drone_sensors/lib/drone_sensors
[2.321s] Installing Video_to_ros2 script to /home/ovsj/Code/AutonomousBlueye/install/drone_sensors/lib/drone_sensors
[2.327s] Installing blueye_image_simple script to /home/ovsj/Code/AutonomousBlueye/install/drone_sensors/lib/drone_sensors
[2.331s] Installing laptop_camera script to /home/ovsj/Code/AutonomousBlueye/install/drone_sensors/lib/drone_sensors
[2.332s] writing list of installed files to '/home/ovsj/Code/AutonomousBlueye/build/drone_sensors/install.log'
[2.367s] Invoked command in '/home/ovsj/Code/AutonomousBlueye/src/drone_sensors' returned '0': PYTHONPATH=/home/ovsj/Code/AutonomousBlueye/build/drone_sensors/prefix_override:/usr/lib/python3/dist-packages/colcon_core/task/python/colcon_distutils_commands:/home/ovsj/Code/AutonomousBlueye/install/drone_sensors/lib/python3.10/site-packages:${PYTHONPATH} VIRTUAL_ENV_PROMPT=(.venv) /usr/bin/python3 -W ignore:setup.py install is deprecated -W ignore:easy_install command is deprecated setup.py egg_info --egg-base ../../build/drone_sensors build --build-base /home/ovsj/Code/AutonomousBlueye/build/drone_sensors/build install --record /home/ovsj/Code/AutonomousBlueye/build/drone_sensors/install.log --single-version-externally-managed install_data
