/home/ovsj/Code/AutonomousBlueye/install/experimental/lib/python3.10/site-packages/experimental/__init__.py
/home/ovsj/Code/AutonomousBlueye/install/experimental/lib/python3.10/site-packages/experimental/Image_test.py
/home/ovsj/Code/AutonomousBlueye/install/experimental/lib/python3.10/site-packages/experimental/Video_to_topic.py
/home/ovsj/Code/AutonomousBlueye/install/experimental/lib/python3.10/site-packages/experimental/Video_to_topic_no_trackbar.py
/home/ovsj/Code/AutonomousBlueye/install/experimental/lib/python3.10/site-packages/experimental/control_test.py
/home/ovsj/Code/AutonomousBlueye/install/experimental/lib/python3.10/site-packages/experimental/__pycache__/__init__.cpython-310.pyc
/home/ovsj/Code/AutonomousBlueye/install/experimental/lib/python3.10/site-packages/experimental/__pycache__/Image_test.cpython-310.pyc
/home/ovsj/Code/AutonomousBlueye/install/experimental/lib/python3.10/site-packages/experimental/__pycache__/Video_to_topic.cpython-310.pyc
/home/ovsj/Code/AutonomousBlueye/install/experimental/lib/python3.10/site-packages/experimental/__pycache__/Video_to_topic_no_trackbar.cpython-310.pyc
/home/ovsj/Code/AutonomousBlueye/install/experimental/lib/python3.10/site-packages/experimental/__pycache__/control_test.cpython-310.pyc
/home/ovsj/Code/AutonomousBlueye/install/experimental/share/ament_index/resource_index/packages/experimental
/home/ovsj/Code/AutonomousBlueye/install/experimental/share/experimental/package.xml
/home/ovsj/Code/AutonomousBlueye/install/experimental/lib/python3.10/site-packages/experimental-0.0.0-py3.10.egg-info/SOURCES.txt
/home/ovsj/Code/AutonomousBlueye/install/experimental/lib/python3.10/site-packages/experimental-0.0.0-py3.10.egg-info/entry_points.txt
/home/ovsj/Code/AutonomousBlueye/install/experimental/lib/python3.10/site-packages/experimental-0.0.0-py3.10.egg-info/zip-safe
/home/ovsj/Code/AutonomousBlueye/install/experimental/lib/python3.10/site-packages/experimental-0.0.0-py3.10.egg-info/top_level.txt
/home/ovsj/Code/AutonomousBlueye/install/experimental/lib/python3.10/site-packages/experimental-0.0.0-py3.10.egg-info/dependency_links.txt
/home/ovsj/Code/AutonomousBlueye/install/experimental/lib/python3.10/site-packages/experimental-0.0.0-py3.10.egg-info/PKG-INFO
/home/ovsj/Code/AutonomousBlueye/install/experimental/lib/python3.10/site-packages/experimental-0.0.0-py3.10.egg-info/requires.txt
/home/ovsj/Code/AutonomousBlueye/install/experimental/lib/experimental/Video_to_topic
/home/ovsj/Code/AutonomousBlueye/install/experimental/lib/experimental/Video_to_topic_no_trackbar
/home/ovsj/Code/AutonomousBlueye/install/experimental/lib/experimental/control_test
