[1.952s] Invoking command in '/home/ovsj/Code/AutonomousBlueye/build/image_prosessing': PYTHONPATH=/home/ovsj/Code/AutonomousBlueye/build/image_prosessing/prefix_override:/usr/lib/python3/dist-packages/colcon_core/task/python/colcon_distutils_commands:/home/ovsj/Code/AutonomousBlueye/install/image_prosessing/lib/python3.10/site-packages:${PYTHONPATH} VIRTUAL_ENV_PROMPT=(.venv) /usr/bin/python3 -W ignore:setup.py install is deprecated -W ignore:easy_install command is deprecated setup.py develop --uninstall --editable --build-directory /home/ovsj/Code/AutonomousBlueye/build/image_prosessing/build
[3.016s] running develop
[3.386s] Removing /home/ovsj/Code/AutonomousBlueye/install/image_prosessing/lib/python3.10/site-packages/image-prosessing.egg-link (link to .)
[3.476s] Invoked command in '/home/ovsj/Code/AutonomousBlueye/build/image_prosessing' returned '0': PYTHONPATH=/home/ovsj/Code/AutonomousBlueye/build/image_prosessing/prefix_override:/usr/lib/python3/dist-packages/colcon_core/task/python/colcon_distutils_commands:/home/ovsj/Code/AutonomousBlueye/install/image_prosessing/lib/python3.10/site-packages:${PYTHONPATH} VIRTUAL_ENV_PROMPT=(.venv) /usr/bin/python3 -W ignore:setup.py install is deprecated -W ignore:easy_install command is deprecated setup.py develop --uninstall --editable --build-directory /home/ovsj/Code/AutonomousBlueye/build/image_prosessing/build
[3.476s] Invoking command in '/home/ovsj/Code/AutonomousBlueye/src/image_prosessing': PYTHONPATH=/home/ovsj/Code/AutonomousBlueye/build/image_prosessing/prefix_override:/usr/lib/python3/dist-packages/colcon_core/task/python/colcon_distutils_commands:/home/ovsj/Code/AutonomousBlueye/install/image_prosessing/lib/python3.10/site-packages:${PYTHONPATH} VIRTUAL_ENV_PROMPT=(.venv) /usr/bin/python3 -W ignore:setup.py install is deprecated -W ignore:easy_install command is deprecated setup.py egg_info --egg-base ../../build/image_prosessing build --build-base /home/ovsj/Code/AutonomousBlueye/build/image_prosessing/build install --record /home/ovsj/Code/AutonomousBlueye/build/image_prosessing/install.log --single-version-externally-managed install_data --force
[4.352s] running egg_info
[4.384s] writing ../../build/image_prosessing/image_prosessing.egg-info/PKG-INFO
[4.387s] writing dependency_links to ../../build/image_prosessing/image_prosessing.egg-info/dependency_links.txt
[4.388s] writing entry points to ../../build/image_prosessing/image_prosessing.egg-info/entry_points.txt
[4.388s] writing requirements to ../../build/image_prosessing/image_prosessing.egg-info/requires.txt
[4.388s] writing top-level names to ../../build/image_prosessing/image_prosessing.egg-info/top_level.txt
[4.477s] reading manifest file '../../build/image_prosessing/image_prosessing.egg-info/SOURCES.txt'
[4.490s] writing manifest file '../../build/image_prosessing/image_prosessing.egg-info/SOURCES.txt'
[4.492s] running build
[4.492s] running build_py
[4.494s] creating /home/ovsj/Code/AutonomousBlueye/build/image_prosessing/build/lib/image_prosessing
[4.494s] copying image_prosessing/__init__.py -> /home/ovsj/Code/AutonomousBlueye/build/image_prosessing/build/lib/image_prosessing
[4.495s] copying image_prosessing/blueye_image_simple.py -> /home/ovsj/Code/AutonomousBlueye/build/image_prosessing/build/lib/image_prosessing
[4.495s] copying image_prosessing/Image_test.py -> /home/ovsj/Code/AutonomousBlueye/build/image_prosessing/build/lib/image_prosessing
[4.495s] copying image_prosessing/yolo_chain_value.py -> /home/ovsj/Code/AutonomousBlueye/build/image_prosessing/build/lib/image_prosessing
[4.495s] copying image_prosessing/canny_with_box_original.py -> /home/ovsj/Code/AutonomousBlueye/build/image_prosessing/build/lib/image_prosessing
[4.495s] copying image_prosessing/threshold_with_box.py -> /home/ovsj/Code/AutonomousBlueye/build/image_prosessing/build/lib/image_prosessing
[4.497s] copying image_prosessing/Median_inside_yolo.py -> /home/ovsj/Code/AutonomousBlueye/build/image_prosessing/build/lib/image_prosessing
[4.497s] copying image_prosessing/blueye_image_yolo.py -> /home/ovsj/Code/AutonomousBlueye/build/image_prosessing/build/lib/image_prosessing
[4.497s] copying image_prosessing/Thresh_inside_yolo.py -> /home/ovsj/Code/AutonomousBlueye/build/image_prosessing/build/lib/image_prosessing
[4.497s] copying image_prosessing/threshold_median_mean.py -> /home/ovsj/Code/AutonomousBlueye/build/image_prosessing/build/lib/image_prosessing
[4.497s] copying image_prosessing/Canny_inside_yolo.py -> /home/ovsj/Code/AutonomousBlueye/build/image_prosessing/build/lib/image_prosessing
[4.497s] copying image_prosessing/Adaptive_thresholding.py -> /home/ovsj/Code/AutonomousBlueye/build/image_prosessing/build/lib/image_prosessing
[4.497s] copying image_prosessing/canny_with_box.py -> /home/ovsj/Code/AutonomousBlueye/build/image_prosessing/build/lib/image_prosessing
[4.498s] running install
[4.507s] running install_lib
[4.522s] creating /home/ovsj/Code/AutonomousBlueye/install/image_prosessing/lib/python3.10/site-packages/image_prosessing
[4.523s] copying /home/ovsj/Code/AutonomousBlueye/build/image_prosessing/build/lib/image_prosessing/__init__.py -> /home/ovsj/Code/AutonomousBlueye/install/image_prosessing/lib/python3.10/site-packages/image_prosessing
[4.523s] copying /home/ovsj/Code/AutonomousBlueye/build/image_prosessing/build/lib/image_prosessing/blueye_image_simple.py -> /home/ovsj/Code/AutonomousBlueye/install/image_prosessing/lib/python3.10/site-packages/image_prosessing
[4.523s] copying /home/ovsj/Code/AutonomousBlueye/build/image_prosessing/build/lib/image_prosessing/Image_test.py -> /home/ovsj/Code/AutonomousBlueye/install/image_prosessing/lib/python3.10/site-packages/image_prosessing
[4.523s] copying /home/ovsj/Code/AutonomousBlueye/build/image_prosessing/build/lib/image_prosessing/yolo_chain_value.py -> /home/ovsj/Code/AutonomousBlueye/install/image_prosessing/lib/python3.10/site-packages/image_prosessing
[4.523s] copying /home/ovsj/Code/AutonomousBlueye/build/image_prosessing/build/lib/image_prosessing/canny_with_box_original.py -> /home/ovsj/Code/AutonomousBlueye/install/image_prosessing/lib/python3.10/site-packages/image_prosessing
[4.523s] copying /home/ovsj/Code/AutonomousBlueye/build/image_prosessing/build/lib/image_prosessing/threshold_with_box.py -> /home/ovsj/Code/AutonomousBlueye/install/image_prosessing/lib/python3.10/site-packages/image_prosessing
[4.523s] copying /home/ovsj/Code/AutonomousBlueye/build/image_prosessing/build/lib/image_prosessing/Median_inside_yolo.py -> /home/ovsj/Code/AutonomousBlueye/install/image_prosessing/lib/python3.10/site-packages/image_prosessing
[4.523s] copying /home/ovsj/Code/AutonomousBlueye/build/image_prosessing/build/lib/image_prosessing/blueye_image_yolo.py -> /home/ovsj/Code/AutonomousBlueye/install/image_prosessing/lib/python3.10/site-packages/image_prosessing
[4.523s] copying /home/ovsj/Code/AutonomousBlueye/build/image_prosessing/build/lib/image_prosessing/Thresh_inside_yolo.py -> /home/ovsj/Code/AutonomousBlueye/install/image_prosessing/lib/python3.10/site-packages/image_prosessing
[4.528s] copying /home/ovsj/Code/AutonomousBlueye/build/image_prosessing/build/lib/image_prosessing/threshold_median_mean.py -> /home/ovsj/Code/AutonomousBlueye/install/image_prosessing/lib/python3.10/site-packages/image_prosessing
[4.528s] copying /home/ovsj/Code/AutonomousBlueye/build/image_prosessing/build/lib/image_prosessing/Canny_inside_yolo.py -> /home/ovsj/Code/AutonomousBlueye/install/image_prosessing/lib/python3.10/site-packages/image_prosessing
[4.530s] copying /home/ovsj/Code/AutonomousBlueye/build/image_prosessing/build/lib/image_prosessing/Adaptive_thresholding.py -> /home/ovsj/Code/AutonomousBlueye/install/image_prosessing/lib/python3.10/site-packages/image_prosessing
[4.530s] copying /home/ovsj/Code/AutonomousBlueye/build/image_prosessing/build/lib/image_prosessing/canny_with_box.py -> /home/ovsj/Code/AutonomousBlueye/install/image_prosessing/lib/python3.10/site-packages/image_prosessing
[4.530s] byte-compiling /home/ovsj/Code/AutonomousBlueye/install/image_prosessing/lib/python3.10/site-packages/image_prosessing/__init__.py to __init__.cpython-310.pyc
[4.530s] byte-compiling /home/ovsj/Code/AutonomousBlueye/install/image_prosessing/lib/python3.10/site-packages/image_prosessing/blueye_image_simple.py to blueye_image_simple.cpython-310.pyc
[4.530s] byte-compiling /home/ovsj/Code/AutonomousBlueye/install/image_prosessing/lib/python3.10/site-packages/image_prosessing/Image_test.py to Image_test.cpython-310.pyc
[4.530s] byte-compiling /home/ovsj/Code/AutonomousBlueye/install/image_prosessing/lib/python3.10/site-packages/image_prosessing/yolo_chain_value.py to yolo_chain_value.cpython-310.pyc
[4.531s] byte-compiling /home/ovsj/Code/AutonomousBlueye/install/image_prosessing/lib/python3.10/site-packages/image_prosessing/canny_with_box_original.py to canny_with_box_original.cpython-310.pyc
[4.531s] byte-compiling /home/ovsj/Code/AutonomousBlueye/install/image_prosessing/lib/python3.10/site-packages/image_prosessing/threshold_with_box.py to threshold_with_box.cpython-310.pyc
[4.531s] byte-compiling /home/ovsj/Code/AutonomousBlueye/install/image_prosessing/lib/python3.10/site-packages/image_prosessing/Median_inside_yolo.py to Median_inside_yolo.cpython-310.pyc
[4.534s] byte-compiling /home/ovsj/Code/AutonomousBlueye/install/image_prosessing/lib/python3.10/site-packages/image_prosessing/blueye_image_yolo.py to blueye_image_yolo.cpython-310.pyc
[4.535s] byte-compiling /home/ovsj/Code/AutonomousBlueye/install/image_prosessing/lib/python3.10/site-packages/image_prosessing/Thresh_inside_yolo.py to Thresh_inside_yolo.cpython-310.pyc
[4.535s] byte-compiling /home/ovsj/Code/AutonomousBlueye/install/image_prosessing/lib/python3.10/site-packages/image_prosessing/threshold_median_mean.py to threshold_median_mean.cpython-310.pyc
[4.535s] byte-compiling /home/ovsj/Code/AutonomousBlueye/install/image_prosessing/lib/python3.10/site-packages/image_prosessing/Canny_inside_yolo.py to Canny_inside_yolo.cpython-310.pyc
[4.536s] byte-compiling /home/ovsj/Code/AutonomousBlueye/install/image_prosessing/lib/python3.10/site-packages/image_prosessing/Adaptive_thresholding.py to Adaptive_thresholding.cpython-310.pyc
[4.538s] byte-compiling /home/ovsj/Code/AutonomousBlueye/install/image_prosessing/lib/python3.10/site-packages/image_prosessing/canny_with_box.py to canny_with_box.cpython-310.pyc
[4.538s] running install_data
[4.538s] copying resource/image_prosessing -> /home/ovsj/Code/AutonomousBlueye/install/image_prosessing/share/ament_index/resource_index/packages
[4.539s] copying package.xml -> /home/ovsj/Code/AutonomousBlueye/install/image_prosessing/share/image_prosessing
[4.540s] running install_egg_info
[4.572s] Copying ../../build/image_prosessing/image_prosessing.egg-info to /home/ovsj/Code/AutonomousBlueye/install/image_prosessing/lib/python3.10/site-packages/image_prosessing-0.0.0-py3.10.egg-info
[4.577s] running install_scripts
[4.749s] Installing Adaptive_threshold script to /home/ovsj/Code/AutonomousBlueye/install/image_prosessing/lib/image_prosessing
[4.756s] Installing Canny_inside_yolo script to /home/ovsj/Code/AutonomousBlueye/install/image_prosessing/lib/image_prosessing
[4.756s] Installing Image_test script to /home/ovsj/Code/AutonomousBlueye/install/image_prosessing/lib/image_prosessing
[4.756s] Installing Median_inside_yolo script to /home/ovsj/Code/AutonomousBlueye/install/image_prosessing/lib/image_prosessing
[4.756s] Installing Thresh_inside_yolo script to /home/ovsj/Code/AutonomousBlueye/install/image_prosessing/lib/image_prosessing
[4.756s] Installing blueye_image_yolo script to /home/ovsj/Code/AutonomousBlueye/install/image_prosessing/lib/image_prosessing
[4.756s] Installing canny_with_box script to /home/ovsj/Code/AutonomousBlueye/install/image_prosessing/lib/image_prosessing
[4.756s] Installing canny_with_box_original script to /home/ovsj/Code/AutonomousBlueye/install/image_prosessing/lib/image_prosessing
[4.756s] Installing threshold_median_mean script to /home/ovsj/Code/AutonomousBlueye/install/image_prosessing/lib/image_prosessing
[4.756s] Installing threshold_with_box script to /home/ovsj/Code/AutonomousBlueye/install/image_prosessing/lib/image_prosessing
[4.756s] Installing yolo_chain_value script to /home/ovsj/Code/AutonomousBlueye/install/image_prosessing/lib/image_prosessing
[4.756s] writing list of installed files to '/home/ovsj/Code/AutonomousBlueye/build/image_prosessing/install.log'
[4.792s] Invoked command in '/home/ovsj/Code/AutonomousBlueye/src/image_prosessing' returned '0': PYTHONPATH=/home/ovsj/Code/AutonomousBlueye/build/image_prosessing/prefix_override:/usr/lib/python3/dist-packages/colcon_core/task/python/colcon_distutils_commands:/home/ovsj/Code/AutonomousBlueye/install/image_prosessing/lib/python3.10/site-packages:${PYTHONPATH} VIRTUAL_ENV_PROMPT=(.venv) /usr/bin/python3 -W ignore:setup.py install is deprecated -W ignore:easy_install command is deprecated setup.py egg_info --egg-base ../../build/image_prosessing build --build-base /home/ovsj/Code/AutonomousBlueye/build/image_prosessing/build install --record /home/ovsj/Code/AutonomousBlueye/build/image_prosessing/install.log --single-version-externally-managed install_data --force
