[1.177s] Invoking command in '/home/ovsj/Code/AutonomousBlueye/src/YOLOv5-ROS/yolov5_ros': CMAKE_PREFIX_PATH=/home/ovsj/Code/AutonomousBlueye/install/bboxes_ex_msgs:/home/ovsj/Code/AutonomousBlueye/install/robot_interfaces:/home/ovsj/Code/AutonomousBlueye/install/octomap_server2:/home/ovsj/Code/AutonomousBlueye/install/pcl_msgs:/home/ovsj/Code/AutonomousBlueye/install/octomap_msgs LD_LIBRARY_PATH=/home/ovsj/Code/AutonomousBlueye/install/bboxes_ex_msgs/lib:/home/ovsj/Code/AutonomousBlueye/install/robot_interfaces/lib:/home/ovsj/Code/AutonomousBlueye/install/octomap_server2/lib:/home/ovsj/Code/AutonomousBlueye/install/pcl_msgs/lib:/home/ovsj/Code/AutonomousBlueye/install/octomap_msgs/lib:/opt/ros/humble/opt/rviz_ogre_vendor/lib:/opt/ros/humble/lib/aarch64-linux-gnu:/opt/ros/humble/lib PYTHONPATH=/home/ovsj/Code/AutonomousBlueye/build/yolov5_ros/prefix_override:/usr/lib/python3/dist-packages/colcon_core/task/python/colcon_distutils_commands:/home/ovsj/Code/AutonomousBlueye/install/yolov5_ros/lib/python3.10/site-packages:${PYTHONPATH} VIRTUAL_ENV_PROMPT=(.venv) /usr/bin/python3 -W ignore:setup.py install is deprecated -W ignore:easy_install command is deprecated setup.py egg_info --egg-base ../../../build/yolov5_ros build --build-base /home/ovsj/Code/AutonomousBlueye/build/yolov5_ros/build install --record /home/ovsj/Code/AutonomousBlueye/build/yolov5_ros/install.log --single-version-externally-managed install_data
[1.382s] /home/ovsj/.local/lib/python3.10/site-packages/setuptools/_distutils/dist.py:270: UserWarning: Unknown distribution option: 'tests_require'
[1.383s]   warnings.warn(msg)
[1.512s] running egg_info
[1.522s] writing ../../../build/yolov5_ros/yolov5_ros.egg-info/PKG-INFO
[1.524s] writing dependency_links to ../../../build/yolov5_ros/yolov5_ros.egg-info/dependency_links.txt
[1.525s] writing entry points to ../../../build/yolov5_ros/yolov5_ros.egg-info/entry_points.txt
[1.526s] writing requirements to ../../../build/yolov5_ros/yolov5_ros.egg-info/requires.txt
[1.526s] writing top-level names to ../../../build/yolov5_ros/yolov5_ros.egg-info/top_level.txt
[1.563s] reading manifest file '../../../build/yolov5_ros/yolov5_ros.egg-info/SOURCES.txt'
[1.568s] writing manifest file '../../../build/yolov5_ros/yolov5_ros.egg-info/SOURCES.txt'
[1.568s] running build
[1.568s] running build_py
[1.568s] copying yolov5_ros/__init__.py -> /home/ovsj/Code/AutonomousBlueye/build/yolov5_ros/build/lib/yolov5_ros
[1.569s] copying yolov5_ros/export.py -> /home/ovsj/Code/AutonomousBlueye/build/yolov5_ros/build/lib/yolov5_ros
[1.571s] copying yolov5_ros/main.py -> /home/ovsj/Code/AutonomousBlueye/build/yolov5_ros/build/lib/yolov5_ros
[1.571s] copying yolov5_ros/utils/metrics.py -> /home/ovsj/Code/AutonomousBlueye/build/yolov5_ros/build/lib/yolov5_ros/utils
[1.571s] copying yolov5_ros/utils/__init__.py -> /home/ovsj/Code/AutonomousBlueye/build/yolov5_ros/build/lib/yolov5_ros/utils
[1.572s] copying yolov5_ros/utils/torch_utils.py -> /home/ovsj/Code/AutonomousBlueye/build/yolov5_ros/build/lib/yolov5_ros/utils
[1.572s] copying yolov5_ros/utils/callbacks.py -> /home/ovsj/Code/AutonomousBlueye/build/yolov5_ros/build/lib/yolov5_ros/utils
[1.573s] copying yolov5_ros/utils/augmentations.py -> /home/ovsj/Code/AutonomousBlueye/build/yolov5_ros/build/lib/yolov5_ros/utils
[1.573s] copying yolov5_ros/utils/activations.py -> /home/ovsj/Code/AutonomousBlueye/build/yolov5_ros/build/lib/yolov5_ros/utils
[1.573s] copying yolov5_ros/utils/loss.py -> /home/ovsj/Code/AutonomousBlueye/build/yolov5_ros/build/lib/yolov5_ros/utils
[1.574s] copying yolov5_ros/utils/datasets.py -> /home/ovsj/Code/AutonomousBlueye/build/yolov5_ros/build/lib/yolov5_ros/utils
[1.574s] copying yolov5_ros/utils/downloads.py -> /home/ovsj/Code/AutonomousBlueye/build/yolov5_ros/build/lib/yolov5_ros/utils
[1.575s] copying yolov5_ros/utils/general.py -> /home/ovsj/Code/AutonomousBlueye/build/yolov5_ros/build/lib/yolov5_ros/utils
[1.575s] copying yolov5_ros/utils/benchmarks.py -> /home/ovsj/Code/AutonomousBlueye/build/yolov5_ros/build/lib/yolov5_ros/utils
[1.575s] copying yolov5_ros/utils/autobatch.py -> /home/ovsj/Code/AutonomousBlueye/build/yolov5_ros/build/lib/yolov5_ros/utils
[1.576s] copying yolov5_ros/utils/plots.py -> /home/ovsj/Code/AutonomousBlueye/build/yolov5_ros/build/lib/yolov5_ros/utils
[1.576s] copying yolov5_ros/utils/autoanchor.py -> /home/ovsj/Code/AutonomousBlueye/build/yolov5_ros/build/lib/yolov5_ros/utils
[1.576s] copying yolov5_ros/models/common.py -> /home/ovsj/Code/AutonomousBlueye/build/yolov5_ros/build/lib/yolov5_ros/models
[1.576s] copying yolov5_ros/models/__init__.py -> /home/ovsj/Code/AutonomousBlueye/build/yolov5_ros/build/lib/yolov5_ros/models
[1.576s] copying yolov5_ros/models/yolo.py -> /home/ovsj/Code/AutonomousBlueye/build/yolov5_ros/build/lib/yolov5_ros/models
[1.576s] copying yolov5_ros/models/experimental.py -> /home/ovsj/Code/AutonomousBlueye/build/yolov5_ros/build/lib/yolov5_ros/models
[1.576s] copying yolov5_ros/models/tf.py -> /home/ovsj/Code/AutonomousBlueye/build/yolov5_ros/build/lib/yolov5_ros/models
[1.577s] copying yolov5_ros/utils/loggers/__init__.py -> /home/ovsj/Code/AutonomousBlueye/build/yolov5_ros/build/lib/yolov5_ros/utils/loggers
[1.577s] copying yolov5_ros/utils/aws/__init__.py -> /home/ovsj/Code/AutonomousBlueye/build/yolov5_ros/build/lib/yolov5_ros/utils/aws
[1.577s] copying yolov5_ros/utils/aws/resume.py -> /home/ovsj/Code/AutonomousBlueye/build/yolov5_ros/build/lib/yolov5_ros/utils/aws
[1.577s] copying yolov5_ros/utils/loggers/wandb/__init__.py -> /home/ovsj/Code/AutonomousBlueye/build/yolov5_ros/build/lib/yolov5_ros/utils/loggers/wandb
[1.577s] copying yolov5_ros/utils/loggers/wandb/wandb_utils.py -> /home/ovsj/Code/AutonomousBlueye/build/yolov5_ros/build/lib/yolov5_ros/utils/loggers/wandb
[1.577s] copying yolov5_ros/utils/loggers/wandb/log_dataset.py -> /home/ovsj/Code/AutonomousBlueye/build/yolov5_ros/build/lib/yolov5_ros/utils/loggers/wandb
[1.577s] copying yolov5_ros/utils/loggers/wandb/sweep.py -> /home/ovsj/Code/AutonomousBlueye/build/yolov5_ros/build/lib/yolov5_ros/utils/loggers/wandb
[1.578s] running install
[1.582s] running install_lib
[1.598s] running install_data
[1.599s] copying resource/yolov5_ros -> /home/ovsj/Code/AutonomousBlueye/install/yolov5_ros/share/ament_index/resource_index/packages
[1.599s] copying package.xml -> /home/ovsj/Code/AutonomousBlueye/install/yolov5_ros/share/yolov5_ros
[1.600s] copying launch/yolov5s_simple.launch.py -> /home/ovsj/Code/AutonomousBlueye/install/yolov5_ros/share/yolov5_ros
[1.600s] running install_egg_info
[1.612s] removing '/home/ovsj/Code/AutonomousBlueye/install/yolov5_ros/lib/python3.10/site-packages/yolov5_ros-0.2.0-py3.10.egg-info' (and everything under it)
[1.612s] Copying ../../../build/yolov5_ros/yolov5_ros.egg-info to /home/ovsj/Code/AutonomousBlueye/install/yolov5_ros/lib/python3.10/site-packages/yolov5_ros-0.2.0-py3.10.egg-info
[1.613s] running install_scripts
[1.733s] Installing yolov5_ros script to /home/ovsj/Code/AutonomousBlueye/install/yolov5_ros/lib/yolov5_ros
[1.734s] writing list of installed files to '/home/ovsj/Code/AutonomousBlueye/build/yolov5_ros/install.log'
[1.765s] Invoked command in '/home/ovsj/Code/AutonomousBlueye/src/YOLOv5-ROS/yolov5_ros' returned '0': CMAKE_PREFIX_PATH=/home/ovsj/Code/AutonomousBlueye/install/bboxes_ex_msgs:/home/ovsj/Code/AutonomousBlueye/install/robot_interfaces:/home/ovsj/Code/AutonomousBlueye/install/octomap_server2:/home/ovsj/Code/AutonomousBlueye/install/pcl_msgs:/home/ovsj/Code/AutonomousBlueye/install/octomap_msgs LD_LIBRARY_PATH=/home/ovsj/Code/AutonomousBlueye/install/bboxes_ex_msgs/lib:/home/ovsj/Code/AutonomousBlueye/install/robot_interfaces/lib:/home/ovsj/Code/AutonomousBlueye/install/octomap_server2/lib:/home/ovsj/Code/AutonomousBlueye/install/pcl_msgs/lib:/home/ovsj/Code/AutonomousBlueye/install/octomap_msgs/lib:/opt/ros/humble/opt/rviz_ogre_vendor/lib:/opt/ros/humble/lib/aarch64-linux-gnu:/opt/ros/humble/lib PYTHONPATH=/home/ovsj/Code/AutonomousBlueye/build/yolov5_ros/prefix_override:/usr/lib/python3/dist-packages/colcon_core/task/python/colcon_distutils_commands:/home/ovsj/Code/AutonomousBlueye/install/yolov5_ros/lib/python3.10/site-packages:${PYTHONPATH} VIRTUAL_ENV_PROMPT=(.venv) /usr/bin/python3 -W ignore:setup.py install is deprecated -W ignore:easy_install command is deprecated setup.py egg_info --egg-base ../../../build/yolov5_ros build --build-base /home/ovsj/Code/AutonomousBlueye/build/yolov5_ros/build install --record /home/ovsj/Code/AutonomousBlueye/build/yolov5_ros/install.log --single-version-externally-managed install_data
