[0.052s] Invoking command in '/home/ovsj/Code/AutonomousBlueye/build/bboxes_ex_msgs': CMAKE_PREFIX_PATH=${CMAKE_PREFIX_PATH}:/home/ovsj/Code/AutonomousBlueye/install/yolov5_ros:/home/ovsj/Code/AutonomousBlueye/install/drone_sensors:/home/ovsj/Code/AutonomousBlueye/install/real_blueye_launch:/home/ovsj/Code/AutonomousBlueye/install/image_prosessing:/home/ovsj/Code/AutonomousBlueye/install/experimental:/home/ovsj/Code/AutonomousBlueye/install/control:/opt/ros/humble VIRTUAL_ENV_PROMPT=(.venv) /usr/bin/cmake /home/ovsj/Code/AutonomousBlueye/src/bbox_ex_msgs -DAMENT_CMAKE_SYMLINK_INSTALL=1 -DCMAKE_INSTALL_PREFIX=/home/ovsj/Code/AutonomousBlueye/install/bboxes_ex_msgs
[0.287s] -- The C compiler identification is GNU 11.4.0
[0.287s] -- The CXX compiler identification is GNU 11.4.0
[0.287s] -- Detecting C compiler ABI info
[0.488s] -- Detecting C compiler ABI info - done
[0.505s] -- Check for working C compiler: /usr/bin/cc - skipped
[0.505s] -- Detecting C compile features
[0.505s] -- Detecting C compile features - done
[0.513s] -- Detecting CXX compiler ABI info
[0.815s] -- Detecting CXX compiler ABI info - done
[0.837s] -- Check for working CXX compiler: /usr/bin/c++ - skipped
[0.839s] -- Detecting CXX compile features
[0.841s] -- Detecting CXX compile features - done
[0.853s] -- Found ament_cmake: 1.3.11 (/opt/ros/humble/share/ament_cmake/cmake)
[2.105s] -- Found Python3: /usr/bin/python3 (found version "3.10.12") found components: Interpreter 
[2.309s] -- Override CMake install command with custom implementation using symlinks instead of copying resources
[2.398s] -- Found builtin_interfaces: 1.2.1 (/opt/ros/humble/share/builtin_interfaces/cmake)
[2.498s] -- Found rosidl_generator_c: 3.1.6 (/opt/ros/humble/share/rosidl_generator_c/cmake)
[2.539s] -- Found rosidl_adapter: 3.1.6 (/opt/ros/humble/share/rosidl_adapter/cmake)
[2.581s] -- Found rosidl_generator_cpp: 3.1.6 (/opt/ros/humble/share/rosidl_generator_cpp/cmake)
[2.642s] -- Using all available rosidl_typesupport_c: rosidl_typesupport_fastrtps_c;rosidl_typesupport_introspection_c
[2.739s] -- Using all available rosidl_typesupport_cpp: rosidl_typesupport_fastrtps_cpp;rosidl_typesupport_introspection_cpp
[2.776s] -- Found std_msgs: 4.2.4 (/opt/ros/humble/share/std_msgs/cmake)
[2.808s] -- Found rosidl_default_generators: 1.2.0 (/opt/ros/humble/share/rosidl_default_generators/cmake)
[3.310s] -- Found ament_cmake_ros: 0.10.0 (/opt/ros/humble/share/ament_cmake_ros/cmake)
[4.168s] -- Using all available rosidl_typesupport_c: rosidl_typesupport_fastrtps_c;rosidl_typesupport_introspection_c
[4.587s] -- Using all available rosidl_typesupport_cpp: rosidl_typesupport_fastrtps_cpp;rosidl_typesupport_introspection_cpp
[4.634s] -- Found PythonInterp: /usr/bin/python3 (found suitable version "3.10.12", minimum required is "3.6") 
[4.636s] -- Found python_cmake_module: 0.10.0 (/opt/ros/humble/share/python_cmake_module/cmake)
[4.689s] -- Found PythonLibs: /usr/lib/aarch64-linux-gnu/libpython3.10.so (found suitable version "3.10.12", minimum required is "3.5") 
[4.689s] -- Using PYTHON_EXECUTABLE: /usr/bin/python3
[4.689s] -- Using PYTHON_INCLUDE_DIRS: /usr/include/python3.10
[4.689s] -- Using PYTHON_LIBRARIES: /usr/lib/aarch64-linux-gnu/libpython3.10.so
[4.739s] -- Found PythonExtra: .so  
[4.923s] -- Configuring done
[4.970s] -- Generating done
[4.994s] -- Build files have been written to: /home/ovsj/Code/AutonomousBlueye/build/bboxes_ex_msgs
