[2.474s] Invoking command in '/home/ovsj/Code/AutonomousBlueye/build/drone_sensors': PYTHONPATH=/home/ovsj/Code/AutonomousBlueye/build/drone_sensors/prefix_override:/usr/lib/python3/dist-packages/colcon_core/task/python/colcon_distutils_commands:/home/ovsj/Code/AutonomousBlueye/install/drone_sensors/lib/python3.10/site-packages:${PYTHONPATH} VIRTUAL_ENV_PROMPT=(.venv) /usr/bin/python3 -W ignore:setup.py install is deprecated -W ignore:easy_install command is deprecated setup.py develop --editable --build-directory /home/ovsj/Code/AutonomousBlueye/build/drone_sensors/build --no-deps symlink_data
[2.920s] running develop
[3.149s] running egg_info
[3.170s] writing drone_sensors.egg-info/PKG-INFO
[3.173s] writing dependency_links to drone_sensors.egg-info/dependency_links.txt
[3.173s] writing entry points to drone_sensors.egg-info/entry_points.txt
[3.174s] writing requirements to drone_sensors.egg-info/requires.txt
[3.186s] writing top-level names to drone_sensors.egg-info/top_level.txt
[3.227s] reading manifest file 'drone_sensors.egg-info/SOURCES.txt'
[3.228s] writing manifest file 'drone_sensors.egg-info/SOURCES.txt'
[3.267s] running build_ext
[3.267s] Creating /home/ovsj/Code/AutonomousBlueye/install/drone_sensors/lib/python3.10/site-packages/drone-sensors.egg-link (link to .)
[3.269s] Installing BluEye_Force script to /home/ovsj/Code/AutonomousBlueye/install/drone_sensors/lib/drone_sensors
[3.270s] Installing BluEye_Pose script to /home/ovsj/Code/AutonomousBlueye/install/drone_sensors/lib/drone_sensors
[3.276s] Installing IMU_to_ros2 script to /home/ovsj/Code/AutonomousBlueye/install/drone_sensors/lib/drone_sensors
[3.276s] Installing Video_to_ros2 script to /home/ovsj/Code/AutonomousBlueye/install/drone_sensors/lib/drone_sensors
[3.276s] Installing blueye_image_simple script to /home/ovsj/Code/AutonomousBlueye/install/drone_sensors/lib/drone_sensors
[3.277s] Installing laptop_camera script to /home/ovsj/Code/AutonomousBlueye/install/drone_sensors/lib/drone_sensors
[3.277s] 
[3.280s] Installed /home/ovsj/Code/AutonomousBlueye/build/drone_sensors
[3.280s] running symlink_data
[3.342s] Invoked command in '/home/ovsj/Code/AutonomousBlueye/build/drone_sensors' returned '0': PYTHONPATH=/home/ovsj/Code/AutonomousBlueye/build/drone_sensors/prefix_override:/usr/lib/python3/dist-packages/colcon_core/task/python/colcon_distutils_commands:/home/ovsj/Code/AutonomousBlueye/install/drone_sensors/lib/python3.10/site-packages:${PYTHONPATH} VIRTUAL_ENV_PROMPT=(.venv) /usr/bin/python3 -W ignore:setup.py install is deprecated -W ignore:easy_install command is deprecated setup.py develop --editable --build-directory /home/ovsj/Code/AutonomousBlueye/build/drone_sensors/build --no-deps symlink_data
