[0.089s] Invoking command in '/home/ovsj/Code/AutonomousBlueye/build/octomap_msgs': CMAKE_PREFIX_PATH=${CMAKE_PREFIX_PATH}:/home/ovsj/Code/AutonomousBlueye/install/yolov5_ros:/home/ovsj/Code/AutonomousBlueye/install/drone_sensors:/home/ovsj/Code/AutonomousBlueye/install/real_blueye_launch:/home/ovsj/Code/AutonomousBlueye/install/image_prosessing:/home/ovsj/Code/AutonomousBlueye/install/experimental:/home/ovsj/Code/AutonomousBlueye/install/control:/opt/ros/humble VIRTUAL_ENV_PROMPT=(.venv) /usr/bin/cmake --build /home/ovsj/Code/AutonomousBlueye/build/octomap_msgs -- -j6 -l6
[1.248s] [ 10%] Built target octomap_msgs__rosidl_generator_c
[1.248s] [ 21%] Built target octomap_msgs__rosidl_typesupport_fastrtps_c
[1.248s] [ 23%] Built target octomap_msgs__cpp
[1.248s] [ 25%] Built target ament_cmake_python_symlink_octomap_msgs
[1.248s] [ 38%] Built target octomap_msgs__rosidl_typesupport_c
[1.248s] [ 45%] Built target octomap_msgs__rosidl_typesupport_introspection_c
[1.248s] [ 56%] Built target octomap_msgs__rosidl_typesupport_introspection_cpp
[1.248s] [ 67%] Built target octomap_msgs__rosidl_typesupport_fastrtps_cpp
[1.248s] [ 78%] Built target octomap_msgs__rosidl_typesupport_cpp
[1.248s] [ 78%] Built target octomap_msgs
[1.248s] [ 80%] Built target octomap_msgs__py
[1.248s] [ 89%] Built target octomap_msgs__rosidl_generator_py
[1.249s] [ 92%] Built target octomap_msgs__rosidl_typesupport_introspection_c__pyext
[1.249s] [ 96%] Built target octomap_msgs__rosidl_typesupport_fastrtps_c__pyext
[1.249s] [100%] Built target octomap_msgs__rosidl_typesupport_c__pyext
[1.249s] running egg_info
[1.249s] writing octomap_msgs.egg-info/PKG-INFO
[1.249s] writing dependency_links to octomap_msgs.egg-info/dependency_links.txt
[1.249s] writing top-level names to octomap_msgs.egg-info/top_level.txt
[1.249s] reading manifest file 'octomap_msgs.egg-info/SOURCES.txt'
[1.249s] writing manifest file 'octomap_msgs.egg-info/SOURCES.txt'
[1.249s] [100%] Built target ament_cmake_python_build_octomap_msgs_egg
[1.277s] Invoked command in '/home/ovsj/Code/AutonomousBlueye/build/octomap_msgs' returned '0': CMAKE_PREFIX_PATH=${CMAKE_PREFIX_PATH}:/home/ovsj/Code/AutonomousBlueye/install/yolov5_ros:/home/ovsj/Code/AutonomousBlueye/install/drone_sensors:/home/ovsj/Code/AutonomousBlueye/install/real_blueye_launch:/home/ovsj/Code/AutonomousBlueye/install/image_prosessing:/home/ovsj/Code/AutonomousBlueye/install/experimental:/home/ovsj/Code/AutonomousBlueye/install/control:/opt/ros/humble VIRTUAL_ENV_PROMPT=(.venv) /usr/bin/cmake --build /home/ovsj/Code/AutonomousBlueye/build/octomap_msgs -- -j6 -l6
[1.302s] Invoking command in '/home/ovsj/Code/AutonomousBlueye/build/octomap_msgs': CMAKE_PREFIX_PATH=${CMAKE_PREFIX_PATH}:/home/ovsj/Code/AutonomousBlueye/install/yolov5_ros:/home/ovsj/Code/AutonomousBlueye/install/drone_sensors:/home/ovsj/Code/AutonomousBlueye/install/real_blueye_launch:/home/ovsj/Code/AutonomousBlueye/install/image_prosessing:/home/ovsj/Code/AutonomousBlueye/install/experimental:/home/ovsj/Code/AutonomousBlueye/install/control:/opt/ros/humble VIRTUAL_ENV_PROMPT=(.venv) /usr/bin/cmake --install /home/ovsj/Code/AutonomousBlueye/build/octomap_msgs
[1.323s] -- Install configuration: ""
[1.353s] -- Execute custom install script
[1.353s] -- Up-to-date symlink: /home/ovsj/Code/AutonomousBlueye/install/octomap_msgs/share/ament_index/resource_index/rosidl_interfaces/octomap_msgs
[1.353s] -- Up-to-date symlink: /home/ovsj/Code/AutonomousBlueye/install/octomap_msgs/include/octomap_msgs/octomap_msgs/msg/detail/octomap__functions.h
[1.353s] -- Up-to-date symlink: /home/ovsj/Code/AutonomousBlueye/install/octomap_msgs/include/octomap_msgs/octomap_msgs/msg/detail/octomap__struct.h
[1.353s] -- Up-to-date symlink: /home/ovsj/Code/AutonomousBlueye/install/octomap_msgs/include/octomap_msgs/octomap_msgs/msg/detail/octomap__type_support.h
[1.353s] -- Up-to-date symlink: /home/ovsj/Code/AutonomousBlueye/install/octomap_msgs/include/octomap_msgs/octomap_msgs/msg/detail/octomap_with_pose__functions.h
[1.353s] -- Up-to-date symlink: /home/ovsj/Code/AutonomousBlueye/install/octomap_msgs/include/octomap_msgs/octomap_msgs/msg/detail/octomap_with_pose__struct.h
[1.354s] -- Up-to-date symlink: /home/ovsj/Code/AutonomousBlueye/install/octomap_msgs/include/octomap_msgs/octomap_msgs/msg/detail/octomap_with_pose__type_support.h
[1.354s] -- Up-to-date symlink: /home/ovsj/Code/AutonomousBlueye/install/octomap_msgs/include/octomap_msgs/octomap_msgs/msg/octomap.h
[1.354s] -- Up-to-date symlink: /home/ovsj/Code/AutonomousBlueye/install/octomap_msgs/include/octomap_msgs/octomap_msgs/msg/octomap_with_pose.h
[1.354s] -- Up-to-date symlink: /home/ovsj/Code/AutonomousBlueye/install/octomap_msgs/include/octomap_msgs/octomap_msgs/msg/rosidl_generator_c__visibility_control.h
[1.354s] -- Up-to-date symlink: /home/ovsj/Code/AutonomousBlueye/install/octomap_msgs/include/octomap_msgs/octomap_msgs/srv/bounding_box_query.h
[1.354s] -- Up-to-date symlink: /home/ovsj/Code/AutonomousBlueye/install/octomap_msgs/include/octomap_msgs/octomap_msgs/srv/detail/bounding_box_query__functions.h
[1.354s] -- Up-to-date symlink: /home/ovsj/Code/AutonomousBlueye/install/octomap_msgs/include/octomap_msgs/octomap_msgs/srv/detail/bounding_box_query__struct.h
[1.354s] -- Up-to-date symlink: /home/ovsj/Code/AutonomousBlueye/install/octomap_msgs/include/octomap_msgs/octomap_msgs/srv/detail/bounding_box_query__type_support.h
[1.354s] -- Up-to-date symlink: /home/ovsj/Code/AutonomousBlueye/install/octomap_msgs/include/octomap_msgs/octomap_msgs/srv/detail/get_octomap__functions.h
[1.354s] -- Up-to-date symlink: /home/ovsj/Code/AutonomousBlueye/install/octomap_msgs/include/octomap_msgs/octomap_msgs/srv/detail/get_octomap__struct.h
[1.355s] -- Up-to-date symlink: /home/ovsj/Code/AutonomousBlueye/install/octomap_msgs/include/octomap_msgs/octomap_msgs/srv/detail/get_octomap__type_support.h
[1.355s] -- Up-to-date symlink: /home/ovsj/Code/AutonomousBlueye/install/octomap_msgs/include/octomap_msgs/octomap_msgs/srv/get_octomap.h
[1.355s] -- Up-to-date symlink: /home/ovsj/Code/AutonomousBlueye/install/octomap_msgs/share/octomap_msgs/environment/library_path.sh
[1.356s] -- Up-to-date symlink: /home/ovsj/Code/AutonomousBlueye/install/octomap_msgs/share/octomap_msgs/environment/library_path.dsv
[1.356s] -- Up-to-date symlink: /home/ovsj/Code/AutonomousBlueye/install/octomap_msgs/include/octomap_msgs/octomap_msgs/msg/detail/octomap__rosidl_typesupport_fastrtps_c.h
[1.357s] -- Up-to-date symlink: /home/ovsj/Code/AutonomousBlueye/install/octomap_msgs/include/octomap_msgs/octomap_msgs/msg/detail/octomap_with_pose__rosidl_typesupport_fastrtps_c.h
[1.357s] -- Up-to-date symlink: /home/ovsj/Code/AutonomousBlueye/install/octomap_msgs/include/octomap_msgs/octomap_msgs/msg/rosidl_typesupport_fastrtps_c__visibility_control.h
[1.366s] -- Up-to-date symlink: /home/ovsj/Code/AutonomousBlueye/install/octomap_msgs/include/octomap_msgs/octomap_msgs/srv/detail/bounding_box_query__rosidl_typesupport_fastrtps_c.h
[1.366s] -- Up-to-date symlink: /home/ovsj/Code/AutonomousBlueye/install/octomap_msgs/include/octomap_msgs/octomap_msgs/srv/detail/get_octomap__rosidl_typesupport_fastrtps_c.h
[1.366s] -- Up-to-date symlink: /home/ovsj/Code/AutonomousBlueye/install/octomap_msgs/include/octomap_msgs/octomap_msgs/msg/detail/octomap__rosidl_typesupport_introspection_c.h
[1.367s] -- Up-to-date symlink: /home/ovsj/Code/AutonomousBlueye/install/octomap_msgs/include/octomap_msgs/octomap_msgs/msg/detail/octomap_with_pose__rosidl_typesupport_introspection_c.h
[1.367s] -- Up-to-date symlink: /home/ovsj/Code/AutonomousBlueye/install/octomap_msgs/include/octomap_msgs/octomap_msgs/msg/rosidl_typesupport_introspection_c__visibility_control.h
[1.367s] -- Up-to-date symlink: /home/ovsj/Code/AutonomousBlueye/install/octomap_msgs/include/octomap_msgs/octomap_msgs/srv/detail/bounding_box_query__rosidl_typesupport_introspection_c.h
[1.367s] -- Up-to-date symlink: /home/ovsj/Code/AutonomousBlueye/install/octomap_msgs/include/octomap_msgs/octomap_msgs/srv/detail/get_octomap__rosidl_typesupport_introspection_c.h
[1.381s] -- Up-to-date symlink: /home/ovsj/Code/AutonomousBlueye/install/octomap_msgs/include/octomap_msgs/octomap_msgs/msg/detail/octomap__builder.hpp
[1.381s] -- Up-to-date symlink: /home/ovsj/Code/AutonomousBlueye/install/octomap_msgs/include/octomap_msgs/octomap_msgs/msg/detail/octomap__struct.hpp
[1.381s] -- Up-to-date symlink: /home/ovsj/Code/AutonomousBlueye/install/octomap_msgs/include/octomap_msgs/octomap_msgs/msg/detail/octomap__traits.hpp
[1.381s] -- Up-to-date symlink: /home/ovsj/Code/AutonomousBlueye/install/octomap_msgs/include/octomap_msgs/octomap_msgs/msg/detail/octomap__type_support.hpp
[1.381s] -- Up-to-date symlink: /home/ovsj/Code/AutonomousBlueye/install/octomap_msgs/include/octomap_msgs/octomap_msgs/msg/detail/octomap_with_pose__builder.hpp
[1.383s] -- Up-to-date symlink: /home/ovsj/Code/AutonomousBlueye/install/octomap_msgs/include/octomap_msgs/octomap_msgs/msg/detail/octomap_with_pose__struct.hpp
[1.383s] -- Up-to-date symlink: /home/ovsj/Code/AutonomousBlueye/install/octomap_msgs/include/octomap_msgs/octomap_msgs/msg/detail/octomap_with_pose__traits.hpp
[1.383s] -- Up-to-date symlink: /home/ovsj/Code/AutonomousBlueye/install/octomap_msgs/include/octomap_msgs/octomap_msgs/msg/detail/octomap_with_pose__type_support.hpp
[1.383s] -- Up-to-date symlink: /home/ovsj/Code/AutonomousBlueye/install/octomap_msgs/include/octomap_msgs/octomap_msgs/msg/octomap.hpp
[1.384s] -- Up-to-date symlink: /home/ovsj/Code/AutonomousBlueye/install/octomap_msgs/include/octomap_msgs/octomap_msgs/msg/octomap_with_pose.hpp
[1.384s] -- Up-to-date symlink: /home/ovsj/Code/AutonomousBlueye/install/octomap_msgs/include/octomap_msgs/octomap_msgs/msg/rosidl_generator_cpp__visibility_control.hpp
[1.384s] -- Up-to-date symlink: /home/ovsj/Code/AutonomousBlueye/install/octomap_msgs/include/octomap_msgs/octomap_msgs/srv/bounding_box_query.hpp
[1.384s] -- Up-to-date symlink: /home/ovsj/Code/AutonomousBlueye/install/octomap_msgs/include/octomap_msgs/octomap_msgs/srv/detail/bounding_box_query__builder.hpp
[1.384s] -- Up-to-date symlink: /home/ovsj/Code/AutonomousBlueye/install/octomap_msgs/include/octomap_msgs/octomap_msgs/srv/detail/bounding_box_query__struct.hpp
[1.384s] -- Up-to-date symlink: /home/ovsj/Code/AutonomousBlueye/install/octomap_msgs/include/octomap_msgs/octomap_msgs/srv/detail/bounding_box_query__traits.hpp
[1.384s] -- Up-to-date symlink: /home/ovsj/Code/AutonomousBlueye/install/octomap_msgs/include/octomap_msgs/octomap_msgs/srv/detail/bounding_box_query__type_support.hpp
[1.384s] -- Up-to-date symlink: /home/ovsj/Code/AutonomousBlueye/install/octomap_msgs/include/octomap_msgs/octomap_msgs/srv/detail/get_octomap__builder.hpp
[1.384s] -- Up-to-date symlink: /home/ovsj/Code/AutonomousBlueye/install/octomap_msgs/include/octomap_msgs/octomap_msgs/srv/detail/get_octomap__struct.hpp
[1.384s] -- Up-to-date symlink: /home/ovsj/Code/AutonomousBlueye/install/octomap_msgs/include/octomap_msgs/octomap_msgs/srv/detail/get_octomap__traits.hpp
[1.395s] -- Up-to-date symlink: /home/ovsj/Code/AutonomousBlueye/install/octomap_msgs/include/octomap_msgs/octomap_msgs/srv/detail/get_octomap__type_support.hpp
[1.396s] -- Up-to-date symlink: /home/ovsj/Code/AutonomousBlueye/install/octomap_msgs/include/octomap_msgs/octomap_msgs/srv/get_octomap.hpp
[1.396s] -- Up-to-date symlink: /home/ovsj/Code/AutonomousBlueye/install/octomap_msgs/include/octomap_msgs/octomap_msgs/msg/detail/octomap__rosidl_typesupport_fastrtps_cpp.hpp
[1.396s] -- Up-to-date symlink: /home/ovsj/Code/AutonomousBlueye/install/octomap_msgs/include/octomap_msgs/octomap_msgs/msg/detail/octomap_with_pose__rosidl_typesupport_fastrtps_cpp.hpp
[1.397s] -- Up-to-date symlink: /home/ovsj/Code/AutonomousBlueye/install/octomap_msgs/include/octomap_msgs/octomap_msgs/msg/rosidl_typesupport_fastrtps_cpp__visibility_control.h
[1.397s] -- Up-to-date symlink: /home/ovsj/Code/AutonomousBlueye/install/octomap_msgs/include/octomap_msgs/octomap_msgs/srv/detail/bounding_box_query__rosidl_typesupport_fastrtps_cpp.hpp
[1.397s] -- Up-to-date symlink: /home/ovsj/Code/AutonomousBlueye/install/octomap_msgs/include/octomap_msgs/octomap_msgs/srv/detail/get_octomap__rosidl_typesupport_fastrtps_cpp.hpp
[1.397s] -- Up-to-date symlink: /home/ovsj/Code/AutonomousBlueye/install/octomap_msgs/include/octomap_msgs/octomap_msgs/msg/detail/octomap__rosidl_typesupport_introspection_cpp.hpp
[1.397s] -- Up-to-date symlink: /home/ovsj/Code/AutonomousBlueye/install/octomap_msgs/include/octomap_msgs/octomap_msgs/msg/detail/octomap_with_pose__rosidl_typesupport_introspection_cpp.hpp
[1.397s] -- Up-to-date symlink: /home/ovsj/Code/AutonomousBlueye/install/octomap_msgs/include/octomap_msgs/octomap_msgs/srv/detail/bounding_box_query__rosidl_typesupport_introspection_cpp.hpp
[1.397s] -- Up-to-date symlink: /home/ovsj/Code/AutonomousBlueye/install/octomap_msgs/include/octomap_msgs/octomap_msgs/srv/detail/get_octomap__rosidl_typesupport_introspection_cpp.hpp
[1.398s] -- Up-to-date symlink: /home/ovsj/Code/AutonomousBlueye/install/octomap_msgs/share/octomap_msgs/environment/pythonpath.sh
[1.398s] -- Up-to-date symlink: /home/ovsj/Code/AutonomousBlueye/install/octomap_msgs/share/octomap_msgs/environment/pythonpath.dsv
[1.398s] -- Up-to-date symlink: /home/ovsj/Code/AutonomousBlueye/install/octomap_msgs/local/lib/python3.10/dist-packages/octomap_msgs-2.0.0-py3.10.egg-info/PKG-INFO
[1.398s] -- Up-to-date symlink: /home/ovsj/Code/AutonomousBlueye/install/octomap_msgs/local/lib/python3.10/dist-packages/octomap_msgs-2.0.0-py3.10.egg-info/SOURCES.txt
[1.398s] -- Up-to-date symlink: /home/ovsj/Code/AutonomousBlueye/install/octomap_msgs/local/lib/python3.10/dist-packages/octomap_msgs-2.0.0-py3.10.egg-info/dependency_links.txt
[1.398s] -- Up-to-date symlink: /home/ovsj/Code/AutonomousBlueye/install/octomap_msgs/local/lib/python3.10/dist-packages/octomap_msgs-2.0.0-py3.10.egg-info/top_level.txt
[1.398s] -- Up-to-date symlink: /home/ovsj/Code/AutonomousBlueye/install/octomap_msgs/local/lib/python3.10/dist-packages/octomap_msgs/__init__.py
[1.398s] -- Up-to-date symlink: /home/ovsj/Code/AutonomousBlueye/install/octomap_msgs/local/lib/python3.10/dist-packages/octomap_msgs/_octomap_msgs_s.ep.rosidl_typesupport_c.c
[1.398s] -- Up-to-date symlink: /home/ovsj/Code/AutonomousBlueye/install/octomap_msgs/local/lib/python3.10/dist-packages/octomap_msgs/_octomap_msgs_s.ep.rosidl_typesupport_fastrtps_c.c
[1.398s] -- Up-to-date symlink: /home/ovsj/Code/AutonomousBlueye/install/octomap_msgs/local/lib/python3.10/dist-packages/octomap_msgs/_octomap_msgs_s.ep.rosidl_typesupport_introspection_c.c
[1.398s] -- Up-to-date symlink: /home/ovsj/Code/AutonomousBlueye/install/octomap_msgs/local/lib/python3.10/dist-packages/octomap_msgs/liboctomap_msgs__rosidl_generator_py.so
[1.398s] -- Up-to-date symlink: /home/ovsj/Code/AutonomousBlueye/install/octomap_msgs/local/lib/python3.10/dist-packages/octomap_msgs/msg/__init__.py
[1.398s] -- Up-to-date symlink: /home/ovsj/Code/AutonomousBlueye/install/octomap_msgs/local/lib/python3.10/dist-packages/octomap_msgs/msg/_octomap.py
[1.398s] -- Up-to-date symlink: /home/ovsj/Code/AutonomousBlueye/install/octomap_msgs/local/lib/python3.10/dist-packages/octomap_msgs/msg/_octomap_s.c
[1.398s] -- Up-to-date symlink: /home/ovsj/Code/AutonomousBlueye/install/octomap_msgs/local/lib/python3.10/dist-packages/octomap_msgs/msg/_octomap_with_pose.py
[1.398s] -- Up-to-date symlink: /home/ovsj/Code/AutonomousBlueye/install/octomap_msgs/local/lib/python3.10/dist-packages/octomap_msgs/msg/_octomap_with_pose_s.c
[1.398s] -- Up-to-date symlink: /home/ovsj/Code/AutonomousBlueye/install/octomap_msgs/local/lib/python3.10/dist-packages/octomap_msgs/octomap_msgs_s__rosidl_typesupport_c.cpython-310-aarch64-linux-gnu.so
[1.398s] -- Up-to-date symlink: /home/ovsj/Code/AutonomousBlueye/install/octomap_msgs/local/lib/python3.10/dist-packages/octomap_msgs/octomap_msgs_s__rosidl_typesupport_fastrtps_c.cpython-310-aarch64-linux-gnu.so
[1.398s] -- Up-to-date symlink: /home/ovsj/Code/AutonomousBlueye/install/octomap_msgs/local/lib/python3.10/dist-packages/octomap_msgs/octomap_msgs_s__rosidl_typesupport_introspection_c.cpython-310-aarch64-linux-gnu.so
[1.398s] -- Up-to-date symlink: /home/ovsj/Code/AutonomousBlueye/install/octomap_msgs/local/lib/python3.10/dist-packages/octomap_msgs/srv/__init__.py
[1.398s] -- Up-to-date symlink: /home/ovsj/Code/AutonomousBlueye/install/octomap_msgs/local/lib/python3.10/dist-packages/octomap_msgs/srv/_bounding_box_query.py
[1.398s] -- Up-to-date symlink: /home/ovsj/Code/AutonomousBlueye/install/octomap_msgs/local/lib/python3.10/dist-packages/octomap_msgs/srv/_bounding_box_query_s.c
[1.398s] -- Up-to-date symlink: /home/ovsj/Code/AutonomousBlueye/install/octomap_msgs/local/lib/python3.10/dist-packages/octomap_msgs/srv/_get_octomap.py
[1.398s] -- Up-to-date symlink: /home/ovsj/Code/AutonomousBlueye/install/octomap_msgs/local/lib/python3.10/dist-packages/octomap_msgs/srv/_get_octomap_s.c
[1.398s] -- Up-to-date symlink: /home/ovsj/Code/AutonomousBlueye/install/octomap_msgs/local/lib/python3.10/dist-packages/octomap_msgs/octomap_msgs_s__rosidl_typesupport_fastrtps_c.cpython-310-aarch64-linux-gnu.so
[1.398s] -- Up-to-date symlink: /home/ovsj/Code/AutonomousBlueye/install/octomap_msgs/local/lib/python3.10/dist-packages/octomap_msgs/octomap_msgs_s__rosidl_typesupport_introspection_c.cpython-310-aarch64-linux-gnu.so
[1.398s] -- Up-to-date symlink: /home/ovsj/Code/AutonomousBlueye/install/octomap_msgs/local/lib/python3.10/dist-packages/octomap_msgs/octomap_msgs_s__rosidl_typesupport_c.cpython-310-aarch64-linux-gnu.so
[1.398s] -- Up-to-date symlink: /home/ovsj/Code/AutonomousBlueye/install/octomap_msgs/share/octomap_msgs/msg/Octomap.idl
[1.398s] -- Up-to-date symlink: /home/ovsj/Code/AutonomousBlueye/install/octomap_msgs/share/octomap_msgs/msg/OctomapWithPose.idl
[1.398s] -- Up-to-date symlink: /home/ovsj/Code/AutonomousBlueye/install/octomap_msgs/share/octomap_msgs/srv/BoundingBoxQuery.idl
[1.398s] -- Up-to-date symlink: /home/ovsj/Code/AutonomousBlueye/install/octomap_msgs/share/octomap_msgs/srv/GetOctomap.idl
[1.398s] -- Up-to-date symlink: /home/ovsj/Code/AutonomousBlueye/install/octomap_msgs/share/octomap_msgs/msg/Octomap.msg
[1.398s] -- Up-to-date symlink: /home/ovsj/Code/AutonomousBlueye/install/octomap_msgs/share/octomap_msgs/msg/OctomapWithPose.msg
[1.398s] -- Up-to-date symlink: /home/ovsj/Code/AutonomousBlueye/install/octomap_msgs/share/octomap_msgs/srv/BoundingBoxQuery.srv
[1.398s] -- Up-to-date symlink: /home/ovsj/Code/AutonomousBlueye/install/octomap_msgs/share/octomap_msgs/srv/BoundingBoxQuery_Request.msg
[1.398s] -- Up-to-date symlink: /home/ovsj/Code/AutonomousBlueye/install/octomap_msgs/share/octomap_msgs/srv/BoundingBoxQuery_Response.msg
[1.399s] -- Up-to-date symlink: /home/ovsj/Code/AutonomousBlueye/install/octomap_msgs/share/octomap_msgs/srv/GetOctomap.srv
[1.399s] -- Up-to-date symlink: /home/ovsj/Code/AutonomousBlueye/install/octomap_msgs/share/octomap_msgs/srv/GetOctomap_Request.msg
[1.399s] -- Up-to-date symlink: /home/ovsj/Code/AutonomousBlueye/install/octomap_msgs/share/octomap_msgs/srv/GetOctomap_Response.msg
[1.399s] -- Up-to-date symlink: /home/ovsj/Code/AutonomousBlueye/install/octomap_msgs/share/ament_index/resource_index/package_run_dependencies/octomap_msgs
[1.399s] -- Up-to-date symlink: /home/ovsj/Code/AutonomousBlueye/install/octomap_msgs/share/ament_index/resource_index/parent_prefix_path/octomap_msgs
[1.399s] -- Up-to-date symlink: /home/ovsj/Code/AutonomousBlueye/install/octomap_msgs/share/octomap_msgs/environment/ament_prefix_path.sh
[1.399s] -- Up-to-date symlink: /home/ovsj/Code/AutonomousBlueye/install/octomap_msgs/share/octomap_msgs/environment/ament_prefix_path.dsv
[1.399s] -- Up-to-date symlink: /home/ovsj/Code/AutonomousBlueye/install/octomap_msgs/share/octomap_msgs/environment/path.sh
[1.399s] -- Up-to-date symlink: /home/ovsj/Code/AutonomousBlueye/install/octomap_msgs/share/octomap_msgs/environment/path.dsv
[1.399s] -- Up-to-date symlink: /home/ovsj/Code/AutonomousBlueye/install/octomap_msgs/share/octomap_msgs/local_setup.bash
[1.399s] -- Up-to-date symlink: /home/ovsj/Code/AutonomousBlueye/install/octomap_msgs/share/octomap_msgs/local_setup.sh
[1.399s] -- Up-to-date symlink: /home/ovsj/Code/AutonomousBlueye/install/octomap_msgs/share/octomap_msgs/local_setup.zsh
[1.399s] -- Up-to-date symlink: /home/ovsj/Code/AutonomousBlueye/install/octomap_msgs/share/octomap_msgs/local_setup.dsv
[1.399s] -- Symlinking: /home/ovsj/Code/AutonomousBlueye/install/octomap_msgs/share/octomap_msgs/package.dsv
[1.401s] -- Up-to-date symlink: /home/ovsj/Code/AutonomousBlueye/install/octomap_msgs/share/ament_index/resource_index/packages/octomap_msgs
[1.401s] -- Up-to-date symlink: /home/ovsj/Code/AutonomousBlueye/install/octomap_msgs/share/octomap_msgs/cmake/rosidl_cmake-extras.cmake
[1.401s] -- Up-to-date symlink: /home/ovsj/Code/AutonomousBlueye/install/octomap_msgs/share/octomap_msgs/cmake/ament_cmake_export_dependencies-extras.cmake
[1.401s] -- Up-to-date symlink: /home/ovsj/Code/AutonomousBlueye/install/octomap_msgs/share/octomap_msgs/cmake/ament_cmake_export_include_directories-extras.cmake
[1.401s] -- Up-to-date symlink: /home/ovsj/Code/AutonomousBlueye/install/octomap_msgs/share/octomap_msgs/cmake/ament_cmake_export_libraries-extras.cmake
[1.401s] -- Up-to-date symlink: /home/ovsj/Code/AutonomousBlueye/install/octomap_msgs/share/octomap_msgs/cmake/ament_cmake_export_targets-extras.cmake
[1.401s] -- Up-to-date symlink: /home/ovsj/Code/AutonomousBlueye/install/octomap_msgs/share/octomap_msgs/cmake/rosidl_cmake_export_typesupport_targets-extras.cmake
[1.401s] -- Up-to-date symlink: /home/ovsj/Code/AutonomousBlueye/install/octomap_msgs/share/octomap_msgs/cmake/rosidl_cmake_export_typesupport_libraries-extras.cmake
[1.401s] -- Up-to-date symlink: /home/ovsj/Code/AutonomousBlueye/install/octomap_msgs/share/octomap_msgs/cmake/octomap_msgsConfig.cmake
[1.401s] -- Up-to-date symlink: /home/ovsj/Code/AutonomousBlueye/install/octomap_msgs/share/octomap_msgs/cmake/octomap_msgsConfig-version.cmake
[1.401s] -- Up-to-date symlink: /home/ovsj/Code/AutonomousBlueye/install/octomap_msgs/share/octomap_msgs/package.xml
[1.401s] -- Up-to-date: /home/ovsj/Code/AutonomousBlueye/install/octomap_msgs/lib/liboctomap_msgs__rosidl_generator_c.so
[1.401s] -- Up-to-date: /home/ovsj/Code/AutonomousBlueye/install/octomap_msgs/lib/liboctomap_msgs__rosidl_typesupport_fastrtps_c.so
[1.401s] -- Up-to-date: /home/ovsj/Code/AutonomousBlueye/install/octomap_msgs/lib/liboctomap_msgs__rosidl_typesupport_introspection_c.so
[1.401s] -- Up-to-date: /home/ovsj/Code/AutonomousBlueye/install/octomap_msgs/lib/liboctomap_msgs__rosidl_typesupport_c.so
[1.401s] -- Up-to-date: /home/ovsj/Code/AutonomousBlueye/install/octomap_msgs/lib/liboctomap_msgs__rosidl_typesupport_fastrtps_cpp.so
[1.401s] -- Up-to-date: /home/ovsj/Code/AutonomousBlueye/install/octomap_msgs/lib/liboctomap_msgs__rosidl_typesupport_introspection_cpp.so
[1.404s] -- Up-to-date: /home/ovsj/Code/AutonomousBlueye/install/octomap_msgs/lib/liboctomap_msgs__rosidl_typesupport_cpp.so
[1.517s] Listing '/home/ovsj/Code/AutonomousBlueye/install/octomap_msgs/local/lib/python3.10/dist-packages/octomap_msgs'...
[1.517s] Listing '/home/ovsj/Code/AutonomousBlueye/install/octomap_msgs/local/lib/python3.10/dist-packages/octomap_msgs/msg'...
[1.517s] Listing '/home/ovsj/Code/AutonomousBlueye/install/octomap_msgs/local/lib/python3.10/dist-packages/octomap_msgs/srv'...
[1.541s] -- Up-to-date: /home/ovsj/Code/AutonomousBlueye/install/octomap_msgs/lib/liboctomap_msgs__rosidl_generator_py.so
[1.543s] -- Up-to-date: /home/ovsj/Code/AutonomousBlueye/install/octomap_msgs/include/octomap_msgs
[1.543s] -- Up-to-date: /home/ovsj/Code/AutonomousBlueye/install/octomap_msgs/include/octomap_msgs/octomap_msgs
[1.543s] -- Up-to-date: /home/ovsj/Code/AutonomousBlueye/install/octomap_msgs/include/octomap_msgs/octomap_msgs/conversions.h
[1.543s] -- Up-to-date: /home/ovsj/Code/AutonomousBlueye/install/octomap_msgs/share/octomap_msgs/cmake/export_octomap_msgs__rosidl_generator_cExport.cmake
[1.544s] -- Up-to-date: /home/ovsj/Code/AutonomousBlueye/install/octomap_msgs/share/octomap_msgs/cmake/export_octomap_msgs__rosidl_generator_cExport-noconfig.cmake
[1.544s] -- Up-to-date: /home/ovsj/Code/AutonomousBlueye/install/octomap_msgs/share/octomap_msgs/cmake/export_octomap_msgs__rosidl_typesupport_fastrtps_cExport.cmake
[1.544s] -- Up-to-date: /home/ovsj/Code/AutonomousBlueye/install/octomap_msgs/share/octomap_msgs/cmake/export_octomap_msgs__rosidl_typesupport_fastrtps_cExport-noconfig.cmake
[1.544s] -- Up-to-date: /home/ovsj/Code/AutonomousBlueye/install/octomap_msgs/share/octomap_msgs/cmake/octomap_msgs__rosidl_typesupport_introspection_cExport.cmake
[1.544s] -- Up-to-date: /home/ovsj/Code/AutonomousBlueye/install/octomap_msgs/share/octomap_msgs/cmake/octomap_msgs__rosidl_typesupport_introspection_cExport-noconfig.cmake
[1.544s] -- Up-to-date: /home/ovsj/Code/AutonomousBlueye/install/octomap_msgs/share/octomap_msgs/cmake/octomap_msgs__rosidl_typesupport_cExport.cmake
[1.544s] -- Up-to-date: /home/ovsj/Code/AutonomousBlueye/install/octomap_msgs/share/octomap_msgs/cmake/octomap_msgs__rosidl_typesupport_cExport-noconfig.cmake
[1.544s] -- Up-to-date: /home/ovsj/Code/AutonomousBlueye/install/octomap_msgs/share/octomap_msgs/cmake/export_octomap_msgs__rosidl_generator_cppExport.cmake
[1.544s] -- Up-to-date: /home/ovsj/Code/AutonomousBlueye/install/octomap_msgs/share/octomap_msgs/cmake/export_octomap_msgs__rosidl_typesupport_fastrtps_cppExport.cmake
[1.544s] -- Up-to-date: /home/ovsj/Code/AutonomousBlueye/install/octomap_msgs/share/octomap_msgs/cmake/export_octomap_msgs__rosidl_typesupport_fastrtps_cppExport-noconfig.cmake
[1.544s] -- Up-to-date: /home/ovsj/Code/AutonomousBlueye/install/octomap_msgs/share/octomap_msgs/cmake/octomap_msgs__rosidl_typesupport_introspection_cppExport.cmake
[1.545s] -- Up-to-date: /home/ovsj/Code/AutonomousBlueye/install/octomap_msgs/share/octomap_msgs/cmake/octomap_msgs__rosidl_typesupport_introspection_cppExport-noconfig.cmake
[1.547s] -- Up-to-date: /home/ovsj/Code/AutonomousBlueye/install/octomap_msgs/share/octomap_msgs/cmake/octomap_msgs__rosidl_typesupport_cppExport.cmake
[1.547s] -- Up-to-date: /home/ovsj/Code/AutonomousBlueye/install/octomap_msgs/share/octomap_msgs/cmake/octomap_msgs__rosidl_typesupport_cppExport-noconfig.cmake
[1.553s] -- Up-to-date: /home/ovsj/Code/AutonomousBlueye/install/octomap_msgs/share/octomap_msgs/cmake/export_octomap_msgs__rosidl_generator_pyExport.cmake
[1.553s] -- Up-to-date: /home/ovsj/Code/AutonomousBlueye/install/octomap_msgs/share/octomap_msgs/cmake/export_octomap_msgs__rosidl_generator_pyExport-noconfig.cmake
[1.567s] Invoked command in '/home/ovsj/Code/AutonomousBlueye/build/octomap_msgs' returned '0': CMAKE_PREFIX_PATH=${CMAKE_PREFIX_PATH}:/home/ovsj/Code/AutonomousBlueye/install/yolov5_ros:/home/ovsj/Code/AutonomousBlueye/install/drone_sensors:/home/ovsj/Code/AutonomousBlueye/install/real_blueye_launch:/home/ovsj/Code/AutonomousBlueye/install/image_prosessing:/home/ovsj/Code/AutonomousBlueye/install/experimental:/home/ovsj/Code/AutonomousBlueye/install/control:/opt/ros/humble VIRTUAL_ENV_PROMPT=(.venv) /usr/bin/cmake --install /home/ovsj/Code/AutonomousBlueye/build/octomap_msgs
