/home/ovsj/Code/AutonomousBlueye/install/control/lib/python3.10/site-packages/control/__init__.py
/home/ovsj/Code/AutonomousBlueye/install/control/lib/python3.10/site-packages/control/desired_velocity_test.py
/home/ovsj/Code/AutonomousBlueye/install/control/lib/python3.10/site-packages/control/desired_velocity_spiral_surge.py
/home/ovsj/Code/AutonomousBlueye/install/control/lib/python3.10/site-packages/control/desired_velocity.py
/home/ovsj/Code/AutonomousBlueye/install/control/lib/python3.10/site-packages/control/desired_velocity_switch.py
/home/ovsj/Code/AutonomousBlueye/install/control/lib/python3.10/site-packages/control/desired_velocity_compass.py
/home/ovsj/Code/AutonomousBlueye/install/control/lib/python3.10/site-packages/control/control.py
/home/ovsj/Code/AutonomousBlueye/install/control/lib/python3.10/site-packages/control/control_test.py
/home/ovsj/Code/AutonomousBlueye/install/control/lib/python3.10/site-packages/control/__pycache__/__init__.cpython-310.pyc
/home/ovsj/Code/AutonomousBlueye/install/control/lib/python3.10/site-packages/control/__pycache__/desired_velocity_test.cpython-310.pyc
/home/ovsj/Code/AutonomousBlueye/install/control/lib/python3.10/site-packages/control/__pycache__/desired_velocity_spiral_surge.cpython-310.pyc
/home/ovsj/Code/AutonomousBlueye/install/control/lib/python3.10/site-packages/control/__pycache__/desired_velocity.cpython-310.pyc
/home/ovsj/Code/AutonomousBlueye/install/control/lib/python3.10/site-packages/control/__pycache__/desired_velocity_switch.cpython-310.pyc
/home/ovsj/Code/AutonomousBlueye/install/control/lib/python3.10/site-packages/control/__pycache__/desired_velocity_compass.cpython-310.pyc
/home/ovsj/Code/AutonomousBlueye/install/control/lib/python3.10/site-packages/control/__pycache__/control.cpython-310.pyc
/home/ovsj/Code/AutonomousBlueye/install/control/lib/python3.10/site-packages/control/__pycache__/control_test.cpython-310.pyc
/home/ovsj/Code/AutonomousBlueye/install/control/share/ament_index/resource_index/packages/control
/home/ovsj/Code/AutonomousBlueye/install/control/share/control/package.xml
/home/ovsj/Code/AutonomousBlueye/install/control/lib/python3.10/site-packages/control-0.0.0-py3.10.egg-info/SOURCES.txt
/home/ovsj/Code/AutonomousBlueye/install/control/lib/python3.10/site-packages/control-0.0.0-py3.10.egg-info/entry_points.txt
/home/ovsj/Code/AutonomousBlueye/install/control/lib/python3.10/site-packages/control-0.0.0-py3.10.egg-info/zip-safe
/home/ovsj/Code/AutonomousBlueye/install/control/lib/python3.10/site-packages/control-0.0.0-py3.10.egg-info/top_level.txt
/home/ovsj/Code/AutonomousBlueye/install/control/lib/python3.10/site-packages/control-0.0.0-py3.10.egg-info/dependency_links.txt
/home/ovsj/Code/AutonomousBlueye/install/control/lib/python3.10/site-packages/control-0.0.0-py3.10.egg-info/PKG-INFO
/home/ovsj/Code/AutonomousBlueye/install/control/lib/python3.10/site-packages/control-0.0.0-py3.10.egg-info/requires.txt
/home/ovsj/Code/AutonomousBlueye/install/control/lib/control/control
/home/ovsj/Code/AutonomousBlueye/install/control/lib/control/control_test
/home/ovsj/Code/AutonomousBlueye/install/control/lib/control/desired_velocity
/home/ovsj/Code/AutonomousBlueye/install/control/lib/control/desired_velocity_compass
/home/ovsj/Code/AutonomousBlueye/install/control/lib/control/desired_velocity_spiral_surge
/home/ovsj/Code/AutonomousBlueye/install/control/lib/control/desired_velocity_switch
/home/ovsj/Code/AutonomousBlueye/install/control/lib/control/desired_velocity_test
