running develop
running egg_info
writing control.egg-info/PKG-INFO
writing dependency_links to control.egg-info/dependency_links.txt
writing entry points to control.egg-info/entry_points.txt
writing requirements to control.egg-info/requires.txt
writing top-level names to control.egg-info/top_level.txt
reading manifest file 'control.egg-info/SOURCES.txt'
writing manifest file 'control.egg-info/SOURCES.txt'
running build_ext
Creating /home/ovsj/Code/AutonomousBlueye/install/control/lib/python3.10/site-packages/control.egg-link (link to .)
Installing control script to /home/ovsj/Code/AutonomousBlueye/install/control/lib/control
Installing control_test script to /home/ovsj/Code/AutonomousBlueye/install/control/lib/control
Installing desired_velocity script to /home/ovsj/Code/AutonomousBlueye/install/control/lib/control
Installing desired_velocity_compass script to /home/ovsj/Code/AutonomousBlueye/install/control/lib/control
Installing desired_velocity_spiral_surge script to /home/ovsj/Code/AutonomousBlueye/install/control/lib/control
Installing desired_velocity_switch script to /home/ovsj/Code/AutonomousBlueye/install/control/lib/control
Installing desired_velocity_test script to /home/ovsj/Code/AutonomousBlueye/install/control/lib/control

Installed /home/ovsj/Code/AutonomousBlueye/build/control
running symlink_data
