[4.762s] Invoking command in '/home/ovsj/Code/AutonomousBlueye/build/control': PYTHONPATH=/home/ovsj/Code/AutonomousBlueye/build/control/prefix_override:/usr/lib/python3/dist-packages/colcon_core/task/python/colcon_distutils_commands:/home/ovsj/Code/AutonomousBlueye/install/control/lib/python3.10/site-packages:${PYTHONPATH} VIRTUAL_ENV_PROMPT=(.venv) /usr/bin/python3 -W ignore:setup.py install is deprecated -W ignore:easy_install command is deprecated setup.py develop --editable --build-directory /home/ovsj/Code/AutonomousBlueye/build/control/build --no-deps symlink_data
[7.529s] running develop
[7.529s] running egg_info
[7.529s] writing control.egg-info/PKG-INFO
[7.529s] writing dependency_links to control.egg-info/dependency_links.txt
[7.530s] writing entry points to control.egg-info/entry_points.txt
[7.530s] writing requirements to control.egg-info/requires.txt
[7.530s] writing top-level names to control.egg-info/top_level.txt
[7.536s] reading manifest file 'control.egg-info/SOURCES.txt'
[7.537s] writing manifest file 'control.egg-info/SOURCES.txt'
[7.609s] running build_ext
[7.610s] Creating /home/ovsj/Code/AutonomousBlueye/install/control/lib/python3.10/site-packages/control.egg-link (link to .)
[7.612s] Installing control script to /home/ovsj/Code/AutonomousBlueye/install/control/lib/control
[7.617s] Installing control_test script to /home/ovsj/Code/AutonomousBlueye/install/control/lib/control
[7.617s] Installing desired_velocity script to /home/ovsj/Code/AutonomousBlueye/install/control/lib/control
[7.617s] Installing desired_velocity_compass script to /home/ovsj/Code/AutonomousBlueye/install/control/lib/control
[7.617s] Installing desired_velocity_spiral_surge script to /home/ovsj/Code/AutonomousBlueye/install/control/lib/control
[7.617s] Installing desired_velocity_switch script to /home/ovsj/Code/AutonomousBlueye/install/control/lib/control
[7.617s] Installing desired_velocity_test script to /home/ovsj/Code/AutonomousBlueye/install/control/lib/control
[7.617s] 
[7.617s] Installed /home/ovsj/Code/AutonomousBlueye/build/control
[7.617s] running symlink_data
[8.828s] Invoked command in '/home/ovsj/Code/AutonomousBlueye/build/control' returned '0': PYTHONPATH=/home/ovsj/Code/AutonomousBlueye/build/control/prefix_override:/usr/lib/python3/dist-packages/colcon_core/task/python/colcon_distutils_commands:/home/ovsj/Code/AutonomousBlueye/install/control/lib/python3.10/site-packages:${PYTHONPATH} VIRTUAL_ENV_PROMPT=(.venv) /usr/bin/python3 -W ignore:setup.py install is deprecated -W ignore:easy_install command is deprecated setup.py develop --editable --build-directory /home/ovsj/Code/AutonomousBlueye/build/control/build --no-deps symlink_data
