[2.224s] Invoking command in '/home/ovsj/Code/AutonomousBlueye/src/real_blueye_launch': PYTHONPATH=/home/ovsj/Code/AutonomousBlueye/build/real_blueye_launch/prefix_override:/usr/lib/python3/dist-packages/colcon_core/task/python/colcon_distutils_commands:/home/ovsj/Code/AutonomousBlueye/install/real_blueye_launch/lib/python3.10/site-packages:${PYTHONPATH} VIRTUAL_ENV_PROMPT=(.venv) /usr/bin/python3 -W ignore:setup.py install is deprecated -W ignore:easy_install command is deprecated setup.py egg_info --egg-base ../../build/real_blueye_launch build --build-base /home/ovsj/Code/AutonomousBlueye/build/real_blueye_launch/build install --record /home/ovsj/Code/AutonomousBlueye/build/real_blueye_launch/install.log --single-version-externally-managed install_data
[2.634s] running egg_info
[2.652s] writing ../../build/real_blueye_launch/real_blueye_launch.egg-info/PKG-INFO
[2.654s] writing dependency_links to ../../build/real_blueye_launch/real_blueye_launch.egg-info/dependency_links.txt
[2.655s] writing requirements to ../../build/real_blueye_launch/real_blueye_launch.egg-info/requires.txt
[2.657s] writing top-level names to ../../build/real_blueye_launch/real_blueye_launch.egg-info/top_level.txt
[2.678s] reading manifest file '../../build/real_blueye_launch/real_blueye_launch.egg-info/SOURCES.txt'
[2.680s] writing manifest file '../../build/real_blueye_launch/real_blueye_launch.egg-info/SOURCES.txt'
[2.681s] running build
[2.681s] running build_py
[2.682s] copying real_blueye_launch/__init__.py -> /home/ovsj/Code/AutonomousBlueye/build/real_blueye_launch/build/lib/real_blueye_launch
[2.683s] running install
[2.688s] running install_lib
[2.699s] running install_data
[2.700s] copying resource/real_blueye_launch -> /home/ovsj/Code/AutonomousBlueye/install/real_blueye_launch/share/ament_index/resource_index/packages
[2.701s] copying package.xml -> /home/ovsj/Code/AutonomousBlueye/install/real_blueye_launch/share/real_blueye_launch
[2.702s] copying launch/real_blueye.launch.py -> /home/ovsj/Code/AutonomousBlueye/install/real_blueye_launch/share/real_blueye_launch/launch
[2.702s] running install_egg_info
[2.714s] removing '/home/ovsj/Code/AutonomousBlueye/install/real_blueye_launch/lib/python3.10/site-packages/real_blueye_launch-0.0.0-py3.10.egg-info' (and everything under it)
[2.715s] Copying ../../build/real_blueye_launch/real_blueye_launch.egg-info to /home/ovsj/Code/AutonomousBlueye/install/real_blueye_launch/lib/python3.10/site-packages/real_blueye_launch-0.0.0-py3.10.egg-info
[2.716s] running install_scripts
[2.815s] writing list of installed files to '/home/ovsj/Code/AutonomousBlueye/build/real_blueye_launch/install.log'
[2.841s] Invoked command in '/home/ovsj/Code/AutonomousBlueye/src/real_blueye_launch' returned '0': PYTHONPATH=/home/ovsj/Code/AutonomousBlueye/build/real_blueye_launch/prefix_override:/usr/lib/python3/dist-packages/colcon_core/task/python/colcon_distutils_commands:/home/ovsj/Code/AutonomousBlueye/install/real_blueye_launch/lib/python3.10/site-packages:${PYTHONPATH} VIRTUAL_ENV_PROMPT=(.venv) /usr/bin/python3 -W ignore:setup.py install is deprecated -W ignore:easy_install command is deprecated setup.py egg_info --egg-base ../../build/real_blueye_launch build --build-base /home/ovsj/Code/AutonomousBlueye/build/real_blueye_launch/build install --record /home/ovsj/Code/AutonomousBlueye/build/real_blueye_launch/install.log --single-version-externally-managed install_data
