running develop
Removing /home/ovsj/Code/AutonomousBlueye/install/real_blueye_launch/lib/python3.10/site-packages/real-blueye-launch.egg-link (link to .)
running egg_info
writing ../../build/real_blueye_launch/real_blueye_launch.egg-info/PKG-INFO
writing dependency_links to ../../build/real_blueye_launch/real_blueye_launch.egg-info/dependency_links.txt
writing requirements to ../../build/real_blueye_launch/real_blueye_launch.egg-info/requires.txt
writing top-level names to ../../build/real_blueye_launch/real_blueye_launch.egg-info/top_level.txt
reading manifest file '../../build/real_blueye_launch/real_blueye_launch.egg-info/SOURCES.txt'
writing manifest file '../../build/real_blueye_launch/real_blueye_launch.egg-info/SOURCES.txt'
running build
running build_py
creating /home/ovsj/Code/AutonomousBlueye/build/real_blueye_launch/build/lib/real_blueye_launch
copying real_blueye_launch/__init__.py -> /home/ovsj/Code/AutonomousBlueye/build/real_blueye_launch/build/lib/real_blueye_launch
running install
running install_lib
creating /home/ovsj/Code/AutonomousBlueye/install/real_blueye_launch/lib/python3.10/site-packages/real_blueye_launch
copying /home/ovsj/Code/AutonomousBlueye/build/real_blueye_launch/build/lib/real_blueye_launch/__init__.py -> /home/ovsj/Code/AutonomousBlueye/install/real_blueye_launch/lib/python3.10/site-packages/real_blueye_launch
byte-compiling /home/ovsj/Code/AutonomousBlueye/install/real_blueye_launch/lib/python3.10/site-packages/real_blueye_launch/__init__.py to __init__.cpython-310.pyc
running install_data
copying resource/real_blueye_launch -> /home/ovsj/Code/AutonomousBlueye/install/real_blueye_launch/share/ament_index/resource_index/packages
copying package.xml -> /home/ovsj/Code/AutonomousBlueye/install/real_blueye_launch/share/real_blueye_launch
copying launch/real_blueye.launch.py -> /home/ovsj/Code/AutonomousBlueye/install/real_blueye_launch/share/real_blueye_launch/launch
running install_egg_info
Copying ../../build/real_blueye_launch/real_blueye_launch.egg-info to /home/ovsj/Code/AutonomousBlueye/install/real_blueye_launch/lib/python3.10/site-packages/real_blueye_launch-0.0.0-py3.10.egg-info
running install_scripts
writing list of installed files to '/home/ovsj/Code/AutonomousBlueye/build/real_blueye_launch/install.log'
