[1.901s] Invoking command in '/home/ovsj/Code/AutonomousBlueye/build/real_blueye_launch': PYTHONPATH=/home/ovsj/Code/AutonomousBlueye/build/real_blueye_launch/prefix_override:/usr/lib/python3/dist-packages/colcon_core/task/python/colcon_distutils_commands:/home/ovsj/Code/AutonomousBlueye/install/real_blueye_launch/lib/python3.10/site-packages:${PYTHONPATH} VIRTUAL_ENV_PROMPT=(.venv) /usr/bin/python3 -W ignore:setup.py install is deprecated -W ignore:easy_install command is deprecated setup.py develop --uninstall --editable --build-directory /home/ovsj/Code/AutonomousBlueye/build/real_blueye_launch/build
[2.703s] running develop
[3.460s] Removing /home/ovsj/Code/AutonomousBlueye/install/real_blueye_launch/lib/python3.10/site-packages/real-blueye-launch.egg-link (link to .)
[3.525s] Invoked command in '/home/ovsj/Code/AutonomousBlueye/build/real_blueye_launch' returned '0': PYTHONPATH=/home/ovsj/Code/AutonomousBlueye/build/real_blueye_launch/prefix_override:/usr/lib/python3/dist-packages/colcon_core/task/python/colcon_distutils_commands:/home/ovsj/Code/AutonomousBlueye/install/real_blueye_launch/lib/python3.10/site-packages:${PYTHONPATH} VIRTUAL_ENV_PROMPT=(.venv) /usr/bin/python3 -W ignore:setup.py install is deprecated -W ignore:easy_install command is deprecated setup.py develop --uninstall --editable --build-directory /home/ovsj/Code/AutonomousBlueye/build/real_blueye_launch/build
[3.528s] Invoking command in '/home/ovsj/Code/AutonomousBlueye/src/real_blueye_launch': PYTHONPATH=/home/ovsj/Code/AutonomousBlueye/build/real_blueye_launch/prefix_override:/usr/lib/python3/dist-packages/colcon_core/task/python/colcon_distutils_commands:/home/ovsj/Code/AutonomousBlueye/install/real_blueye_launch/lib/python3.10/site-packages:${PYTHONPATH} VIRTUAL_ENV_PROMPT=(.venv) /usr/bin/python3 -W ignore:setup.py install is deprecated -W ignore:easy_install command is deprecated setup.py egg_info --egg-base ../../build/real_blueye_launch build --build-base /home/ovsj/Code/AutonomousBlueye/build/real_blueye_launch/build install --record /home/ovsj/Code/AutonomousBlueye/build/real_blueye_launch/install.log --single-version-externally-managed install_data --force
[4.095s] running egg_info
[4.124s] writing ../../build/real_blueye_launch/real_blueye_launch.egg-info/PKG-INFO
[4.124s] writing dependency_links to ../../build/real_blueye_launch/real_blueye_launch.egg-info/dependency_links.txt
[4.127s] writing requirements to ../../build/real_blueye_launch/real_blueye_launch.egg-info/requires.txt
[4.128s] writing top-level names to ../../build/real_blueye_launch/real_blueye_launch.egg-info/top_level.txt
[4.179s] reading manifest file '../../build/real_blueye_launch/real_blueye_launch.egg-info/SOURCES.txt'
[4.191s] writing manifest file '../../build/real_blueye_launch/real_blueye_launch.egg-info/SOURCES.txt'
[4.193s] running build
[4.193s] running build_py
[4.193s] creating /home/ovsj/Code/AutonomousBlueye/build/real_blueye_launch/build/lib/real_blueye_launch
[4.195s] copying real_blueye_launch/__init__.py -> /home/ovsj/Code/AutonomousBlueye/build/real_blueye_launch/build/lib/real_blueye_launch
[4.195s] running install
[4.206s] running install_lib
[4.228s] creating /home/ovsj/Code/AutonomousBlueye/install/real_blueye_launch/lib/python3.10/site-packages/real_blueye_launch
[4.229s] copying /home/ovsj/Code/AutonomousBlueye/build/real_blueye_launch/build/lib/real_blueye_launch/__init__.py -> /home/ovsj/Code/AutonomousBlueye/install/real_blueye_launch/lib/python3.10/site-packages/real_blueye_launch
[4.229s] byte-compiling /home/ovsj/Code/AutonomousBlueye/install/real_blueye_launch/lib/python3.10/site-packages/real_blueye_launch/__init__.py to __init__.cpython-310.pyc
[4.231s] running install_data
[4.231s] copying resource/real_blueye_launch -> /home/ovsj/Code/AutonomousBlueye/install/real_blueye_launch/share/ament_index/resource_index/packages
[4.232s] copying package.xml -> /home/ovsj/Code/AutonomousBlueye/install/real_blueye_launch/share/real_blueye_launch
[4.233s] copying launch/real_blueye.launch.py -> /home/ovsj/Code/AutonomousBlueye/install/real_blueye_launch/share/real_blueye_launch/launch
[4.234s] running install_egg_info
[4.260s] Copying ../../build/real_blueye_launch/real_blueye_launch.egg-info to /home/ovsj/Code/AutonomousBlueye/install/real_blueye_launch/lib/python3.10/site-packages/real_blueye_launch-0.0.0-py3.10.egg-info
[4.262s] running install_scripts
[4.483s] writing list of installed files to '/home/ovsj/Code/AutonomousBlueye/build/real_blueye_launch/install.log'
[4.537s] Invoked command in '/home/ovsj/Code/AutonomousBlueye/src/real_blueye_launch' returned '0': PYTHONPATH=/home/ovsj/Code/AutonomousBlueye/build/real_blueye_launch/prefix_override:/usr/lib/python3/dist-packages/colcon_core/task/python/colcon_distutils_commands:/home/ovsj/Code/AutonomousBlueye/install/real_blueye_launch/lib/python3.10/site-packages:${PYTHONPATH} VIRTUAL_ENV_PROMPT=(.venv) /usr/bin/python3 -W ignore:setup.py install is deprecated -W ignore:easy_install command is deprecated setup.py egg_info --egg-base ../../build/real_blueye_launch build --build-base /home/ovsj/Code/AutonomousBlueye/build/real_blueye_launch/build install --record /home/ovsj/Code/AutonomousBlueye/build/real_blueye_launch/install.log --single-version-externally-managed install_data --force
