running develop
Removing /home/ovsj/Code/AutonomousBlueye/install/control/lib/python3.10/site-packages/control.egg-link (link to .)
running egg_info
writing ../../build/control/control.egg-info/PKG-INFO
writing dependency_links to ../../build/control/control.egg-info/dependency_links.txt
writing entry points to ../../build/control/control.egg-info/entry_points.txt
writing requirements to ../../build/control/control.egg-info/requires.txt
writing top-level names to ../../build/control/control.egg-info/top_level.txt
reading manifest file '../../build/control/control.egg-info/SOURCES.txt'
writing manifest file '../../build/control/control.egg-info/SOURCES.txt'
running build
running build_py
creating /home/ovsj/Code/AutonomousBlueye/build/control/build/lib/control
copying control/__init__.py -> /home/ovsj/Code/AutonomousBlueye/build/control/build/lib/control
copying control/desired_velocity_test.py -> /home/ovsj/Code/AutonomousBlueye/build/control/build/lib/control
copying control/desired_velocity_spiral_surge.py -> /home/ovsj/Code/AutonomousBlueye/build/control/build/lib/control
copying control/desired_velocity.py -> /home/ovsj/Code/AutonomousBlueye/build/control/build/lib/control
copying control/desired_velocity_switch.py -> /home/ovsj/Code/AutonomousBlueye/build/control/build/lib/control
copying control/desired_velocity_compass.py -> /home/ovsj/Code/AutonomousBlueye/build/control/build/lib/control
copying control/control.py -> /home/ovsj/Code/AutonomousBlueye/build/control/build/lib/control
copying control/control_test.py -> /home/ovsj/Code/AutonomousBlueye/build/control/build/lib/control
running install
running install_lib
creating /home/ovsj/Code/AutonomousBlueye/install/control/lib/python3.10/site-packages/control
copying /home/ovsj/Code/AutonomousBlueye/build/control/build/lib/control/__init__.py -> /home/ovsj/Code/AutonomousBlueye/install/control/lib/python3.10/site-packages/control
copying /home/ovsj/Code/AutonomousBlueye/build/control/build/lib/control/desired_velocity_test.py -> /home/ovsj/Code/AutonomousBlueye/install/control/lib/python3.10/site-packages/control
copying /home/ovsj/Code/AutonomousBlueye/build/control/build/lib/control/desired_velocity_spiral_surge.py -> /home/ovsj/Code/AutonomousBlueye/install/control/lib/python3.10/site-packages/control
copying /home/ovsj/Code/AutonomousBlueye/build/control/build/lib/control/desired_velocity.py -> /home/ovsj/Code/AutonomousBlueye/install/control/lib/python3.10/site-packages/control
copying /home/ovsj/Code/AutonomousBlueye/build/control/build/lib/control/desired_velocity_switch.py -> /home/ovsj/Code/AutonomousBlueye/install/control/lib/python3.10/site-packages/control
copying /home/ovsj/Code/AutonomousBlueye/build/control/build/lib/control/desired_velocity_compass.py -> /home/ovsj/Code/AutonomousBlueye/install/control/lib/python3.10/site-packages/control
copying /home/ovsj/Code/AutonomousBlueye/build/control/build/lib/control/control.py -> /home/ovsj/Code/AutonomousBlueye/install/control/lib/python3.10/site-packages/control
copying /home/ovsj/Code/AutonomousBlueye/build/control/build/lib/control/control_test.py -> /home/ovsj/Code/AutonomousBlueye/install/control/lib/python3.10/site-packages/control
byte-compiling /home/ovsj/Code/AutonomousBlueye/install/control/lib/python3.10/site-packages/control/__init__.py to __init__.cpython-310.pyc
byte-compiling /home/ovsj/Code/AutonomousBlueye/install/control/lib/python3.10/site-packages/control/desired_velocity_test.py to desired_velocity_test.cpython-310.pyc
byte-compiling /home/ovsj/Code/AutonomousBlueye/install/control/lib/python3.10/site-packages/control/desired_velocity_spiral_surge.py to desired_velocity_spiral_surge.cpython-310.pyc
byte-compiling /home/ovsj/Code/AutonomousBlueye/install/control/lib/python3.10/site-packages/control/desired_velocity.py to desired_velocity.cpython-310.pyc
byte-compiling /home/ovsj/Code/AutonomousBlueye/install/control/lib/python3.10/site-packages/control/desired_velocity_switch.py to desired_velocity_switch.cpython-310.pyc
byte-compiling /home/ovsj/Code/AutonomousBlueye/install/control/lib/python3.10/site-packages/control/desired_velocity_compass.py to desired_velocity_compass.cpython-310.pyc
byte-compiling /home/ovsj/Code/AutonomousBlueye/install/control/lib/python3.10/site-packages/control/control.py to control.cpython-310.pyc
byte-compiling /home/ovsj/Code/AutonomousBlueye/install/control/lib/python3.10/site-packages/control/control_test.py to control_test.cpython-310.pyc
running install_data
copying resource/control -> /home/ovsj/Code/AutonomousBlueye/install/control/share/ament_index/resource_index/packages
copying package.xml -> /home/ovsj/Code/AutonomousBlueye/install/control/share/control
running install_egg_info
Copying ../../build/control/control.egg-info to /home/ovsj/Code/AutonomousBlueye/install/control/lib/python3.10/site-packages/control-0.0.0-py3.10.egg-info
running install_scripts
Installing control script to /home/ovsj/Code/AutonomousBlueye/install/control/lib/control
Installing control_test script to /home/ovsj/Code/AutonomousBlueye/install/control/lib/control
Installing desired_velocity script to /home/ovsj/Code/AutonomousBlueye/install/control/lib/control
Installing desired_velocity_compass script to /home/ovsj/Code/AutonomousBlueye/install/control/lib/control
Installing desired_velocity_spiral_surge script to /home/ovsj/Code/AutonomousBlueye/install/control/lib/control
Installing desired_velocity_switch script to /home/ovsj/Code/AutonomousBlueye/install/control/lib/control
Installing desired_velocity_test script to /home/ovsj/Code/AutonomousBlueye/install/control/lib/control
writing list of installed files to '/home/ovsj/Code/AutonomousBlueye/build/control/install.log'
