[0.505s] Invoking command in '/home/ovsj/Code/AutonomousBlueye/build/octomap_server2': CMAKE_PREFIX_PATH=/home/ovsj/Code/AutonomousBlueye/install/pcl_msgs:/home/ovsj/Code/AutonomousBlueye/install/octomap_msgs:/home/ovsj/Code/AutonomousBlueye/install/robot_interfaces:/home/ovsj/Code/AutonomousBlueye/install/octomap_server2:/home/ovsj/Code/AutonomousBlueye/install/bboxes_ex_msgs:/home/ovsj/Code/AutonomousBlueye/install/yolov5_ros:/home/ovsj/Code/AutonomousBlueye/install/drone_sensors:/home/ovsj/Code/AutonomousBlueye/install/real_blueye_launch:/home/ovsj/Code/AutonomousBlueye/install/image_prosessing:/home/ovsj/Code/AutonomousBlueye/install/experimental:/home/ovsj/Code/AutonomousBlueye/install/control:/opt/ros/humble LD_LIBRARY_PATH=/home/ovsj/Code/AutonomousBlueye/install/pcl_msgs/lib:/home/ovsj/Code/AutonomousBlueye/install/octomap_msgs/lib:/home/ovsj/Code/AutonomousBlueye/install/robot_interfaces/lib:/home/ovsj/Code/AutonomousBlueye/install/octomap_server2/lib:/home/ovsj/Code/AutonomousBlueye/install/bboxes_ex_msgs/lib:/opt/ros/humble/opt/rviz_ogre_vendor/lib:/opt/ros/humble/lib/aarch64-linux-gnu:/opt/ros/humble/lib VIRTUAL_ENV_PROMPT=(.venv) /usr/bin/cmake --build /home/ovsj/Code/AutonomousBlueye/build/octomap_server2 -- -j6 -l6
[0.735s] [ 33%] Built target octomap_server
[0.750s] [100%] Built target octomap_server2
[0.962s] Invoked command in '/home/ovsj/Code/AutonomousBlueye/build/octomap_server2' returned '0': CMAKE_PREFIX_PATH=/home/ovsj/Code/AutonomousBlueye/install/pcl_msgs:/home/ovsj/Code/AutonomousBlueye/install/octomap_msgs:/home/ovsj/Code/AutonomousBlueye/install/robot_interfaces:/home/ovsj/Code/AutonomousBlueye/install/octomap_server2:/home/ovsj/Code/AutonomousBlueye/install/bboxes_ex_msgs:/home/ovsj/Code/AutonomousBlueye/install/yolov5_ros:/home/ovsj/Code/AutonomousBlueye/install/drone_sensors:/home/ovsj/Code/AutonomousBlueye/install/real_blueye_launch:/home/ovsj/Code/AutonomousBlueye/install/image_prosessing:/home/ovsj/Code/AutonomousBlueye/install/experimental:/home/ovsj/Code/AutonomousBlueye/install/control:/opt/ros/humble LD_LIBRARY_PATH=/home/ovsj/Code/AutonomousBlueye/install/pcl_msgs/lib:/home/ovsj/Code/AutonomousBlueye/install/octomap_msgs/lib:/home/ovsj/Code/AutonomousBlueye/install/robot_interfaces/lib:/home/ovsj/Code/AutonomousBlueye/install/octomap_server2/lib:/home/ovsj/Code/AutonomousBlueye/install/bboxes_ex_msgs/lib:/opt/ros/humble/opt/rviz_ogre_vendor/lib:/opt/ros/humble/lib/aarch64-linux-gnu:/opt/ros/humble/lib VIRTUAL_ENV_PROMPT=(.venv) /usr/bin/cmake --build /home/ovsj/Code/AutonomousBlueye/build/octomap_server2 -- -j6 -l6
[0.963s] Invoking command in '/home/ovsj/Code/AutonomousBlueye/build/octomap_server2': CMAKE_PREFIX_PATH=/home/ovsj/Code/AutonomousBlueye/install/pcl_msgs:/home/ovsj/Code/AutonomousBlueye/install/octomap_msgs:/home/ovsj/Code/AutonomousBlueye/install/robot_interfaces:/home/ovsj/Code/AutonomousBlueye/install/octomap_server2:/home/ovsj/Code/AutonomousBlueye/install/bboxes_ex_msgs:/home/ovsj/Code/AutonomousBlueye/install/yolov5_ros:/home/ovsj/Code/AutonomousBlueye/install/drone_sensors:/home/ovsj/Code/AutonomousBlueye/install/real_blueye_launch:/home/ovsj/Code/AutonomousBlueye/install/image_prosessing:/home/ovsj/Code/AutonomousBlueye/install/experimental:/home/ovsj/Code/AutonomousBlueye/install/control:/opt/ros/humble LD_LIBRARY_PATH=/home/ovsj/Code/AutonomousBlueye/install/pcl_msgs/lib:/home/ovsj/Code/AutonomousBlueye/install/octomap_msgs/lib:/home/ovsj/Code/AutonomousBlueye/install/robot_interfaces/lib:/home/ovsj/Code/AutonomousBlueye/install/octomap_server2/lib:/home/ovsj/Code/AutonomousBlueye/install/bboxes_ex_msgs/lib:/opt/ros/humble/opt/rviz_ogre_vendor/lib:/opt/ros/humble/lib/aarch64-linux-gnu:/opt/ros/humble/lib VIRTUAL_ENV_PROMPT=(.venv) /usr/bin/cmake --install /home/ovsj/Code/AutonomousBlueye/build/octomap_server2
[0.972s] -- Install configuration: ""
[0.972s] -- Execute custom install script
[0.972s] -- Up-to-date symlink: /home/ovsj/Code/AutonomousBlueye/install/octomap_server2/lib/octomap_server2/octomap_server
[0.973s] -- Up-to-date symlink: /home/ovsj/Code/AutonomousBlueye/install/octomap_server2/lib/liboctomap_server2.so
[0.979s] -- Up-to-date symlink: /home/ovsj/Code/AutonomousBlueye/install/octomap_server2/share/octomap_server2//launch/octomap_server_launch.py
[0.980s] -- Up-to-date symlink: /home/ovsj/Code/AutonomousBlueye/install/octomap_server2/share/ament_index/resource_index/package_run_dependencies/octomap_server2
[0.980s] -- Up-to-date symlink: /home/ovsj/Code/AutonomousBlueye/install/octomap_server2/share/ament_index/resource_index/parent_prefix_path/octomap_server2
[0.984s] -- Up-to-date symlink: /home/ovsj/Code/AutonomousBlueye/install/octomap_server2/share/octomap_server2/environment/ament_prefix_path.sh
[0.985s] -- Up-to-date symlink: /home/ovsj/Code/AutonomousBlueye/install/octomap_server2/share/octomap_server2/environment/ament_prefix_path.dsv
[0.992s] -- Up-to-date symlink: /home/ovsj/Code/AutonomousBlueye/install/octomap_server2/share/octomap_server2/environment/path.sh
[0.992s] -- Up-to-date symlink: /home/ovsj/Code/AutonomousBlueye/install/octomap_server2/share/octomap_server2/environment/path.dsv
[0.992s] -- Up-to-date symlink: /home/ovsj/Code/AutonomousBlueye/install/octomap_server2/share/octomap_server2/local_setup.bash
[0.993s] -- Up-to-date symlink: /home/ovsj/Code/AutonomousBlueye/install/octomap_server2/share/octomap_server2/local_setup.sh
[0.995s] -- Up-to-date symlink: /home/ovsj/Code/AutonomousBlueye/install/octomap_server2/share/octomap_server2/local_setup.zsh
[0.996s] -- Up-to-date symlink: /home/ovsj/Code/AutonomousBlueye/install/octomap_server2/share/octomap_server2/local_setup.dsv
[0.998s] -- Symlinking: /home/ovsj/Code/AutonomousBlueye/install/octomap_server2/share/octomap_server2/package.dsv
[1.036s] -- Up-to-date symlink: /home/ovsj/Code/AutonomousBlueye/install/octomap_server2/share/ament_index/resource_index/packages/octomap_server2
[1.042s] -- Up-to-date symlink: /home/ovsj/Code/AutonomousBlueye/install/octomap_server2/share/ament_index/resource_index/rclcpp_components/octomap_server2
[1.055s] -- Up-to-date symlink: /home/ovsj/Code/AutonomousBlueye/install/octomap_server2/share/octomap_server2/cmake/octomap_server2Config.cmake
[1.067s] -- Up-to-date symlink: /home/ovsj/Code/AutonomousBlueye/install/octomap_server2/share/octomap_server2/cmake/octomap_server2Config-version.cmake
[1.068s] -- Up-to-date symlink: /home/ovsj/Code/AutonomousBlueye/install/octomap_server2/share/octomap_server2/package.xml
[1.070s] Invoked command in '/home/ovsj/Code/AutonomousBlueye/build/octomap_server2' returned '0': CMAKE_PREFIX_PATH=/home/ovsj/Code/AutonomousBlueye/install/pcl_msgs:/home/ovsj/Code/AutonomousBlueye/install/octomap_msgs:/home/ovsj/Code/AutonomousBlueye/install/robot_interfaces:/home/ovsj/Code/AutonomousBlueye/install/octomap_server2:/home/ovsj/Code/AutonomousBlueye/install/bboxes_ex_msgs:/home/ovsj/Code/AutonomousBlueye/install/yolov5_ros:/home/ovsj/Code/AutonomousBlueye/install/drone_sensors:/home/ovsj/Code/AutonomousBlueye/install/real_blueye_launch:/home/ovsj/Code/AutonomousBlueye/install/image_prosessing:/home/ovsj/Code/AutonomousBlueye/install/experimental:/home/ovsj/Code/AutonomousBlueye/install/control:/opt/ros/humble LD_LIBRARY_PATH=/home/ovsj/Code/AutonomousBlueye/install/pcl_msgs/lib:/home/ovsj/Code/AutonomousBlueye/install/octomap_msgs/lib:/home/ovsj/Code/AutonomousBlueye/install/robot_interfaces/lib:/home/ovsj/Code/AutonomousBlueye/install/octomap_server2/lib:/home/ovsj/Code/AutonomousBlueye/install/bboxes_ex_msgs/lib:/opt/ros/humble/opt/rviz_ogre_vendor/lib:/opt/ros/humble/lib/aarch64-linux-gnu:/opt/ros/humble/lib VIRTUAL_ENV_PROMPT=(.venv) /usr/bin/cmake --install /home/ovsj/Code/AutonomousBlueye/build/octomap_server2
