[2.540s] Invoking command in '/home/ovsj/Code/AutonomousBlueye/build/real_blueye_launch': PYTHONPATH=/home/ovsj/Code/AutonomousBlueye/build/real_blueye_launch/prefix_override:/usr/lib/python3/dist-packages/colcon_core/task/python/colcon_distutils_commands:/home/ovsj/Code/AutonomousBlueye/install/real_blueye_launch/lib/python3.10/site-packages:${PYTHONPATH} VIRTUAL_ENV_PROMPT=(.venv) /usr/bin/python3 -W ignore:setup.py install is deprecated -W ignore:easy_install command is deprecated setup.py develop --editable --build-directory /home/ovsj/Code/AutonomousBlueye/build/real_blueye_launch/build --no-deps symlink_data
[4.123s] running develop
[4.123s] running egg_info
[4.123s] creating real_blueye_launch.egg-info
[4.124s] writing real_blueye_launch.egg-info/PKG-INFO
[4.124s] writing dependency_links to real_blueye_launch.egg-info/dependency_links.txt
[4.124s] writing requirements to real_blueye_launch.egg-info/requires.txt
[4.128s] writing top-level names to real_blueye_launch.egg-info/top_level.txt
[4.128s] writing manifest file 'real_blueye_launch.egg-info/SOURCES.txt'
[4.148s] reading manifest file 'real_blueye_launch.egg-info/SOURCES.txt'
[4.148s] writing manifest file 'real_blueye_launch.egg-info/SOURCES.txt'
[4.189s] running build_ext
[4.189s] Creating /home/ovsj/Code/AutonomousBlueye/install/real_blueye_launch/lib/python3.10/site-packages/real-blueye-launch.egg-link (link to .)
[4.189s] 
[4.190s] Installed /home/ovsj/Code/AutonomousBlueye/build/real_blueye_launch
[4.196s] running symlink_data
[4.196s] creating /home/ovsj/Code/AutonomousBlueye/install/real_blueye_launch/share/ament_index/resource_index/packages
[4.197s] symbolically linking /home/ovsj/Code/AutonomousBlueye/build/real_blueye_launch/resource/real_blueye_launch -> /home/ovsj/Code/AutonomousBlueye/install/real_blueye_launch/share/ament_index/resource_index/packages
[4.198s] symbolically linking /home/ovsj/Code/AutonomousBlueye/build/real_blueye_launch/package.xml -> /home/ovsj/Code/AutonomousBlueye/install/real_blueye_launch/share/real_blueye_launch
[4.198s] creating /home/ovsj/Code/AutonomousBlueye/install/real_blueye_launch/share/real_blueye_launch/launch
[4.198s] symbolically linking /home/ovsj/Code/AutonomousBlueye/build/real_blueye_launch/launch/real_blueye.launch.py -> /home/ovsj/Code/AutonomousBlueye/install/real_blueye_launch/share/real_blueye_launch/launch
[4.336s] Invoked command in '/home/ovsj/Code/AutonomousBlueye/build/real_blueye_launch' returned '0': PYTHONPATH=/home/ovsj/Code/AutonomousBlueye/build/real_blueye_launch/prefix_override:/usr/lib/python3/dist-packages/colcon_core/task/python/colcon_distutils_commands:/home/ovsj/Code/AutonomousBlueye/install/real_blueye_launch/lib/python3.10/site-packages:${PYTHONPATH} VIRTUAL_ENV_PROMPT=(.venv) /usr/bin/python3 -W ignore:setup.py install is deprecated -W ignore:easy_install command is deprecated setup.py develop --editable --build-directory /home/ovsj/Code/AutonomousBlueye/build/real_blueye_launch/build --no-deps symlink_data
